$ /home/pulver/projects/Outdoor_SLPF/.venv/bin/python /home/pulver/projects/Outdoor_SLPF/scripts/spf_lidar.py --miss-penalty 4.0 --wrong-hit-penalty 4.0 --gps-weight 0.5 --seed 33 --output-folder /home/pulver/projects/Outdoor_SLPF/results/iros/20260217_172656_multiseed_main/slpf/seed_33 --frame-stride 4 --semantic-sigma 0.05 --gps-sigma 1.1 --corridor-weight 0.30 --corridor-dist-sigma 1.50 --corridor-heading-sigma 0.35 --background-class-weight 0.20 --max-background-obs 120 --expected-obs-count 150 --pose-smooth-alpha-pos 0.55 --pose-smooth-alpha-theta 0.50 --odom-yaw-filter-alpha 0.90 --particle-count 100 --no-visualization --require-cuda

/home/pulver/projects/Outdoor_SLPF/.venv/lib/python3.10/site-packages/matplotlib/projections/__init__.py:63: UserWarning: Unable to import Axes3D. This may be due to multiple versions of Matplotlib being installed (e.g. as a system package and as a pip package). As a result, the 3D projection is not available.
  warnings.warn("Unable to import Axes3D. This may be due to multiple versions of "
Using device: cuda
[INFO] Running with Miss Penalty: 4.0, Wrong Hit Penalty: 4.0, GPS Weight: 0.5, Seed: 33, Output: /home/pulver/projects/Outdoor_SLPF/results/iros/20260217_172656_multiseed_main/slpf/seed_33, Stride: 4, MaxFrames: None, Visualize: False, Model: wall, DisableGPS: False, DisableSemantic: False, DisableCorridor: False, DisableBackground: False, StaticGPSWeight: False, DisablePoseSmooth: False, SemanticClasses: both

Processing frames:   0%|          | 0/1593 [00:00<?, ?it/s]
Processing frames:   0%|          | 1/1593 [00:00<23:06,  1.15it/s]
Processing frames:   1%|          | 9/1593 [00:01<02:17, 11.55it/s]
Processing frames:   1%|          | 17/1593 [00:01<01:15, 20.84it/s]
Processing frames:   2%|▏         | 25/1593 [00:01<00:53, 29.19it/s]
Processing frames:   2%|▏         | 33/1593 [00:01<00:42, 36.53it/s]
Processing frames:   3%|▎         | 41/1593 [00:01<00:37, 41.41it/s]
Processing frames:   3%|▎         | 49/1593 [00:01<00:33, 46.36it/s]
Processing frames:   4%|▎         | 57/1593 [00:01<00:30, 49.77it/s]
Processing frames:   4%|▍         | 65/1593 [00:01<00:29, 51.86it/s]
Processing frames:   5%|▍         | 73/1593 [00:02<00:29, 51.78it/s]
Processing frames:   5%|▌         | 81/1593 [00:02<00:28, 52.51it/s]
Processing frames:   6%|▌         | 89/1593 [00:02<00:28, 52.56it/s]
Processing frames:   6%|▌         | 97/1593 [00:02<00:29, 51.31it/s]
Processing frames:   7%|▋         | 105/1593 [00:02<00:29, 50.78it/s]
Processing frames:   7%|▋         | 113/1593 [00:02<00:29, 51.03it/s]
Processing frames:   8%|▊         | 121/1593 [00:03<00:28, 51.62it/s]
Processing frames:   8%|▊         | 129/1593 [00:03<00:28, 51.74it/s]
Processing frames:   9%|▊         | 137/1593 [00:03<00:29, 49.11it/s]
Processing frames:   9%|▉         | 145/1593 [00:03<00:29, 49.10it/s]
Processing frames:  10%|▉         | 153/1593 [00:03<00:29, 48.54it/s]
Processing frames:  10%|█         | 161/1593 [00:03<00:28, 50.11it/s]
Processing frames:  11%|█         | 169/1593 [00:04<00:27, 52.25it/s]
Processing frames:  11%|█         | 177/1593 [00:04<00:26, 53.85it/s]
Processing frames:  12%|█▏        | 185/1593 [00:04<00:25, 55.49it/s]
Processing frames:  12%|█▏        | 193/1593 [00:04<00:24, 57.51it/s]
Processing frames:  13%|█▎        | 201/1593 [00:04<00:22, 61.32it/s]
Processing frames:  13%|█▎        | 209/1593 [00:04<00:21, 62.98it/s]
Processing frames:  14%|█▎        | 217/1593 [00:04<00:21, 64.96it/s]
Processing frames:  14%|█▍        | 225/1593 [00:04<00:20, 67.99it/s]
Processing frames:  15%|█▍        | 233/1593 [00:04<00:19, 70.23it/s]
Processing frames:  15%|█▌        | 241/1593 [00:05<00:18, 72.83it/s]
Processing frames:  16%|█▌        | 249/1593 [00:05<00:18, 71.20it/s]
Processing frames:  16%|█▌        | 257/1593 [00:05<00:18, 72.29it/s]
Processing frames:  17%|█▋        | 265/1593 [00:05<00:21, 62.92it/s]
Processing frames:  17%|█▋        | 272/1593 [00:05<00:20, 64.45it/s]
Processing frames:  18%|█▊        | 279/1593 [00:05<00:24, 53.71it/s]
Processing frames:  18%|█▊        | 285/1593 [00:05<00:27, 47.54it/s]
Processing frames:  18%|█▊        | 293/1593 [00:06<00:26, 48.25it/s]
Processing frames:  19%|█▉        | 301/1593 [00:06<00:25, 50.57it/s]
Processing frames:  19%|█▉        | 309/1593 [00:06<00:24, 52.32it/s]
Processing frames:  20%|█▉        | 317/1593 [00:06<00:25, 49.47it/s]
Processing frames:  20%|██        | 325/1593 [00:06<00:27, 46.82it/s]
Processing frames:  21%|██        | 333/1593 [00:06<00:26, 48.35it/s]
Processing frames:  21%|██▏       | 341/1593 [00:07<00:24, 51.33it/s]
Processing frames:  22%|██▏       | 349/1593 [00:07<00:23, 52.39it/s]
Processing frames:  22%|██▏       | 357/1593 [00:07<00:22, 54.82it/s]
Processing frames:  23%|██▎       | 365/1593 [00:07<00:20, 59.75it/s]
Processing frames:  23%|██▎       | 373/1593 [00:07<00:19, 63.93it/s]
Processing frames:  24%|██▍       | 381/1593 [00:07<00:18, 66.78it/s]
Processing frames:  25%|██▍       | 393/1593 [00:07<00:16, 72.27it/s]
Processing frames:  25%|██▌       | 401/1593 [00:07<00:16, 73.96it/s]
Processing frames:  26%|██▌       | 409/1593 [00:08<00:18, 65.35it/s]
Processing frames:  26%|██▌       | 417/1593 [00:08<00:20, 58.42it/s]
Processing frames:  27%|██▋       | 425/1593 [00:08<00:20, 55.90it/s]
Processing frames:  27%|██▋       | 433/1593 [00:08<00:21, 52.97it/s]
Processing frames:  28%|██▊       | 441/1593 [00:08<00:22, 51.70it/s]
Processing frames:  28%|██▊       | 449/1593 [00:08<00:22, 51.70it/s]
Processing frames:  29%|██▊       | 457/1593 [00:09<00:22, 50.89it/s]
Processing frames:  29%|██▉       | 465/1593 [00:09<00:22, 50.05it/s]
Processing frames:  30%|██▉       | 471/1593 [00:09<00:21, 52.07it/s]
Processing frames:  30%|██▉       | 477/1593 [00:09<00:23, 47.48it/s]
Processing frames:  30%|███       | 485/1593 [00:09<00:22, 50.16it/s]
Processing frames:  31%|███       | 493/1593 [00:09<00:22, 49.53it/s]
Processing frames:  31%|███▏      | 501/1593 [00:09<00:21, 51.46it/s]
Processing frames:  32%|███▏      | 509/1593 [00:10<00:20, 53.73it/s]
Processing frames:  32%|███▏      | 517/1593 [00:10<00:19, 56.04it/s]
Processing frames:  33%|███▎      | 525/1593 [00:10<00:18, 57.33it/s]
Processing frames:  33%|███▎      | 533/1593 [00:10<00:18, 58.74it/s]
Processing frames:  34%|███▍      | 541/1593 [00:10<00:16, 63.81it/s]
Processing frames:  34%|███▍      | 549/1593 [00:10<00:16, 64.38it/s]
Processing frames:  35%|███▍      | 557/1593 [00:10<00:16, 62.12it/s]
Processing frames:  35%|███▌      | 564/1593 [00:10<00:16, 62.91it/s]
Processing frames:  36%|███▌      | 571/1593 [00:11<00:19, 52.37it/s]
Processing frames:  36%|███▌      | 577/1593 [00:11<00:23, 43.90it/s]
Processing frames:  37%|███▋      | 585/1593 [00:11<00:22, 44.60it/s]
Processing frames:  37%|███▋      | 593/1593 [00:11<00:22, 43.62it/s]
Processing frames:  38%|███▊      | 601/1593 [00:11<00:21, 45.23it/s]
Processing frames:  38%|███▊      | 609/1593 [00:11<00:21, 46.08it/s]
Processing frames:  39%|███▊      | 617/1593 [00:12<00:21, 44.77it/s]
Processing frames:  39%|███▉      | 625/1593 [00:12<00:20, 46.52it/s]
Processing frames:  40%|███▉      | 633/1593 [00:12<00:19, 48.76it/s]
Processing frames:  40%|████      | 641/1593 [00:12<00:18, 51.92it/s]
Processing frames:  41%|████      | 649/1593 [00:12<00:17, 53.63it/s]
Processing frames:  41%|████      | 657/1593 [00:12<00:16, 56.52it/s]
Processing frames:  42%|████▏     | 669/1593 [00:13<00:14, 64.17it/s]
Processing frames:  42%|████▏     | 677/1593 [00:13<00:13, 67.59it/s]
Processing frames:  43%|████▎     | 685/1593 [00:13<00:14, 64.37it/s]
Processing frames:  44%|████▎     | 693/1593 [00:13<00:14, 62.97it/s]
Processing frames:  44%|████▍     | 701/1593 [00:13<00:14, 59.99it/s]
Processing frames:  45%|████▍     | 709/1593 [00:13<00:16, 53.19it/s]
Processing frames:  45%|████▌     | 717/1593 [00:13<00:17, 50.88it/s]
Processing frames:  46%|████▌     | 725/1593 [00:14<00:17, 50.30it/s]
Processing frames:  46%|████▌     | 733/1593 [00:14<00:17, 49.93it/s]
Processing frames:  47%|████▋     | 741/1593 [00:14<00:16, 50.24it/s]
Processing frames:  47%|████▋     | 749/1593 [00:14<00:16, 52.07it/s]
Processing frames:  48%|████▊     | 757/1593 [00:14<00:15, 53.84it/s]
Processing frames:  48%|████▊     | 765/1593 [00:14<00:14, 56.65it/s]
Processing frames:  49%|████▊     | 773/1593 [00:14<00:13, 61.63it/s]
Processing frames:  49%|████▉     | 781/1593 [00:14<00:12, 65.04it/s]
Processing frames:  50%|████▉     | 793/1593 [00:15<00:11, 71.01it/s]
Processing frames:  50%|█████     | 801/1593 [00:15<00:11, 70.45it/s]
Processing frames:  51%|█████     | 809/1593 [00:15<00:13, 57.97it/s]
Processing frames:  51%|█████     | 816/1593 [00:15<00:13, 57.39it/s]
Processing frames:  52%|█████▏    | 822/1593 [00:15<00:17, 43.58it/s]
Processing frames:  52%|█████▏    | 827/1593 [00:15<00:18, 42.50it/s]
Processing frames:  52%|█████▏    | 832/1593 [00:16<00:18, 41.90it/s]
Processing frames:  53%|█████▎    | 837/1593 [00:16<00:22, 33.08it/s]
Processing frames:  53%|█████▎    | 841/1593 [00:16<00:22, 33.06it/s]
Processing frames:  53%|█████▎    | 845/1593 [00:16<00:22, 33.67it/s]
Processing frames:  53%|█████▎    | 849/1593 [00:16<00:21, 34.48it/s]
Processing frames:  54%|█████▎    | 853/1593 [00:16<00:21, 34.44it/s]
Processing frames:  54%|█████▍    | 857/1593 [00:16<00:21, 34.71it/s]
Processing frames:  54%|█████▍    | 861/1593 [00:16<00:20, 34.95it/s]
Processing frames:  54%|█████▍    | 865/1593 [00:17<00:20, 35.23it/s]
Processing frames:  55%|█████▍    | 869/1593 [00:17<00:21, 33.61it/s]
Processing frames:  55%|█████▌    | 877/1593 [00:17<00:18, 38.61it/s]
Processing frames:  56%|█████▌    | 885/1593 [00:17<00:16, 43.95it/s]
Processing frames:  56%|█████▌    | 893/1593 [00:17<00:15, 45.84it/s]
Processing frames:  57%|█████▋    | 901/1593 [00:17<00:13, 50.30it/s]
Processing frames:  57%|█████▋    | 909/1593 [00:17<00:12, 55.86it/s]
Processing frames:  58%|█████▊    | 921/1593 [00:18<00:10, 63.72it/s]
Processing frames:  59%|█████▊    | 933/1593 [00:18<00:09, 69.25it/s]
Processing frames:  59%|█████▉    | 941/1593 [00:18<00:09, 66.65it/s]
Processing frames:  60%|█████▉    | 949/1593 [00:18<00:10, 64.10it/s]
Processing frames:  60%|██████    | 957/1593 [00:18<00:11, 55.77it/s]
Processing frames:  60%|██████    | 963/1593 [00:18<00:11, 55.50it/s]
Processing frames:  61%|██████    | 969/1593 [00:19<00:13, 46.22it/s]
Processing frames:  61%|██████    | 974/1593 [00:19<00:13, 46.34it/s]
Processing frames:  61%|██████▏   | 979/1593 [00:19<00:13, 46.53it/s]
Processing frames:  62%|██████▏   | 985/1593 [00:19<00:15, 39.26it/s]
Processing frames:  62%|██████▏   | 990/1593 [00:19<00:14, 41.17it/s]
Processing frames:  62%|██████▏   | 995/1593 [00:19<00:14, 40.84it/s]
Processing frames:  63%|██████▎   | 1000/1593 [00:19<00:14, 41.55it/s]
Processing frames:  63%|██████▎   | 1005/1593 [00:20<00:18, 32.57it/s]
Processing frames:  63%|██████▎   | 1009/1593 [00:20<00:18, 31.80it/s]
Processing frames:  64%|██████▍   | 1017/1593 [00:20<00:16, 35.11it/s]
Processing frames:  64%|██████▍   | 1025/1593 [00:20<00:14, 38.27it/s]
Processing frames:  65%|██████▍   | 1033/1593 [00:20<00:13, 41.07it/s]
Processing frames:  65%|██████▌   | 1041/1593 [00:20<00:12, 43.11it/s]
Processing frames:  66%|██████▌   | 1049/1593 [00:20<00:11, 47.22it/s]
Processing frames:  67%|██████▋   | 1061/1593 [00:21<00:09, 57.57it/s]
Processing frames:  67%|██████▋   | 1069/1593 [00:21<00:08, 61.79it/s]
Processing frames:  68%|██████▊   | 1077/1593 [00:21<00:08, 63.78it/s]
Processing frames:  68%|██████▊   | 1085/1593 [00:21<00:08, 59.48it/s]
Processing frames:  69%|██████▊   | 1092/1593 [00:21<00:08, 56.93it/s]
Processing frames:  69%|██████▉   | 1098/1593 [00:21<00:12, 40.06it/s]
Processing frames:  69%|██████▉   | 1103/1593 [00:22<00:12, 40.53it/s]
Processing frames:  70%|██████▉   | 1108/1593 [00:22<00:12, 39.41it/s]
Processing frames:  70%|██████▉   | 1113/1593 [00:22<00:15, 31.29it/s]
Processing frames:  70%|███████   | 1117/1593 [00:22<00:15, 30.95it/s]
Processing frames:  70%|███████   | 1121/1593 [00:22<00:15, 30.94it/s]
Processing frames:  71%|███████   | 1125/1593 [00:22<00:15, 31.17it/s]
Processing frames:  71%|███████   | 1129/1593 [00:22<00:14, 31.07it/s]
Processing frames:  71%|███████   | 1133/1593 [00:23<00:14, 31.41it/s]
Processing frames:  71%|███████▏  | 1137/1593 [00:23<00:14, 31.25it/s]
Processing frames:  72%|███████▏  | 1141/1593 [00:23<00:14, 31.73it/s]
Processing frames:  72%|███████▏  | 1145/1593 [00:23<00:14, 31.41it/s]
Processing frames:  72%|███████▏  | 1149/1593 [00:23<00:14, 31.05it/s]
Processing frames:  72%|███████▏  | 1153/1593 [00:23<00:14, 31.00it/s]
Processing frames:  73%|███████▎  | 1157/1593 [00:23<00:13, 32.14it/s]
Processing frames:  73%|███████▎  | 1161/1593 [00:23<00:12, 34.03it/s]
Processing frames:  73%|███████▎  | 1169/1593 [00:24<00:10, 39.26it/s]
Processing frames:  74%|███████▍  | 1177/1593 [00:24<00:09, 43.00it/s]
Processing frames:  74%|███████▍  | 1185/1593 [00:24<00:08, 48.66it/s]
Processing frames:  75%|███████▌  | 1197/1593 [00:24<00:06, 58.92it/s]
Processing frames:  76%|███████▌  | 1205/1593 [00:24<00:06, 62.82it/s]
Processing frames:  76%|███████▌  | 1213/1593 [00:24<00:05, 65.99it/s]
Processing frames:  77%|███████▋  | 1221/1593 [00:24<00:05, 68.19it/s]
Processing frames:  77%|███████▋  | 1229/1593 [00:25<00:05, 66.66it/s]
Processing frames:  78%|███████▊  | 1237/1593 [00:25<00:06, 56.66it/s]
Processing frames:  78%|███████▊  | 1243/1593 [00:25<00:06, 55.76it/s]
Processing frames:  78%|███████▊  | 1249/1593 [00:25<00:07, 43.97it/s]
Processing frames:  79%|███████▉  | 1257/1593 [00:25<00:08, 41.90it/s]
Processing frames:  79%|███████▉  | 1262/1593 [00:25<00:07, 43.40it/s]
Processing frames:  80%|███████▉  | 1267/1593 [00:25<00:07, 43.30it/s]
Processing frames:  80%|███████▉  | 1273/1593 [00:26<00:07, 41.10it/s]
Processing frames:  80%|████████  | 1281/1593 [00:26<00:07, 43.65it/s]
Processing frames:  81%|████████  | 1289/1593 [00:26<00:06, 45.55it/s]
Processing frames:  81%|████████▏ | 1297/1593 [00:26<00:06, 47.28it/s]
Processing frames:  82%|████████▏ | 1305/1593 [00:26<00:05, 51.17it/s]
Processing frames:  82%|████████▏ | 1313/1593 [00:26<00:04, 57.20it/s]
Processing frames:  83%|████████▎ | 1321/1593 [00:26<00:04, 59.70it/s]
Processing frames:  83%|████████▎ | 1329/1593 [00:27<00:04, 62.91it/s]
Processing frames:  84%|████████▍ | 1341/1593 [00:27<00:03, 66.38it/s]
Processing frames:  85%|████████▍ | 1348/1593 [00:27<00:03, 62.92it/s]
Processing frames:  85%|████████▌ | 1355/1593 [00:27<00:04, 47.82it/s]
Processing frames:  85%|████████▌ | 1361/1593 [00:27<00:05, 38.86it/s]
Processing frames:  86%|████████▌ | 1366/1593 [00:27<00:05, 40.16it/s]
Processing frames:  86%|████████▌ | 1371/1593 [00:28<00:05, 41.64it/s]
Processing frames:  86%|████████▋ | 1377/1593 [00:28<00:05, 36.68it/s]
Processing frames:  87%|████████▋ | 1382/1593 [00:28<00:05, 39.15it/s]
Processing frames:  87%|████████▋ | 1387/1593 [00:28<00:05, 40.11it/s]
Processing frames:  87%|████████▋ | 1392/1593 [00:28<00:04, 40.58it/s]
Processing frames:  88%|████████▊ | 1397/1593 [00:28<00:05, 33.21it/s]
Processing frames:  88%|████████▊ | 1405/1593 [00:29<00:05, 36.22it/s]
Processing frames:  89%|████████▊ | 1413/1593 [00:29<00:04, 41.75it/s]
Processing frames:  89%|████████▉ | 1421/1593 [00:29<00:03, 44.05it/s]
Processing frames:  90%|████████▉ | 1429/1593 [00:29<00:03, 44.85it/s]
Processing frames:  90%|█████████ | 1437/1593 [00:29<00:03, 46.25it/s]
Processing frames:  91%|█████████ | 1445/1593 [00:29<00:03, 48.30it/s]
Processing frames:  91%|█████████ | 1453/1593 [00:29<00:02, 53.34it/s]
Processing frames:  92%|█████████▏| 1461/1593 [00:30<00:02, 58.24it/s]
Processing frames:  92%|█████████▏| 1469/1593 [00:30<00:02, 54.83it/s]
Processing frames:  93%|█████████▎| 1477/1593 [00:30<00:02, 54.74it/s]
Processing frames:  93%|█████████▎| 1485/1593 [00:30<00:01, 55.33it/s]
Processing frames:  94%|█████████▎| 1493/1593 [00:30<00:01, 58.33it/s]
Processing frames:  94%|█████████▍| 1501/1593 [00:30<00:01, 59.51it/s]
Processing frames:  95%|█████████▍| 1509/1593 [00:30<00:01, 58.89it/s]
Processing frames:  95%|█████████▌| 1517/1593 [00:31<00:01, 58.57it/s]
Processing frames:  96%|█████████▌| 1525/1593 [00:31<00:01, 59.55it/s]
Processing frames:  96%|█████████▌| 1533/1593 [00:31<00:01, 59.83it/s]
Processing frames:  97%|█████████▋| 1541/1593 [00:31<00:00, 61.46it/s]
Processing frames:  97%|█████████▋| 1549/1593 [00:31<00:00, 65.98it/s]
Processing frames:  98%|█████████▊| 1561/1593 [00:31<00:00, 72.26it/s]
Processing frames:  99%|█████████▊| 1573/1593 [00:31<00:00, 76.02it/s]
Processing frames:  99%|█████████▉| 1581/1593 [00:31<00:00, 73.65it/s]
Processing frames: 100%|█████████▉| 1589/1593 [00:31<00:00, 74.22it/s]
Processing frames: 100%|██████████| 1593/1593 [00:32<00:00, 49.71it/s]
[INFO] Trajectory saved to /home/pulver/projects/Outdoor_SLPF/results/iros/20260217_172656_multiseed_main/slpf/seed_33/trajectory_0.5.tum
[INFO] Trajectory saved to /home/pulver/projects/Outdoor_SLPF/results/iros/20260217_172656_multiseed_main/slpf/seed_33/gps_pose.tum
[INFO] Finished processing all frames from the CSV file.

[exit_code=0 duration_sec=36.86]
