$ /home/pulver/projects/Outdoor_SLPF/.venv/bin/python /home/pulver/projects/Outdoor_SLPF/scripts/spf_lidar.py --miss-penalty 4.0 --wrong-hit-penalty 4.0 --gps-weight 0.5 --seed 33 --output-folder /home/pulver/projects/Outdoor_SLPF/results/iros_ablation/20260217_085404_ablation/non_wall_points/seed_33 --frame-stride 4 --semantic-sigma 0.05 --gps-sigma 1.1 --corridor-weight 0.3 --corridor-dist-sigma 1.5 --corridor-heading-sigma 0.35 --background-class-weight 0.2 --max-background-obs 120 --expected-obs-count 150.0 --pose-smooth-alpha-pos 0.55 --pose-smooth-alpha-theta 0.5 --odom-yaw-filter-alpha 0.9 --particle-count 100 --point-ang-sigma 0.08 --point-range-sigma 0.35 --point-ang-gate 0.2 --point-max-range-diff 1.5 --no-visualization --require-cuda --semantic-model point

/home/pulver/projects/Outdoor_SLPF/.venv/lib/python3.10/site-packages/matplotlib/projections/__init__.py:63: UserWarning: Unable to import Axes3D. This may be due to multiple versions of Matplotlib being installed (e.g. as a system package and as a pip package). As a result, the 3D projection is not available.
  warnings.warn("Unable to import Axes3D. This may be due to multiple versions of "
Using device: cuda
[INFO] Running with Miss Penalty: 4.0, Wrong Hit Penalty: 4.0, GPS Weight: 0.5, Seed: 33, Output: /home/pulver/projects/Outdoor_SLPF/results/iros_ablation/20260217_085404_ablation/non_wall_points/seed_33, Stride: 4, MaxFrames: None, Visualize: False, Model: point, DisableGPS: False, DisableSemantic: False, DisableCorridor: False, DisableBackground: False, StaticGPSWeight: False, DisablePoseSmooth: False

Processing frames:   0%|          | 0/1593 [00:00<?, ?it/s]
Processing frames:   0%|          | 1/1593 [00:00<23:12,  1.14it/s]
Processing frames:   1%|          | 9/1593 [00:01<02:16, 11.63it/s]
Processing frames:   1%|          | 17/1593 [00:01<01:13, 21.32it/s]
Processing frames:   2%|▏         | 25/1593 [00:01<00:52, 29.96it/s]
Processing frames:   2%|▏         | 33/1593 [00:01<00:41, 37.45it/s]
Processing frames:   3%|▎         | 41/1593 [00:01<00:36, 42.44it/s]
Processing frames:   3%|▎         | 49/1593 [00:01<00:32, 47.45it/s]
Processing frames:   4%|▎         | 57/1593 [00:01<00:30, 50.14it/s]
Processing frames:   4%|▍         | 65/1593 [00:01<00:29, 51.57it/s]
Processing frames:   5%|▍         | 73/1593 [00:02<00:29, 52.19it/s]
Processing frames:   5%|▌         | 81/1593 [00:02<00:28, 53.54it/s]
Processing frames:   6%|▌         | 89/1593 [00:02<00:27, 53.92it/s]
Processing frames:   6%|▌         | 97/1593 [00:02<00:28, 51.81it/s]
Processing frames:   7%|▋         | 105/1593 [00:02<00:29, 51.26it/s]
Processing frames:   7%|▋         | 113/1593 [00:02<00:28, 52.18it/s]
Processing frames:   8%|▊         | 121/1593 [00:03<00:27, 53.16it/s]
Processing frames:   8%|▊         | 129/1593 [00:03<00:27, 53.85it/s]
Processing frames:   9%|▊         | 137/1593 [00:03<00:28, 51.47it/s]
Processing frames:   9%|▉         | 145/1593 [00:03<00:28, 51.38it/s]
Processing frames:  10%|▉         | 153/1593 [00:03<00:28, 50.86it/s]
Processing frames:  10%|█         | 161/1593 [00:03<00:27, 52.28it/s]
Processing frames:  11%|█         | 169/1593 [00:03<00:25, 54.89it/s]
Processing frames:  11%|█         | 177/1593 [00:04<00:25, 56.32it/s]
Processing frames:  12%|█▏        | 185/1593 [00:04<00:24, 57.87it/s]
Processing frames:  12%|█▏        | 193/1593 [00:04<00:23, 59.59it/s]
Processing frames:  13%|█▎        | 201/1593 [00:04<00:21, 63.42it/s]
Processing frames:  13%|█▎        | 209/1593 [00:04<00:21, 64.59it/s]
Processing frames:  14%|█▎        | 217/1593 [00:04<00:20, 66.20it/s]
Processing frames:  14%|█▍        | 225/1593 [00:04<00:19, 68.98it/s]
Processing frames:  15%|█▍        | 233/1593 [00:04<00:19, 70.58it/s]
Processing frames:  15%|█▌        | 245/1593 [00:05<00:17, 75.02it/s]
Processing frames:  16%|█▌        | 253/1593 [00:05<00:18, 73.02it/s]
Processing frames:  16%|█▋        | 261/1593 [00:05<00:18, 70.88it/s]
Processing frames:  17%|█▋        | 269/1593 [00:05<00:22, 58.81it/s]
Processing frames:  17%|█▋        | 277/1593 [00:05<00:24, 53.21it/s]
Processing frames:  18%|█▊        | 285/1593 [00:05<00:25, 51.18it/s]
Processing frames:  18%|█▊        | 293/1593 [00:05<00:25, 50.94it/s]
Processing frames:  19%|█▉        | 301/1593 [00:06<00:24, 52.89it/s]
Processing frames:  19%|█▉        | 309/1593 [00:06<00:23, 54.41it/s]
Processing frames:  20%|█▉        | 317/1593 [00:06<00:24, 51.65it/s]
Processing frames:  20%|██        | 325/1593 [00:06<00:25, 48.85it/s]
Processing frames:  21%|██        | 333/1593 [00:06<00:24, 50.44it/s]
Processing frames:  21%|██▏       | 341/1593 [00:06<00:23, 52.72it/s]
Processing frames:  22%|██▏       | 349/1593 [00:07<00:23, 53.20it/s]
Processing frames:  22%|██▏       | 357/1593 [00:07<00:22, 55.36it/s]
Processing frames:  23%|██▎       | 365/1593 [00:07<00:20, 60.13it/s]
Processing frames:  23%|██▎       | 373/1593 [00:07<00:18, 64.83it/s]
Processing frames:  24%|██▍       | 381/1593 [00:07<00:17, 67.96it/s]
Processing frames:  25%|██▍       | 393/1593 [00:07<00:16, 73.03it/s]
Processing frames:  25%|██▌       | 405/1593 [00:07<00:16, 71.98it/s]
Processing frames:  26%|██▌       | 413/1593 [00:07<00:17, 65.71it/s]
Processing frames:  26%|██▋       | 421/1593 [00:08<00:19, 60.75it/s]
Processing frames:  27%|██▋       | 429/1593 [00:08<00:20, 56.55it/s]
Processing frames:  27%|██▋       | 437/1593 [00:08<00:20, 55.37it/s]
Processing frames:  28%|██▊       | 445/1593 [00:08<00:21, 52.81it/s]
Processing frames:  28%|██▊       | 453/1593 [00:08<00:21, 53.41it/s]
Processing frames:  29%|██▉       | 461/1593 [00:08<00:21, 53.25it/s]
Processing frames:  29%|██▉       | 469/1593 [00:09<00:22, 49.99it/s]
Processing frames:  30%|██▉       | 477/1593 [00:09<00:22, 50.38it/s]
Processing frames:  30%|███       | 485/1593 [00:09<00:21, 52.04it/s]
Processing frames:  31%|███       | 493/1593 [00:09<00:21, 50.89it/s]
Processing frames:  31%|███▏      | 501/1593 [00:09<00:20, 52.53it/s]
Processing frames:  32%|███▏      | 509/1593 [00:09<00:19, 54.24it/s]
Processing frames:  32%|███▏      | 517/1593 [00:09<00:19, 56.32it/s]
Processing frames:  33%|███▎      | 525/1593 [00:10<00:18, 57.13it/s]
Processing frames:  33%|███▎      | 533/1593 [00:10<00:17, 59.02it/s]
Processing frames:  34%|███▍      | 545/1593 [00:10<00:16, 64.81it/s]
Processing frames:  35%|███▍      | 553/1593 [00:10<00:16, 64.14it/s]
Processing frames:  35%|███▌      | 561/1593 [00:10<00:17, 57.55it/s]
Processing frames:  36%|███▌      | 569/1593 [00:10<00:19, 52.70it/s]
Processing frames:  36%|███▌      | 577/1593 [00:11<00:21, 48.20it/s]
Processing frames:  37%|███▋      | 585/1593 [00:11<00:21, 47.40it/s]
Processing frames:  37%|███▋      | 593/1593 [00:11<00:21, 45.61it/s]
Processing frames:  38%|███▊      | 601/1593 [00:11<00:21, 46.42it/s]
Processing frames:  38%|███▊      | 609/1593 [00:11<00:20, 47.18it/s]
Processing frames:  39%|███▊      | 617/1593 [00:11<00:21, 45.74it/s]
Processing frames:  39%|███▉      | 625/1593 [00:12<00:20, 47.19it/s]
Processing frames:  40%|███▉      | 633/1593 [00:12<00:19, 48.76it/s]
Processing frames:  40%|████      | 641/1593 [00:12<00:18, 51.64it/s]
Processing frames:  41%|████      | 649/1593 [00:12<00:17, 52.95it/s]
Processing frames:  41%|████      | 657/1593 [00:12<00:17, 54.19it/s]
Processing frames:  42%|████▏     | 665/1593 [00:12<00:15, 59.81it/s]
Processing frames:  42%|████▏     | 674/1593 [00:12<00:13, 67.11it/s]
Processing frames:  43%|████▎     | 682/1593 [00:13<00:15, 59.56it/s]
Processing frames:  43%|████▎     | 689/1593 [00:13<00:16, 56.29it/s]
Processing frames:  44%|████▍     | 697/1593 [00:13<00:15, 58.23it/s]
Processing frames:  44%|████▍     | 705/1593 [00:13<00:16, 54.17it/s]
Processing frames:  45%|████▍     | 713/1593 [00:13<00:17, 51.27it/s]
Processing frames:  45%|████▌     | 721/1593 [00:13<00:17, 49.23it/s]
Processing frames:  46%|████▌     | 729/1593 [00:13<00:17, 49.04it/s]
Processing frames:  46%|████▋     | 737/1593 [00:14<00:17, 49.74it/s]
Processing frames:  47%|████▋     | 745/1593 [00:14<00:16, 51.10it/s]
Processing frames:  47%|████▋     | 753/1593 [00:14<00:15, 52.80it/s]
Processing frames:  48%|████▊     | 761/1593 [00:14<00:15, 55.33it/s]
Processing frames:  48%|████▊     | 769/1593 [00:14<00:13, 59.73it/s]
Processing frames:  49%|████▉     | 777/1593 [00:14<00:12, 62.78it/s]
Processing frames:  49%|████▉     | 785/1593 [00:14<00:12, 66.96it/s]
Processing frames:  50%|█████     | 797/1593 [00:15<00:10, 72.61it/s]
Processing frames:  51%|█████     | 805/1593 [00:15<00:11, 66.14it/s]
Processing frames:  51%|█████     | 812/1593 [00:15<00:11, 65.97it/s]
Processing frames:  51%|█████▏    | 819/1593 [00:15<00:16, 48.21it/s]
Processing frames:  52%|█████▏    | 825/1593 [00:15<00:19, 39.27it/s]
Processing frames:  52%|█████▏    | 830/1593 [00:15<00:19, 39.53it/s]
Processing frames:  52%|█████▏    | 835/1593 [00:16<00:19, 39.54it/s]
Processing frames:  53%|█████▎    | 840/1593 [00:16<00:18, 40.56it/s]
Processing frames:  53%|█████▎    | 845/1593 [00:16<00:22, 33.00it/s]
Processing frames:  53%|█████▎    | 849/1593 [00:16<00:21, 33.97it/s]
Processing frames:  54%|█████▎    | 853/1593 [00:16<00:21, 34.73it/s]
Processing frames:  54%|█████▍    | 857/1593 [00:16<00:20, 35.27it/s]
Processing frames:  54%|█████▍    | 861/1593 [00:16<00:20, 35.30it/s]
Processing frames:  54%|█████▍    | 865/1593 [00:16<00:20, 35.44it/s]
Processing frames:  55%|█████▍    | 869/1593 [00:17<00:20, 34.77it/s]
Processing frames:  55%|█████▌    | 877/1593 [00:17<00:17, 39.79it/s]
Processing frames:  56%|█████▌    | 885/1593 [00:17<00:15, 45.13it/s]
Processing frames:  56%|█████▌    | 893/1593 [00:17<00:14, 46.77it/s]
Processing frames:  57%|█████▋    | 901/1593 [00:17<00:13, 51.27it/s]
Processing frames:  57%|█████▋    | 909/1593 [00:17<00:12, 56.43it/s]
Processing frames:  58%|█████▊    | 921/1593 [00:17<00:10, 64.69it/s]
Processing frames:  59%|█████▊    | 933/1593 [00:18<00:09, 70.08it/s]
Processing frames:  59%|█████▉    | 941/1593 [00:18<00:09, 67.06it/s]
Processing frames:  60%|█████▉    | 949/1593 [00:18<00:09, 64.48it/s]
Processing frames:  60%|██████    | 957/1593 [00:18<00:11, 56.53it/s]
Processing frames:  60%|██████    | 963/1593 [00:18<00:11, 55.76it/s]
Processing frames:  61%|██████    | 969/1593 [00:18<00:13, 45.94it/s]
Processing frames:  61%|██████    | 974/1593 [00:18<00:13, 46.19it/s]
Processing frames:  61%|██████▏   | 979/1593 [00:18<00:13, 46.79it/s]
Processing frames:  62%|██████▏   | 985/1593 [00:19<00:15, 39.79it/s]
Processing frames:  62%|██████▏   | 990/1593 [00:19<00:14, 41.77it/s]
Processing frames:  62%|██████▏   | 995/1593 [00:19<00:14, 41.44it/s]
Processing frames:  63%|██████▎   | 1000/1593 [00:19<00:14, 42.23it/s]
Processing frames:  63%|██████▎   | 1005/1593 [00:19<00:17, 33.78it/s]
Processing frames:  63%|██████▎   | 1009/1593 [00:19<00:17, 33.61it/s]
Processing frames:  64%|██████▍   | 1017/1593 [00:20<00:15, 37.07it/s]
Processing frames:  64%|██████▍   | 1025/1593 [00:20<00:14, 40.14it/s]
Processing frames:  65%|██████▍   | 1033/1593 [00:20<00:12, 43.10it/s]
Processing frames:  65%|██████▌   | 1041/1593 [00:20<00:12, 44.92it/s]
Processing frames:  66%|██████▌   | 1049/1593 [00:20<00:11, 48.97it/s]
Processing frames:  67%|██████▋   | 1061/1593 [00:20<00:08, 59.35it/s]
Processing frames:  67%|██████▋   | 1069/1593 [00:20<00:08, 63.60it/s]
Processing frames:  68%|██████▊   | 1077/1593 [00:21<00:07, 65.63it/s]
Processing frames:  68%|██████▊   | 1085/1593 [00:21<00:08, 62.99it/s]
Processing frames:  69%|██████▊   | 1092/1593 [00:21<00:08, 60.97it/s]
Processing frames:  69%|██████▉   | 1099/1593 [00:21<00:11, 44.57it/s]
Processing frames:  69%|██████▉   | 1105/1593 [00:21<00:13, 36.63it/s]
Processing frames:  70%|██████▉   | 1110/1593 [00:21<00:12, 37.23it/s]
Processing frames:  70%|██████▉   | 1115/1593 [00:22<00:12, 38.56it/s]
Processing frames:  70%|███████   | 1120/1593 [00:22<00:12, 38.74it/s]
Processing frames:  71%|███████   | 1125/1593 [00:22<00:15, 31.20it/s]
Processing frames:  71%|███████   | 1129/1593 [00:22<00:14, 31.71it/s]
Processing frames:  71%|███████   | 1133/1593 [00:22<00:14, 32.44it/s]
Processing frames:  71%|███████▏  | 1137/1593 [00:22<00:14, 32.45it/s]
Processing frames:  72%|███████▏  | 1141/1593 [00:22<00:13, 33.18it/s]
Processing frames:  72%|███████▏  | 1145/1593 [00:23<00:13, 32.90it/s]
Processing frames:  72%|███████▏  | 1149/1593 [00:23<00:14, 30.97it/s]
Processing frames:  72%|███████▏  | 1153/1593 [00:23<00:13, 31.52it/s]
Processing frames:  73%|███████▎  | 1157/1593 [00:23<00:13, 32.87it/s]
Processing frames:  73%|███████▎  | 1165/1593 [00:23<00:11, 37.47it/s]
Processing frames:  74%|███████▎  | 1173/1593 [00:23<00:10, 41.67it/s]
Processing frames:  74%|███████▍  | 1181/1593 [00:23<00:08, 46.45it/s]
Processing frames:  75%|███████▍  | 1189/1593 [00:24<00:07, 52.50it/s]
Processing frames:  75%|███████▌  | 1198/1593 [00:24<00:06, 61.56it/s]
Processing frames:  76%|███████▌  | 1205/1593 [00:24<00:06, 62.86it/s]
Processing frames:  76%|███████▌  | 1213/1593 [00:24<00:05, 66.26it/s]
Processing frames:  77%|███████▋  | 1221/1593 [00:24<00:05, 68.22it/s]
Processing frames:  77%|███████▋  | 1229/1593 [00:24<00:05, 67.65it/s]
Processing frames:  78%|███████▊  | 1237/1593 [00:24<00:06, 57.84it/s]
Processing frames:  78%|███████▊  | 1244/1593 [00:24<00:05, 59.37it/s]
Processing frames:  79%|███████▊  | 1251/1593 [00:25<00:07, 48.02it/s]
Processing frames:  79%|███████▉  | 1257/1593 [00:25<00:08, 41.41it/s]
Processing frames:  79%|███████▉  | 1265/1593 [00:25<00:08, 40.58it/s]
Processing frames:  80%|███████▉  | 1273/1593 [00:25<00:07, 43.18it/s]
Processing frames:  80%|████████  | 1281/1593 [00:25<00:06, 45.21it/s]
Processing frames:  81%|████████  | 1289/1593 [00:25<00:06, 46.86it/s]
Processing frames:  81%|████████▏ | 1297/1593 [00:26<00:06, 48.58it/s]
Processing frames:  82%|████████▏ | 1305/1593 [00:26<00:05, 52.37it/s]
Processing frames:  83%|████████▎ | 1317/1593 [00:26<00:04, 59.76it/s]
Processing frames:  83%|████████▎ | 1325/1593 [00:26<00:04, 63.07it/s]
Processing frames:  84%|████████▍ | 1337/1593 [00:26<00:03, 70.04it/s]
Processing frames:  84%|████████▍ | 1345/1593 [00:26<00:04, 60.35it/s]
Processing frames:  85%|████████▍ | 1352/1593 [00:26<00:03, 61.41it/s]
Processing frames:  85%|████████▌ | 1359/1593 [00:27<00:04, 47.59it/s]
Processing frames:  86%|████████▌ | 1365/1593 [00:27<00:05, 40.79it/s]
Processing frames:  86%|████████▌ | 1370/1593 [00:27<00:05, 42.31it/s]
Processing frames:  86%|████████▋ | 1375/1593 [00:27<00:05, 43.03it/s]
Processing frames:  87%|████████▋ | 1380/1593 [00:27<00:04, 44.04it/s]
Processing frames:  87%|████████▋ | 1385/1593 [00:27<00:05, 35.39it/s]
Processing frames:  87%|████████▋ | 1389/1593 [00:28<00:05, 35.20it/s]
Processing frames:  87%|████████▋ | 1393/1593 [00:28<00:05, 35.49it/s]
Processing frames:  88%|████████▊ | 1397/1593 [00:28<00:05, 36.46it/s]
Processing frames:  88%|████████▊ | 1405/1593 [00:28<00:04, 39.04it/s]
Processing frames:  89%|████████▊ | 1413/1593 [00:28<00:03, 45.37it/s]
Processing frames:  89%|████████▉ | 1421/1593 [00:28<00:03, 48.36it/s]
Processing frames:  90%|████████▉ | 1429/1593 [00:28<00:03, 48.69it/s]
Processing frames:  90%|█████████ | 1437/1593 [00:29<00:03, 49.25it/s]
Processing frames:  91%|█████████ | 1445/1593 [00:29<00:02, 50.81it/s]
Processing frames:  91%|█████████ | 1453/1593 [00:29<00:02, 55.94it/s]
Processing frames:  92%|█████████▏| 1461/1593 [00:29<00:02, 60.89it/s]
Processing frames:  92%|█████████▏| 1469/1593 [00:29<00:02, 56.83it/s]
Processing frames:  93%|█████████▎| 1477/1593 [00:29<00:02, 56.39it/s]
Processing frames:  93%|█████████▎| 1485/1593 [00:29<00:01, 56.98it/s]
Processing frames:  94%|█████████▎| 1493/1593 [00:29<00:01, 60.22it/s]
Processing frames:  94%|█████████▍| 1501/1593 [00:30<00:01, 62.30it/s]
Processing frames:  95%|█████████▍| 1509/1593 [00:30<00:01, 61.56it/s]
Processing frames:  95%|█████████▌| 1517/1593 [00:30<00:01, 61.38it/s]
Processing frames:  96%|█████████▌| 1525/1593 [00:30<00:01, 62.16it/s]
Processing frames:  96%|█████████▌| 1533/1593 [00:30<00:00, 62.40it/s]
Processing frames:  97%|█████████▋| 1541/1593 [00:30<00:00, 63.46it/s]
Processing frames:  97%|█████████▋| 1549/1593 [00:30<00:00, 67.52it/s]
Processing frames:  98%|█████████▊| 1561/1593 [00:30<00:00, 73.66it/s]
Processing frames:  99%|█████████▊| 1573/1593 [00:31<00:00, 77.46it/s]
Processing frames:  99%|█████████▉| 1581/1593 [00:31<00:00, 75.34it/s]
Processing frames: 100%|█████████▉| 1589/1593 [00:31<00:00, 75.67it/s]
Processing frames: 100%|██████████| 1593/1593 [00:31<00:00, 50.83it/s]
[INFO] Trajectory saved to /home/pulver/projects/Outdoor_SLPF/results/iros_ablation/20260217_085404_ablation/non_wall_points/seed_33/trajectory_0.5.tum
[INFO] Trajectory saved to /home/pulver/projects/Outdoor_SLPF/results/iros_ablation/20260217_085404_ablation/non_wall_points/seed_33/gps_pose.tum
[INFO] Finished processing all frames from the CSV file.

[exit_code=0 duration_sec=36.08]
