$ /home/pulver/projects/Outdoor_SLPF/.venv/bin/python /home/pulver/projects/Outdoor_SLPF/scripts/spf_lidar.py --miss-penalty 4.0 --wrong-hit-penalty 4.0 --gps-weight 0.5 --seed 22 --output-folder /home/pulver/projects/Outdoor_SLPF/results/iros/20260217_172656_multiseed_main/spf/seed_22 --frame-stride 5 --semantic-sigma 0.20 --gps-sigma 1.1 --particle-count 300 --disable-corridor --disable-background --disable-dynamic-gps-weight --disable-pose-smoothing --no-visualization --require-cuda

/home/pulver/projects/Outdoor_SLPF/.venv/lib/python3.10/site-packages/matplotlib/projections/__init__.py:63: UserWarning: Unable to import Axes3D. This may be due to multiple versions of Matplotlib being installed (e.g. as a system package and as a pip package). As a result, the 3D projection is not available.
  warnings.warn("Unable to import Axes3D. This may be due to multiple versions of "
Using device: cuda
[INFO] Running with Miss Penalty: 4.0, Wrong Hit Penalty: 4.0, GPS Weight: 0.5, Seed: 22, Output: /home/pulver/projects/Outdoor_SLPF/results/iros/20260217_172656_multiseed_main/spf/seed_22, Stride: 5, MaxFrames: None, Visualize: False, Model: wall, DisableGPS: False, DisableSemantic: False, DisableCorridor: True, DisableBackground: True, StaticGPSWeight: True, DisablePoseSmooth: True, SemanticClasses: both

Processing frames:   0%|          | 0/1593 [00:00<?, ?it/s]
Processing frames:   0%|          | 1/1593 [00:00<22:50,  1.16it/s]
Processing frames:   1%|          | 11/1593 [00:00<01:48, 14.61it/s]
Processing frames:   1%|▏         | 21/1593 [00:01<00:57, 27.26it/s]
Processing frames:   2%|▏         | 31/1593 [00:01<00:42, 36.81it/s]
Processing frames:   3%|▎         | 41/1593 [00:01<00:34, 44.85it/s]
Processing frames:   3%|▎         | 51/1593 [00:01<00:30, 51.07it/s]
Processing frames:   4%|▍         | 61/1593 [00:01<00:27, 56.19it/s]
Processing frames:   4%|▍         | 71/1593 [00:01<00:25, 60.37it/s]
Processing frames:   5%|▌         | 81/1593 [00:01<00:24, 62.73it/s]
Processing frames:   6%|▌         | 91/1593 [00:02<00:23, 64.56it/s]
Processing frames:   6%|▋         | 101/1593 [00:02<00:23, 63.38it/s]
Processing frames:   7%|▋         | 111/1593 [00:02<00:23, 63.90it/s]
Processing frames:   8%|▊         | 121/1593 [00:02<00:23, 63.79it/s]
Processing frames:   8%|▊         | 131/1593 [00:02<00:22, 63.71it/s]
Processing frames:   9%|▉         | 141/1593 [00:02<00:22, 64.58it/s]
Processing frames:   9%|▉         | 151/1593 [00:03<00:22, 63.53it/s]
Processing frames:  10%|█         | 161/1593 [00:03<00:21, 65.78it/s]
Processing frames:  11%|█         | 171/1593 [00:03<00:21, 67.29it/s]
Processing frames:  11%|█▏        | 181/1593 [00:03<00:20, 69.48it/s]
Processing frames:  12%|█▏        | 191/1593 [00:03<00:19, 71.75it/s]
Processing frames:  13%|█▎        | 201/1593 [00:03<00:18, 74.54it/s]
Processing frames:  13%|█▎        | 211/1593 [00:03<00:18, 76.45it/s]
Processing frames:  14%|█▍        | 221/1593 [00:03<00:16, 81.69it/s]
Processing frames:  15%|█▍        | 231/1593 [00:04<00:16, 84.19it/s]
Processing frames:  15%|█▌        | 246/1593 [00:04<00:14, 90.65it/s]
Processing frames:  16%|█▋        | 261/1593 [00:04<00:14, 90.55it/s]
Processing frames:  17%|█▋        | 271/1593 [00:04<00:16, 78.50it/s]
Processing frames:  18%|█▊        | 281/1593 [00:04<00:18, 70.86it/s]
Processing frames:  18%|█▊        | 289/1593 [00:04<00:17, 72.45it/s]
Processing frames:  19%|█▊        | 297/1593 [00:05<00:19, 64.88it/s]
Processing frames:  19%|█▉        | 306/1593 [00:05<00:19, 67.36it/s]
Processing frames:  20%|█▉        | 316/1593 [00:05<00:19, 63.94it/s]
Processing frames:  20%|██        | 326/1593 [00:05<00:20, 62.31it/s]
Processing frames:  21%|██        | 336/1593 [00:05<00:19, 65.15it/s]
Processing frames:  22%|██▏       | 346/1593 [00:05<00:18, 67.91it/s]
Processing frames:  22%|██▏       | 356/1593 [00:05<00:17, 69.52it/s]
Processing frames:  23%|██▎       | 366/1593 [00:05<00:16, 75.84it/s]
Processing frames:  24%|██▎       | 376/1593 [00:06<00:15, 80.45it/s]
Processing frames:  24%|██▍       | 386/1593 [00:06<00:14, 84.90it/s]
Processing frames:  25%|██▌       | 401/1593 [00:06<00:12, 91.86it/s]
Processing frames:  26%|██▌       | 411/1593 [00:06<00:14, 83.57it/s]
Processing frames:  26%|██▋       | 421/1593 [00:06<00:15, 76.95it/s]
Processing frames:  27%|██▋       | 431/1593 [00:06<00:16, 71.37it/s]
Processing frames:  28%|██▊       | 441/1593 [00:06<00:16, 68.36it/s]
Processing frames:  28%|██▊       | 451/1593 [00:07<00:17, 66.15it/s]
Processing frames:  29%|██▉       | 461/1593 [00:07<00:17, 65.92it/s]
Processing frames:  30%|██▉       | 471/1593 [00:07<00:18, 60.83it/s]
Processing frames:  30%|███       | 481/1593 [00:07<00:17, 63.13it/s]
Processing frames:  31%|███       | 491/1593 [00:07<00:17, 64.55it/s]
Processing frames:  31%|███▏      | 501/1593 [00:07<00:16, 66.01it/s]
Processing frames:  32%|███▏      | 511/1593 [00:08<00:15, 68.91it/s]
Processing frames:  33%|███▎      | 521/1593 [00:08<00:14, 72.63it/s]
Processing frames:  33%|███▎      | 531/1593 [00:08<00:14, 74.24it/s]
Processing frames:  34%|███▍      | 546/1593 [00:08<00:12, 81.48it/s]
Processing frames:  35%|███▍      | 556/1593 [00:08<00:12, 81.08it/s]
Processing frames:  35%|███▌      | 565/1593 [00:08<00:12, 81.30it/s]
Processing frames:  36%|███▌      | 574/1593 [00:08<00:15, 67.40it/s]
Processing frames:  37%|███▋      | 582/1593 [00:09<00:16, 60.43it/s]
Processing frames:  37%|███▋      | 591/1593 [00:09<00:17, 55.72it/s]
Processing frames:  38%|███▊      | 601/1593 [00:09<00:17, 56.99it/s]
Processing frames:  38%|███▊      | 611/1593 [00:09<00:17, 56.47it/s]
Processing frames:  39%|███▉      | 621/1593 [00:09<00:17, 56.59it/s]
Processing frames:  40%|███▉      | 631/1593 [00:09<00:15, 61.31it/s]
Processing frames:  40%|████      | 641/1593 [00:10<00:14, 64.94it/s]
Processing frames:  41%|████      | 651/1593 [00:10<00:14, 66.86it/s]
Processing frames:  41%|████▏     | 661/1593 [00:10<00:13, 71.35it/s]
Processing frames:  42%|████▏     | 676/1593 [00:10<00:11, 81.26it/s]
Processing frames:  43%|████▎     | 686/1593 [00:10<00:11, 79.35it/s]
Processing frames:  44%|████▎     | 696/1593 [00:10<00:11, 79.55it/s]
Processing frames:  44%|████▍     | 706/1593 [00:10<00:12, 72.44it/s]
Processing frames:  45%|████▍     | 716/1593 [00:11<00:13, 65.42it/s]
Processing frames:  46%|████▌     | 726/1593 [00:11<00:13, 64.78it/s]
Processing frames:  46%|████▌     | 736/1593 [00:11<00:13, 65.00it/s]
Processing frames:  47%|████▋     | 746/1593 [00:11<00:12, 66.37it/s]
Processing frames:  47%|████▋     | 756/1593 [00:11<00:11, 70.56it/s]
Processing frames:  48%|████▊     | 766/1593 [00:11<00:10, 75.26it/s]
Processing frames:  49%|████▊     | 776/1593 [00:11<00:10, 81.17it/s]
Processing frames:  49%|████▉     | 786/1593 [00:11<00:09, 85.61it/s]
Processing frames:  50%|█████     | 801/1593 [00:12<00:08, 89.25it/s]
Processing frames:  51%|█████     | 811/1593 [00:12<00:09, 80.03it/s]
Processing frames:  51%|█████▏    | 820/1593 [00:12<00:09, 78.25it/s]
Processing frames:  52%|█████▏    | 828/1593 [00:12<00:12, 61.12it/s]
Processing frames:  52%|█████▏    | 835/1593 [00:12<00:12, 58.83it/s]
Processing frames:  53%|█████▎    | 842/1593 [00:13<00:16, 44.72it/s]
Processing frames:  53%|█████▎    | 848/1593 [00:13<00:16, 45.27it/s]
Processing frames:  54%|█████▎    | 854/1593 [00:13<00:16, 45.38it/s]
Processing frames:  54%|█████▍    | 859/1593 [00:13<00:15, 46.12it/s]
Processing frames:  54%|█████▍    | 864/1593 [00:13<00:15, 45.77it/s]
Processing frames:  55%|█████▍    | 871/1593 [00:13<00:17, 40.50it/s]
Processing frames:  55%|█████▌    | 881/1593 [00:13<00:14, 48.97it/s]
Processing frames:  56%|█████▌    | 891/1593 [00:13<00:12, 55.37it/s]
Processing frames:  57%|█████▋    | 901/1593 [00:14<00:11, 61.93it/s]
Processing frames:  57%|█████▋    | 911/1593 [00:14<00:09, 70.77it/s]
Processing frames:  58%|█████▊    | 921/1593 [00:14<00:08, 76.58it/s]
Processing frames:  59%|█████▉    | 936/1593 [00:14<00:07, 84.98it/s]
Processing frames:  59%|█████▉    | 946/1593 [00:14<00:07, 82.53it/s]
Processing frames:  60%|██████    | 956/1593 [00:14<00:08, 73.40it/s]
Processing frames:  61%|██████    | 964/1593 [00:14<00:08, 73.89it/s]
Processing frames:  61%|██████    | 972/1593 [00:15<00:10, 62.07it/s]
Processing frames:  61%|██████▏   | 979/1593 [00:15<00:09, 62.90it/s]
Processing frames:  62%|██████▏   | 986/1593 [00:15<00:11, 52.07it/s]
Processing frames:  62%|██████▏   | 992/1593 [00:15<00:11, 52.89it/s]
Processing frames:  63%|██████▎   | 998/1593 [00:15<00:11, 53.82it/s]
Processing frames:  63%|██████▎   | 1004/1593 [00:15<00:11, 53.17it/s]
Processing frames:  63%|██████▎   | 1010/1593 [00:15<00:10, 54.36it/s]
Processing frames:  64%|██████▍   | 1016/1593 [00:15<00:12, 44.84it/s]
Processing frames:  64%|██████▍   | 1026/1593 [00:16<00:11, 49.07it/s]
Processing frames:  65%|██████▌   | 1036/1593 [00:16<00:10, 54.69it/s]
Processing frames:  66%|██████▌   | 1046/1593 [00:16<00:09, 58.49it/s]
Processing frames:  66%|██████▋   | 1056/1593 [00:16<00:08, 66.25it/s]
Processing frames:  67%|██████▋   | 1071/1593 [00:16<00:06, 77.23it/s]
Processing frames:  68%|██████▊   | 1081/1593 [00:16<00:06, 78.87it/s]
Processing frames:  68%|██████▊   | 1090/1593 [00:16<00:06, 81.53it/s]
Processing frames:  69%|██████▉   | 1099/1593 [00:17<00:08, 57.71it/s]
Processing frames:  69%|██████▉   | 1106/1593 [00:17<00:10, 46.57it/s]
Processing frames:  70%|██████▉   | 1112/1593 [00:17<00:10, 45.16it/s]
Processing frames:  70%|███████   | 1118/1593 [00:17<00:10, 45.89it/s]
Processing frames:  71%|███████   | 1124/1593 [00:17<00:10, 44.84it/s]
Processing frames:  71%|███████   | 1129/1593 [00:17<00:10, 44.63it/s]
Processing frames:  71%|███████   | 1134/1593 [00:18<00:10, 44.01it/s]
Processing frames:  72%|███████▏  | 1139/1593 [00:18<00:10, 42.19it/s]
Processing frames:  72%|███████▏  | 1144/1593 [00:18<00:10, 42.11it/s]
Processing frames:  72%|███████▏  | 1149/1593 [00:18<00:10, 43.29it/s]
Processing frames:  72%|███████▏  | 1154/1593 [00:18<00:10, 42.91it/s]
Processing frames:  73%|███████▎  | 1159/1593 [00:18<00:09, 44.48it/s]
Processing frames:  73%|███████▎  | 1164/1593 [00:18<00:09, 45.53it/s]
Processing frames:  74%|███████▎  | 1171/1593 [00:18<00:10, 40.35it/s]
Processing frames:  74%|███████▍  | 1181/1593 [00:19<00:08, 50.12it/s]
Processing frames:  75%|███████▍  | 1191/1593 [00:19<00:06, 59.94it/s]
Processing frames:  75%|███████▌  | 1201/1593 [00:19<00:05, 69.23it/s]
Processing frames:  76%|███████▋  | 1216/1593 [00:19<00:04, 80.25it/s]
Processing frames:  77%|███████▋  | 1226/1593 [00:19<00:04, 82.39it/s]
Processing frames:  78%|███████▊  | 1236/1593 [00:19<00:04, 77.63it/s]
Processing frames:  78%|███████▊  | 1244/1593 [00:19<00:04, 76.13it/s]
Processing frames:  79%|███████▊  | 1252/1593 [00:20<00:05, 60.18it/s]
Processing frames:  79%|███████▉  | 1259/1593 [00:20<00:05, 60.12it/s]
Processing frames:  79%|███████▉  | 1266/1593 [00:20<00:06, 49.96it/s]
Processing frames:  80%|████████  | 1276/1593 [00:20<00:05, 52.96it/s]
Processing frames:  81%|████████  | 1286/1593 [00:20<00:05, 56.49it/s]
Processing frames:  81%|████████▏ | 1296/1593 [00:20<00:04, 59.80it/s]
Processing frames:  82%|████████▏ | 1306/1593 [00:20<00:04, 64.52it/s]
Processing frames:  83%|████████▎ | 1316/1593 [00:21<00:03, 70.97it/s]
Processing frames:  84%|████████▎ | 1331/1593 [00:21<00:03, 81.10it/s]
Processing frames:  84%|████████▍ | 1341/1593 [00:21<00:03, 82.85it/s]
Processing frames:  85%|████████▍ | 1350/1593 [00:21<00:02, 81.26it/s]
Processing frames:  85%|████████▌ | 1359/1593 [00:21<00:03, 62.25it/s]
Processing frames:  86%|████████▌ | 1366/1593 [00:21<00:04, 51.80it/s]
Processing frames:  86%|████████▌ | 1372/1593 [00:22<00:04, 53.18it/s]
Processing frames:  87%|████████▋ | 1381/1593 [00:22<00:04, 50.35it/s]
Processing frames:  87%|████████▋ | 1391/1593 [00:22<00:04, 49.24it/s]
Processing frames:  88%|████████▊ | 1401/1593 [00:22<00:03, 50.39it/s]
Processing frames:  89%|████████▊ | 1411/1593 [00:22<00:03, 54.72it/s]
Processing frames:  89%|████████▉ | 1421/1593 [00:22<00:02, 58.12it/s]
Processing frames:  90%|████████▉ | 1431/1593 [00:23<00:02, 58.76it/s]
Processing frames:  90%|█████████ | 1441/1593 [00:23<00:02, 60.08it/s]
Processing frames:  91%|█████████ | 1451/1593 [00:23<00:02, 66.94it/s]
Processing frames:  92%|█████████▏| 1461/1593 [00:23<00:01, 73.75it/s]
Processing frames:  92%|█████████▏| 1471/1593 [00:23<00:01, 71.68it/s]
Processing frames:  93%|█████████▎| 1481/1593 [00:23<00:01, 70.69it/s]
Processing frames:  94%|█████████▎| 1491/1593 [00:23<00:01, 71.34it/s]
Processing frames:  94%|█████████▍| 1501/1593 [00:24<00:01, 75.50it/s]
Processing frames:  95%|█████████▍| 1511/1593 [00:24<00:01, 76.04it/s]
Processing frames:  95%|█████████▌| 1521/1593 [00:24<00:00, 74.70it/s]
Processing frames:  96%|█████████▌| 1531/1593 [00:24<00:00, 77.77it/s]
Processing frames:  97%|█████████▋| 1541/1593 [00:24<00:00, 80.18it/s]
Processing frames:  98%|█████████▊| 1556/1593 [00:24<00:00, 87.11it/s]
Processing frames:  99%|█████████▊| 1571/1593 [00:24<00:00, 93.12it/s]
Processing frames:  99%|█████████▉| 1581/1593 [00:24<00:00, 91.83it/s]
Processing frames: 100%|█████████▉| 1591/1593 [00:25<00:00, 92.78it/s]
Processing frames: 100%|██████████| 1593/1593 [00:25<00:00, 63.67it/s]
[INFO] Trajectory saved to /home/pulver/projects/Outdoor_SLPF/results/iros/20260217_172656_multiseed_main/spf/seed_22/trajectory_0.5.tum
[INFO] Trajectory saved to /home/pulver/projects/Outdoor_SLPF/results/iros/20260217_172656_multiseed_main/spf/seed_22/gps_pose.tum
[INFO] Finished processing all frames from the CSV file.

[exit_code=0 duration_sec=29.80]
