$ /home/pulver/projects/Outdoor_SLPF/.venv/bin/python /home/pulver/projects/Outdoor_SLPF/scripts/spf_lidar.py --miss-penalty 4.0 --wrong-hit-penalty 4.0 --gps-weight 0.5 --seed 11 --output-folder /home/pulver/projects/Outdoor_SLPF/results/iros_rh2/20260225_105822_multiseed_all_methods/slpf/seed_11 --frame-stride 4 --semantic-sigma 0.05 --gps-sigma 1.1 --corridor-weight 0.30 --corridor-dist-sigma 1.50 --corridor-heading-sigma 0.35 --background-class-weight 0.20 --max-background-obs 120 --expected-obs-count 150 --pose-smooth-alpha-pos 0.55 --pose-smooth-alpha-theta 0.50 --odom-yaw-filter-alpha 0.90 --particle-count 100 --segment-chunk 4096 --no-visualization --data-path /home/pulver/projects/Outdoor_SLPF/data/2025/rh_run2 --geojson-path /home/pulver/projects/Outdoor_SLPF/data/riseholme_poles_trunk.geojson --require-cuda

/home/pulver/projects/Outdoor_SLPF/.venv/lib/python3.10/site-packages/matplotlib/projections/__init__.py:63: UserWarning: Unable to import Axes3D. This may be due to multiple versions of Matplotlib being installed (e.g. as a system package and as a pip package). As a result, the 3D projection is not available.
  warnings.warn("Unable to import Axes3D. This may be due to multiple versions of "
Using device: cuda
[INFO] Running with Miss Penalty: 4.0, Wrong Hit Penalty: 4.0, GPS Weight: 0.5, Seed: 11, Output: /home/pulver/projects/Outdoor_SLPF/results/iros_rh2/20260225_105822_multiseed_all_methods/slpf/seed_11, DataPath: /home/pulver/projects/Outdoor_SLPF/data/2025/rh_run2, CSV: /home/pulver/projects/Outdoor_SLPF/data/2025/rh_run2/data.csv, Stride: 4, MaxFrames: None, Visualize: False, Model: wall, DisableGPS: False, DisableSemantic: False, DisableCorridor: False, DisableBackground: False, StaticGPSWeight: False, DisablePoseSmooth: False, SemanticClasses: both, SegmentChunk: 4096

Processing frames:   0%|          | 0/1572 [00:00<?, ?it/s]
Processing frames:   0%|          | 1/1572 [00:00<22:42,  1.15it/s]
Processing frames:   1%|          | 9/1572 [00:01<02:14, 11.59it/s]
Processing frames:   1%|          | 17/1572 [00:01<01:14, 20.91it/s]
Processing frames:   2%|▏         | 25/1572 [00:01<00:52, 29.40it/s]
Processing frames:   2%|▏         | 33/1572 [00:01<00:44, 34.93it/s]
Processing frames:   3%|▎         | 41/1572 [00:01<00:37, 41.14it/s]
Processing frames:   3%|▎         | 49/1572 [00:01<00:33, 45.78it/s]
Processing frames:   4%|▎         | 57/1572 [00:01<00:30, 49.65it/s]
Processing frames:   4%|▍         | 65/1572 [00:01<00:27, 54.43it/s]
Processing frames:   5%|▍         | 73/1572 [00:02<00:26, 57.22it/s]
Processing frames:   5%|▌         | 81/1572 [00:02<00:24, 60.07it/s]
Processing frames:   6%|▌         | 89/1572 [00:02<00:23, 62.43it/s]
Processing frames:   6%|▋         | 101/1572 [00:02<00:21, 69.53it/s]
Processing frames:   7%|▋         | 109/1572 [00:02<00:23, 62.44it/s]
Processing frames:   7%|▋         | 116/1572 [00:02<00:22, 63.32it/s]
Processing frames:   8%|▊         | 123/1572 [00:02<00:28, 51.72it/s]
Processing frames:   8%|▊         | 129/1572 [00:03<00:31, 46.28it/s]
Processing frames:   9%|▊         | 134/1572 [00:03<00:31, 46.20it/s]
Processing frames:   9%|▉         | 141/1572 [00:03<00:34, 41.16it/s]
Processing frames:   9%|▉         | 146/1572 [00:03<00:33, 42.70it/s]
Processing frames:  10%|▉         | 153/1572 [00:03<00:34, 41.10it/s]
Processing frames:  10%|█         | 161/1572 [00:03<00:33, 41.87it/s]
Processing frames:  11%|█         | 166/1572 [00:04<00:32, 42.99it/s]
Processing frames:  11%|█         | 171/1572 [00:04<00:31, 44.27it/s]
Processing frames:  11%|█         | 176/1572 [00:04<00:31, 44.72it/s]
Processing frames:  12%|█▏        | 181/1572 [00:04<00:34, 40.15it/s]
Processing frames:  12%|█▏        | 189/1572 [00:04<00:31, 44.59it/s]
Processing frames:  13%|█▎        | 197/1572 [00:04<00:28, 48.31it/s]
Processing frames:  13%|█▎        | 205/1572 [00:04<00:26, 51.42it/s]
Processing frames:  14%|█▎        | 213/1572 [00:04<00:25, 53.96it/s]
Processing frames:  14%|█▍        | 221/1572 [00:05<00:23, 58.34it/s]
Processing frames:  15%|█▍        | 233/1572 [00:05<00:20, 65.62it/s]
Processing frames:  15%|█▌        | 241/1572 [00:05<00:19, 67.50it/s]
Processing frames:  16%|█▌        | 249/1572 [00:05<00:19, 67.41it/s]
Processing frames:  17%|█▋        | 261/1572 [00:05<00:20, 64.25it/s]
Processing frames:  17%|█▋        | 268/1572 [00:05<00:20, 64.47it/s]
Processing frames:  17%|█▋        | 275/1572 [00:05<00:25, 50.50it/s]
Processing frames:  18%|█▊        | 281/1572 [00:06<00:30, 42.36it/s]
Processing frames:  18%|█▊        | 286/1572 [00:06<00:30, 42.14it/s]
Processing frames:  19%|█▊        | 291/1572 [00:06<00:29, 42.86it/s]
Processing frames:  19%|█▉        | 296/1572 [00:06<00:30, 41.75it/s]
Processing frames:  19%|█▉        | 301/1572 [00:06<00:40, 31.38it/s]
Processing frames:  19%|█▉        | 305/1572 [00:06<00:40, 31.17it/s]
Processing frames:  20%|█▉        | 309/1572 [00:07<00:39, 31.84it/s]
Processing frames:  20%|█▉        | 313/1572 [00:07<00:39, 32.27it/s]
Processing frames:  20%|██        | 317/1572 [00:07<00:39, 31.86it/s]
Processing frames:  20%|██        | 321/1572 [00:07<00:37, 33.29it/s]
Processing frames:  21%|██        | 329/1572 [00:07<00:33, 37.36it/s]
Processing frames:  21%|██        | 333/1572 [00:07<00:32, 37.74it/s]
Processing frames:  22%|██▏       | 341/1572 [00:07<00:29, 42.10it/s]
Processing frames:  22%|██▏       | 349/1572 [00:08<00:26, 46.39it/s]
Processing frames:  23%|██▎       | 357/1572 [00:08<00:25, 48.21it/s]
Processing frames:  23%|██▎       | 365/1572 [00:08<00:23, 51.69it/s]
Processing frames:  24%|██▍       | 377/1572 [00:08<00:19, 59.85it/s]
Processing frames:  24%|██▍       | 385/1572 [00:08<00:18, 62.87it/s]
Processing frames:  25%|██▌       | 393/1572 [00:08<00:17, 65.75it/s]
Processing frames:  26%|██▌       | 401/1572 [00:08<00:17, 68.78it/s]
Processing frames:  26%|██▋       | 413/1572 [00:08<00:15, 74.94it/s]
Processing frames:  27%|██▋       | 421/1572 [00:09<00:15, 75.53it/s]
Processing frames:  27%|██▋       | 429/1572 [00:09<00:16, 68.41it/s]
Processing frames:  28%|██▊       | 437/1572 [00:09<00:17, 65.33it/s]
Processing frames:  28%|██▊       | 445/1572 [00:09<00:19, 57.71it/s]
Processing frames:  29%|██▉       | 453/1572 [00:09<00:20, 53.60it/s]
Processing frames:  29%|██▉       | 459/1572 [00:09<00:20, 54.26it/s]
Processing frames:  30%|██▉       | 465/1572 [00:09<00:24, 44.86it/s]
Processing frames:  30%|███       | 473/1572 [00:10<00:24, 44.48it/s]
Processing frames:  30%|███       | 478/1572 [00:10<00:24, 45.52it/s]
Processing frames:  31%|███       | 485/1572 [00:10<00:24, 43.86it/s]
Processing frames:  31%|███       | 490/1572 [00:10<00:23, 45.17it/s]
Processing frames:  32%|███▏      | 497/1572 [00:10<00:24, 44.74it/s]
Processing frames:  32%|███▏      | 505/1572 [00:10<00:21, 49.74it/s]
Processing frames:  33%|███▎      | 513/1572 [00:10<00:20, 51.50it/s]
Processing frames:  33%|███▎      | 525/1572 [00:11<00:17, 60.06it/s]
Processing frames:  34%|███▍      | 533/1572 [00:11<00:16, 64.29it/s]
Processing frames:  35%|███▍      | 545/1572 [00:11<00:14, 69.74it/s]
Processing frames:  35%|███▌      | 553/1572 [00:11<00:14, 71.74it/s]
Processing frames:  36%|███▌      | 561/1572 [00:11<00:14, 69.88it/s]
Processing frames:  36%|███▌      | 569/1572 [00:11<00:16, 61.60it/s]
Processing frames:  37%|███▋      | 576/1572 [00:11<00:16, 61.47it/s]
Processing frames:  37%|███▋      | 583/1572 [00:12<00:21, 46.31it/s]
Processing frames:  37%|███▋      | 589/1572 [00:12<00:25, 38.00it/s]
Processing frames:  38%|███▊      | 594/1572 [00:12<00:25, 38.94it/s]
Processing frames:  38%|███▊      | 599/1572 [00:12<00:24, 40.42it/s]
Processing frames:  38%|███▊      | 604/1572 [00:12<00:24, 40.17it/s]
Processing frames:  39%|███▊      | 609/1572 [00:12<00:30, 31.90it/s]
Processing frames:  39%|███▉      | 613/1572 [00:13<00:30, 31.70it/s]
Processing frames:  39%|███▉      | 617/1572 [00:13<00:29, 32.00it/s]
Processing frames:  40%|███▉      | 621/1572 [00:13<00:29, 31.87it/s]
Processing frames:  40%|████      | 629/1572 [00:13<00:26, 35.92it/s]
Processing frames:  40%|████      | 633/1572 [00:13<00:26, 36.01it/s]
Processing frames:  41%|████      | 637/1572 [00:13<00:25, 36.57it/s]
Processing frames:  41%|████      | 641/1572 [00:13<00:25, 36.01it/s]
Processing frames:  41%|████      | 645/1572 [00:13<00:26, 35.26it/s]
Processing frames:  42%|████▏     | 653/1572 [00:14<00:22, 41.09it/s]
Processing frames:  42%|████▏     | 661/1572 [00:14<00:20, 45.55it/s]
Processing frames:  43%|████▎     | 669/1572 [00:14<00:18, 50.04it/s]
Processing frames:  43%|████▎     | 681/1572 [00:14<00:14, 60.15it/s]
Processing frames:  44%|████▍     | 693/1572 [00:14<00:12, 68.78it/s]
Processing frames:  45%|████▍     | 705/1572 [00:14<00:11, 73.71it/s]
Processing frames:  45%|████▌     | 713/1572 [00:14<00:12, 69.95it/s]
Processing frames:  46%|████▌     | 721/1572 [00:15<00:12, 65.90it/s]
Processing frames:  46%|████▋     | 729/1572 [00:15<00:12, 65.18it/s]
Processing frames:  47%|████▋     | 737/1572 [00:15<00:13, 63.43it/s]
Processing frames:  47%|████▋     | 745/1572 [00:15<00:13, 62.73it/s]
Processing frames:  48%|████▊     | 753/1572 [00:15<00:13, 62.11it/s]
Processing frames:  48%|████▊     | 760/1572 [00:15<00:13, 61.92it/s]
Processing frames:  49%|████▉     | 767/1572 [00:15<00:15, 51.90it/s]
Processing frames:  49%|████▉     | 773/1572 [00:16<00:17, 46.04it/s]
Processing frames:  50%|████▉     | 781/1572 [00:16<00:16, 47.10it/s]
Processing frames:  50%|█████     | 789/1572 [00:16<00:16, 48.33it/s]
Processing frames:  51%|█████     | 797/1572 [00:16<00:15, 48.93it/s]
Processing frames:  51%|█████     | 805/1572 [00:16<00:15, 50.34it/s]
Processing frames:  52%|█████▏    | 813/1572 [00:16<00:14, 51.78it/s]
Processing frames:  52%|█████▏    | 821/1572 [00:16<00:13, 53.88it/s]
Processing frames:  53%|█████▎    | 829/1572 [00:17<00:12, 57.78it/s]
Processing frames:  53%|█████▎    | 837/1572 [00:17<00:11, 62.32it/s]
Processing frames:  54%|█████▍    | 845/1572 [00:17<00:10, 66.75it/s]
Processing frames:  54%|█████▍    | 853/1572 [00:17<00:10, 67.43it/s]
Processing frames:  55%|█████▍    | 861/1572 [00:17<00:11, 61.20it/s]
Processing frames:  55%|█████▌    | 869/1572 [00:17<00:12, 55.59it/s]
Processing frames:  56%|█████▌    | 877/1572 [00:17<00:13, 50.26it/s]
Processing frames:  56%|█████▌    | 883/1572 [00:18<00:13, 50.34it/s]
Processing frames:  57%|█████▋    | 889/1572 [00:18<00:16, 41.01it/s]
Processing frames:  57%|█████▋    | 894/1572 [00:18<00:16, 42.03it/s]
Processing frames:  57%|█████▋    | 899/1572 [00:18<00:15, 43.61it/s]
Processing frames:  58%|█████▊    | 904/1572 [00:18<00:15, 44.45it/s]
Processing frames:  58%|█████▊    | 909/1572 [00:18<00:19, 34.30it/s]
Processing frames:  58%|█████▊    | 917/1572 [00:19<00:17, 37.69it/s]
Processing frames:  59%|█████▊    | 922/1572 [00:19<00:16, 40.01it/s]
Processing frames:  59%|█████▉    | 929/1572 [00:19<00:16, 39.93it/s]
Processing frames:  60%|█████▉    | 937/1572 [00:19<00:14, 44.55it/s]
Processing frames:  60%|██████    | 945/1572 [00:19<00:13, 47.83it/s]
Processing frames:  61%|██████    | 953/1572 [00:19<00:11, 52.41it/s]
Processing frames:  61%|██████    | 961/1572 [00:19<00:11, 54.28it/s]
Processing frames:  62%|██████▏   | 969/1572 [00:19<00:10, 56.54it/s]
Processing frames:  62%|██████▏   | 977/1572 [00:20<00:09, 59.56it/s]
Processing frames:  63%|██████▎   | 989/1572 [00:20<00:08, 66.47it/s]
Processing frames:  63%|██████▎   | 997/1572 [00:20<00:08, 69.25it/s]
Processing frames:  64%|██████▍   | 1005/1572 [00:20<00:08, 65.92it/s]
Processing frames:  64%|██████▍   | 1013/1572 [00:20<00:09, 61.65it/s]
Processing frames:  65%|██████▍   | 1021/1572 [00:20<00:09, 57.28it/s]
Processing frames:  65%|██████▌   | 1029/1572 [00:20<00:10, 54.19it/s]
Processing frames:  66%|██████▌   | 1037/1572 [00:21<00:10, 49.89it/s]
Processing frames:  66%|██████▋   | 1045/1572 [00:21<00:10, 48.95it/s]
Processing frames:  67%|██████▋   | 1053/1572 [00:21<00:11, 46.55it/s]
Processing frames:  67%|██████▋   | 1061/1572 [00:21<00:10, 46.90it/s]
Processing frames:  68%|██████▊   | 1069/1572 [00:21<00:10, 50.04it/s]
Processing frames:  69%|██████▊   | 1077/1572 [00:21<00:09, 52.68it/s]
Processing frames:  69%|██████▉   | 1085/1572 [00:22<00:08, 54.34it/s]
Processing frames:  70%|██████▉   | 1093/1572 [00:22<00:08, 55.57it/s]
Processing frames:  70%|███████   | 1101/1572 [00:22<00:08, 56.31it/s]
Processing frames:  71%|███████   | 1109/1572 [00:22<00:07, 59.13it/s]
Processing frames:  71%|███████   | 1117/1572 [00:22<00:07, 62.76it/s]
Processing frames:  72%|███████▏  | 1125/1572 [00:22<00:07, 62.99it/s]
Processing frames:  72%|███████▏  | 1133/1572 [00:22<00:07, 62.59it/s]
Processing frames:  73%|███████▎  | 1141/1572 [00:23<00:07, 57.82it/s]
Processing frames:  73%|███████▎  | 1149/1572 [00:23<00:08, 51.97it/s]
Processing frames:  74%|███████▎  | 1157/1572 [00:23<00:08, 46.43it/s]
Processing frames:  74%|███████▍  | 1165/1572 [00:23<00:08, 46.99it/s]
Processing frames:  75%|███████▍  | 1173/1572 [00:23<00:08, 48.60it/s]
Processing frames:  75%|███████▌  | 1181/1572 [00:23<00:07, 50.70it/s]
Processing frames:  76%|███████▌  | 1189/1572 [00:24<00:07, 51.64it/s]
Processing frames:  76%|███████▌  | 1197/1572 [00:24<00:06, 53.86it/s]
Processing frames:  77%|███████▋  | 1205/1572 [00:24<00:06, 53.37it/s]
Processing frames:  77%|███████▋  | 1213/1572 [00:24<00:06, 54.82it/s]
Processing frames:  78%|███████▊  | 1221/1572 [00:24<00:06, 56.21it/s]
Processing frames:  78%|███████▊  | 1229/1572 [00:24<00:05, 59.95it/s]
Processing frames:  79%|███████▉  | 1241/1572 [00:24<00:04, 67.22it/s]
Processing frames:  80%|███████▉  | 1253/1572 [00:24<00:04, 73.31it/s]
Processing frames:  80%|████████  | 1261/1572 [00:25<00:04, 67.76it/s]
Processing frames:  81%|████████  | 1269/1572 [00:25<00:05, 57.05it/s]
Processing frames:  81%|████████  | 1277/1572 [00:25<00:05, 51.15it/s]
Processing frames:  82%|████████▏ | 1285/1572 [00:25<00:05, 50.20it/s]
Processing frames:  82%|████████▏ | 1293/1572 [00:25<00:05, 48.59it/s]
Processing frames:  83%|████████▎ | 1301/1572 [00:26<00:05, 46.77it/s]
Processing frames:  83%|████████▎ | 1309/1572 [00:26<00:05, 47.69it/s]
Processing frames:  84%|████████▍ | 1317/1572 [00:26<00:04, 51.23it/s]
Processing frames:  84%|████████▍ | 1325/1572 [00:26<00:04, 54.65it/s]
Processing frames:  85%|████████▍ | 1333/1572 [00:26<00:04, 57.76it/s]
Processing frames:  85%|████████▌ | 1341/1572 [00:26<00:03, 61.37it/s]
Processing frames:  86%|████████▌ | 1349/1572 [00:26<00:03, 61.69it/s]
Processing frames:  86%|████████▋ | 1357/1572 [00:26<00:03, 62.96it/s]
Processing frames:  87%|████████▋ | 1369/1572 [00:27<00:02, 70.44it/s]
Processing frames:  88%|████████▊ | 1381/1572 [00:27<00:02, 73.93it/s]
Processing frames:  88%|████████▊ | 1389/1572 [00:27<00:02, 73.84it/s]
Processing frames:  89%|████████▉ | 1397/1572 [00:27<00:02, 72.87it/s]
Processing frames:  89%|████████▉ | 1405/1572 [00:27<00:02, 68.67it/s]
Processing frames:  90%|████████▉ | 1413/1572 [00:27<00:02, 67.70it/s]
Processing frames:  90%|█████████ | 1421/1572 [00:27<00:02, 66.56it/s]
Processing frames:  91%|█████████ | 1429/1572 [00:27<00:02, 65.56it/s]
Processing frames:  91%|█████████▏| 1437/1572 [00:28<00:02, 64.06it/s]
Processing frames:  92%|█████████▏| 1445/1572 [00:28<00:01, 64.73it/s]
Processing frames:  92%|█████████▏| 1453/1572 [00:28<00:01, 65.69it/s]
Processing frames:  93%|█████████▎| 1461/1572 [00:28<00:01, 66.95it/s]
Processing frames:  93%|█████████▎| 1469/1572 [00:28<00:01, 66.78it/s]
Processing frames:  94%|█████████▍| 1477/1572 [00:28<00:01, 68.89it/s]
Processing frames:  94%|█████████▍| 1485/1572 [00:28<00:01, 71.60it/s]
Processing frames:  95%|█████████▌| 1497/1572 [00:28<00:01, 74.33it/s]
Processing frames:  96%|█████████▌| 1505/1572 [00:29<00:00, 75.49it/s]
Processing frames:  97%|█████████▋| 1517/1572 [00:29<00:00, 79.41it/s]
Processing frames:  97%|█████████▋| 1525/1572 [00:29<00:00, 79.21it/s]
Processing frames:  98%|█████████▊| 1533/1572 [00:29<00:00, 77.34it/s]
Processing frames:  98%|█████████▊| 1541/1572 [00:29<00:00, 76.19it/s]
Processing frames:  99%|█████████▊| 1549/1572 [00:29<00:00, 73.95it/s]
Processing frames:  99%|█████████▉| 1557/1572 [00:29<00:00, 74.63it/s]
Processing frames: 100%|█████████▉| 1565/1572 [00:29<00:00, 75.28it/s]
Processing frames: 100%|██████████| 1572/1572 [00:29<00:00, 52.64it/s]
[INFO] Trajectory saved to /home/pulver/projects/Outdoor_SLPF/results/iros_rh2/20260225_105822_multiseed_all_methods/slpf/seed_11/trajectory_0.5.tum
[INFO] Trajectory saved to /home/pulver/projects/Outdoor_SLPF/results/iros_rh2/20260225_105822_multiseed_all_methods/slpf/seed_11/gps_pose.tum
[INFO] Finished processing all frames from the CSV file.

[exit_code=0 duration_sec=34.54]
