$ /home/pulver/projects/Outdoor_SLPF/.venv/bin/python /home/pulver/projects/Outdoor_SLPF/scripts/spf_lidar.py --miss-penalty 4.0 --wrong-hit-penalty 4.0 --gps-weight 0.5 --seed 33 --output-folder /home/pulver/projects/Outdoor_SLPF/results/iros_ablation/20260217_085404_ablation/no_semantic/seed_33 --frame-stride 4 --semantic-sigma 0.05 --gps-sigma 1.1 --corridor-weight 0.3 --corridor-dist-sigma 1.5 --corridor-heading-sigma 0.35 --background-class-weight 0.2 --max-background-obs 120 --expected-obs-count 150.0 --pose-smooth-alpha-pos 0.55 --pose-smooth-alpha-theta 0.5 --odom-yaw-filter-alpha 0.9 --particle-count 100 --point-ang-sigma 0.08 --point-range-sigma 0.35 --point-ang-gate 0.2 --point-max-range-diff 1.5 --no-visualization --require-cuda --disable-semantic

/home/pulver/projects/Outdoor_SLPF/.venv/lib/python3.10/site-packages/matplotlib/projections/__init__.py:63: UserWarning: Unable to import Axes3D. This may be due to multiple versions of Matplotlib being installed (e.g. as a system package and as a pip package). As a result, the 3D projection is not available.
  warnings.warn("Unable to import Axes3D. This may be due to multiple versions of "
Using device: cuda
[INFO] Running with Miss Penalty: 4.0, Wrong Hit Penalty: 4.0, GPS Weight: 0.5, Seed: 33, Output: /home/pulver/projects/Outdoor_SLPF/results/iros_ablation/20260217_085404_ablation/no_semantic/seed_33, Stride: 4, MaxFrames: None, Visualize: False, Model: wall, DisableGPS: False, DisableSemantic: True, DisableCorridor: False, DisableBackground: False, StaticGPSWeight: False, DisablePoseSmooth: False

Processing frames:   0%|          | 0/1593 [00:00<?, ?it/s]
Processing frames:   0%|          | 1/1593 [00:00<22:11,  1.20it/s]
Processing frames:   1%|          | 9/1593 [00:00<02:10, 12.17it/s]
Processing frames:   1%|          | 17/1593 [00:01<01:10, 22.28it/s]
Processing frames:   2%|▏         | 25/1593 [00:01<00:50, 31.26it/s]
Processing frames:   2%|▏         | 33/1593 [00:01<00:39, 39.03it/s]
Processing frames:   3%|▎         | 41/1593 [00:01<00:35, 44.33it/s]
Processing frames:   3%|▎         | 49/1593 [00:01<00:31, 49.35it/s]
Processing frames:   4%|▎         | 57/1593 [00:01<00:28, 52.98it/s]
Processing frames:   4%|▍         | 65/1593 [00:01<00:27, 55.04it/s]
Processing frames:   5%|▍         | 73/1593 [00:02<00:27, 54.64it/s]
Processing frames:   5%|▌         | 81/1593 [00:02<00:27, 55.41it/s]
Processing frames:   6%|▌         | 89/1593 [00:02<00:27, 55.46it/s]
Processing frames:   6%|▌         | 97/1593 [00:02<00:27, 53.90it/s]
Processing frames:   7%|▋         | 105/1593 [00:02<00:28, 53.01it/s]
Processing frames:   7%|▋         | 113/1593 [00:02<00:28, 52.77it/s]
Processing frames:   8%|▊         | 121/1593 [00:02<00:27, 53.52it/s]
Processing frames:   8%|▊         | 129/1593 [00:03<00:27, 53.92it/s]
Processing frames:   9%|▊         | 137/1593 [00:03<00:28, 51.72it/s]
Processing frames:   9%|▉         | 145/1593 [00:03<00:27, 52.06it/s]
Processing frames:  10%|▉         | 153/1593 [00:03<00:27, 51.64it/s]
Processing frames:  10%|█         | 161/1593 [00:03<00:27, 52.98it/s]
Processing frames:  11%|█         | 169/1593 [00:03<00:25, 55.23it/s]
Processing frames:  11%|█         | 177/1593 [00:03<00:24, 56.68it/s]
Processing frames:  12%|█▏        | 185/1593 [00:04<00:24, 58.34it/s]
Processing frames:  12%|█▏        | 193/1593 [00:04<00:23, 60.06it/s]
Processing frames:  13%|█▎        | 201/1593 [00:04<00:21, 63.70it/s]
Processing frames:  13%|█▎        | 209/1593 [00:04<00:21, 64.85it/s]
Processing frames:  14%|█▎        | 217/1593 [00:04<00:20, 66.77it/s]
Processing frames:  14%|█▍        | 225/1593 [00:04<00:19, 69.41it/s]
Processing frames:  15%|█▍        | 233/1593 [00:04<00:18, 71.69it/s]
Processing frames:  15%|█▌        | 245/1593 [00:04<00:17, 75.64it/s]
Processing frames:  16%|█▌        | 253/1593 [00:05<00:18, 73.48it/s]
Processing frames:  16%|█▋        | 261/1593 [00:05<00:18, 72.02it/s]
Processing frames:  17%|█▋        | 269/1593 [00:05<00:22, 60.08it/s]
Processing frames:  17%|█▋        | 277/1593 [00:05<00:24, 54.10it/s]
Processing frames:  18%|█▊        | 285/1593 [00:05<00:25, 52.12it/s]
Processing frames:  18%|█▊        | 293/1593 [00:05<00:24, 52.22it/s]
Processing frames:  19%|█▉        | 301/1593 [00:05<00:23, 54.31it/s]
Processing frames:  19%|█▉        | 309/1593 [00:06<00:23, 55.72it/s]
Processing frames:  20%|█▉        | 317/1593 [00:06<00:24, 53.12it/s]
Processing frames:  20%|██        | 325/1593 [00:06<00:25, 50.69it/s]
Processing frames:  21%|██        | 333/1593 [00:06<00:24, 52.45it/s]
Processing frames:  21%|██▏       | 341/1593 [00:06<00:22, 55.44it/s]
Processing frames:  22%|██▏       | 349/1593 [00:06<00:21, 56.75it/s]
Processing frames:  22%|██▏       | 357/1593 [00:06<00:20, 59.62it/s]
Processing frames:  23%|██▎       | 365/1593 [00:07<00:19, 64.08it/s]
Processing frames:  23%|██▎       | 373/1593 [00:07<00:17, 68.01it/s]
Processing frames:  24%|██▍       | 381/1593 [00:07<00:17, 70.33it/s]
Processing frames:  25%|██▍       | 393/1593 [00:07<00:15, 75.19it/s]
Processing frames:  25%|██▌       | 405/1593 [00:07<00:16, 73.75it/s]
Processing frames:  26%|██▌       | 413/1593 [00:07<00:17, 67.72it/s]
Processing frames:  26%|██▋       | 421/1593 [00:07<00:18, 62.61it/s]
Processing frames:  27%|██▋       | 429/1593 [00:08<00:19, 58.53it/s]
Processing frames:  27%|██▋       | 437/1593 [00:08<00:20, 57.50it/s]
Processing frames:  28%|██▊       | 445/1593 [00:08<00:20, 55.09it/s]
Processing frames:  28%|██▊       | 453/1593 [00:08<00:20, 55.75it/s]
Processing frames:  29%|██▉       | 461/1593 [00:08<00:20, 55.71it/s]
Processing frames:  29%|██▉       | 469/1593 [00:08<00:21, 52.30it/s]
Processing frames:  30%|██▉       | 477/1593 [00:08<00:21, 52.72it/s]
Processing frames:  30%|███       | 485/1593 [00:09<00:20, 54.82it/s]
Processing frames:  31%|███       | 493/1593 [00:09<00:20, 53.99it/s]
Processing frames:  31%|███▏      | 501/1593 [00:09<00:19, 55.93it/s]
Processing frames:  32%|███▏      | 509/1593 [00:09<00:18, 58.64it/s]
Processing frames:  32%|███▏      | 517/1593 [00:09<00:17, 60.35it/s]
Processing frames:  33%|███▎      | 525/1593 [00:09<00:17, 61.12it/s]
Processing frames:  33%|███▎      | 533/1593 [00:09<00:16, 62.95it/s]
Processing frames:  34%|███▍      | 545/1593 [00:09<00:15, 68.59it/s]
Processing frames:  35%|███▍      | 553/1593 [00:10<00:15, 67.73it/s]
Processing frames:  35%|███▌      | 561/1593 [00:10<00:17, 60.28it/s]
Processing frames:  36%|███▌      | 569/1593 [00:10<00:18, 55.09it/s]
Processing frames:  36%|███▌      | 577/1593 [00:10<00:20, 50.31it/s]
Processing frames:  37%|███▋      | 585/1593 [00:10<00:20, 49.61it/s]
Processing frames:  37%|███▋      | 593/1593 [00:11<00:20, 47.73it/s]
Processing frames:  38%|███▊      | 601/1593 [00:11<00:20, 48.85it/s]
Processing frames:  38%|███▊      | 609/1593 [00:11<00:19, 49.48it/s]
Processing frames:  39%|███▊      | 617/1593 [00:11<00:20, 47.97it/s]
Processing frames:  39%|███▉      | 625/1593 [00:11<00:19, 49.88it/s]
Processing frames:  40%|███▉      | 633/1593 [00:11<00:18, 52.14it/s]
Processing frames:  40%|████      | 641/1593 [00:11<00:17, 55.29it/s]
Processing frames:  41%|████      | 649/1593 [00:12<00:16, 56.71it/s]
Processing frames:  41%|████      | 657/1593 [00:12<00:15, 59.53it/s]
Processing frames:  42%|████▏     | 669/1593 [00:12<00:13, 66.58it/s]
Processing frames:  43%|████▎     | 678/1593 [00:12<00:12, 72.12it/s]
Processing frames:  43%|████▎     | 686/1593 [00:12<00:13, 68.06it/s]
Processing frames:  44%|████▎     | 693/1593 [00:12<00:13, 64.51it/s]
Processing frames:  44%|████▍     | 701/1593 [00:12<00:14, 62.53it/s]
Processing frames:  45%|████▍     | 709/1593 [00:12<00:15, 55.91it/s]
Processing frames:  45%|████▌     | 717/1593 [00:13<00:16, 53.66it/s]
Processing frames:  46%|████▌     | 725/1593 [00:13<00:16, 53.58it/s]
Processing frames:  46%|████▌     | 733/1593 [00:13<00:16, 53.43it/s]
Processing frames:  47%|████▋     | 741/1593 [00:13<00:16, 52.14it/s]
Processing frames:  47%|████▋     | 749/1593 [00:13<00:15, 54.00it/s]
Processing frames:  48%|████▊     | 757/1593 [00:13<00:14, 56.02it/s]
Processing frames:  48%|████▊     | 765/1593 [00:13<00:13, 59.63it/s]
Processing frames:  49%|████▉     | 777/1593 [00:14<00:12, 66.47it/s]
Processing frames:  49%|████▉     | 785/1593 [00:14<00:11, 69.44it/s]
Processing frames:  50%|█████     | 797/1593 [00:14<00:10, 74.21it/s]
Processing frames:  51%|█████     | 805/1593 [00:14<00:11, 67.55it/s]
Processing frames:  51%|█████     | 812/1593 [00:14<00:11, 67.69it/s]
Processing frames:  51%|█████▏    | 819/1593 [00:14<00:15, 49.93it/s]
Processing frames:  52%|█████▏    | 825/1593 [00:15<00:18, 40.87it/s]
Processing frames:  52%|█████▏    | 830/1593 [00:15<00:18, 41.13it/s]
Processing frames:  52%|█████▏    | 835/1593 [00:15<00:18, 41.10it/s]
Processing frames:  53%|█████▎    | 840/1593 [00:15<00:17, 41.93it/s]
Processing frames:  53%|█████▎    | 845/1593 [00:15<00:22, 33.89it/s]
Processing frames:  53%|█████▎    | 849/1593 [00:15<00:21, 34.97it/s]
Processing frames:  54%|█████▎    | 853/1593 [00:15<00:20, 35.72it/s]
Processing frames:  54%|█████▍    | 857/1593 [00:15<00:20, 36.38it/s]
Processing frames:  54%|█████▍    | 861/1593 [00:16<00:20, 36.47it/s]
Processing frames:  54%|█████▍    | 865/1593 [00:16<00:19, 36.63it/s]
Processing frames:  55%|█████▍    | 869/1593 [00:16<00:20, 35.99it/s]
Processing frames:  55%|█████▌    | 877/1593 [00:16<00:17, 41.18it/s]
Processing frames:  56%|█████▌    | 885/1593 [00:16<00:15, 47.06it/s]
Processing frames:  56%|█████▌    | 893/1593 [00:16<00:14, 49.17it/s]
Processing frames:  57%|█████▋    | 901/1593 [00:16<00:12, 53.67it/s]
Processing frames:  57%|█████▋    | 909/1593 [00:16<00:11, 58.93it/s]
Processing frames:  58%|█████▊    | 921/1593 [00:17<00:10, 66.76it/s]
Processing frames:  59%|█████▊    | 933/1593 [00:17<00:09, 71.59it/s]
Processing frames:  59%|█████▉    | 941/1593 [00:17<00:09, 69.19it/s]
Processing frames:  60%|█████▉    | 949/1593 [00:17<00:09, 67.10it/s]
Processing frames:  60%|██████    | 957/1593 [00:17<00:10, 59.11it/s]
Processing frames:  61%|██████    | 964/1593 [00:17<00:10, 61.23it/s]
Processing frames:  61%|██████    | 971/1593 [00:18<00:11, 52.08it/s]
Processing frames:  61%|██████▏   | 977/1593 [00:18<00:14, 43.95it/s]
Processing frames:  62%|██████▏   | 985/1593 [00:18<00:14, 42.88it/s]
Processing frames:  62%|██████▏   | 993/1593 [00:18<00:14, 40.69it/s]
Processing frames:  63%|██████▎   | 998/1593 [00:18<00:14, 41.73it/s]
Processing frames:  63%|██████▎   | 1003/1593 [00:18<00:13, 42.24it/s]
Processing frames:  63%|██████▎   | 1008/1593 [00:18<00:13, 42.94it/s]
Processing frames:  64%|██████▎   | 1013/1593 [00:19<00:16, 35.88it/s]
Processing frames:  64%|██████▍   | 1021/1593 [00:19<00:14, 39.14it/s]
Processing frames:  65%|██████▍   | 1029/1593 [00:19<00:13, 42.99it/s]
Processing frames:  65%|██████▌   | 1037/1593 [00:19<00:12, 45.70it/s]
Processing frames:  66%|██████▌   | 1045/1593 [00:19<00:10, 49.84it/s]
Processing frames:  66%|██████▌   | 1053/1593 [00:19<00:09, 55.31it/s]
Processing frames:  67%|██████▋   | 1065/1593 [00:20<00:08, 65.04it/s]
Processing frames:  67%|██████▋   | 1073/1593 [00:20<00:07, 68.17it/s]
Processing frames:  68%|██████▊   | 1081/1593 [00:20<00:07, 67.78it/s]
Processing frames:  68%|██████▊   | 1089/1593 [00:20<00:08, 57.89it/s]
Processing frames:  69%|██████▉   | 1096/1593 [00:20<00:08, 56.34it/s]
Processing frames:  69%|██████▉   | 1102/1593 [00:20<00:11, 42.98it/s]
Processing frames:  69%|██████▉   | 1107/1593 [00:20<00:11, 41.82it/s]
Processing frames:  70%|██████▉   | 1112/1593 [00:21<00:11, 41.31it/s]
Processing frames:  70%|███████   | 1117/1593 [00:21<00:14, 33.27it/s]
Processing frames:  70%|███████   | 1121/1593 [00:21<00:14, 33.19it/s]
Processing frames:  71%|███████   | 1125/1593 [00:21<00:14, 33.28it/s]
Processing frames:  71%|███████   | 1129/1593 [00:21<00:13, 33.64it/s]
Processing frames:  71%|███████   | 1133/1593 [00:21<00:13, 34.09it/s]
Processing frames:  71%|███████▏  | 1137/1593 [00:21<00:13, 33.98it/s]
Processing frames:  72%|███████▏  | 1141/1593 [00:21<00:13, 34.46it/s]
Processing frames:  72%|███████▏  | 1145/1593 [00:22<00:13, 34.18it/s]
Processing frames:  72%|███████▏  | 1149/1593 [00:22<00:13, 33.75it/s]
Processing frames:  72%|███████▏  | 1153/1593 [00:22<00:12, 33.94it/s]
Processing frames:  73%|███████▎  | 1157/1593 [00:22<00:12, 35.06it/s]
Processing frames:  73%|███████▎  | 1165/1593 [00:22<00:10, 39.92it/s]
Processing frames:  74%|███████▎  | 1173/1593 [00:22<00:09, 44.41it/s]
Processing frames:  74%|███████▍  | 1181/1593 [00:22<00:08, 49.71it/s]
Processing frames:  75%|███████▍  | 1189/1593 [00:23<00:07, 56.68it/s]
Processing frames:  75%|███████▌  | 1197/1593 [00:23<00:06, 62.60it/s]
Processing frames:  76%|███████▌  | 1205/1593 [00:23<00:05, 66.46it/s]
Processing frames:  76%|███████▌  | 1213/1593 [00:23<00:05, 69.71it/s]
Processing frames:  77%|███████▋  | 1221/1593 [00:23<00:05, 72.03it/s]
Processing frames:  77%|███████▋  | 1229/1593 [00:23<00:05, 71.26it/s]
Processing frames:  78%|███████▊  | 1237/1593 [00:23<00:05, 60.40it/s]
Processing frames:  78%|███████▊  | 1244/1593 [00:23<00:05, 61.74it/s]
Processing frames:  79%|███████▊  | 1251/1593 [00:24<00:06, 50.19it/s]
Processing frames:  79%|███████▉  | 1257/1593 [00:24<00:07, 43.09it/s]
Processing frames:  79%|███████▉  | 1265/1593 [00:24<00:07, 42.12it/s]
Processing frames:  80%|███████▉  | 1273/1593 [00:24<00:07, 45.20it/s]
Processing frames:  80%|████████  | 1281/1593 [00:24<00:06, 46.89it/s]
Processing frames:  81%|████████  | 1289/1593 [00:24<00:06, 48.84it/s]
Processing frames:  81%|████████▏ | 1297/1593 [00:25<00:05, 50.69it/s]
Processing frames:  82%|████████▏ | 1305/1593 [00:25<00:05, 54.98it/s]
Processing frames:  83%|████████▎ | 1317/1593 [00:25<00:04, 62.42it/s]
Processing frames:  83%|████████▎ | 1325/1593 [00:25<00:04, 65.41it/s]
Processing frames:  84%|████████▍ | 1337/1593 [00:25<00:03, 71.83it/s]
Processing frames:  84%|████████▍ | 1345/1593 [00:25<00:04, 61.68it/s]
Processing frames:  85%|████████▍ | 1352/1593 [00:25<00:03, 62.77it/s]
Processing frames:  85%|████████▌ | 1359/1593 [00:26<00:04, 48.76it/s]
Processing frames:  86%|████████▌ | 1365/1593 [00:26<00:05, 41.91it/s]
Processing frames:  86%|████████▌ | 1373/1593 [00:26<00:05, 42.00it/s]
Processing frames:  87%|████████▋ | 1378/1593 [00:26<00:04, 43.39it/s]
Processing frames:  87%|████████▋ | 1383/1593 [00:26<00:04, 44.78it/s]
Processing frames:  87%|████████▋ | 1388/1593 [00:26<00:04, 42.95it/s]
Processing frames:  87%|████████▋ | 1393/1593 [00:27<00:05, 34.82it/s]
Processing frames:  88%|████████▊ | 1401/1593 [00:27<00:05, 37.10it/s]
Processing frames:  88%|████████▊ | 1409/1593 [00:27<00:04, 42.11it/s]
Processing frames:  89%|████████▉ | 1417/1593 [00:27<00:03, 46.27it/s]
Processing frames:  89%|████████▉ | 1425/1593 [00:27<00:03, 48.80it/s]
Processing frames:  90%|████████▉ | 1433/1593 [00:27<00:03, 47.22it/s]
Processing frames:  90%|█████████ | 1441/1593 [00:27<00:03, 49.61it/s]
Processing frames:  91%|█████████ | 1449/1593 [00:28<00:02, 54.86it/s]
Processing frames:  91%|█████████▏| 1457/1593 [00:28<00:02, 59.47it/s]
Processing frames:  92%|█████████▏| 1465/1593 [00:28<00:02, 61.59it/s]
Processing frames:  92%|█████████▏| 1473/1593 [00:28<00:02, 56.78it/s]
Processing frames:  93%|█████████▎| 1481/1593 [00:28<00:01, 59.92it/s]
Processing frames:  93%|█████████▎| 1489/1593 [00:28<00:01, 60.52it/s]
Processing frames:  94%|█████████▍| 1497/1593 [00:28<00:01, 64.11it/s]
Processing frames:  94%|█████████▍| 1505/1593 [00:28<00:01, 64.49it/s]
Processing frames:  95%|█████████▍| 1513/1593 [00:29<00:01, 63.35it/s]
Processing frames:  95%|█████████▌| 1521/1593 [00:29<00:01, 63.22it/s]
Processing frames:  96%|█████████▌| 1529/1593 [00:29<00:00, 64.58it/s]
Processing frames:  96%|█████████▋| 1537/1593 [00:29<00:00, 66.08it/s]
Processing frames:  97%|█████████▋| 1549/1593 [00:29<00:00, 71.26it/s]
Processing frames:  98%|█████████▊| 1561/1593 [00:29<00:00, 76.00it/s]
Processing frames:  99%|█████████▊| 1573/1593 [00:29<00:00, 79.31it/s]
Processing frames:  99%|█████████▉| 1581/1593 [00:29<00:00, 77.73it/s]
Processing frames: 100%|█████████▉| 1592/1593 [00:30<00:00, 85.89it/s]
Processing frames: 100%|██████████| 1593/1593 [00:30<00:00, 52.93it/s]
[INFO] Trajectory saved to /home/pulver/projects/Outdoor_SLPF/results/iros_ablation/20260217_085404_ablation/no_semantic/seed_33/trajectory_0.5.tum
[INFO] Trajectory saved to /home/pulver/projects/Outdoor_SLPF/results/iros_ablation/20260217_085404_ablation/no_semantic/seed_33/gps_pose.tum
[INFO] Finished processing all frames from the CSV file.

[exit_code=0 duration_sec=34.77]
