$ /home/pulver/projects/Outdoor_SLPF/.venv/bin/python /home/pulver/projects/Outdoor_SLPF/scripts/spf_lidar.py --seed 11 --output-folder /home/pulver/projects/Outdoor_SLPF/results/runtime_profile/20260225_142949_runtime_gpu/trial_01_seed_11 --data-path /home/pulver/projects/Outdoor_SLPF/data/2025/rh_run1 --geojson-path /home/pulver/projects/Outdoor_SLPF/data/riseholme_poles_trunk.geojson --frame-stride 4 --max-frames 220 --particle-count 100 --segment-chunk 4096 --miss-penalty 4.0 --wrong-hit-penalty 4.0 --gps-weight 0.5 --no-visualization --profile-runtime --profile-warmup-frames 20 --require-cuda

/home/pulver/projects/Outdoor_SLPF/.venv/lib/python3.10/site-packages/matplotlib/projections/__init__.py:63: UserWarning: Unable to import Axes3D. This may be due to multiple versions of Matplotlib being installed (e.g. as a system package and as a pip package). As a result, the 3D projection is not available.
  warnings.warn("Unable to import Axes3D. This may be due to multiple versions of "
Using device: cuda
[INFO] Running with Miss Penalty: 4.0, Wrong Hit Penalty: 4.0, GPS Weight: 0.5, Seed: 11, Output: /home/pulver/projects/Outdoor_SLPF/results/runtime_profile/20260225_142949_runtime_gpu/trial_01_seed_11, DataPath: /home/pulver/projects/Outdoor_SLPF/data/2025/rh_run1, CSV: /home/pulver/projects/Outdoor_SLPF/data/2025/rh_run1/data.csv, Stride: 4, MaxFrames: 220, Visualize: False, Model: wall, DisableGPS: False, DisableSemantic: False, DisableCorridor: False, DisableBackground: False, StaticGPSWeight: False, DisablePoseSmooth: False, SemanticClasses: both, SegmentChunk: 4096, ProfileRuntime: True, ProfileWarmup: 20

Processing frames:   0%|          | 0/1593 [00:00<?, ?it/s]
Processing frames:   0%|          | 1/1593 [00:01<29:11,  1.10s/it]
Processing frames:   1%|          | 9/1593 [00:01<02:46,  9.53it/s]
Processing frames:   1%|          | 17/1593 [00:01<01:27, 18.01it/s]
Processing frames:   2%|▏         | 25/1593 [00:01<01:00, 26.12it/s]
Processing frames:   2%|▏         | 33/1593 [00:01<00:46, 33.48it/s]
Processing frames:   3%|▎         | 41/1593 [00:01<00:40, 38.80it/s]
Processing frames:   3%|▎         | 49/1593 [00:01<00:34, 44.19it/s]
Processing frames:   4%|▎         | 57/1593 [00:02<00:31, 48.01it/s]
Processing frames:   4%|▍         | 65/1593 [00:02<00:30, 50.58it/s]
Processing frames:   5%|▍         | 73/1593 [00:02<00:29, 51.23it/s]
Processing frames:   5%|▌         | 81/1593 [00:02<00:28, 52.40it/s]
Processing frames:   6%|▌         | 89/1593 [00:02<00:28, 53.00it/s]
Processing frames:   6%|▌         | 97/1593 [00:02<00:28, 52.01it/s]
Processing frames:   7%|▋         | 105/1593 [00:02<00:28, 51.43it/s]
Processing frames:   7%|▋         | 113/1593 [00:03<00:28, 52.20it/s]
Processing frames:   8%|▊         | 121/1593 [00:03<00:27, 53.15it/s]
Processing frames:   8%|▊         | 129/1593 [00:03<00:27, 53.27it/s]
Processing frames:   9%|▊         | 137/1593 [00:03<00:28, 50.57it/s]
Processing frames:   9%|▉         | 145/1593 [00:03<00:28, 50.76it/s]
Processing frames:  10%|▉         | 153/1593 [00:03<00:28, 50.14it/s]
Processing frames:  10%|█         | 161/1593 [00:04<00:27, 51.42it/s]
Processing frames:  11%|█         | 169/1593 [00:04<00:26, 53.63it/s]
Processing frames:  11%|█         | 177/1593 [00:04<00:25, 54.86it/s]
Processing frames:  12%|█▏        | 185/1593 [00:04<00:25, 55.97it/s]
Processing frames:  12%|█▏        | 193/1593 [00:04<00:24, 57.11it/s]
Processing frames:  13%|█▎        | 201/1593 [00:04<00:23, 60.14it/s]
Processing frames:  13%|█▎        | 209/1593 [00:04<00:22, 61.27it/s]
Processing frames:  14%|█▎        | 217/1593 [00:04<00:21, 62.77it/s]
Processing frames:  14%|█▍        | 225/1593 [00:05<00:21, 65.01it/s]
Processing frames:  15%|█▍        | 233/1593 [00:05<00:20, 67.74it/s]
Processing frames:  15%|█▌        | 245/1593 [00:05<00:18, 72.69it/s]
Processing frames:  16%|█▌        | 253/1593 [00:05<00:18, 70.73it/s]
Processing frames:  16%|█▋        | 261/1593 [00:05<00:19, 68.89it/s]
Processing frames:  17%|█▋        | 269/1593 [00:05<00:23, 57.15it/s]
Processing frames:  17%|█▋        | 277/1593 [00:05<00:25, 51.50it/s]
Processing frames:  18%|█▊        | 285/1593 [00:06<00:26, 49.59it/s]
Processing frames:  18%|█▊        | 293/1593 [00:06<00:26, 49.79it/s]
Processing frames:  19%|█▉        | 301/1593 [00:06<00:24, 52.03it/s]
Processing frames:  19%|█▉        | 309/1593 [00:06<00:24, 53.39it/s]
Processing frames:  20%|█▉        | 317/1593 [00:06<00:25, 50.49it/s]
Processing frames:  20%|██        | 325/1593 [00:06<00:26, 47.66it/s]
Processing frames:  21%|██        | 333/1593 [00:07<00:25, 49.09it/s]
Processing frames:  21%|██▏       | 341/1593 [00:07<00:24, 51.58it/s]
Processing frames:  22%|██▏       | 349/1593 [00:07<00:23, 52.33it/s]
Processing frames:  22%|██▏       | 357/1593 [00:07<00:22, 54.46it/s]
Processing frames:  23%|██▎       | 365/1593 [00:07<00:20, 58.98it/s]
Processing frames:  23%|██▎       | 373/1593 [00:07<00:19, 62.98it/s]
Processing frames:  24%|██▍       | 381/1593 [00:07<00:18, 65.99it/s]
Processing frames:  24%|██▍       | 389/1593 [00:07<00:17, 69.52it/s]
Processing frames:  25%|██▌       | 401/1593 [00:08<00:16, 74.19it/s]
Processing frames:  26%|██▌       | 409/1593 [00:08<00:17, 66.17it/s]
Processing frames:  26%|██▌       | 417/1593 [00:08<00:20, 58.71it/s]
Processing frames:  27%|██▋       | 425/1593 [00:08<00:20, 55.92it/s]
Processing frames:  27%|██▋       | 433/1593 [00:08<00:22, 52.53it/s]
Processing frames:  28%|██▊       | 441/1593 [00:08<00:22, 50.98it/s]
Processing frames:  28%|██▊       | 449/1593 [00:09<00:22, 51.25it/s]
Processing frames:  29%|██▊       | 457/1593 [00:09<00:22, 50.82it/s]
Processing frames:  29%|██▉       | 465/1593 [00:09<00:22, 50.52it/s]
Processing frames:  30%|██▉       | 473/1593 [00:09<00:23, 48.53it/s]
Processing frames:  30%|███       | 481/1593 [00:09<00:21, 51.76it/s]
Processing frames:  31%|███       | 489/1593 [00:09<00:21, 50.91it/s]
Processing frames:  31%|███       | 497/1593 [00:10<00:21, 51.50it/s]
Processing frames:  32%|███▏      | 505/1593 [00:10<00:20, 52.13it/s]
Processing frames:  32%|███▏      | 513/1593 [00:10<00:19, 54.78it/s]
Processing frames:  33%|███▎      | 521/1593 [00:10<00:18, 56.63it/s]
Processing frames:  33%|███▎      | 529/1593 [00:10<00:18, 56.76it/s]
Processing frames:  34%|███▎      | 537/1593 [00:10<00:17, 61.76it/s]
Processing frames:  34%|███▍      | 545/1593 [00:10<00:16, 64.29it/s]
Processing frames:  35%|███▍      | 553/1593 [00:10<00:16, 63.49it/s]
Processing frames:  35%|███▌      | 561/1593 [00:11<00:18, 56.62it/s]
Processing frames:  36%|███▌      | 569/1593 [00:11<00:19, 51.57it/s]
Processing frames:  36%|███▌      | 577/1593 [00:11<00:21, 47.13it/s]
Processing frames:  37%|███▋      | 585/1593 [00:11<00:21, 46.50it/s]
Processing frames:  37%|███▋      | 593/1593 [00:11<00:22, 44.92it/s]
Processing frames:  38%|███▊      | 601/1593 [00:12<00:21, 46.02it/s]
Processing frames:  38%|███▊      | 609/1593 [00:12<00:21, 46.38it/s]
Processing frames:  39%|███▊      | 617/1593 [00:12<00:21, 45.20it/s]
Processing frames:  39%|███▉      | 622/1593 [00:12<00:21, 45.88it/s]
Processing frames:  39%|███▉      | 629/1593 [00:12<00:20, 46.68it/s]
Processing frames:  40%|███▉      | 637/1593 [00:12<00:19, 49.92it/s]
Processing frames:  40%|████      | 645/1593 [00:12<00:17, 52.95it/s]
Processing frames:  41%|████      | 653/1593 [00:13<00:17, 54.99it/s]
Processing frames:  41%|████▏     | 661/1593 [00:13<00:15, 58.56it/s]
Processing frames:  42%|████▏     | 673/1593 [00:13<00:13, 65.73it/s]
Processing frames:  43%|████▎     | 681/1593 [00:13<00:13, 65.37it/s]
Processing frames:  43%|████▎     | 689/1593 [00:13<00:14, 61.46it/s]
Processing frames:  44%|████▍     | 697/1593 [00:13<00:14, 61.11it/s]
Processing frames:  44%|████▍     | 705/1593 [00:13<00:16, 55.32it/s]
Processing frames:  45%|████▍     | 713/1593 [00:14<00:16, 52.12it/s]
Processing frames:  45%|████▌     | 719/1593 [00:14<00:16, 53.68it/s]
Processing frames:  46%|████▌     | 725/1593 [00:14<00:18, 48.20it/s]
Processing frames:  46%|████▌     | 733/1593 [00:14<00:17, 48.59it/s]
Processing frames:  47%|████▋     | 741/1593 [00:14<00:17, 49.22it/s]
Processing frames:  47%|████▋     | 749/1593 [00:14<00:16, 51.28it/s]
Processing frames:  48%|████▊     | 757/1593 [00:14<00:15, 53.00it/s]
Processing frames:  48%|████▊     | 765/1593 [00:15<00:14, 55.86it/s]
Processing frames:  49%|████▊     | 773/1593 [00:15<00:13, 61.05it/s]
Processing frames:  49%|████▉     | 781/1593 [00:15<00:12, 64.49it/s]
Processing frames:  50%|████▉     | 793/1593 [00:15<00:11, 70.55it/s]
Processing frames:  50%|█████     | 801/1593 [00:15<00:11, 69.77it/s]
Processing frames:  51%|█████     | 809/1593 [00:15<00:13, 57.74it/s]
Processing frames:  51%|█████     | 816/1593 [00:15<00:13, 56.67it/s]
Processing frames:  52%|█████▏    | 822/1593 [00:16<00:17, 42.88it/s]
Processing frames:  52%|█████▏    | 827/1593 [00:16<00:18, 41.81it/s]
Processing frames:  52%|█████▏    | 832/1593 [00:16<00:18, 41.50it/s]
Processing frames:  53%|█████▎    | 837/1593 [00:16<00:23, 32.72it/s]
Processing frames:  53%|█████▎    | 841/1593 [00:16<00:23, 32.57it/s]
Processing frames:  53%|█████▎    | 845/1593 [00:16<00:22, 33.16it/s]
Processing frames:  53%|█████▎    | 849/1593 [00:16<00:21, 34.05it/s]
Processing frames:  54%|█████▎    | 853/1593 [00:17<00:21, 34.70it/s]
Processing frames:  54%|█████▍    | 857/1593 [00:17<00:21, 34.99it/s]
Processing frames:  54%|█████▍    | 861/1593 [00:17<00:21, 34.78it/s]
Processing frames:  54%|█████▍    | 865/1593 [00:17<00:20, 34.77it/s]
Processing frames:  55%|█████▍    | 869/1593 [00:17<00:21, 34.03it/s]
Processing frames:  55%|█████▍    | 873/1593 [00:17<00:20, 35.38it/s]
Processing frames:  55%|█████▌    | 880/1593 [00:17<00:14, 49.74it/s]
[INFO] Trajectory saved to /home/pulver/projects/Outdoor_SLPF/results/runtime_profile/20260225_142949_runtime_gpu/trial_01_seed_11/trajectory_0.5.tum
[INFO] Trajectory saved to /home/pulver/projects/Outdoor_SLPF/results/runtime_profile/20260225_142949_runtime_gpu/trial_01_seed_11/gps_pose.tum
[RUNTIME] Profiled 200 frames (warmup=20). Pipeline=13.18 Hz (stride-adjusted 52.71 Hz).
[RUNTIME] Wrote /home/pulver/projects/Outdoor_SLPF/results/runtime_profile/20260225_142949_runtime_gpu/trial_01_seed_11/runtime_profile_frames.csv
[RUNTIME] Wrote /home/pulver/projects/Outdoor_SLPF/results/runtime_profile/20260225_142949_runtime_gpu/trial_01_seed_11/runtime_profile_summary.json
[INFO] Finished processing all frames from the CSV file.

[exit_code=0 duration_sec=22.836]
