$ /home/pulver/projects/Outdoor_SLPF/.venv/bin/python /home/pulver/projects/Outdoor_SLPF/scripts/spf_lidar.py --miss-penalty 4.0 --wrong-hit-penalty 4.0 --gps-weight 0.5 --seed 22 --output-folder /home/pulver/projects/Outdoor_SLPF/results/iros_ablation/20260217_085404_ablation/full/seed_22 --frame-stride 4 --semantic-sigma 0.05 --gps-sigma 1.1 --corridor-weight 0.3 --corridor-dist-sigma 1.5 --corridor-heading-sigma 0.35 --background-class-weight 0.2 --max-background-obs 120 --expected-obs-count 150.0 --pose-smooth-alpha-pos 0.55 --pose-smooth-alpha-theta 0.5 --odom-yaw-filter-alpha 0.9 --particle-count 100 --point-ang-sigma 0.08 --point-range-sigma 0.35 --point-ang-gate 0.2 --point-max-range-diff 1.5 --no-visualization --require-cuda

/home/pulver/projects/Outdoor_SLPF/.venv/lib/python3.10/site-packages/matplotlib/projections/__init__.py:63: UserWarning: Unable to import Axes3D. This may be due to multiple versions of Matplotlib being installed (e.g. as a system package and as a pip package). As a result, the 3D projection is not available.
  warnings.warn("Unable to import Axes3D. This may be due to multiple versions of "
Using device: cuda
[INFO] Running with Miss Penalty: 4.0, Wrong Hit Penalty: 4.0, GPS Weight: 0.5, Seed: 22, Output: /home/pulver/projects/Outdoor_SLPF/results/iros_ablation/20260217_085404_ablation/full/seed_22, Stride: 4, MaxFrames: None, Visualize: False, Model: wall, DisableGPS: False, DisableSemantic: False, DisableCorridor: False, DisableBackground: False, StaticGPSWeight: False, DisablePoseSmooth: False

Processing frames:   0%|          | 0/1593 [00:00<?, ?it/s]
Processing frames:   0%|          | 1/1593 [00:00<23:10,  1.15it/s]
Processing frames:   1%|          | 9/1593 [00:01<02:16, 11.61it/s]
Processing frames:   1%|          | 17/1593 [00:01<01:14, 21.21it/s]
Processing frames:   2%|▏         | 25/1593 [00:01<00:52, 29.96it/s]
Processing frames:   2%|▏         | 33/1593 [00:01<00:41, 37.44it/s]
Processing frames:   3%|▎         | 41/1593 [00:01<00:36, 42.82it/s]
Processing frames:   3%|▎         | 49/1593 [00:01<00:32, 47.95it/s]
Processing frames:   4%|▎         | 57/1593 [00:01<00:29, 51.46it/s]
Processing frames:   4%|▍         | 65/1593 [00:01<00:28, 53.65it/s]
Processing frames:   5%|▍         | 73/1593 [00:02<00:28, 53.83it/s]
Processing frames:   5%|▌         | 81/1593 [00:02<00:27, 54.82it/s]
Processing frames:   6%|▌         | 89/1593 [00:02<00:27, 54.86it/s]
Processing frames:   6%|▌         | 97/1593 [00:02<00:28, 52.73it/s]
Processing frames:   7%|▋         | 105/1593 [00:02<00:28, 51.47it/s]
Processing frames:   7%|▋         | 113/1593 [00:02<00:28, 51.39it/s]
Processing frames:   8%|▊         | 121/1593 [00:03<00:28, 52.54it/s]
Processing frames:   8%|▊         | 129/1593 [00:03<00:27, 53.61it/s]
Processing frames:   9%|▊         | 137/1593 [00:03<00:28, 51.75it/s]
Processing frames:   9%|▉         | 145/1593 [00:03<00:27, 52.05it/s]
Processing frames:  10%|▉         | 153/1593 [00:03<00:28, 51.14it/s]
Processing frames:  10%|█         | 161/1593 [00:03<00:27, 52.82it/s]
Processing frames:  11%|█         | 169/1593 [00:03<00:25, 55.37it/s]
Processing frames:  11%|█         | 177/1593 [00:04<00:25, 55.96it/s]
Processing frames:  12%|█▏        | 185/1593 [00:04<00:24, 56.72it/s]
Processing frames:  12%|█▏        | 193/1593 [00:04<00:24, 58.32it/s]
Processing frames:  13%|█▎        | 201/1593 [00:04<00:22, 62.27it/s]
Processing frames:  13%|█▎        | 209/1593 [00:04<00:21, 64.01it/s]
Processing frames:  14%|█▎        | 217/1593 [00:04<00:21, 65.33it/s]
Processing frames:  14%|█▍        | 225/1593 [00:04<00:20, 67.75it/s]
Processing frames:  15%|█▍        | 233/1593 [00:04<00:19, 68.99it/s]
Processing frames:  15%|█▌        | 241/1593 [00:04<00:18, 71.72it/s]
Processing frames:  16%|█▌        | 249/1593 [00:05<00:18, 71.15it/s]
Processing frames:  16%|█▌        | 257/1593 [00:05<00:18, 72.74it/s]
Processing frames:  17%|█▋        | 265/1593 [00:05<00:21, 62.70it/s]
Processing frames:  17%|█▋        | 273/1593 [00:05<00:24, 54.97it/s]
Processing frames:  18%|█▊        | 279/1593 [00:05<00:23, 55.98it/s]
Processing frames:  18%|█▊        | 285/1593 [00:05<00:27, 48.37it/s]
Processing frames:  18%|█▊        | 293/1593 [00:05<00:26, 48.83it/s]
Processing frames:  19%|█▉        | 301/1593 [00:06<00:25, 51.47it/s]
Processing frames:  19%|█▉        | 309/1593 [00:06<00:24, 53.19it/s]
Processing frames:  20%|█▉        | 317/1593 [00:06<00:25, 50.55it/s]
Processing frames:  20%|██        | 325/1593 [00:06<00:26, 48.19it/s]
Processing frames:  21%|██        | 333/1593 [00:06<00:25, 49.34it/s]
Processing frames:  21%|██▏       | 341/1593 [00:06<00:24, 52.06it/s]
Processing frames:  22%|██▏       | 349/1593 [00:07<00:23, 52.89it/s]
Processing frames:  22%|██▏       | 357/1593 [00:07<00:22, 55.53it/s]
Processing frames:  23%|██▎       | 365/1593 [00:07<00:20, 61.05it/s]
Processing frames:  24%|██▎       | 377/1593 [00:07<00:17, 67.94it/s]
Processing frames:  24%|██▍       | 385/1593 [00:07<00:17, 70.03it/s]
Processing frames:  25%|██▍       | 397/1593 [00:07<00:15, 75.43it/s]
Processing frames:  25%|██▌       | 405/1593 [00:07<00:16, 71.65it/s]
Processing frames:  26%|██▌       | 413/1593 [00:07<00:18, 64.37it/s]
Processing frames:  26%|██▋       | 421/1593 [00:08<00:19, 59.31it/s]
Processing frames:  27%|██▋       | 429/1593 [00:08<00:21, 55.12it/s]
Processing frames:  27%|██▋       | 437/1593 [00:08<00:21, 53.61it/s]
Processing frames:  28%|██▊       | 445/1593 [00:08<00:22, 51.48it/s]
Processing frames:  28%|██▊       | 453/1593 [00:08<00:21, 52.14it/s]
Processing frames:  29%|██▉       | 461/1593 [00:08<00:21, 52.36it/s]
Processing frames:  29%|██▉       | 469/1593 [00:09<00:22, 49.44it/s]
Processing frames:  30%|██▉       | 477/1593 [00:09<00:22, 50.01it/s]
Processing frames:  30%|███       | 485/1593 [00:09<00:21, 51.89it/s]
Processing frames:  31%|███       | 493/1593 [00:09<00:21, 50.91it/s]
Processing frames:  31%|███▏      | 501/1593 [00:09<00:20, 52.18it/s]
Processing frames:  32%|███▏      | 509/1593 [00:09<00:20, 53.67it/s]
Processing frames:  32%|███▏      | 517/1593 [00:09<00:19, 55.95it/s]
Processing frames:  33%|███▎      | 525/1593 [00:10<00:18, 56.83it/s]
Processing frames:  33%|███▎      | 533/1593 [00:10<00:18, 58.73it/s]
Processing frames:  34%|███▍      | 545/1593 [00:10<00:16, 64.75it/s]
Processing frames:  35%|███▍      | 553/1593 [00:10<00:16, 63.84it/s]
Processing frames:  35%|███▌      | 561/1593 [00:10<00:18, 56.68it/s]
Processing frames:  36%|███▌      | 569/1593 [00:10<00:19, 51.91it/s]
Processing frames:  36%|███▌      | 577/1593 [00:11<00:21, 47.60it/s]
Processing frames:  37%|███▋      | 585/1593 [00:11<00:21, 47.01it/s]
Processing frames:  37%|███▋      | 593/1593 [00:11<00:22, 45.38it/s]
Processing frames:  38%|███▊      | 601/1593 [00:11<00:21, 46.53it/s]
Processing frames:  38%|███▊      | 609/1593 [00:11<00:20, 47.11it/s]
Processing frames:  39%|███▊      | 617/1593 [00:11<00:21, 45.69it/s]
Processing frames:  39%|███▉      | 625/1593 [00:12<00:20, 47.13it/s]
Processing frames:  40%|███▉      | 633/1593 [00:12<00:19, 48.92it/s]
Processing frames:  40%|████      | 641/1593 [00:12<00:18, 51.87it/s]
Processing frames:  41%|████      | 649/1593 [00:12<00:17, 53.62it/s]
Processing frames:  41%|████      | 657/1593 [00:12<00:16, 56.74it/s]
Processing frames:  42%|████▏     | 669/1593 [00:12<00:14, 64.04it/s]
Processing frames:  42%|████▏     | 677/1593 [00:12<00:13, 67.12it/s]
Processing frames:  43%|████▎     | 685/1593 [00:13<00:14, 64.11it/s]
Processing frames:  44%|████▎     | 693/1593 [00:13<00:14, 63.17it/s]
Processing frames:  44%|████▍     | 701/1593 [00:13<00:14, 59.89it/s]
Processing frames:  45%|████▍     | 709/1593 [00:13<00:16, 52.93it/s]
Processing frames:  45%|████▌     | 717/1593 [00:13<00:17, 50.08it/s]
Processing frames:  46%|████▌     | 725/1593 [00:13<00:17, 49.15it/s]
Processing frames:  46%|████▌     | 733/1593 [00:14<00:17, 49.12it/s]
Processing frames:  47%|████▋     | 741/1593 [00:14<00:17, 49.75it/s]
Processing frames:  47%|████▋     | 749/1593 [00:14<00:16, 51.85it/s]
Processing frames:  48%|████▊     | 757/1593 [00:14<00:15, 53.64it/s]
Processing frames:  48%|████▊     | 765/1593 [00:14<00:14, 56.49it/s]
Processing frames:  49%|████▊     | 773/1593 [00:14<00:13, 60.79it/s]
Processing frames:  49%|████▉     | 781/1593 [00:14<00:12, 64.29it/s]
Processing frames:  50%|████▉     | 793/1593 [00:14<00:11, 71.04it/s]
Processing frames:  50%|█████     | 801/1593 [00:15<00:11, 70.67it/s]
Processing frames:  51%|█████     | 809/1593 [00:15<00:13, 58.55it/s]
Processing frames:  51%|█████     | 816/1593 [00:15<00:13, 57.56it/s]
Processing frames:  52%|█████▏    | 822/1593 [00:15<00:17, 44.15it/s]
Processing frames:  52%|█████▏    | 827/1593 [00:15<00:17, 42.84it/s]
Processing frames:  52%|█████▏    | 832/1593 [00:15<00:18, 42.04it/s]
Processing frames:  53%|█████▎    | 837/1593 [00:16<00:22, 33.05it/s]
Processing frames:  53%|█████▎    | 841/1593 [00:16<00:22, 32.93it/s]
Processing frames:  53%|█████▎    | 845/1593 [00:16<00:22, 33.48it/s]
Processing frames:  53%|█████▎    | 849/1593 [00:16<00:21, 34.19it/s]
Processing frames:  54%|█████▎    | 853/1593 [00:16<00:21, 34.76it/s]
Processing frames:  54%|█████▍    | 857/1593 [00:16<00:20, 35.35it/s]
Processing frames:  54%|█████▍    | 861/1593 [00:16<00:20, 35.42it/s]
Processing frames:  54%|█████▍    | 865/1593 [00:16<00:20, 35.43it/s]
Processing frames:  55%|█████▍    | 869/1593 [00:17<00:20, 34.74it/s]
Processing frames:  55%|█████▌    | 877/1593 [00:17<00:18, 39.74it/s]
Processing frames:  56%|█████▌    | 885/1593 [00:17<00:15, 45.25it/s]
Processing frames:  56%|█████▌    | 893/1593 [00:17<00:15, 46.47it/s]
Processing frames:  57%|█████▋    | 901/1593 [00:17<00:13, 50.67it/s]
Processing frames:  57%|█████▋    | 909/1593 [00:17<00:12, 55.93it/s]
Processing frames:  58%|█████▊    | 921/1593 [00:17<00:10, 64.22it/s]
Processing frames:  59%|█████▊    | 933/1593 [00:18<00:09, 69.53it/s]
Processing frames:  59%|█████▉    | 941/1593 [00:18<00:09, 66.52it/s]
Processing frames:  60%|█████▉    | 949/1593 [00:18<00:10, 64.30it/s]
Processing frames:  60%|██████    | 957/1593 [00:18<00:11, 56.52it/s]
Processing frames:  60%|██████    | 963/1593 [00:18<00:11, 56.30it/s]
Processing frames:  61%|██████    | 969/1593 [00:18<00:13, 46.33it/s]
Processing frames:  61%|██████    | 974/1593 [00:18<00:13, 46.30it/s]
Processing frames:  61%|██████▏   | 979/1593 [00:19<00:13, 46.29it/s]
Processing frames:  62%|██████▏   | 985/1593 [00:19<00:15, 39.30it/s]
Processing frames:  62%|██████▏   | 990/1593 [00:19<00:14, 41.21it/s]
Processing frames:  62%|██████▏   | 995/1593 [00:19<00:14, 40.77it/s]
Processing frames:  63%|██████▎   | 1000/1593 [00:19<00:14, 41.60it/s]
Processing frames:  63%|██████▎   | 1005/1593 [00:19<00:17, 32.96it/s]
Processing frames:  63%|██████▎   | 1009/1593 [00:19<00:17, 32.82it/s]
Processing frames:  64%|██████▍   | 1017/1593 [00:20<00:15, 36.09it/s]
Processing frames:  64%|██████▍   | 1025/1593 [00:20<00:14, 39.28it/s]
Processing frames:  65%|██████▍   | 1033/1593 [00:20<00:13, 42.61it/s]
Processing frames:  65%|██████▌   | 1041/1593 [00:20<00:12, 44.52it/s]
Processing frames:  66%|██████▌   | 1049/1593 [00:20<00:11, 48.80it/s]
Processing frames:  66%|██████▋   | 1057/1593 [00:20<00:09, 54.13it/s]
Processing frames:  67%|██████▋   | 1069/1593 [00:21<00:08, 62.03it/s]
Processing frames:  68%|██████▊   | 1077/1593 [00:21<00:08, 63.52it/s]
Processing frames:  68%|██████▊   | 1085/1593 [00:21<00:08, 61.21it/s]
Processing frames:  69%|██████▊   | 1092/1593 [00:21<00:08, 59.07it/s]
Processing frames:  69%|██████▉   | 1098/1593 [00:21<00:11, 41.26it/s]
Processing frames:  69%|██████▉   | 1103/1593 [00:21<00:11, 41.34it/s]
Processing frames:  70%|██████▉   | 1108/1593 [00:21<00:12, 40.09it/s]
Processing frames:  70%|██████▉   | 1113/1593 [00:22<00:14, 32.15it/s]
Processing frames:  70%|███████   | 1117/1593 [00:22<00:14, 31.81it/s]
Processing frames:  70%|███████   | 1121/1593 [00:22<00:14, 31.70it/s]
Processing frames:  71%|███████   | 1125/1593 [00:22<00:14, 31.86it/s]
Processing frames:  71%|███████   | 1129/1593 [00:22<00:14, 32.31it/s]
Processing frames:  71%|███████   | 1133/1593 [00:22<00:13, 33.01it/s]
Processing frames:  71%|███████▏  | 1137/1593 [00:22<00:13, 32.76it/s]
Processing frames:  72%|███████▏  | 1141/1593 [00:23<00:13, 33.08it/s]
Processing frames:  72%|███████▏  | 1145/1593 [00:23<00:13, 32.69it/s]
Processing frames:  72%|███████▏  | 1149/1593 [00:23<00:13, 32.42it/s]
Processing frames:  72%|███████▏  | 1153/1593 [00:23<00:13, 32.58it/s]
Processing frames:  73%|███████▎  | 1157/1593 [00:23<00:12, 33.66it/s]
Processing frames:  73%|███████▎  | 1165/1593 [00:23<00:11, 38.15it/s]
Processing frames:  74%|███████▎  | 1173/1593 [00:23<00:09, 42.28it/s]
Processing frames:  74%|███████▍  | 1181/1593 [00:24<00:08, 47.05it/s]
Processing frames:  75%|███████▍  | 1189/1593 [00:24<00:07, 53.73it/s]
Processing frames:  75%|███████▌  | 1197/1593 [00:24<00:06, 59.84it/s]
Processing frames:  76%|███████▌  | 1205/1593 [00:24<00:06, 64.33it/s]
Processing frames:  76%|███████▌  | 1213/1593 [00:24<00:05, 67.65it/s]
Processing frames:  77%|███████▋  | 1221/1593 [00:24<00:05, 69.95it/s]
Processing frames:  77%|███████▋  | 1229/1593 [00:24<00:05, 68.21it/s]
Processing frames:  78%|███████▊  | 1237/1593 [00:24<00:06, 57.80it/s]
Processing frames:  78%|███████▊  | 1244/1593 [00:24<00:05, 59.16it/s]
Processing frames:  79%|███████▊  | 1251/1593 [00:25<00:07, 47.86it/s]
Processing frames:  79%|███████▉  | 1257/1593 [00:25<00:08, 41.28it/s]
Processing frames:  79%|███████▉  | 1265/1593 [00:25<00:08, 40.37it/s]
Processing frames:  80%|███████▉  | 1273/1593 [00:25<00:07, 43.05it/s]
Processing frames:  80%|████████  | 1281/1593 [00:25<00:06, 45.01it/s]
Processing frames:  81%|████████  | 1289/1593 [00:26<00:06, 46.62it/s]
Processing frames:  81%|████████▏ | 1297/1593 [00:26<00:06, 48.38it/s]
Processing frames:  82%|████████▏ | 1305/1593 [00:26<00:05, 52.26it/s]
Processing frames:  82%|████████▏ | 1313/1593 [00:26<00:04, 58.14it/s]
Processing frames:  83%|████████▎ | 1321/1593 [00:26<00:04, 60.71it/s]
Processing frames:  83%|████████▎ | 1329/1593 [00:26<00:04, 64.24it/s]
Processing frames:  84%|████████▍ | 1341/1593 [00:26<00:03, 69.13it/s]
Processing frames:  85%|████████▍ | 1349/1593 [00:27<00:04, 53.96it/s]
Processing frames:  85%|████████▌ | 1355/1593 [00:27<00:04, 52.89it/s]
Processing frames:  85%|████████▌ | 1361/1593 [00:27<00:05, 42.12it/s]
Processing frames:  86%|████████▌ | 1366/1593 [00:27<00:05, 43.24it/s]
Processing frames:  86%|████████▌ | 1371/1593 [00:27<00:05, 44.29it/s]
Processing frames:  86%|████████▋ | 1377/1593 [00:27<00:05, 38.67it/s]
Processing frames:  87%|████████▋ | 1382/1593 [00:27<00:05, 40.93it/s]
Processing frames:  87%|████████▋ | 1387/1593 [00:28<00:04, 41.43it/s]
Processing frames:  87%|████████▋ | 1392/1593 [00:28<00:04, 41.71it/s]
Processing frames:  88%|████████▊ | 1397/1593 [00:28<00:05, 34.04it/s]
Processing frames:  88%|████████▊ | 1401/1593 [00:28<00:05, 35.28it/s]
Processing frames:  88%|████████▊ | 1409/1593 [00:28<00:04, 40.93it/s]
Processing frames:  89%|████████▉ | 1417/1593 [00:28<00:03, 45.14it/s]
Processing frames:  89%|████████▉ | 1425/1593 [00:28<00:03, 47.17it/s]
Processing frames:  90%|████████▉ | 1433/1593 [00:29<00:03, 46.11it/s]
Processing frames:  90%|█████████ | 1441/1593 [00:29<00:03, 47.73it/s]
Processing frames:  91%|█████████ | 1449/1593 [00:29<00:02, 52.72it/s]
Processing frames:  91%|█████████▏| 1457/1593 [00:29<00:02, 57.53it/s]
Processing frames:  92%|█████████▏| 1465/1593 [00:29<00:02, 58.80it/s]
Processing frames:  92%|█████████▏| 1473/1593 [00:29<00:02, 53.21it/s]
Processing frames:  93%|█████████▎| 1481/1593 [00:29<00:02, 55.71it/s]
Processing frames:  93%|█████████▎| 1489/1593 [00:30<00:01, 55.31it/s]
Processing frames:  94%|█████████▍| 1497/1593 [00:30<00:01, 58.66it/s]
Processing frames:  94%|█████████▍| 1505/1593 [00:30<00:01, 59.03it/s]
Processing frames:  95%|█████████▍| 1513/1593 [00:30<00:01, 58.36it/s]
Processing frames:  95%|█████████▌| 1521/1593 [00:30<00:01, 58.24it/s]
Processing frames:  96%|█████████▌| 1529/1593 [00:30<00:01, 59.03it/s]
Processing frames:  96%|█████████▋| 1537/1593 [00:30<00:00, 60.04it/s]
Processing frames:  97%|█████████▋| 1545/1593 [00:30<00:00, 64.00it/s]
Processing frames:  98%|█████████▊| 1557/1593 [00:31<00:00, 69.99it/s]
Processing frames:  98%|█████████▊| 1569/1593 [00:31<00:00, 75.46it/s]
Processing frames:  99%|█████████▉| 1577/1593 [00:31<00:00, 74.69it/s]
Processing frames:  99%|█████████▉| 1585/1593 [00:31<00:00, 73.68it/s]
Processing frames: 100%|██████████| 1593/1593 [00:31<00:00, 50.47it/s]
[INFO] Trajectory saved to /home/pulver/projects/Outdoor_SLPF/results/iros_ablation/20260217_085404_ablation/full/seed_22/trajectory_0.5.tum
[INFO] Trajectory saved to /home/pulver/projects/Outdoor_SLPF/results/iros_ablation/20260217_085404_ablation/full/seed_22/gps_pose.tum
[INFO] Finished processing all frames from the CSV file.

[exit_code=0 duration_sec=36.26]
