$ /home/pulver/projects/Outdoor_SLPF/.venv/bin/python /home/pulver/projects/Outdoor_SLPF/scripts/spf_lidar.py --miss-penalty 4.0 --wrong-hit-penalty 4.0 --gps-weight 0.5 --seed 22 --output-folder /home/pulver/projects/Outdoor_SLPF/results/iros_rh1_robustness/20260225_151229_run1_robustness_gpu/option_a_detection_drop/drop_20pct/seed_22 --frame-stride 4 --semantic-sigma 0.05 --gps-sigma 1.1 --corridor-weight 0.30 --corridor-dist-sigma 1.50 --corridor-heading-sigma 0.35 --background-class-weight 0.20 --max-background-obs 120 --expected-obs-count 150 --pose-smooth-alpha-pos 0.55 --pose-smooth-alpha-theta 0.50 --odom-yaw-filter-alpha 0.90 --particle-count 100 --segment-chunk 4096 --detection-drop-rate 0.200000 --no-visualization --data-path /home/pulver/projects/Outdoor_SLPF/data/2025/rh_run1 --geojson-path /home/pulver/projects/Outdoor_SLPF/data/riseholme_poles_trunk.geojson --require-cuda

/home/pulver/projects/Outdoor_SLPF/.venv/lib/python3.10/site-packages/matplotlib/projections/__init__.py:63: UserWarning: Unable to import Axes3D. This may be due to multiple versions of Matplotlib being installed (e.g. as a system package and as a pip package). As a result, the 3D projection is not available.
  warnings.warn("Unable to import Axes3D. This may be due to multiple versions of "
Using device: cuda
[INFO] Running with Miss Penalty: 4.0, Wrong Hit Penalty: 4.0, GPS Weight: 0.5, Seed: 22, Output: /home/pulver/projects/Outdoor_SLPF/results/iros_rh1_robustness/20260225_151229_run1_robustness_gpu/option_a_detection_drop/drop_20pct/seed_22, DataPath: /home/pulver/projects/Outdoor_SLPF/data/2025/rh_run1, CSV: /home/pulver/projects/Outdoor_SLPF/data/2025/rh_run1/data.csv, Stride: 4, MaxFrames: None, Visualize: False, Model: wall, DisableGPS: False, DisableSemantic: False, DisableCorridor: False, DisableBackground: False, StaticGPSWeight: False, DisablePoseSmooth: False, SemanticClasses: both, DetectionDropRate: 0.2, SegmentChunk: 4096, ProfileRuntime: False, ProfileWarmup: 20

Processing frames:   0%|          | 0/1593 [00:00<?, ?it/s]
Processing frames:   0%|          | 1/1593 [00:00<23:16,  1.14it/s]
Processing frames:   1%|          | 9/1593 [00:01<02:16, 11.58it/s]
Processing frames:   1%|          | 17/1593 [00:01<01:14, 21.15it/s]
Processing frames:   2%|▏         | 25/1593 [00:01<00:52, 29.84it/s]
Processing frames:   2%|▏         | 33/1593 [00:01<00:41, 37.43it/s]
Processing frames:   3%|▎         | 41/1593 [00:01<00:36, 42.80it/s]
Processing frames:   3%|▎         | 49/1593 [00:01<00:32, 47.87it/s]
Processing frames:   4%|▎         | 57/1593 [00:01<00:29, 51.43it/s]
Processing frames:   4%|▍         | 65/1593 [00:01<00:28, 52.77it/s]
Processing frames:   5%|▍         | 73/1593 [00:02<00:28, 52.85it/s]
Processing frames:   5%|▌         | 81/1593 [00:02<00:27, 54.01it/s]
Processing frames:   6%|▌         | 89/1593 [00:02<00:27, 54.42it/s]
Processing frames:   6%|▌         | 97/1593 [00:02<00:28, 53.02it/s]
Processing frames:   7%|▋         | 105/1593 [00:02<00:28, 52.72it/s]
Processing frames:   7%|▋         | 113/1593 [00:02<00:27, 52.98it/s]
Processing frames:   8%|▊         | 121/1593 [00:03<00:27, 53.12it/s]
Processing frames:   8%|▊         | 129/1593 [00:03<00:27, 53.62it/s]
Processing frames:   9%|▊         | 137/1593 [00:03<00:28, 51.83it/s]
Processing frames:   9%|▉         | 145/1593 [00:03<00:27, 52.36it/s]
Processing frames:  10%|▉         | 153/1593 [00:03<00:27, 51.90it/s]
Processing frames:  10%|█         | 161/1593 [00:03<00:26, 53.56it/s]
Processing frames:  11%|█         | 169/1593 [00:03<00:25, 55.90it/s]
Processing frames:  11%|█         | 177/1593 [00:04<00:25, 56.58it/s]
Processing frames:  12%|█▏        | 185/1593 [00:04<00:24, 58.18it/s]
Processing frames:  12%|█▏        | 193/1593 [00:04<00:23, 59.92it/s]
Processing frames:  13%|█▎        | 201/1593 [00:04<00:21, 63.31it/s]
Processing frames:  13%|█▎        | 209/1593 [00:04<00:21, 64.72it/s]
Processing frames:  14%|█▎        | 217/1593 [00:04<00:20, 66.21it/s]
Processing frames:  14%|█▍        | 225/1593 [00:04<00:19, 68.93it/s]
Processing frames:  15%|█▍        | 233/1593 [00:04<00:19, 69.98it/s]
Processing frames:  15%|█▌        | 241/1593 [00:04<00:19, 71.08it/s]
Processing frames:  16%|█▌        | 249/1593 [00:05<00:19, 69.25it/s]
Processing frames:  16%|█▌        | 257/1593 [00:05<00:18, 71.11it/s]
Processing frames:  17%|█▋        | 265/1593 [00:05<00:21, 61.99it/s]
Processing frames:  17%|█▋        | 272/1593 [00:05<00:20, 63.97it/s]
Processing frames:  18%|█▊        | 279/1593 [00:05<00:24, 52.93it/s]
Processing frames:  18%|█▊        | 285/1593 [00:05<00:27, 46.93it/s]
Processing frames:  18%|█▊        | 293/1593 [00:05<00:27, 47.28it/s]
Processing frames:  19%|█▉        | 301/1593 [00:06<00:26, 49.45it/s]
Processing frames:  19%|█▉        | 309/1593 [00:06<00:25, 51.32it/s]
Processing frames:  20%|█▉        | 317/1593 [00:06<00:26, 49.02it/s]
Processing frames:  20%|██        | 325/1593 [00:06<00:26, 46.98it/s]
Processing frames:  21%|██        | 333/1593 [00:06<00:25, 49.19it/s]
Processing frames:  21%|██▏       | 341/1593 [00:06<00:24, 51.81it/s]
Processing frames:  22%|██▏       | 349/1593 [00:07<00:23, 52.86it/s]
Processing frames:  22%|██▏       | 357/1593 [00:07<00:22, 55.48it/s]
Processing frames:  23%|██▎       | 365/1593 [00:07<00:20, 60.24it/s]
Processing frames:  23%|██▎       | 373/1593 [00:07<00:18, 64.66it/s]
Processing frames:  24%|██▍       | 381/1593 [00:07<00:17, 67.69it/s]
Processing frames:  25%|██▍       | 393/1593 [00:07<00:16, 72.91it/s]
Processing frames:  25%|██▌       | 405/1593 [00:07<00:16, 72.00it/s]
Processing frames:  26%|██▌       | 413/1593 [00:07<00:17, 65.63it/s]
Processing frames:  26%|██▋       | 421/1593 [00:08<00:19, 60.09it/s]
Processing frames:  27%|██▋       | 429/1593 [00:08<00:20, 56.05it/s]
Processing frames:  27%|██▋       | 437/1593 [00:08<00:20, 55.13it/s]
Processing frames:  28%|██▊       | 445/1593 [00:08<00:21, 53.37it/s]
Processing frames:  28%|██▊       | 453/1593 [00:08<00:20, 54.46it/s]
Processing frames:  29%|██▉       | 461/1593 [00:08<00:20, 54.70it/s]
Processing frames:  29%|██▉       | 469/1593 [00:09<00:21, 51.18it/s]
Processing frames:  30%|██▉       | 477/1593 [00:09<00:21, 51.12it/s]
Processing frames:  30%|███       | 485/1593 [00:09<00:20, 53.12it/s]
Processing frames:  31%|███       | 493/1593 [00:09<00:21, 52.11it/s]
Processing frames:  31%|███▏      | 501/1593 [00:09<00:20, 53.57it/s]
Processing frames:  32%|███▏      | 509/1593 [00:09<00:19, 55.74it/s]
Processing frames:  32%|███▏      | 517/1593 [00:09<00:18, 57.59it/s]
Processing frames:  33%|███▎      | 525/1593 [00:10<00:18, 59.19it/s]
Processing frames:  33%|███▎      | 533/1593 [00:10<00:17, 61.32it/s]
Processing frames:  34%|███▍      | 541/1593 [00:10<00:15, 65.75it/s]
Processing frames:  34%|███▍      | 549/1593 [00:10<00:15, 65.95it/s]
Processing frames:  35%|███▍      | 557/1593 [00:10<00:16, 63.72it/s]
Processing frames:  35%|███▌      | 564/1593 [00:10<00:15, 64.53it/s]
Processing frames:  36%|███▌      | 571/1593 [00:10<00:18, 54.55it/s]
Processing frames:  36%|███▌      | 577/1593 [00:11<00:22, 45.35it/s]
Processing frames:  37%|███▋      | 585/1593 [00:11<00:22, 45.40it/s]
Processing frames:  37%|███▋      | 593/1593 [00:11<00:22, 44.40it/s]
Processing frames:  38%|███▊      | 601/1593 [00:11<00:21, 46.09it/s]
Processing frames:  38%|███▊      | 609/1593 [00:11<00:20, 46.91it/s]
Processing frames:  39%|███▊      | 617/1593 [00:11<00:21, 45.59it/s]
Processing frames:  39%|███▉      | 625/1593 [00:12<00:20, 47.53it/s]
Processing frames:  40%|███▉      | 633/1593 [00:12<00:19, 49.63it/s]
Processing frames:  40%|████      | 641/1593 [00:12<00:18, 52.69it/s]
Processing frames:  41%|████      | 649/1593 [00:12<00:17, 54.65it/s]
Processing frames:  41%|████      | 657/1593 [00:12<00:16, 57.27it/s]
Processing frames:  42%|████▏     | 665/1593 [00:12<00:14, 62.55it/s]
Processing frames:  42%|████▏     | 677/1593 [00:12<00:13, 68.54it/s]
Processing frames:  43%|████▎     | 685/1593 [00:12<00:13, 65.17it/s]
Processing frames:  44%|████▎     | 693/1593 [00:13<00:14, 64.01it/s]
Processing frames:  44%|████▍     | 701/1593 [00:13<00:14, 60.94it/s]
Processing frames:  45%|████▍     | 709/1593 [00:13<00:16, 53.81it/s]
Processing frames:  45%|████▌     | 717/1593 [00:13<00:17, 51.40it/s]
Processing frames:  46%|████▌     | 725/1593 [00:13<00:17, 51.05it/s]
Processing frames:  46%|████▌     | 733/1593 [00:13<00:16, 50.93it/s]
Processing frames:  47%|████▋     | 741/1593 [00:14<00:16, 50.98it/s]
Processing frames:  47%|████▋     | 749/1593 [00:14<00:15, 52.93it/s]
Processing frames:  48%|████▊     | 757/1593 [00:14<00:15, 54.62it/s]
Processing frames:  48%|████▊     | 765/1593 [00:14<00:14, 57.26it/s]
Processing frames:  49%|████▊     | 773/1593 [00:14<00:13, 62.28it/s]
Processing frames:  49%|████▉     | 781/1593 [00:14<00:12, 66.53it/s]
Processing frames:  50%|████▉     | 793/1593 [00:14<00:11, 72.69it/s]
Processing frames:  50%|█████     | 801/1593 [00:14<00:10, 72.85it/s]
Processing frames:  51%|█████     | 809/1593 [00:15<00:12, 60.35it/s]
Processing frames:  51%|█████     | 816/1593 [00:15<00:13, 59.36it/s]
Processing frames:  52%|█████▏    | 823/1593 [00:15<00:16, 46.95it/s]
Processing frames:  52%|█████▏    | 829/1593 [00:15<00:19, 38.29it/s]
Processing frames:  52%|█████▏    | 834/1593 [00:15<00:19, 38.62it/s]
Processing frames:  53%|█████▎    | 839/1593 [00:15<00:18, 39.94it/s]
Processing frames:  53%|█████▎    | 844/1593 [00:16<00:18, 40.57it/s]
Processing frames:  53%|█████▎    | 849/1593 [00:16<00:22, 33.69it/s]
Processing frames:  54%|█████▎    | 853/1593 [00:16<00:21, 34.43it/s]
Processing frames:  54%|█████▍    | 857/1593 [00:16<00:20, 35.10it/s]
Processing frames:  54%|█████▍    | 861/1593 [00:16<00:20, 35.39it/s]
Processing frames:  54%|█████▍    | 865/1593 [00:16<00:20, 35.65it/s]
Processing frames:  55%|█████▍    | 869/1593 [00:16<00:20, 35.14it/s]
Processing frames:  55%|█████▍    | 873/1593 [00:16<00:19, 36.38it/s]
Processing frames:  55%|█████▌    | 881/1593 [00:17<00:16, 43.68it/s]
Processing frames:  56%|█████▌    | 889/1593 [00:17<00:14, 46.94it/s]
Processing frames:  56%|█████▋    | 897/1593 [00:17<00:13, 49.76it/s]
Processing frames:  57%|█████▋    | 905/1593 [00:17<00:12, 54.95it/s]
Processing frames:  58%|█████▊    | 917/1593 [00:17<00:10, 64.17it/s]
Processing frames:  58%|█████▊    | 929/1593 [00:17<00:09, 70.28it/s]
Processing frames:  59%|█████▉    | 937/1593 [00:17<00:09, 70.38it/s]
Processing frames:  59%|█████▉    | 945/1593 [00:18<00:09, 67.67it/s]
Processing frames:  60%|█████▉    | 953/1593 [00:18<00:10, 62.74it/s]
Processing frames:  60%|██████    | 961/1593 [00:18<00:11, 53.81it/s]
Processing frames:  61%|██████    | 969/1593 [00:18<00:12, 49.63it/s]
Processing frames:  61%|██████    | 975/1593 [00:18<00:12, 51.14it/s]
Processing frames:  62%|██████▏   | 981/1593 [00:18<00:13, 43.99it/s]
Processing frames:  62%|██████▏   | 986/1593 [00:18<00:13, 44.18it/s]
Processing frames:  62%|██████▏   | 991/1593 [00:19<00:13, 45.17it/s]
Processing frames:  63%|██████▎   | 996/1593 [00:19<00:13, 44.15it/s]
Processing frames:  63%|██████▎   | 1001/1593 [00:19<00:17, 34.66it/s]
Processing frames:  63%|██████▎   | 1005/1593 [00:19<00:16, 35.16it/s]
Processing frames:  63%|██████▎   | 1009/1593 [00:19<00:16, 34.75it/s]
Processing frames:  64%|██████▍   | 1017/1593 [00:19<00:15, 37.91it/s]
Processing frames:  64%|██████▍   | 1025/1593 [00:20<00:13, 41.07it/s]
Processing frames:  65%|██████▍   | 1033/1593 [00:20<00:12, 44.26it/s]
Processing frames:  65%|██████▌   | 1041/1593 [00:20<00:11, 46.20it/s]
Processing frames:  66%|██████▌   | 1049/1593 [00:20<00:10, 50.39it/s]
Processing frames:  67%|██████▋   | 1061/1593 [00:20<00:08, 61.14it/s]
Processing frames:  67%|██████▋   | 1073/1593 [00:20<00:07, 66.62it/s]
Processing frames:  68%|██████▊   | 1081/1593 [00:20<00:07, 66.17it/s]
Processing frames:  68%|██████▊   | 1089/1593 [00:21<00:08, 57.13it/s]
Processing frames:  69%|██████▊   | 1095/1593 [00:21<00:09, 53.14it/s]
Processing frames:  69%|██████▉   | 1101/1593 [00:21<00:11, 41.08it/s]
Processing frames:  69%|██████▉   | 1106/1593 [00:21<00:12, 39.77it/s]
Processing frames:  70%|██████▉   | 1111/1593 [00:21<00:12, 39.43it/s]
Processing frames:  70%|███████   | 1116/1593 [00:21<00:11, 40.44it/s]
Processing frames:  70%|███████   | 1121/1593 [00:22<00:14, 31.83it/s]
Processing frames:  71%|███████   | 1125/1593 [00:22<00:14, 32.04it/s]
Processing frames:  71%|███████   | 1129/1593 [00:22<00:14, 32.32it/s]
Processing frames:  71%|███████   | 1133/1593 [00:22<00:13, 33.07it/s]
Processing frames:  71%|███████▏  | 1137/1593 [00:22<00:13, 33.21it/s]
Processing frames:  72%|███████▏  | 1141/1593 [00:22<00:13, 33.76it/s]
Processing frames:  72%|███████▏  | 1145/1593 [00:22<00:13, 33.51it/s]
Processing frames:  72%|███████▏  | 1149/1593 [00:22<00:13, 32.99it/s]
Processing frames:  72%|███████▏  | 1153/1593 [00:23<00:13, 33.14it/s]
Processing frames:  73%|███████▎  | 1157/1593 [00:23<00:12, 34.19it/s]
Processing frames:  73%|███████▎  | 1165/1593 [00:23<00:11, 38.82it/s]
Processing frames:  74%|███████▎  | 1173/1593 [00:23<00:09, 42.77it/s]
Processing frames:  74%|███████▍  | 1181/1593 [00:23<00:08, 47.59it/s]
Processing frames:  75%|███████▍  | 1189/1593 [00:23<00:07, 54.32it/s]
Processing frames:  75%|███████▌  | 1201/1593 [00:23<00:06, 63.10it/s]
Processing frames:  76%|███████▌  | 1209/1593 [00:23<00:05, 65.53it/s]
Processing frames:  77%|███████▋  | 1221/1593 [00:24<00:05, 70.21it/s]
Processing frames:  77%|███████▋  | 1229/1593 [00:24<00:05, 68.99it/s]
Processing frames:  78%|███████▊  | 1237/1593 [00:24<00:05, 59.82it/s]
Processing frames:  78%|███████▊  | 1244/1593 [00:24<00:05, 60.94it/s]
Processing frames:  79%|███████▊  | 1251/1593 [00:24<00:06, 49.78it/s]
Processing frames:  79%|███████▉  | 1257/1593 [00:24<00:07, 42.95it/s]
Processing frames:  79%|███████▉  | 1265/1593 [00:25<00:07, 41.85it/s]
Processing frames:  80%|███████▉  | 1273/1593 [00:25<00:07, 44.35it/s]
Processing frames:  80%|████████  | 1281/1593 [00:25<00:06, 46.33it/s]
Processing frames:  81%|████████  | 1289/1593 [00:25<00:06, 48.12it/s]
Processing frames:  81%|████████▏ | 1297/1593 [00:25<00:05, 50.25it/s]
Processing frames:  82%|████████▏ | 1305/1593 [00:25<00:05, 54.49it/s]
Processing frames:  83%|████████▎ | 1317/1593 [00:26<00:04, 61.86it/s]
Processing frames:  83%|████████▎ | 1325/1593 [00:26<00:04, 64.98it/s]
Processing frames:  84%|████████▍ | 1337/1593 [00:26<00:03, 70.97it/s]
Processing frames:  84%|████████▍ | 1345/1593 [00:26<00:04, 60.38it/s]
Processing frames:  85%|████████▍ | 1352/1593 [00:26<00:03, 60.93it/s]
Processing frames:  85%|████████▌ | 1359/1593 [00:26<00:04, 47.14it/s]
Processing frames:  86%|████████▌ | 1365/1593 [00:27<00:05, 40.27it/s]
Processing frames:  86%|████████▌ | 1370/1593 [00:27<00:05, 41.84it/s]
Processing frames:  86%|████████▋ | 1377/1593 [00:27<00:05, 39.82it/s]
Processing frames:  87%|████████▋ | 1385/1593 [00:27<00:05, 39.23it/s]
Processing frames:  87%|████████▋ | 1390/1593 [00:27<00:05, 40.19it/s]
Processing frames:  88%|████████▊ | 1395/1593 [00:27<00:04, 41.44it/s]
Processing frames:  88%|████████▊ | 1400/1593 [00:27<00:04, 43.18it/s]
Processing frames:  88%|████████▊ | 1405/1593 [00:28<00:05, 36.84it/s]
Processing frames:  89%|████████▊ | 1413/1593 [00:28<00:04, 42.77it/s]
Processing frames:  89%|████████▉ | 1421/1593 [00:28<00:03, 45.30it/s]
Processing frames:  90%|████████▉ | 1429/1593 [00:28<00:03, 45.98it/s]
Processing frames:  90%|█████████ | 1437/1593 [00:28<00:03, 46.39it/s]
Processing frames:  91%|█████████ | 1442/1593 [00:28<00:03, 46.73it/s]
Processing frames:  91%|█████████ | 1449/1593 [00:28<00:02, 48.88it/s]
Processing frames:  91%|█████████▏| 1457/1593 [00:29<00:02, 54.40it/s]
Processing frames:  92%|█████████▏| 1465/1593 [00:29<00:02, 56.14it/s]
Processing frames:  92%|█████████▏| 1473/1593 [00:29<00:02, 51.77it/s]
Processing frames:  93%|█████████▎| 1481/1593 [00:29<00:02, 54.66it/s]
Processing frames:  93%|█████████▎| 1489/1593 [00:29<00:01, 56.34it/s]
Processing frames:  94%|█████████▍| 1497/1593 [00:29<00:01, 59.34it/s]
Processing frames:  94%|█████████▍| 1505/1593 [00:29<00:01, 59.43it/s]
Processing frames:  95%|█████████▍| 1513/1593 [00:29<00:01, 58.28it/s]
Processing frames:  95%|█████████▌| 1521/1593 [00:30<00:01, 57.93it/s]
Processing frames:  96%|█████████▌| 1529/1593 [00:30<00:01, 59.00it/s]
Processing frames:  96%|█████████▋| 1537/1593 [00:30<00:00, 60.29it/s]
Processing frames:  97%|█████████▋| 1545/1593 [00:30<00:00, 64.55it/s]
Processing frames:  98%|█████████▊| 1557/1593 [00:30<00:00, 70.13it/s]
Processing frames:  98%|█████████▊| 1569/1593 [00:30<00:00, 74.87it/s]
Processing frames:  99%|█████████▉| 1577/1593 [00:30<00:00, 74.61it/s]
Processing frames:  99%|█████████▉| 1585/1593 [00:31<00:00, 74.01it/s]
Processing frames: 100%|██████████| 1593/1593 [00:31<00:00, 51.22it/s]
[INFO] Trajectory saved to /home/pulver/projects/Outdoor_SLPF/results/iros_rh1_robustness/20260225_151229_run1_robustness_gpu/option_a_detection_drop/drop_20pct/seed_22/trajectory_0.5.tum
[INFO] Trajectory saved to /home/pulver/projects/Outdoor_SLPF/results/iros_rh1_robustness/20260225_151229_run1_robustness_gpu/option_a_detection_drop/drop_20pct/seed_22/gps_pose.tum
[INFO] Finished processing all frames from the CSV file.

[exit_code=0 duration_sec=35.81]
