$ /home/pulver/projects/Outdoor_SLPF/.venv/bin/python /home/pulver/projects/Outdoor_SLPF/scripts/spf_lidar.py --seed 13 --output-folder /home/pulver/projects/Outdoor_SLPF/results/runtime_profile/20260225_142949_runtime_gpu/trial_03_seed_13 --data-path /home/pulver/projects/Outdoor_SLPF/data/2025/rh_run1 --geojson-path /home/pulver/projects/Outdoor_SLPF/data/riseholme_poles_trunk.geojson --frame-stride 4 --max-frames 220 --particle-count 100 --segment-chunk 4096 --miss-penalty 4.0 --wrong-hit-penalty 4.0 --gps-weight 0.5 --no-visualization --profile-runtime --profile-warmup-frames 20 --require-cuda

/home/pulver/projects/Outdoor_SLPF/.venv/lib/python3.10/site-packages/matplotlib/projections/__init__.py:63: UserWarning: Unable to import Axes3D. This may be due to multiple versions of Matplotlib being installed (e.g. as a system package and as a pip package). As a result, the 3D projection is not available.
  warnings.warn("Unable to import Axes3D. This may be due to multiple versions of "
Using device: cuda
[INFO] Running with Miss Penalty: 4.0, Wrong Hit Penalty: 4.0, GPS Weight: 0.5, Seed: 13, Output: /home/pulver/projects/Outdoor_SLPF/results/runtime_profile/20260225_142949_runtime_gpu/trial_03_seed_13, DataPath: /home/pulver/projects/Outdoor_SLPF/data/2025/rh_run1, CSV: /home/pulver/projects/Outdoor_SLPF/data/2025/rh_run1/data.csv, Stride: 4, MaxFrames: 220, Visualize: False, Model: wall, DisableGPS: False, DisableSemantic: False, DisableCorridor: False, DisableBackground: False, StaticGPSWeight: False, DisablePoseSmooth: False, SemanticClasses: both, SegmentChunk: 4096, ProfileRuntime: True, ProfileWarmup: 20

Processing frames:   0%|          | 0/1593 [00:00<?, ?it/s]
Processing frames:   0%|          | 1/1593 [00:01<28:44,  1.08s/it]
Processing frames:   1%|          | 9/1593 [00:01<02:44,  9.62it/s]
Processing frames:   1%|          | 17/1593 [00:01<01:27, 18.08it/s]
Processing frames:   2%|▏         | 25/1593 [00:01<01:00, 26.07it/s]
Processing frames:   2%|▏         | 33/1593 [00:01<00:46, 33.54it/s]
Processing frames:   3%|▎         | 41/1593 [00:01<00:40, 38.72it/s]
Processing frames:   3%|▎         | 49/1593 [00:01<00:35, 43.41it/s]
Processing frames:   4%|▎         | 57/1593 [00:02<00:32, 46.94it/s]
Processing frames:   4%|▍         | 65/1593 [00:02<00:30, 49.48it/s]
Processing frames:   5%|▍         | 73/1593 [00:02<00:30, 50.64it/s]
Processing frames:   5%|▌         | 81/1593 [00:02<00:29, 52.08it/s]
Processing frames:   6%|▌         | 89/1593 [00:02<00:28, 52.73it/s]
Processing frames:   6%|▌         | 97/1593 [00:02<00:28, 51.76it/s]
Processing frames:   7%|▋         | 105/1593 [00:02<00:29, 50.89it/s]
Processing frames:   7%|▋         | 113/1593 [00:03<00:29, 50.58it/s]
Processing frames:   8%|▊         | 121/1593 [00:03<00:28, 51.26it/s]
Processing frames:   8%|▊         | 129/1593 [00:03<00:28, 52.06it/s]
Processing frames:   9%|▊         | 137/1593 [00:03<00:28, 50.26it/s]
Processing frames:   9%|▉         | 145/1593 [00:03<00:29, 49.82it/s]
Processing frames:  10%|▉         | 153/1593 [00:03<00:29, 49.07it/s]
Processing frames:  10%|█         | 161/1593 [00:04<00:28, 50.24it/s]
Processing frames:  11%|█         | 169/1593 [00:04<00:26, 53.10it/s]
Processing frames:  11%|█         | 177/1593 [00:04<00:25, 54.56it/s]
Processing frames:  12%|█▏        | 185/1593 [00:04<00:25, 55.83it/s]
Processing frames:  12%|█▏        | 193/1593 [00:04<00:24, 57.23it/s]
Processing frames:  13%|█▎        | 201/1593 [00:04<00:22, 60.96it/s]
Processing frames:  13%|█▎        | 209/1593 [00:04<00:22, 62.55it/s]
Processing frames:  14%|█▎        | 217/1593 [00:04<00:21, 64.56it/s]
Processing frames:  14%|█▍        | 225/1593 [00:05<00:20, 67.37it/s]
Processing frames:  15%|█▍        | 233/1593 [00:05<00:19, 68.59it/s]
Processing frames:  15%|█▌        | 241/1593 [00:05<00:19, 71.00it/s]
Processing frames:  16%|█▌        | 249/1593 [00:05<00:19, 69.89it/s]
Processing frames:  16%|█▌        | 257/1593 [00:05<00:18, 70.64it/s]
Processing frames:  17%|█▋        | 265/1593 [00:05<00:21, 60.74it/s]
Processing frames:  17%|█▋        | 272/1593 [00:05<00:21, 62.03it/s]
Processing frames:  18%|█▊        | 279/1593 [00:06<00:25, 50.61it/s]
Processing frames:  18%|█▊        | 285/1593 [00:06<00:29, 44.51it/s]
Processing frames:  18%|█▊        | 293/1593 [00:06<00:28, 45.26it/s]
Processing frames:  19%|█▉        | 301/1593 [00:06<00:27, 47.78it/s]
Processing frames:  19%|█▉        | 309/1593 [00:06<00:25, 49.80it/s]
Processing frames:  20%|█▉        | 317/1593 [00:06<00:26, 48.04it/s]
Processing frames:  20%|██        | 325/1593 [00:07<00:27, 46.04it/s]
Processing frames:  21%|██        | 333/1593 [00:07<00:26, 47.68it/s]
Processing frames:  21%|██▏       | 341/1593 [00:07<00:25, 49.54it/s]
Processing frames:  22%|██▏       | 349/1593 [00:07<00:24, 50.39it/s]
Processing frames:  22%|██▏       | 357/1593 [00:07<00:23, 52.23it/s]
Processing frames:  23%|██▎       | 365/1593 [00:07<00:21, 56.41it/s]
Processing frames:  23%|██▎       | 373/1593 [00:07<00:20, 60.79it/s]
Processing frames:  24%|██▍       | 381/1593 [00:07<00:19, 63.72it/s]
Processing frames:  25%|██▍       | 393/1593 [00:08<00:17, 69.64it/s]
Processing frames:  25%|██▌       | 405/1593 [00:08<00:17, 68.22it/s]
Processing frames:  26%|██▌       | 413/1593 [00:08<00:19, 61.63it/s]
Processing frames:  26%|██▋       | 420/1593 [00:08<00:18, 63.40it/s]
Processing frames:  27%|██▋       | 427/1593 [00:08<00:21, 55.04it/s]
Processing frames:  27%|██▋       | 433/1593 [00:08<00:24, 47.68it/s]
Processing frames:  28%|██▊       | 441/1593 [00:09<00:24, 47.44it/s]
Processing frames:  28%|██▊       | 449/1593 [00:09<00:23, 47.86it/s]
Processing frames:  29%|██▊       | 457/1593 [00:09<00:23, 47.80it/s]
Processing frames:  29%|██▉       | 465/1593 [00:09<00:23, 47.36it/s]
Processing frames:  30%|██▉       | 470/1593 [00:09<00:24, 45.75it/s]
Processing frames:  30%|██▉       | 475/1593 [00:09<00:24, 45.87it/s]
Processing frames:  30%|███       | 481/1593 [00:09<00:24, 45.23it/s]
Processing frames:  31%|███       | 489/1593 [00:10<00:24, 45.92it/s]
Processing frames:  31%|███       | 497/1593 [00:10<00:22, 48.20it/s]
Processing frames:  32%|███▏      | 505/1593 [00:10<00:22, 49.16it/s]
Processing frames:  32%|███▏      | 513/1593 [00:10<00:20, 52.40it/s]
Processing frames:  33%|███▎      | 521/1593 [00:10<00:19, 54.70it/s]
Processing frames:  33%|███▎      | 529/1593 [00:10<00:19, 54.77it/s]
Processing frames:  34%|███▎      | 537/1593 [00:10<00:17, 60.11it/s]
Processing frames:  34%|███▍      | 545/1593 [00:11<00:16, 62.56it/s]
Processing frames:  35%|███▍      | 553/1593 [00:11<00:16, 61.65it/s]
Processing frames:  35%|███▌      | 561/1593 [00:11<00:18, 55.08it/s]
Processing frames:  36%|███▌      | 567/1593 [00:11<00:18, 56.18it/s]
Processing frames:  36%|███▌      | 573/1593 [00:11<00:21, 46.66it/s]
Processing frames:  36%|███▋      | 578/1593 [00:11<00:22, 45.99it/s]
Processing frames:  37%|███▋      | 585/1593 [00:11<00:23, 43.59it/s]
Processing frames:  37%|███▋      | 593/1593 [00:12<00:23, 42.23it/s]
Processing frames:  38%|███▊      | 601/1593 [00:12<00:22, 43.37it/s]
Processing frames:  38%|███▊      | 609/1593 [00:12<00:22, 43.93it/s]
Processing frames:  39%|███▊      | 617/1593 [00:12<00:23, 42.43it/s]
Processing frames:  39%|███▉      | 625/1593 [00:12<00:21, 44.24it/s]
Processing frames:  40%|███▉      | 633/1593 [00:13<00:20, 46.46it/s]
Processing frames:  40%|████      | 641/1593 [00:13<00:19, 49.14it/s]
Processing frames:  41%|████      | 649/1593 [00:13<00:18, 50.16it/s]
Processing frames:  41%|████      | 657/1593 [00:13<00:18, 51.10it/s]
Processing frames:  42%|████▏     | 665/1593 [00:13<00:16, 56.12it/s]
Processing frames:  42%|████▏     | 673/1593 [00:13<00:15, 60.81it/s]
Processing frames:  43%|████▎     | 681/1593 [00:13<00:14, 61.84it/s]
Processing frames:  43%|████▎     | 689/1593 [00:13<00:15, 57.82it/s]
Processing frames:  44%|████▍     | 697/1593 [00:14<00:15, 58.16it/s]
Processing frames:  44%|████▍     | 705/1593 [00:14<00:16, 52.97it/s]
Processing frames:  45%|████▍     | 711/1593 [00:14<00:16, 54.26it/s]
Processing frames:  45%|████▌     | 717/1593 [00:14<00:18, 46.36it/s]
Processing frames:  46%|████▌     | 725/1593 [00:14<00:18, 46.69it/s]
Processing frames:  46%|████▌     | 733/1593 [00:14<00:18, 47.09it/s]
Processing frames:  47%|████▋     | 741/1593 [00:15<00:17, 47.58it/s]
Processing frames:  47%|████▋     | 749/1593 [00:15<00:17, 49.45it/s]
Processing frames:  48%|████▊     | 757/1593 [00:15<00:16, 51.33it/s]
Processing frames:  48%|████▊     | 765/1593 [00:15<00:15, 54.20it/s]
Processing frames:  49%|████▊     | 773/1593 [00:15<00:13, 59.28it/s]
Processing frames:  49%|████▉     | 781/1593 [00:15<00:12, 62.79it/s]
Processing frames:  50%|████▉     | 793/1593 [00:15<00:11, 69.37it/s]
Processing frames:  50%|█████     | 801/1593 [00:15<00:11, 69.13it/s]
Processing frames:  51%|█████     | 809/1593 [00:16<00:13, 57.42it/s]
Processing frames:  51%|█████     | 816/1593 [00:16<00:13, 56.65it/s]
Processing frames:  52%|█████▏    | 822/1593 [00:16<00:17, 43.10it/s]
Processing frames:  52%|█████▏    | 827/1593 [00:16<00:18, 41.90it/s]
Processing frames:  52%|█████▏    | 832/1593 [00:16<00:18, 41.34it/s]
Processing frames:  53%|█████▎    | 837/1593 [00:17<00:23, 32.72it/s]
Processing frames:  53%|█████▎    | 841/1593 [00:17<00:23, 32.61it/s]
Processing frames:  53%|█████▎    | 845/1593 [00:17<00:22, 33.13it/s]
Processing frames:  53%|█████▎    | 849/1593 [00:17<00:21, 33.90it/s]
Processing frames:  54%|█████▎    | 853/1593 [00:17<00:21, 34.40it/s]
Processing frames:  54%|█████▍    | 857/1593 [00:17<00:21, 34.87it/s]
Processing frames:  54%|█████▍    | 861/1593 [00:17<00:20, 34.89it/s]
Processing frames:  54%|█████▍    | 865/1593 [00:17<00:20, 34.89it/s]
Processing frames:  55%|█████▍    | 869/1593 [00:17<00:21, 34.09it/s]
Processing frames:  55%|█████▍    | 873/1593 [00:18<00:20, 35.56it/s]
Processing frames:  55%|█████▌    | 880/1593 [00:18<00:14, 48.50it/s]
[INFO] Trajectory saved to /home/pulver/projects/Outdoor_SLPF/results/runtime_profile/20260225_142949_runtime_gpu/trial_03_seed_13/trajectory_0.5.tum
[INFO] Trajectory saved to /home/pulver/projects/Outdoor_SLPF/results/runtime_profile/20260225_142949_runtime_gpu/trial_03_seed_13/gps_pose.tum
[RUNTIME] Profiled 200 frames (warmup=20). Pipeline=12.80 Hz (stride-adjusted 51.21 Hz).
[RUNTIME] Wrote /home/pulver/projects/Outdoor_SLPF/results/runtime_profile/20260225_142949_runtime_gpu/trial_03_seed_13/runtime_profile_frames.csv
[RUNTIME] Wrote /home/pulver/projects/Outdoor_SLPF/results/runtime_profile/20260225_142949_runtime_gpu/trial_03_seed_13/runtime_profile_summary.json
[INFO] Finished processing all frames from the CSV file.

[exit_code=0 duration_sec=23.175]
