$ /home/pulver/projects/Outdoor_SLPF/.venv/bin/python /home/pulver/projects/Outdoor_SLPF/scripts/spf_lidar.py --miss-penalty 4.0 --wrong-hit-penalty 4.0 --gps-weight 0.5 --seed 22 --output-folder /home/pulver/projects/Outdoor_SLPF/results/iros_ablation/20260217_085404_ablation/no_corridor/seed_22 --frame-stride 4 --semantic-sigma 0.05 --gps-sigma 1.1 --corridor-weight 0.3 --corridor-dist-sigma 1.5 --corridor-heading-sigma 0.35 --background-class-weight 0.2 --max-background-obs 120 --expected-obs-count 150.0 --pose-smooth-alpha-pos 0.55 --pose-smooth-alpha-theta 0.5 --odom-yaw-filter-alpha 0.9 --particle-count 100 --point-ang-sigma 0.08 --point-range-sigma 0.35 --point-ang-gate 0.2 --point-max-range-diff 1.5 --no-visualization --require-cuda --disable-corridor

/home/pulver/projects/Outdoor_SLPF/.venv/lib/python3.10/site-packages/matplotlib/projections/__init__.py:63: UserWarning: Unable to import Axes3D. This may be due to multiple versions of Matplotlib being installed (e.g. as a system package and as a pip package). As a result, the 3D projection is not available.
  warnings.warn("Unable to import Axes3D. This may be due to multiple versions of "
Using device: cuda
[INFO] Running with Miss Penalty: 4.0, Wrong Hit Penalty: 4.0, GPS Weight: 0.5, Seed: 22, Output: /home/pulver/projects/Outdoor_SLPF/results/iros_ablation/20260217_085404_ablation/no_corridor/seed_22, Stride: 4, MaxFrames: None, Visualize: False, Model: wall, DisableGPS: False, DisableSemantic: False, DisableCorridor: True, DisableBackground: False, StaticGPSWeight: False, DisablePoseSmooth: False

Processing frames:   0%|          | 0/1593 [00:00<?, ?it/s]
Processing frames:   0%|          | 1/1593 [00:00<22:46,  1.17it/s]
Processing frames:   1%|          | 9/1593 [00:00<02:13, 11.86it/s]
Processing frames:   1%|          | 17/1593 [00:01<01:12, 21.64it/s]
Processing frames:   2%|▏         | 25/1593 [00:01<00:51, 30.41it/s]
Processing frames:   2%|▏         | 33/1593 [00:01<00:40, 38.15it/s]
Processing frames:   3%|▎         | 41/1593 [00:01<00:35, 43.45it/s]
Processing frames:   3%|▎         | 49/1593 [00:01<00:31, 48.51it/s]
Processing frames:   4%|▎         | 57/1593 [00:01<00:29, 51.88it/s]
Processing frames:   4%|▍         | 65/1593 [00:01<00:28, 53.91it/s]
Processing frames:   5%|▍         | 73/1593 [00:02<00:28, 53.77it/s]
Processing frames:   5%|▌         | 81/1593 [00:02<00:27, 54.74it/s]
Processing frames:   6%|▌         | 89/1593 [00:02<00:27, 54.87it/s]
Processing frames:   6%|▌         | 97/1593 [00:02<00:27, 53.45it/s]
Processing frames:   7%|▋         | 105/1593 [00:02<00:28, 52.56it/s]
Processing frames:   7%|▋         | 113/1593 [00:02<00:28, 52.34it/s]
Processing frames:   8%|▊         | 121/1593 [00:02<00:27, 53.31it/s]
Processing frames:   8%|▊         | 129/1593 [00:03<00:27, 54.20it/s]
Processing frames:   9%|▊         | 137/1593 [00:03<00:28, 51.92it/s]
Processing frames:   9%|▉         | 145/1593 [00:03<00:27, 52.01it/s]
Processing frames:  10%|▉         | 153/1593 [00:03<00:28, 51.24it/s]
Processing frames:  10%|█         | 161/1593 [00:03<00:27, 52.55it/s]
Processing frames:  11%|█         | 169/1593 [00:03<00:25, 54.89it/s]
Processing frames:  11%|█         | 177/1593 [00:04<00:25, 55.74it/s]
Processing frames:  12%|█▏        | 185/1593 [00:04<00:24, 56.98it/s]
Processing frames:  12%|█▏        | 193/1593 [00:04<00:24, 58.30it/s]
Processing frames:  13%|█▎        | 201/1593 [00:04<00:22, 61.79it/s]
Processing frames:  13%|█▎        | 209/1593 [00:04<00:22, 62.49it/s]
Processing frames:  14%|█▎        | 217/1593 [00:04<00:21, 63.75it/s]
Processing frames:  14%|█▍        | 225/1593 [00:04<00:20, 66.26it/s]
Processing frames:  15%|█▍        | 233/1593 [00:04<00:20, 67.44it/s]
Processing frames:  15%|█▌        | 241/1593 [00:04<00:19, 70.49it/s]
Processing frames:  16%|█▌        | 249/1593 [00:05<00:19, 70.13it/s]
Processing frames:  16%|█▌        | 257/1593 [00:05<00:18, 71.93it/s]
Processing frames:  17%|█▋        | 265/1593 [00:05<00:20, 63.29it/s]
Processing frames:  17%|█▋        | 273/1593 [00:05<00:23, 55.85it/s]
Processing frames:  18%|█▊        | 281/1593 [00:05<00:25, 52.21it/s]
Processing frames:  18%|█▊        | 289/1593 [00:05<00:25, 51.89it/s]
Processing frames:  19%|█▊        | 297/1593 [00:05<00:24, 52.58it/s]
Processing frames:  19%|█▉        | 305/1593 [00:06<00:22, 56.35it/s]
Processing frames:  20%|█▉        | 313/1593 [00:06<00:23, 55.20it/s]
Processing frames:  20%|██        | 321/1593 [00:06<00:24, 52.14it/s]
Processing frames:  21%|██        | 329/1593 [00:06<00:24, 50.70it/s]
Processing frames:  21%|██        | 337/1593 [00:06<00:23, 53.37it/s]
Processing frames:  22%|██▏       | 345/1593 [00:06<00:22, 54.68it/s]
Processing frames:  22%|██▏       | 353/1593 [00:07<00:22, 55.96it/s]
Processing frames:  23%|██▎       | 361/1593 [00:07<00:20, 58.68it/s]
Processing frames:  23%|██▎       | 373/1593 [00:07<00:18, 66.43it/s]
Processing frames:  24%|██▍       | 381/1593 [00:07<00:17, 68.79it/s]
Processing frames:  25%|██▍       | 393/1593 [00:07<00:16, 74.06it/s]
Processing frames:  25%|██▌       | 405/1593 [00:07<00:16, 72.83it/s]
Processing frames:  26%|██▌       | 413/1593 [00:07<00:17, 66.27it/s]
Processing frames:  26%|██▋       | 421/1593 [00:08<00:19, 61.18it/s]
Processing frames:  27%|██▋       | 429/1593 [00:08<00:20, 56.85it/s]
Processing frames:  27%|██▋       | 437/1593 [00:08<00:20, 55.28it/s]
Processing frames:  28%|██▊       | 445/1593 [00:08<00:21, 52.90it/s]
Processing frames:  28%|██▊       | 453/1593 [00:08<00:21, 53.95it/s]
Processing frames:  29%|██▉       | 461/1593 [00:08<00:20, 54.01it/s]
Processing frames:  29%|██▉       | 469/1593 [00:08<00:22, 50.19it/s]
Processing frames:  30%|██▉       | 477/1593 [00:09<00:22, 50.20it/s]
Processing frames:  30%|███       | 485/1593 [00:09<00:21, 51.62it/s]
Processing frames:  31%|███       | 493/1593 [00:09<00:21, 50.22it/s]
Processing frames:  31%|███▏      | 501/1593 [00:09<00:21, 51.65it/s]
Processing frames:  32%|███▏      | 509/1593 [00:09<00:20, 53.78it/s]
Processing frames:  32%|███▏      | 517/1593 [00:09<00:19, 55.62it/s]
Processing frames:  33%|███▎      | 525/1593 [00:09<00:18, 56.67it/s]
Processing frames:  33%|███▎      | 533/1593 [00:10<00:18, 58.37it/s]
Processing frames:  34%|███▍      | 545/1593 [00:10<00:16, 63.89it/s]
Processing frames:  35%|███▍      | 553/1593 [00:10<00:16, 63.80it/s]
Processing frames:  35%|███▌      | 561/1593 [00:10<00:17, 58.10it/s]
Processing frames:  36%|███▌      | 569/1593 [00:10<00:19, 53.20it/s]
Processing frames:  36%|███▌      | 577/1593 [00:10<00:20, 48.50it/s]
Processing frames:  37%|███▋      | 585/1593 [00:11<00:20, 48.08it/s]
Processing frames:  37%|███▋      | 593/1593 [00:11<00:21, 47.01it/s]
Processing frames:  38%|███▊      | 601/1593 [00:11<00:20, 48.58it/s]
Processing frames:  38%|███▊      | 609/1593 [00:11<00:19, 49.51it/s]
Processing frames:  39%|███▊      | 617/1593 [00:11<00:20, 48.30it/s]
Processing frames:  39%|███▉      | 625/1593 [00:11<00:19, 49.84it/s]
Processing frames:  40%|███▉      | 633/1593 [00:12<00:18, 51.40it/s]
Processing frames:  40%|████      | 641/1593 [00:12<00:17, 54.68it/s]
Processing frames:  41%|████      | 649/1593 [00:12<00:16, 56.59it/s]
Processing frames:  41%|████      | 657/1593 [00:12<00:15, 59.13it/s]
Processing frames:  42%|████▏     | 669/1593 [00:12<00:13, 66.47it/s]
Processing frames:  43%|████▎     | 681/1593 [00:12<00:13, 68.87it/s]
Processing frames:  43%|████▎     | 689/1593 [00:12<00:13, 65.13it/s]
Processing frames:  44%|████▍     | 697/1593 [00:13<00:13, 64.47it/s]
Processing frames:  44%|████▍     | 705/1593 [00:13<00:15, 58.48it/s]
Processing frames:  45%|████▍     | 713/1593 [00:13<00:16, 54.82it/s]
Processing frames:  45%|████▌     | 721/1593 [00:13<00:16, 52.57it/s]
Processing frames:  46%|████▌     | 729/1593 [00:13<00:16, 51.87it/s]
Processing frames:  46%|████▋     | 737/1593 [00:13<00:16, 52.49it/s]
Processing frames:  47%|████▋     | 745/1593 [00:13<00:15, 53.76it/s]
Processing frames:  47%|████▋     | 753/1593 [00:14<00:14, 56.31it/s]
Processing frames:  48%|████▊     | 761/1593 [00:14<00:14, 59.31it/s]
Processing frames:  49%|████▊     | 773/1593 [00:14<00:12, 65.70it/s]
Processing frames:  49%|████▉     | 781/1593 [00:14<00:11, 68.49it/s]
Processing frames:  50%|████▉     | 793/1593 [00:14<00:10, 74.17it/s]
Processing frames:  50%|█████     | 801/1593 [00:14<00:10, 73.20it/s]
Processing frames:  51%|█████     | 809/1593 [00:14<00:13, 60.05it/s]
Processing frames:  51%|█████     | 816/1593 [00:15<00:13, 58.94it/s]
Processing frames:  52%|█████▏    | 823/1593 [00:15<00:16, 46.52it/s]
Processing frames:  52%|█████▏    | 829/1593 [00:15<00:20, 37.59it/s]
Processing frames:  52%|█████▏    | 834/1593 [00:15<00:20, 37.91it/s]
Processing frames:  53%|█████▎    | 839/1593 [00:15<00:19, 39.13it/s]
Processing frames:  53%|█████▎    | 844/1593 [00:15<00:19, 39.30it/s]
Processing frames:  53%|█████▎    | 849/1593 [00:16<00:22, 32.50it/s]
Processing frames:  54%|█████▎    | 853/1593 [00:16<00:22, 33.40it/s]
Processing frames:  54%|█████▍    | 857/1593 [00:16<00:21, 34.12it/s]
Processing frames:  54%|█████▍    | 861/1593 [00:16<00:21, 34.02it/s]
Processing frames:  54%|█████▍    | 865/1593 [00:16<00:21, 34.18it/s]
Processing frames:  55%|█████▍    | 869/1593 [00:16<00:21, 34.01it/s]
Processing frames:  55%|█████▌    | 877/1593 [00:16<00:18, 38.52it/s]
Processing frames:  56%|█████▌    | 885/1593 [00:17<00:16, 44.02it/s]
Processing frames:  56%|█████▌    | 893/1593 [00:17<00:15, 46.19it/s]
Processing frames:  57%|█████▋    | 901/1593 [00:17<00:13, 50.87it/s]
Processing frames:  57%|█████▋    | 909/1593 [00:17<00:12, 56.65it/s]
Processing frames:  58%|█████▊    | 921/1593 [00:17<00:10, 65.39it/s]
Processing frames:  59%|█████▊    | 933/1593 [00:17<00:09, 71.06it/s]
Processing frames:  59%|█████▉    | 941/1593 [00:17<00:09, 68.42it/s]
Processing frames:  60%|█████▉    | 949/1593 [00:17<00:09, 65.82it/s]
Processing frames:  60%|██████    | 957/1593 [00:18<00:11, 57.61it/s]
Processing frames:  60%|██████    | 963/1593 [00:18<00:11, 56.98it/s]
Processing frames:  61%|██████    | 969/1593 [00:18<00:13, 47.03it/s]
Processing frames:  61%|██████    | 974/1593 [00:18<00:13, 46.93it/s]
Processing frames:  61%|██████▏   | 979/1593 [00:18<00:13, 47.06it/s]
Processing frames:  62%|██████▏   | 985/1593 [00:18<00:15, 39.81it/s]
Processing frames:  62%|██████▏   | 990/1593 [00:18<00:14, 41.81it/s]
Processing frames:  62%|██████▏   | 995/1593 [00:19<00:14, 41.43it/s]
Processing frames:  63%|██████▎   | 1000/1593 [00:19<00:14, 42.12it/s]
Processing frames:  63%|██████▎   | 1005/1593 [00:19<00:17, 33.34it/s]
Processing frames:  63%|██████▎   | 1009/1593 [00:19<00:17, 33.18it/s]
Processing frames:  64%|██████▍   | 1017/1593 [00:19<00:15, 36.61it/s]
Processing frames:  64%|██████▍   | 1025/1593 [00:19<00:14, 40.16it/s]
Processing frames:  65%|██████▍   | 1033/1593 [00:20<00:12, 43.12it/s]
Processing frames:  65%|██████▌   | 1041/1593 [00:20<00:12, 44.93it/s]
Processing frames:  66%|██████▌   | 1049/1593 [00:20<00:11, 49.02it/s]
Processing frames:  67%|██████▋   | 1061/1593 [00:20<00:08, 60.08it/s]
Processing frames:  67%|██████▋   | 1069/1593 [00:20<00:08, 64.49it/s]
Processing frames:  68%|██████▊   | 1077/1593 [00:20<00:07, 66.70it/s]
Processing frames:  68%|██████▊   | 1085/1593 [00:20<00:07, 64.14it/s]
Processing frames:  69%|██████▊   | 1092/1593 [00:20<00:08, 61.81it/s]
Processing frames:  69%|██████▉   | 1099/1593 [00:21<00:11, 44.20it/s]
Processing frames:  69%|██████▉   | 1105/1593 [00:21<00:13, 36.04it/s]
Processing frames:  70%|██████▉   | 1110/1593 [00:21<00:13, 36.76it/s]
Processing frames:  70%|██████▉   | 1115/1593 [00:21<00:12, 38.31it/s]
Processing frames:  70%|███████   | 1120/1593 [00:21<00:12, 38.23it/s]
Processing frames:  71%|███████   | 1125/1593 [00:22<00:15, 30.82it/s]
Processing frames:  71%|███████   | 1129/1593 [00:22<00:14, 31.14it/s]
Processing frames:  71%|███████   | 1133/1593 [00:22<00:14, 31.95it/s]
Processing frames:  71%|███████▏  | 1137/1593 [00:22<00:14, 32.22it/s]
Processing frames:  72%|███████▏  | 1141/1593 [00:22<00:13, 32.71it/s]
Processing frames:  72%|███████▏  | 1145/1593 [00:22<00:13, 32.40it/s]
Processing frames:  72%|███████▏  | 1149/1593 [00:22<00:13, 31.83it/s]
Processing frames:  72%|███████▏  | 1153/1593 [00:22<00:13, 31.96it/s]
Processing frames:  73%|███████▎  | 1157/1593 [00:23<00:13, 32.71it/s]
Processing frames:  73%|███████▎  | 1161/1593 [00:23<00:12, 34.54it/s]
Processing frames:  73%|███████▎  | 1169/1593 [00:23<00:10, 40.14it/s]
Processing frames:  74%|███████▍  | 1177/1593 [00:23<00:09, 44.14it/s]
Processing frames:  74%|███████▍  | 1185/1593 [00:23<00:08, 50.23it/s]
Processing frames:  75%|███████▌  | 1197/1593 [00:23<00:06, 60.79it/s]
Processing frames:  76%|███████▌  | 1205/1593 [00:23<00:05, 65.01it/s]
Processing frames:  76%|███████▌  | 1213/1593 [00:23<00:05, 68.52it/s]
Processing frames:  77%|███████▋  | 1221/1593 [00:24<00:05, 70.58it/s]
Processing frames:  77%|███████▋  | 1229/1593 [00:24<00:05, 68.56it/s]
Processing frames:  78%|███████▊  | 1237/1593 [00:24<00:06, 58.14it/s]
Processing frames:  78%|███████▊  | 1244/1593 [00:24<00:05, 59.25it/s]
Processing frames:  79%|███████▊  | 1251/1593 [00:24<00:07, 47.54it/s]
Processing frames:  79%|███████▉  | 1257/1593 [00:24<00:08, 40.45it/s]
Processing frames:  79%|███████▉  | 1265/1593 [00:25<00:08, 39.94it/s]
Processing frames:  80%|███████▉  | 1273/1593 [00:25<00:07, 42.81it/s]
Processing frames:  80%|████████  | 1281/1593 [00:25<00:06, 45.03it/s]
Processing frames:  81%|████████  | 1289/1593 [00:25<00:06, 46.84it/s]
Processing frames:  81%|████████▏ | 1297/1593 [00:25<00:06, 48.57it/s]
Processing frames:  82%|████████▏ | 1305/1593 [00:25<00:05, 52.80it/s]
Processing frames:  83%|████████▎ | 1317/1593 [00:26<00:04, 60.56it/s]
Processing frames:  83%|████████▎ | 1325/1593 [00:26<00:04, 63.33it/s]
Processing frames:  84%|████████▎ | 1334/1593 [00:26<00:03, 69.62it/s]
Processing frames:  84%|████████▍ | 1342/1593 [00:26<00:03, 70.68it/s]
Processing frames:  85%|████████▍ | 1350/1593 [00:26<00:04, 53.53it/s]
Processing frames:  85%|████████▌ | 1357/1593 [00:26<00:05, 43.08it/s]
Processing frames:  86%|████████▌ | 1363/1593 [00:26<00:05, 45.61it/s]
Processing frames:  86%|████████▌ | 1369/1593 [00:27<00:05, 37.69it/s]
Processing frames:  86%|████████▋ | 1374/1593 [00:27<00:05, 39.85it/s]
Processing frames:  87%|████████▋ | 1379/1593 [00:27<00:05, 41.56it/s]
Processing frames:  87%|████████▋ | 1384/1593 [00:27<00:04, 43.45it/s]
Processing frames:  87%|████████▋ | 1389/1593 [00:27<00:05, 34.13it/s]
Processing frames:  87%|████████▋ | 1393/1593 [00:27<00:05, 34.60it/s]
Processing frames:  88%|████████▊ | 1397/1593 [00:27<00:05, 35.58it/s]
Processing frames:  88%|████████▊ | 1405/1593 [00:28<00:04, 38.02it/s]
Processing frames:  89%|████████▊ | 1413/1593 [00:28<00:04, 43.50it/s]
Processing frames:  89%|████████▉ | 1421/1593 [00:28<00:03, 45.57it/s]
Processing frames:  90%|████████▉ | 1429/1593 [00:28<00:03, 46.62it/s]
Processing frames:  90%|█████████ | 1437/1593 [00:28<00:03, 48.08it/s]
Processing frames:  91%|█████████ | 1445/1593 [00:28<00:02, 49.62it/s]
Processing frames:  91%|█████████ | 1453/1593 [00:29<00:02, 54.94it/s]
Processing frames:  92%|█████████▏| 1461/1593 [00:29<00:02, 60.04it/s]
Processing frames:  92%|█████████▏| 1469/1593 [00:29<00:02, 56.26it/s]
Processing frames:  93%|█████████▎| 1477/1593 [00:29<00:02, 55.87it/s]
Processing frames:  93%|█████████▎| 1485/1593 [00:29<00:01, 56.34it/s]
Processing frames:  94%|█████████▎| 1493/1593 [00:29<00:01, 59.75it/s]
Processing frames:  94%|█████████▍| 1501/1593 [00:29<00:01, 61.84it/s]
Processing frames:  95%|█████████▍| 1509/1593 [00:29<00:01, 60.78it/s]
Processing frames:  95%|█████████▌| 1517/1593 [00:30<00:01, 60.32it/s]
Processing frames:  96%|█████████▌| 1525/1593 [00:30<00:01, 61.37it/s]
Processing frames:  96%|█████████▌| 1533/1593 [00:30<00:00, 62.03it/s]
Processing frames:  97%|█████████▋| 1541/1593 [00:30<00:00, 63.66it/s]
Processing frames:  97%|█████████▋| 1553/1593 [00:30<00:00, 70.88it/s]
Processing frames:  98%|█████████▊| 1565/1593 [00:30<00:00, 75.55it/s]
Processing frames:  99%|█████████▉| 1577/1593 [00:30<00:00, 76.98it/s]
Processing frames:  99%|█████████▉| 1585/1593 [00:31<00:00, 75.75it/s]
Processing frames: 100%|██████████| 1593/1593 [00:31<00:00, 51.21it/s]
[INFO] Trajectory saved to /home/pulver/projects/Outdoor_SLPF/results/iros_ablation/20260217_085404_ablation/no_corridor/seed_22/trajectory_0.5.tum
[INFO] Trajectory saved to /home/pulver/projects/Outdoor_SLPF/results/iros_ablation/20260217_085404_ablation/no_corridor/seed_22/gps_pose.tum
[INFO] Finished processing all frames from the CSV file.

[exit_code=0 duration_sec=35.80]
