$ /home/pulver/projects/Outdoor_SLPF/.venv/bin/python /home/pulver/projects/Outdoor_SLPF/scripts/spf_lidar.py --miss-penalty 4.0 --wrong-hit-penalty 4.0 --gps-weight 0.5 --seed 33 --output-folder /home/pulver/projects/Outdoor_SLPF/results/iros_rh1_robustness/20260225_151229_run1_robustness_gpu/option_a_detection_drop/drop_20pct/seed_33 --frame-stride 4 --semantic-sigma 0.05 --gps-sigma 1.1 --corridor-weight 0.30 --corridor-dist-sigma 1.50 --corridor-heading-sigma 0.35 --background-class-weight 0.20 --max-background-obs 120 --expected-obs-count 150 --pose-smooth-alpha-pos 0.55 --pose-smooth-alpha-theta 0.50 --odom-yaw-filter-alpha 0.90 --particle-count 100 --segment-chunk 4096 --detection-drop-rate 0.200000 --no-visualization --data-path /home/pulver/projects/Outdoor_SLPF/data/2025/rh_run1 --geojson-path /home/pulver/projects/Outdoor_SLPF/data/riseholme_poles_trunk.geojson --require-cuda

/home/pulver/projects/Outdoor_SLPF/.venv/lib/python3.10/site-packages/matplotlib/projections/__init__.py:63: UserWarning: Unable to import Axes3D. This may be due to multiple versions of Matplotlib being installed (e.g. as a system package and as a pip package). As a result, the 3D projection is not available.
  warnings.warn("Unable to import Axes3D. This may be due to multiple versions of "
Using device: cuda
[INFO] Running with Miss Penalty: 4.0, Wrong Hit Penalty: 4.0, GPS Weight: 0.5, Seed: 33, Output: /home/pulver/projects/Outdoor_SLPF/results/iros_rh1_robustness/20260225_151229_run1_robustness_gpu/option_a_detection_drop/drop_20pct/seed_33, DataPath: /home/pulver/projects/Outdoor_SLPF/data/2025/rh_run1, CSV: /home/pulver/projects/Outdoor_SLPF/data/2025/rh_run1/data.csv, Stride: 4, MaxFrames: None, Visualize: False, Model: wall, DisableGPS: False, DisableSemantic: False, DisableCorridor: False, DisableBackground: False, StaticGPSWeight: False, DisablePoseSmooth: False, SemanticClasses: both, DetectionDropRate: 0.2, SegmentChunk: 4096, ProfileRuntime: False, ProfileWarmup: 20

Processing frames:   0%|          | 0/1593 [00:00<?, ?it/s]
Processing frames:   0%|          | 1/1593 [00:00<22:53,  1.16it/s]
Processing frames:   1%|          | 9/1593 [00:00<02:14, 11.74it/s]
Processing frames:   1%|          | 17/1593 [00:01<01:13, 21.54it/s]
Processing frames:   2%|▏         | 25/1593 [00:01<00:51, 30.31it/s]
Processing frames:   2%|▏         | 33/1593 [00:01<00:41, 37.60it/s]
Processing frames:   3%|▎         | 41/1593 [00:01<00:36, 42.96it/s]
Processing frames:   3%|▎         | 49/1593 [00:01<00:32, 48.16it/s]
Processing frames:   4%|▎         | 57/1593 [00:01<00:29, 51.74it/s]
Processing frames:   4%|▍         | 65/1593 [00:01<00:28, 53.93it/s]
Processing frames:   5%|▍         | 73/1593 [00:02<00:28, 54.06it/s]
Processing frames:   5%|▌         | 81/1593 [00:02<00:27, 54.71it/s]
Processing frames:   6%|▌         | 89/1593 [00:02<00:27, 55.07it/s]
Processing frames:   6%|▌         | 97/1593 [00:02<00:27, 53.74it/s]
Processing frames:   7%|▋         | 105/1593 [00:02<00:27, 53.15it/s]
Processing frames:   7%|▋         | 113/1593 [00:02<00:27, 53.77it/s]
Processing frames:   8%|▊         | 121/1593 [00:02<00:26, 54.65it/s]
Processing frames:   8%|▊         | 129/1593 [00:03<00:26, 55.42it/s]
Processing frames:   9%|▊         | 137/1593 [00:03<00:27, 52.67it/s]
Processing frames:   9%|▉         | 145/1593 [00:03<00:27, 52.78it/s]
Processing frames:  10%|▉         | 153/1593 [00:03<00:27, 51.99it/s]
Processing frames:  10%|█         | 161/1593 [00:03<00:26, 53.60it/s]
Processing frames:  11%|█         | 169/1593 [00:03<00:25, 55.58it/s]
Processing frames:  11%|█         | 177/1593 [00:03<00:25, 56.53it/s]
Processing frames:  12%|█▏        | 185/1593 [00:04<00:24, 58.05it/s]
Processing frames:  12%|█▏        | 193/1593 [00:04<00:23, 60.04it/s]
Processing frames:  13%|█▎        | 201/1593 [00:04<00:21, 64.04it/s]
Processing frames:  13%|█▎        | 209/1593 [00:04<00:21, 65.44it/s]
Processing frames:  14%|█▎        | 217/1593 [00:04<00:20, 67.44it/s]
Processing frames:  14%|█▍        | 225/1593 [00:04<00:19, 70.76it/s]
Processing frames:  15%|█▍        | 233/1593 [00:04<00:18, 72.69it/s]
Processing frames:  15%|█▌        | 241/1593 [00:04<00:18, 74.56it/s]
Processing frames:  16%|█▌        | 249/1593 [00:04<00:18, 73.02it/s]
Processing frames:  16%|█▌        | 257/1593 [00:05<00:18, 74.17it/s]
Processing frames:  17%|█▋        | 265/1593 [00:05<00:20, 64.54it/s]
Processing frames:  17%|█▋        | 273/1593 [00:05<00:23, 56.07it/s]
Processing frames:  18%|█▊        | 281/1593 [00:05<00:25, 51.60it/s]
Processing frames:  18%|█▊        | 289/1593 [00:05<00:25, 51.12it/s]
Processing frames:  19%|█▊        | 297/1593 [00:05<00:25, 51.77it/s]
Processing frames:  19%|█▉        | 305/1593 [00:06<00:23, 55.17it/s]
Processing frames:  20%|█▉        | 313/1593 [00:06<00:23, 54.44it/s]
Processing frames:  20%|██        | 321/1593 [00:06<00:24, 51.32it/s]
Processing frames:  21%|██        | 329/1593 [00:06<00:25, 49.95it/s]
Processing frames:  21%|██        | 337/1593 [00:06<00:23, 52.46it/s]
Processing frames:  22%|██▏       | 345/1593 [00:06<00:23, 53.76it/s]
Processing frames:  22%|██▏       | 353/1593 [00:06<00:22, 55.26it/s]
Processing frames:  23%|██▎       | 361/1593 [00:07<00:21, 57.68it/s]
Processing frames:  23%|██▎       | 373/1593 [00:07<00:18, 65.09it/s]
Processing frames:  24%|██▍       | 381/1593 [00:07<00:17, 67.99it/s]
Processing frames:  25%|██▍       | 393/1593 [00:07<00:16, 73.13it/s]
Processing frames:  25%|██▌       | 405/1593 [00:07<00:16, 72.38it/s]
Processing frames:  26%|██▌       | 413/1593 [00:07<00:17, 66.02it/s]
Processing frames:  26%|██▋       | 421/1593 [00:07<00:19, 60.91it/s]
Processing frames:  27%|██▋       | 429/1593 [00:08<00:20, 56.71it/s]
Processing frames:  27%|██▋       | 437/1593 [00:08<00:20, 56.02it/s]
Processing frames:  28%|██▊       | 445/1593 [00:08<00:21, 53.70it/s]
Processing frames:  28%|██▊       | 453/1593 [00:08<00:20, 54.66it/s]
Processing frames:  29%|██▉       | 461/1593 [00:08<00:20, 55.07it/s]
Processing frames:  29%|██▉       | 469/1593 [00:08<00:21, 51.74it/s]
Processing frames:  30%|██▉       | 477/1593 [00:09<00:21, 52.22it/s]
Processing frames:  30%|███       | 485/1593 [00:09<00:20, 54.29it/s]
Processing frames:  31%|███       | 493/1593 [00:09<00:20, 53.53it/s]
Processing frames:  31%|███▏      | 501/1593 [00:09<00:19, 55.48it/s]
Processing frames:  32%|███▏      | 509/1593 [00:09<00:18, 57.99it/s]
Processing frames:  32%|███▏      | 517/1593 [00:09<00:17, 60.21it/s]
Processing frames:  33%|███▎      | 525/1593 [00:09<00:17, 60.42it/s]
Processing frames:  33%|███▎      | 533/1593 [00:09<00:17, 61.75it/s]
Processing frames:  34%|███▍      | 545/1593 [00:10<00:15, 67.71it/s]
Processing frames:  35%|███▍      | 553/1593 [00:10<00:15, 66.82it/s]
Processing frames:  35%|███▌      | 561/1593 [00:10<00:17, 59.47it/s]
Processing frames:  36%|███▌      | 569/1593 [00:10<00:18, 53.92it/s]
Processing frames:  36%|███▌      | 577/1593 [00:10<00:20, 49.51it/s]
Processing frames:  37%|███▋      | 585/1593 [00:10<00:20, 48.88it/s]
Processing frames:  37%|███▋      | 593/1593 [00:11<00:21, 47.24it/s]
Processing frames:  38%|███▊      | 601/1593 [00:11<00:20, 48.56it/s]
Processing frames:  38%|███▊      | 609/1593 [00:11<00:19, 49.66it/s]
Processing frames:  39%|███▊      | 617/1593 [00:11<00:20, 47.97it/s]
Processing frames:  39%|███▉      | 625/1593 [00:11<00:19, 49.25it/s]
Processing frames:  40%|███▉      | 633/1593 [00:11<00:18, 51.38it/s]
Processing frames:  40%|████      | 641/1593 [00:12<00:17, 54.39it/s]
Processing frames:  41%|████      | 649/1593 [00:12<00:16, 55.81it/s]
Processing frames:  41%|████      | 657/1593 [00:12<00:15, 58.83it/s]
Processing frames:  42%|████▏     | 669/1593 [00:12<00:13, 66.32it/s]
Processing frames:  43%|████▎     | 681/1593 [00:12<00:13, 68.55it/s]
Processing frames:  43%|████▎     | 689/1593 [00:12<00:13, 64.84it/s]
Processing frames:  44%|████▍     | 697/1593 [00:12<00:13, 64.39it/s]
Processing frames:  44%|████▍     | 705/1593 [00:13<00:15, 58.45it/s]
Processing frames:  45%|████▍     | 713/1593 [00:13<00:16, 54.89it/s]
Processing frames:  45%|████▌     | 721/1593 [00:13<00:16, 52.04it/s]
Processing frames:  46%|████▌     | 729/1593 [00:13<00:16, 51.72it/s]
Processing frames:  46%|████▋     | 737/1593 [00:13<00:16, 52.46it/s]
Processing frames:  47%|████▋     | 745/1593 [00:13<00:15, 53.16it/s]
Processing frames:  47%|████▋     | 753/1593 [00:13<00:15, 54.93it/s]
Processing frames:  48%|████▊     | 761/1593 [00:14<00:14, 57.23it/s]
Processing frames:  48%|████▊     | 769/1593 [00:14<00:13, 61.68it/s]
Processing frames:  49%|████▉     | 777/1593 [00:14<00:12, 65.41it/s]
Processing frames:  49%|████▉     | 785/1593 [00:14<00:11, 69.09it/s]
Processing frames:  50%|█████     | 797/1593 [00:14<00:10, 74.10it/s]
Processing frames:  51%|█████     | 805/1593 [00:14<00:11, 67.28it/s]
Processing frames:  51%|█████     | 812/1593 [00:14<00:11, 67.15it/s]
Processing frames:  51%|█████▏    | 819/1593 [00:15<00:15, 49.15it/s]
Processing frames:  52%|█████▏    | 825/1593 [00:15<00:19, 39.86it/s]
Processing frames:  52%|█████▏    | 830/1593 [00:15<00:19, 39.99it/s]
Processing frames:  52%|█████▏    | 835/1593 [00:15<00:18, 39.98it/s]
Processing frames:  53%|█████▎    | 840/1593 [00:15<00:18, 41.26it/s]
Processing frames:  53%|█████▎    | 845/1593 [00:15<00:22, 33.57it/s]
Processing frames:  53%|█████▎    | 849/1593 [00:15<00:21, 34.26it/s]
Processing frames:  54%|█████▎    | 853/1593 [00:16<00:20, 35.29it/s]
Processing frames:  54%|█████▍    | 857/1593 [00:16<00:20, 36.15it/s]
Processing frames:  54%|█████▍    | 861/1593 [00:16<00:20, 36.40it/s]
Processing frames:  54%|█████▍    | 865/1593 [00:16<00:19, 36.66it/s]
Processing frames:  55%|█████▍    | 869/1593 [00:16<00:20, 36.13it/s]
Processing frames:  55%|█████▌    | 877/1593 [00:16<00:17, 41.19it/s]
Processing frames:  56%|█████▌    | 885/1593 [00:16<00:15, 46.76it/s]
Processing frames:  56%|█████▌    | 893/1593 [00:16<00:14, 47.81it/s]
Processing frames:  57%|█████▋    | 901/1593 [00:17<00:13, 51.81it/s]
Processing frames:  57%|█████▋    | 909/1593 [00:17<00:11, 57.61it/s]
Processing frames:  58%|█████▊    | 921/1593 [00:17<00:10, 65.65it/s]
Processing frames:  59%|█████▊    | 933/1593 [00:17<00:09, 70.89it/s]
Processing frames:  59%|█████▉    | 941/1593 [00:17<00:09, 68.35it/s]
Processing frames:  60%|█████▉    | 949/1593 [00:17<00:09, 66.02it/s]
Processing frames:  60%|██████    | 957/1593 [00:17<00:10, 57.94it/s]
Processing frames:  60%|██████    | 963/1593 [00:18<00:11, 57.02it/s]
Processing frames:  61%|██████    | 969/1593 [00:18<00:13, 46.80it/s]
Processing frames:  61%|██████    | 974/1593 [00:18<00:13, 46.46it/s]
Processing frames:  61%|██████▏   | 979/1593 [00:18<00:13, 46.94it/s]
Processing frames:  62%|██████▏   | 985/1593 [00:18<00:15, 39.70it/s]
Processing frames:  62%|██████▏   | 990/1593 [00:18<00:14, 41.74it/s]
Processing frames:  62%|██████▏   | 995/1593 [00:18<00:14, 41.57it/s]
Processing frames:  63%|██████▎   | 1000/1593 [00:19<00:14, 41.86it/s]
Processing frames:  63%|██████▎   | 1005/1593 [00:19<00:17, 33.27it/s]
Processing frames:  63%|██████▎   | 1009/1593 [00:19<00:17, 33.31it/s]
Processing frames:  64%|██████▍   | 1017/1593 [00:19<00:15, 36.63it/s]
Processing frames:  64%|██████▍   | 1025/1593 [00:19<00:14, 40.18it/s]
Processing frames:  65%|██████▍   | 1033/1593 [00:19<00:12, 43.63it/s]
Processing frames:  65%|██████▌   | 1041/1593 [00:20<00:12, 45.58it/s]
Processing frames:  66%|██████▌   | 1049/1593 [00:20<00:10, 49.89it/s]
Processing frames:  67%|██████▋   | 1061/1593 [00:20<00:08, 60.75it/s]
Processing frames:  67%|██████▋   | 1069/1593 [00:20<00:08, 64.97it/s]
Processing frames:  68%|██████▊   | 1077/1593 [00:20<00:07, 67.02it/s]
Processing frames:  68%|██████▊   | 1085/1593 [00:20<00:07, 64.24it/s]
Processing frames:  69%|██████▊   | 1092/1593 [00:20<00:08, 61.68it/s]
Processing frames:  69%|██████▉   | 1099/1593 [00:21<00:11, 44.03it/s]
Processing frames:  69%|██████▉   | 1105/1593 [00:21<00:13, 36.16it/s]
Processing frames:  70%|██████▉   | 1110/1593 [00:21<00:13, 36.79it/s]
Processing frames:  70%|██████▉   | 1115/1593 [00:21<00:12, 38.26it/s]
Processing frames:  70%|███████   | 1120/1593 [00:21<00:12, 38.63it/s]
Processing frames:  71%|███████   | 1125/1593 [00:21<00:14, 31.22it/s]
Processing frames:  71%|███████   | 1129/1593 [00:22<00:14, 31.71it/s]
Processing frames:  71%|███████   | 1133/1593 [00:22<00:14, 32.38it/s]
Processing frames:  71%|███████▏  | 1137/1593 [00:22<00:14, 31.67it/s]
Processing frames:  72%|███████▏  | 1141/1593 [00:22<00:13, 32.33it/s]
Processing frames:  72%|███████▏  | 1145/1593 [00:22<00:13, 32.12it/s]
Processing frames:  72%|███████▏  | 1149/1593 [00:22<00:13, 32.06it/s]
Processing frames:  72%|███████▏  | 1153/1593 [00:22<00:13, 32.34it/s]
Processing frames:  73%|███████▎  | 1157/1593 [00:22<00:13, 33.48it/s]
Processing frames:  73%|███████▎  | 1161/1593 [00:22<00:12, 34.70it/s]
Processing frames:  73%|███████▎  | 1169/1593 [00:23<00:10, 39.42it/s]
Processing frames:  74%|███████▍  | 1177/1593 [00:23<00:09, 43.52it/s]
Processing frames:  74%|███████▍  | 1185/1593 [00:23<00:08, 49.97it/s]
Processing frames:  75%|███████▌  | 1197/1593 [00:23<00:06, 60.48it/s]
Processing frames:  76%|███████▌  | 1205/1593 [00:23<00:06, 63.75it/s]
Processing frames:  76%|███████▌  | 1213/1593 [00:23<00:05, 67.49it/s]
Processing frames:  77%|███████▋  | 1221/1593 [00:23<00:05, 69.88it/s]
Processing frames:  77%|███████▋  | 1229/1593 [00:24<00:05, 68.20it/s]
Processing frames:  78%|███████▊  | 1237/1593 [00:24<00:06, 58.10it/s]
Processing frames:  78%|███████▊  | 1244/1593 [00:24<00:05, 59.55it/s]
Processing frames:  79%|███████▊  | 1251/1593 [00:24<00:07, 48.33it/s]
Processing frames:  79%|███████▉  | 1257/1593 [00:24<00:08, 41.92it/s]
Processing frames:  79%|███████▉  | 1265/1593 [00:24<00:08, 40.89it/s]
Processing frames:  80%|███████▉  | 1273/1593 [00:25<00:07, 43.45it/s]
Processing frames:  80%|████████  | 1281/1593 [00:25<00:06, 45.28it/s]
Processing frames:  81%|████████  | 1289/1593 [00:25<00:06, 47.11it/s]
Processing frames:  81%|████████▏ | 1297/1593 [00:25<00:06, 48.98it/s]
Processing frames:  82%|████████▏ | 1305/1593 [00:25<00:05, 52.45it/s]
Processing frames:  82%|████████▏ | 1313/1593 [00:25<00:04, 58.25it/s]
Processing frames:  83%|████████▎ | 1321/1593 [00:25<00:04, 61.02it/s]
Processing frames:  83%|████████▎ | 1329/1593 [00:26<00:04, 65.14it/s]
Processing frames:  84%|████████▍ | 1341/1593 [00:26<00:03, 69.95it/s]
Processing frames:  85%|████████▍ | 1349/1593 [00:26<00:04, 54.39it/s]
Processing frames:  85%|████████▌ | 1355/1593 [00:26<00:04, 53.13it/s]
Processing frames:  85%|████████▌ | 1361/1593 [00:26<00:05, 42.28it/s]
Processing frames:  86%|████████▌ | 1366/1593 [00:26<00:05, 43.36it/s]
Processing frames:  86%|████████▌ | 1371/1593 [00:26<00:05, 43.98it/s]
Processing frames:  86%|████████▋ | 1377/1593 [00:27<00:05, 38.31it/s]
Processing frames:  87%|████████▋ | 1382/1593 [00:27<00:05, 40.56it/s]
Processing frames:  87%|████████▋ | 1387/1593 [00:27<00:04, 41.29it/s]
Processing frames:  87%|████████▋ | 1392/1593 [00:27<00:04, 41.74it/s]
Processing frames:  88%|████████▊ | 1397/1593 [00:27<00:05, 34.30it/s]
Processing frames:  88%|████████▊ | 1405/1593 [00:27<00:05, 37.06it/s]
Processing frames:  89%|████████▊ | 1413/1593 [00:28<00:04, 42.43it/s]
Processing frames:  89%|████████▉ | 1421/1593 [00:28<00:03, 45.11it/s]
Processing frames:  90%|████████▉ | 1429/1593 [00:28<00:03, 46.18it/s]
Processing frames:  90%|█████████ | 1437/1593 [00:28<00:03, 47.71it/s]
Processing frames:  91%|█████████ | 1445/1593 [00:28<00:02, 49.80it/s]
Processing frames:  91%|█████████ | 1453/1593 [00:28<00:02, 55.10it/s]
Processing frames:  92%|█████████▏| 1461/1593 [00:28<00:02, 60.16it/s]
Processing frames:  92%|█████████▏| 1469/1593 [00:29<00:02, 56.37it/s]
Processing frames:  93%|█████████▎| 1477/1593 [00:29<00:02, 56.22it/s]
Processing frames:  93%|█████████▎| 1485/1593 [00:29<00:01, 56.69it/s]
Processing frames:  94%|█████████▎| 1493/1593 [00:29<00:01, 59.92it/s]
Processing frames:  94%|█████████▍| 1501/1593 [00:29<00:01, 61.91it/s]
Processing frames:  95%|█████████▍| 1509/1593 [00:29<00:01, 61.05it/s]
Processing frames:  95%|█████████▌| 1517/1593 [00:29<00:01, 60.68it/s]
Processing frames:  96%|█████████▌| 1525/1593 [00:29<00:01, 61.55it/s]
Processing frames:  96%|█████████▌| 1533/1593 [00:30<00:00, 62.06it/s]
Processing frames:  97%|█████████▋| 1541/1593 [00:30<00:00, 63.70it/s]
Processing frames:  97%|█████████▋| 1553/1593 [00:30<00:00, 70.32it/s]
Processing frames:  98%|█████████▊| 1565/1593 [00:30<00:00, 75.23it/s]
Processing frames:  99%|█████████▉| 1577/1593 [00:30<00:00, 76.68it/s]
Processing frames:  99%|█████████▉| 1585/1593 [00:30<00:00, 75.31it/s]
Processing frames: 100%|██████████| 1593/1593 [00:30<00:00, 51.65it/s]
[INFO] Trajectory saved to /home/pulver/projects/Outdoor_SLPF/results/iros_rh1_robustness/20260225_151229_run1_robustness_gpu/option_a_detection_drop/drop_20pct/seed_33/trajectory_0.5.tum
[INFO] Trajectory saved to /home/pulver/projects/Outdoor_SLPF/results/iros_rh1_robustness/20260225_151229_run1_robustness_gpu/option_a_detection_drop/drop_20pct/seed_33/gps_pose.tum
[INFO] Finished processing all frames from the CSV file.

[exit_code=0 duration_sec=35.53]
