$ /home/pulver/projects/Outdoor_SLPF/.venv/bin/python /home/pulver/projects/Outdoor_SLPF/scripts/spf_lidar.py --miss-penalty 4.0 --wrong-hit-penalty 4.0 --gps-weight 0.5 --seed 11 --output-folder /home/pulver/projects/Outdoor_SLPF/results/iros/20260217_172656_multiseed_main/spf/seed_11 --frame-stride 5 --semantic-sigma 0.20 --gps-sigma 1.1 --particle-count 300 --disable-corridor --disable-background --disable-dynamic-gps-weight --disable-pose-smoothing --no-visualization --require-cuda

/home/pulver/projects/Outdoor_SLPF/.venv/lib/python3.10/site-packages/matplotlib/projections/__init__.py:63: UserWarning: Unable to import Axes3D. This may be due to multiple versions of Matplotlib being installed (e.g. as a system package and as a pip package). As a result, the 3D projection is not available.
  warnings.warn("Unable to import Axes3D. This may be due to multiple versions of "
Using device: cuda
[INFO] Running with Miss Penalty: 4.0, Wrong Hit Penalty: 4.0, GPS Weight: 0.5, Seed: 11, Output: /home/pulver/projects/Outdoor_SLPF/results/iros/20260217_172656_multiseed_main/spf/seed_11, Stride: 5, MaxFrames: None, Visualize: False, Model: wall, DisableGPS: False, DisableSemantic: False, DisableCorridor: True, DisableBackground: True, StaticGPSWeight: True, DisablePoseSmooth: True, SemanticClasses: both

Processing frames:   0%|          | 0/1593 [00:00<?, ?it/s]
Processing frames:   0%|          | 1/1593 [00:00<23:07,  1.15it/s]
Processing frames:   1%|          | 11/1593 [00:01<01:49, 14.46it/s]
Processing frames:   1%|▏         | 21/1593 [00:01<00:58, 27.03it/s]
Processing frames:   2%|▏         | 31/1593 [00:01<00:42, 36.76it/s]
Processing frames:   3%|▎         | 41/1593 [00:01<00:34, 44.85it/s]
Processing frames:   3%|▎         | 51/1593 [00:01<00:30, 51.20it/s]
Processing frames:   4%|▍         | 61/1593 [00:01<00:27, 56.73it/s]
Processing frames:   4%|▍         | 71/1593 [00:01<00:24, 61.91it/s]
Processing frames:   5%|▌         | 81/1593 [00:01<00:23, 64.53it/s]
Processing frames:   6%|▌         | 91/1593 [00:02<00:22, 65.90it/s]
Processing frames:   6%|▋         | 101/1593 [00:02<00:23, 64.56it/s]
Processing frames:   7%|▋         | 111/1593 [00:02<00:23, 64.29it/s]
Processing frames:   8%|▊         | 121/1593 [00:02<00:22, 64.51it/s]
Processing frames:   8%|▊         | 131/1593 [00:02<00:22, 64.92it/s]
Processing frames:   9%|▉         | 141/1593 [00:02<00:22, 65.69it/s]
Processing frames:   9%|▉         | 151/1593 [00:03<00:22, 64.70it/s]
Processing frames:  10%|█         | 161/1593 [00:03<00:21, 66.78it/s]
Processing frames:  11%|█         | 171/1593 [00:03<00:20, 68.71it/s]
Processing frames:  11%|█▏        | 181/1593 [00:03<00:19, 71.07it/s]
Processing frames:  12%|█▏        | 191/1593 [00:03<00:19, 73.49it/s]
Processing frames:  13%|█▎        | 201/1593 [00:03<00:17, 77.49it/s]
Processing frames:  13%|█▎        | 211/1593 [00:03<00:17, 80.43it/s]
Processing frames:  14%|█▍        | 221/1593 [00:03<00:16, 85.35it/s]
Processing frames:  15%|█▍        | 231/1593 [00:04<00:15, 86.79it/s]
Processing frames:  15%|█▌        | 246/1593 [00:04<00:14, 92.87it/s]
Processing frames:  16%|█▋        | 261/1593 [00:04<00:14, 92.93it/s]
Processing frames:  17%|█▋        | 271/1593 [00:04<00:16, 81.08it/s]
Processing frames:  18%|█▊        | 281/1593 [00:04<00:17, 73.73it/s]
Processing frames:  18%|█▊        | 291/1593 [00:04<00:19, 68.11it/s]
Processing frames:  19%|█▉        | 301/1593 [00:04<00:18, 69.20it/s]
Processing frames:  20%|█▉        | 311/1593 [00:05<00:18, 68.34it/s]
Processing frames:  20%|██        | 321/1593 [00:05<00:19, 65.75it/s]
Processing frames:  21%|██        | 331/1593 [00:05<00:19, 65.71it/s]
Processing frames:  21%|██▏       | 341/1593 [00:05<00:18, 69.07it/s]
Processing frames:  22%|██▏       | 351/1593 [00:05<00:17, 70.59it/s]
Processing frames:  23%|██▎       | 361/1593 [00:05<00:16, 72.87it/s]
Processing frames:  23%|██▎       | 371/1593 [00:05<00:15, 78.58it/s]
Processing frames:  24%|██▍       | 381/1593 [00:06<00:14, 82.70it/s]
Processing frames:  25%|██▍       | 396/1593 [00:06<00:13, 90.27it/s]
Processing frames:  25%|██▌       | 406/1593 [00:06<00:13, 89.16it/s]
Processing frames:  26%|██▌       | 416/1593 [00:06<00:15, 76.05it/s]
Processing frames:  27%|██▋       | 426/1593 [00:06<00:15, 73.53it/s]
Processing frames:  27%|██▋       | 436/1593 [00:06<00:16, 71.63it/s]
Processing frames:  28%|██▊       | 446/1593 [00:06<00:16, 68.53it/s]
Processing frames:  29%|██▊       | 456/1593 [00:07<00:16, 67.29it/s]
Processing frames:  29%|██▉       | 466/1593 [00:07<00:17, 65.61it/s]
Processing frames:  30%|██▉       | 473/1593 [00:07<00:16, 66.15it/s]
Processing frames:  30%|███       | 481/1593 [00:07<00:17, 63.09it/s]
Processing frames:  31%|███       | 491/1593 [00:07<00:16, 65.30it/s]
Processing frames:  31%|███▏      | 501/1593 [00:07<00:16, 67.46it/s]
Processing frames:  32%|███▏      | 511/1593 [00:07<00:15, 70.67it/s]
Processing frames:  33%|███▎      | 521/1593 [00:08<00:14, 74.38it/s]
Processing frames:  33%|███▎      | 531/1593 [00:08<00:13, 76.47it/s]
Processing frames:  34%|███▍      | 541/1593 [00:08<00:12, 82.32it/s]
Processing frames:  35%|███▍      | 551/1593 [00:08<00:12, 83.61it/s]
Processing frames:  35%|███▌      | 561/1593 [00:08<00:14, 73.18it/s]
Processing frames:  36%|███▌      | 571/1593 [00:08<00:15, 65.15it/s]
Processing frames:  36%|███▋      | 581/1593 [00:08<00:16, 63.14it/s]
Processing frames:  37%|███▋      | 588/1593 [00:09<00:15, 64.45it/s]
Processing frames:  37%|███▋      | 596/1593 [00:09<00:17, 57.67it/s]
Processing frames:  38%|███▊      | 606/1593 [00:09<00:16, 59.22it/s]
Processing frames:  39%|███▊      | 616/1593 [00:09<00:16, 58.07it/s]
Processing frames:  39%|███▉      | 626/1593 [00:09<00:15, 61.44it/s]
Processing frames:  40%|███▉      | 636/1593 [00:09<00:14, 65.18it/s]
Processing frames:  41%|████      | 646/1593 [00:09<00:14, 67.46it/s]
Processing frames:  41%|████      | 656/1593 [00:10<00:13, 70.71it/s]
Processing frames:  42%|████▏     | 671/1593 [00:10<00:11, 79.97it/s]
Processing frames:  43%|████▎     | 681/1593 [00:10<00:11, 82.58it/s]
Processing frames:  43%|████▎     | 691/1593 [00:10<00:11, 80.99it/s]
Processing frames:  44%|████▍     | 701/1593 [00:10<00:11, 78.95it/s]
Processing frames:  45%|████▍     | 711/1593 [00:10<00:12, 69.76it/s]
Processing frames:  45%|████▌     | 721/1593 [00:10<00:13, 66.03it/s]
Processing frames:  46%|████▌     | 731/1593 [00:11<00:13, 65.33it/s]
Processing frames:  47%|████▋     | 741/1593 [00:11<00:12, 65.58it/s]
Processing frames:  47%|████▋     | 751/1593 [00:11<00:12, 67.89it/s]
Processing frames:  48%|████▊     | 761/1593 [00:11<00:11, 72.30it/s]
Processing frames:  48%|████▊     | 771/1593 [00:11<00:10, 77.76it/s]
Processing frames:  49%|████▉     | 786/1593 [00:11<00:09, 86.21it/s]
Processing frames:  50%|█████     | 801/1593 [00:11<00:08, 89.39it/s]
Processing frames:  51%|█████     | 811/1593 [00:12<00:09, 80.82it/s]
Processing frames:  51%|█████▏    | 820/1593 [00:12<00:09, 78.65it/s]
Processing frames:  52%|█████▏    | 828/1593 [00:12<00:12, 62.08it/s]
Processing frames:  52%|█████▏    | 835/1593 [00:12<00:12, 59.49it/s]
Processing frames:  53%|█████▎    | 842/1593 [00:12<00:16, 46.72it/s]
Processing frames:  53%|█████▎    | 848/1593 [00:12<00:15, 48.16it/s]
Processing frames:  54%|█████▎    | 854/1593 [00:13<00:15, 48.21it/s]
Processing frames:  54%|█████▍    | 860/1593 [00:13<00:14, 50.18it/s]
Processing frames:  54%|█████▍    | 866/1593 [00:13<00:17, 41.91it/s]
Processing frames:  55%|█████▍    | 871/1593 [00:13<00:17, 42.40it/s]
Processing frames:  55%|█████▌    | 881/1593 [00:13<00:13, 51.23it/s]
Processing frames:  56%|█████▌    | 891/1593 [00:13<00:12, 56.94it/s]
Processing frames:  57%|█████▋    | 901/1593 [00:13<00:11, 62.28it/s]
Processing frames:  57%|█████▋    | 911/1593 [00:13<00:09, 71.13it/s]
Processing frames:  58%|█████▊    | 926/1593 [00:14<00:08, 81.60it/s]
Processing frames:  59%|█████▉    | 941/1593 [00:14<00:07, 85.63it/s]
Processing frames:  60%|█████▉    | 951/1593 [00:14<00:07, 80.65it/s]
Processing frames:  60%|██████    | 961/1593 [00:14<00:09, 69.87it/s]
Processing frames:  61%|██████    | 971/1593 [00:14<00:09, 64.69it/s]
Processing frames:  61%|██████▏   | 978/1593 [00:14<00:09, 65.47it/s]
Processing frames:  62%|██████▏   | 986/1593 [00:15<00:10, 55.78it/s]
Processing frames:  62%|██████▏   | 992/1593 [00:15<00:10, 55.82it/s]
Processing frames:  63%|██████▎   | 998/1593 [00:15<00:10, 54.98it/s]
Processing frames:  63%|██████▎   | 1004/1593 [00:15<00:11, 52.84it/s]
Processing frames:  63%|██████▎   | 1010/1593 [00:15<00:10, 53.44it/s]
Processing frames:  64%|██████▍   | 1016/1593 [00:15<00:12, 44.62it/s]
Processing frames:  64%|██████▍   | 1026/1593 [00:15<00:11, 47.60it/s]
Processing frames:  65%|██████▌   | 1036/1593 [00:16<00:10, 51.63it/s]
Processing frames:  66%|██████▌   | 1046/1593 [00:16<00:09, 55.96it/s]
Processing frames:  66%|██████▋   | 1056/1593 [00:16<00:08, 63.00it/s]
Processing frames:  67%|██████▋   | 1066/1593 [00:16<00:07, 70.57it/s]
Processing frames:  68%|██████▊   | 1076/1593 [00:16<00:06, 74.96it/s]
Processing frames:  68%|██████▊   | 1086/1593 [00:16<00:07, 69.17it/s]
Processing frames:  69%|██████▊   | 1094/1593 [00:16<00:07, 67.23it/s]
Processing frames:  69%|██████▉   | 1101/1593 [00:17<00:09, 49.67it/s]
Processing frames:  69%|██████▉   | 1107/1593 [00:17<00:09, 49.47it/s]
Processing frames:  70%|██████▉   | 1113/1593 [00:17<00:10, 47.13it/s]
Processing frames:  70%|███████   | 1119/1593 [00:17<00:09, 47.71it/s]
Processing frames:  71%|███████   | 1125/1593 [00:17<00:09, 48.22it/s]
Processing frames:  71%|███████   | 1130/1593 [00:17<00:09, 47.66it/s]
Processing frames:  71%|███████   | 1135/1593 [00:17<00:09, 46.70it/s]
Processing frames:  72%|███████▏  | 1140/1593 [00:18<00:10, 44.52it/s]
Processing frames:  72%|███████▏  | 1145/1593 [00:18<00:10, 44.16it/s]
Processing frames:  72%|███████▏  | 1150/1593 [00:18<00:09, 45.54it/s]
Processing frames:  73%|███████▎  | 1155/1593 [00:18<00:09, 46.11it/s]
Processing frames:  73%|███████▎  | 1160/1593 [00:18<00:09, 47.11it/s]
Processing frames:  73%|███████▎  | 1166/1593 [00:18<00:10, 41.55it/s]
Processing frames:  74%|███████▍  | 1176/1593 [00:18<00:08, 49.03it/s]
Processing frames:  74%|███████▍  | 1186/1593 [00:18<00:06, 59.19it/s]
Processing frames:  75%|███████▌  | 1201/1593 [00:19<00:05, 73.30it/s]
Processing frames:  76%|███████▋  | 1216/1593 [00:19<00:04, 82.52it/s]
Processing frames:  77%|███████▋  | 1226/1593 [00:19<00:04, 84.11it/s]
Processing frames:  78%|███████▊  | 1236/1593 [00:19<00:04, 79.50it/s]
Processing frames:  78%|███████▊  | 1244/1593 [00:19<00:04, 78.25it/s]
Processing frames:  79%|███████▊  | 1252/1593 [00:19<00:05, 62.74it/s]
Processing frames:  79%|███████▉  | 1259/1593 [00:19<00:05, 62.88it/s]
Processing frames:  79%|███████▉  | 1266/1593 [00:20<00:06, 53.40it/s]
Processing frames:  80%|████████  | 1276/1593 [00:20<00:05, 55.93it/s]
Processing frames:  81%|████████  | 1286/1593 [00:20<00:05, 58.52it/s]
Processing frames:  81%|████████▏ | 1296/1593 [00:20<00:04, 61.20it/s]
Processing frames:  82%|████████▏ | 1306/1593 [00:20<00:04, 65.76it/s]
Processing frames:  83%|████████▎ | 1316/1593 [00:20<00:03, 71.88it/s]
Processing frames:  84%|████████▎ | 1331/1593 [00:20<00:03, 82.16it/s]
Processing frames:  84%|████████▍ | 1341/1593 [00:20<00:02, 84.44it/s]
Processing frames:  85%|████████▍ | 1350/1593 [00:21<00:02, 83.14it/s]
Processing frames:  85%|████████▌ | 1359/1593 [00:21<00:03, 63.41it/s]
Processing frames:  86%|████████▌ | 1367/1593 [00:21<00:04, 54.73it/s]
Processing frames:  86%|████████▋ | 1374/1593 [00:21<00:03, 57.62it/s]
Processing frames:  87%|████████▋ | 1381/1593 [00:21<00:04, 49.35it/s]
Processing frames:  87%|████████▋ | 1391/1593 [00:22<00:04, 48.26it/s]
Processing frames:  88%|████████▊ | 1401/1593 [00:22<00:03, 49.46it/s]
Processing frames:  89%|████████▊ | 1411/1593 [00:22<00:03, 54.11it/s]
Processing frames:  89%|████████▉ | 1421/1593 [00:22<00:02, 57.97it/s]
Processing frames:  90%|████████▉ | 1431/1593 [00:22<00:02, 58.96it/s]
Processing frames:  90%|█████████ | 1441/1593 [00:22<00:02, 60.22it/s]
Processing frames:  91%|█████████ | 1451/1593 [00:22<00:02, 67.82it/s]
Processing frames:  92%|█████████▏| 1461/1593 [00:23<00:01, 74.13it/s]
Processing frames:  92%|█████████▏| 1471/1593 [00:23<00:01, 72.45it/s]
Processing frames:  93%|█████████▎| 1481/1593 [00:23<00:01, 74.24it/s]
Processing frames:  94%|█████████▎| 1491/1593 [00:23<00:01, 75.65it/s]
Processing frames:  94%|█████████▍| 1501/1593 [00:23<00:01, 79.44it/s]
Processing frames:  95%|█████████▍| 1511/1593 [00:23<00:01, 79.45it/s]
Processing frames:  95%|█████████▌| 1521/1593 [00:23<00:00, 78.03it/s]
Processing frames:  96%|█████████▌| 1531/1593 [00:23<00:00, 80.69it/s]
Processing frames:  97%|█████████▋| 1541/1593 [00:24<00:00, 82.18it/s]
Processing frames:  98%|█████████▊| 1556/1593 [00:24<00:00, 89.53it/s]
Processing frames:  99%|█████████▊| 1571/1593 [00:24<00:00, 96.30it/s]
Processing frames:  99%|█████████▉| 1581/1593 [00:24<00:00, 96.02it/s]
Processing frames: 100%|█████████▉| 1591/1593 [00:24<00:00, 96.63it/s]
Processing frames: 100%|██████████| 1593/1593 [00:24<00:00, 64.86it/s]
[INFO] Trajectory saved to /home/pulver/projects/Outdoor_SLPF/results/iros/20260217_172656_multiseed_main/spf/seed_11/trajectory_0.5.tum
[INFO] Trajectory saved to /home/pulver/projects/Outdoor_SLPF/results/iros/20260217_172656_multiseed_main/spf/seed_11/gps_pose.tum
[INFO] Finished processing all frames from the CSV file.

[exit_code=0 duration_sec=29.35]
