$ /home/pulver/projects/Outdoor_SLPF/.venv/bin/python /home/pulver/projects/Outdoor_SLPF/scripts/spf_lidar.py --miss-penalty 4.0 --wrong-hit-penalty 4.0 --gps-weight 0.5 --seed 22 --output-folder /home/pulver/projects/Outdoor_SLPF/results/iros_rh2/20260225_105822_multiseed_all_methods/slpf/seed_22 --frame-stride 4 --semantic-sigma 0.05 --gps-sigma 1.1 --corridor-weight 0.30 --corridor-dist-sigma 1.50 --corridor-heading-sigma 0.35 --background-class-weight 0.20 --max-background-obs 120 --expected-obs-count 150 --pose-smooth-alpha-pos 0.55 --pose-smooth-alpha-theta 0.50 --odom-yaw-filter-alpha 0.90 --particle-count 100 --segment-chunk 4096 --no-visualization --data-path /home/pulver/projects/Outdoor_SLPF/data/2025/rh_run2 --geojson-path /home/pulver/projects/Outdoor_SLPF/data/riseholme_poles_trunk.geojson --require-cuda

/home/pulver/projects/Outdoor_SLPF/.venv/lib/python3.10/site-packages/matplotlib/projections/__init__.py:63: UserWarning: Unable to import Axes3D. This may be due to multiple versions of Matplotlib being installed (e.g. as a system package and as a pip package). As a result, the 3D projection is not available.
  warnings.warn("Unable to import Axes3D. This may be due to multiple versions of "
Using device: cuda
[INFO] Running with Miss Penalty: 4.0, Wrong Hit Penalty: 4.0, GPS Weight: 0.5, Seed: 22, Output: /home/pulver/projects/Outdoor_SLPF/results/iros_rh2/20260225_105822_multiseed_all_methods/slpf/seed_22, DataPath: /home/pulver/projects/Outdoor_SLPF/data/2025/rh_run2, CSV: /home/pulver/projects/Outdoor_SLPF/data/2025/rh_run2/data.csv, Stride: 4, MaxFrames: None, Visualize: False, Model: wall, DisableGPS: False, DisableSemantic: False, DisableCorridor: False, DisableBackground: False, StaticGPSWeight: False, DisablePoseSmooth: False, SemanticClasses: both, SegmentChunk: 4096

Processing frames:   0%|          | 0/1572 [00:00<?, ?it/s]
Processing frames:   0%|          | 1/1572 [00:00<22:47,  1.15it/s]
Processing frames:   1%|          | 9/1572 [00:01<02:15, 11.51it/s]
Processing frames:   1%|          | 17/1572 [00:01<01:15, 20.62it/s]
Processing frames:   2%|▏         | 25/1572 [00:01<00:53, 28.95it/s]
Processing frames:   2%|▏         | 33/1572 [00:01<00:45, 34.15it/s]
Processing frames:   3%|▎         | 41/1572 [00:01<00:38, 40.27it/s]
Processing frames:   3%|▎         | 49/1572 [00:01<00:34, 44.67it/s]
Processing frames:   4%|▎         | 57/1572 [00:01<00:31, 48.29it/s]
Processing frames:   4%|▍         | 65/1572 [00:02<00:28, 53.01it/s]
Processing frames:   5%|▍         | 73/1572 [00:02<00:26, 56.26it/s]
Processing frames:   5%|▌         | 81/1572 [00:02<00:25, 58.88it/s]
Processing frames:   6%|▌         | 89/1572 [00:02<00:24, 61.16it/s]
Processing frames:   6%|▋         | 101/1572 [00:02<00:21, 68.13it/s]
Processing frames:   7%|▋         | 109/1572 [00:02<00:23, 61.83it/s]
Processing frames:   7%|▋         | 116/1572 [00:02<00:23, 62.18it/s]
Processing frames:   8%|▊         | 123/1572 [00:03<00:29, 49.90it/s]
Processing frames:   8%|▊         | 129/1572 [00:03<00:32, 44.65it/s]
Processing frames:   9%|▊         | 134/1572 [00:03<00:32, 44.73it/s]
Processing frames:   9%|▉         | 139/1572 [00:03<00:31, 45.82it/s]
Processing frames:   9%|▉         | 144/1572 [00:03<00:31, 45.05it/s]
Processing frames:   9%|▉         | 149/1572 [00:03<00:38, 36.52it/s]
Processing frames:  10%|▉         | 157/1572 [00:03<00:35, 39.36it/s]
Processing frames:  10%|█         | 162/1572 [00:04<00:34, 40.97it/s]
Processing frames:  11%|█         | 167/1572 [00:04<00:33, 42.12it/s]
Processing frames:  11%|█         | 172/1572 [00:04<00:32, 43.71it/s]
Processing frames:  11%|█▏        | 177/1572 [00:04<00:37, 36.94it/s]
Processing frames:  12%|█▏        | 185/1572 [00:04<00:33, 41.43it/s]
Processing frames:  12%|█▏        | 193/1572 [00:04<00:30, 45.32it/s]
Processing frames:  13%|█▎        | 201/1572 [00:04<00:28, 48.42it/s]
Processing frames:  13%|█▎        | 209/1572 [00:04<00:26, 50.69it/s]
Processing frames:  14%|█▍        | 217/1572 [00:05<00:25, 53.59it/s]
Processing frames:  14%|█▍        | 225/1572 [00:05<00:22, 59.68it/s]
Processing frames:  15%|█▍        | 233/1572 [00:05<00:20, 64.02it/s]
Processing frames:  15%|█▌        | 241/1572 [00:05<00:20, 66.15it/s]
Processing frames:  16%|█▌        | 249/1572 [00:05<00:19, 66.28it/s]
Processing frames:  17%|█▋        | 261/1572 [00:05<00:20, 62.83it/s]
Processing frames:  17%|█▋        | 268/1572 [00:05<00:20, 63.27it/s]
Processing frames:  17%|█▋        | 275/1572 [00:06<00:26, 49.51it/s]
Processing frames:  18%|█▊        | 281/1572 [00:06<00:30, 41.99it/s]
Processing frames:  18%|█▊        | 286/1572 [00:06<00:30, 41.80it/s]
Processing frames:  19%|█▊        | 291/1572 [00:06<00:30, 42.65it/s]
Processing frames:  19%|█▉        | 296/1572 [00:06<00:30, 41.62it/s]
Processing frames:  19%|█▉        | 301/1572 [00:06<00:40, 31.16it/s]
Processing frames:  19%|█▉        | 305/1572 [00:07<00:40, 31.06it/s]
Processing frames:  20%|█▉        | 309/1572 [00:07<00:39, 31.95it/s]
Processing frames:  20%|█▉        | 313/1572 [00:07<00:39, 32.22it/s]
Processing frames:  20%|██        | 317/1572 [00:07<00:39, 31.51it/s]
Processing frames:  20%|██        | 321/1572 [00:07<00:38, 32.86it/s]
Processing frames:  21%|██        | 329/1572 [00:07<00:33, 37.38it/s]
Processing frames:  21%|██        | 333/1572 [00:07<00:32, 37.82it/s]
Processing frames:  22%|██▏       | 341/1572 [00:07<00:29, 42.05it/s]
Processing frames:  22%|██▏       | 349/1572 [00:08<00:26, 46.09it/s]
Processing frames:  23%|██▎       | 357/1572 [00:08<00:25, 47.75it/s]
Processing frames:  23%|██▎       | 365/1572 [00:08<00:23, 51.14it/s]
Processing frames:  24%|██▎       | 373/1572 [00:08<00:20, 57.81it/s]
Processing frames:  24%|██▍       | 381/1572 [00:08<00:19, 62.14it/s]
Processing frames:  25%|██▍       | 389/1572 [00:08<00:18, 63.62it/s]
Processing frames:  25%|██▌       | 397/1572 [00:08<00:17, 66.96it/s]
Processing frames:  26%|██▌       | 409/1572 [00:09<00:16, 72.12it/s]
Processing frames:  27%|██▋       | 421/1572 [00:09<00:15, 74.85it/s]
Processing frames:  27%|██▋       | 429/1572 [00:09<00:16, 69.74it/s]
Processing frames:  28%|██▊       | 437/1572 [00:09<00:17, 66.32it/s]
Processing frames:  28%|██▊       | 445/1572 [00:09<00:19, 58.42it/s]
Processing frames:  29%|██▉       | 453/1572 [00:09<00:20, 54.10it/s]
Processing frames:  29%|██▉       | 459/1572 [00:09<00:20, 54.61it/s]
Processing frames:  30%|██▉       | 465/1572 [00:10<00:24, 45.10it/s]
Processing frames:  30%|███       | 473/1572 [00:10<00:24, 44.69it/s]
Processing frames:  30%|███       | 478/1572 [00:10<00:23, 45.78it/s]
Processing frames:  31%|███       | 485/1572 [00:10<00:24, 44.10it/s]
Processing frames:  31%|███       | 490/1572 [00:10<00:23, 45.26it/s]
Processing frames:  32%|███▏      | 497/1572 [00:10<00:24, 44.42it/s]
Processing frames:  32%|███▏      | 505/1572 [00:10<00:21, 49.33it/s]
Processing frames:  33%|███▎      | 513/1572 [00:11<00:21, 50.21it/s]
Processing frames:  33%|███▎      | 521/1572 [00:11<00:18, 57.01it/s]
Processing frames:  34%|███▎      | 529/1572 [00:11<00:16, 62.34it/s]
Processing frames:  34%|███▍      | 537/1572 [00:11<00:15, 66.36it/s]
Processing frames:  35%|███▍      | 545/1572 [00:11<00:14, 69.63it/s]
Processing frames:  35%|███▌      | 553/1572 [00:11<00:14, 70.57it/s]
Processing frames:  36%|███▌      | 561/1572 [00:11<00:14, 69.94it/s]
Processing frames:  36%|███▌      | 569/1572 [00:11<00:16, 61.35it/s]
Processing frames:  37%|███▋      | 576/1572 [00:12<00:16, 61.33it/s]
Processing frames:  37%|███▋      | 583/1572 [00:12<00:21, 46.30it/s]
Processing frames:  37%|███▋      | 589/1572 [00:12<00:26, 37.42it/s]
Processing frames:  38%|███▊      | 594/1572 [00:12<00:25, 38.19it/s]
Processing frames:  38%|███▊      | 599/1572 [00:12<00:24, 39.26it/s]
Processing frames:  38%|███▊      | 604/1572 [00:12<00:24, 39.36it/s]
Processing frames:  39%|███▊      | 609/1572 [00:13<00:31, 31.04it/s]
Processing frames:  39%|███▉      | 613/1572 [00:13<00:30, 31.31it/s]
Processing frames:  39%|███▉      | 617/1572 [00:13<00:30, 31.65it/s]
Processing frames:  40%|███▉      | 621/1572 [00:13<00:30, 31.63it/s]
Processing frames:  40%|████      | 629/1572 [00:13<00:26, 35.87it/s]
Processing frames:  40%|████      | 633/1572 [00:13<00:26, 35.97it/s]
Processing frames:  41%|████      | 641/1572 [00:14<00:25, 36.99it/s]
Processing frames:  41%|████      | 645/1572 [00:14<00:25, 36.10it/s]
Processing frames:  42%|████▏     | 653/1572 [00:14<00:22, 41.05it/s]
Processing frames:  42%|████▏     | 661/1572 [00:14<00:20, 45.29it/s]
Processing frames:  43%|████▎     | 669/1572 [00:14<00:18, 49.62it/s]
Processing frames:  43%|████▎     | 681/1572 [00:14<00:14, 59.63it/s]
Processing frames:  44%|████▍     | 693/1572 [00:14<00:12, 67.91it/s]
Processing frames:  45%|████▍     | 705/1572 [00:14<00:11, 72.85it/s]
Processing frames:  45%|████▌     | 713/1572 [00:15<00:12, 69.81it/s]
Processing frames:  46%|████▌     | 721/1572 [00:15<00:12, 65.82it/s]
Processing frames:  46%|████▋     | 729/1572 [00:15<00:12, 65.43it/s]
Processing frames:  47%|████▋     | 737/1572 [00:15<00:13, 63.45it/s]
Processing frames:  47%|████▋     | 745/1572 [00:15<00:13, 62.30it/s]
Processing frames:  48%|████▊     | 753/1572 [00:15<00:13, 61.11it/s]
Processing frames:  48%|████▊     | 760/1572 [00:15<00:13, 61.95it/s]
Processing frames:  49%|████▉     | 767/1572 [00:16<00:15, 52.95it/s]
Processing frames:  49%|████▉     | 773/1572 [00:16<00:16, 47.16it/s]
Processing frames:  50%|████▉     | 781/1572 [00:16<00:16, 48.04it/s]
Processing frames:  50%|█████     | 789/1572 [00:16<00:16, 48.71it/s]
Processing frames:  51%|█████     | 797/1572 [00:16<00:15, 49.21it/s]
Processing frames:  51%|█████     | 805/1572 [00:16<00:15, 50.32it/s]
Processing frames:  52%|█████▏    | 813/1572 [00:17<00:14, 51.58it/s]
Processing frames:  52%|█████▏    | 821/1572 [00:17<00:14, 53.35it/s]
Processing frames:  53%|█████▎    | 829/1572 [00:17<00:12, 57.18it/s]
Processing frames:  53%|█████▎    | 841/1572 [00:17<00:11, 65.73it/s]
Processing frames:  54%|█████▍    | 849/1572 [00:17<00:10, 66.68it/s]
Processing frames:  55%|█████▍    | 857/1572 [00:17<00:10, 65.79it/s]
Processing frames:  55%|█████▌    | 865/1572 [00:17<00:12, 56.82it/s]
Processing frames:  56%|█████▌    | 873/1572 [00:18<00:13, 53.64it/s]
Processing frames:  56%|█████▌    | 879/1572 [00:18<00:12, 54.70it/s]
Processing frames:  56%|█████▋    | 885/1572 [00:18<00:15, 43.64it/s]
Processing frames:  57%|█████▋    | 890/1572 [00:18<00:15, 43.40it/s]
Processing frames:  57%|█████▋    | 895/1572 [00:18<00:15, 43.82it/s]
Processing frames:  57%|█████▋    | 900/1572 [00:18<00:14, 45.12it/s]
Processing frames:  58%|█████▊    | 905/1572 [00:18<00:18, 35.48it/s]
Processing frames:  58%|█████▊    | 909/1572 [00:19<00:19, 34.68it/s]
Processing frames:  58%|█████▊    | 917/1572 [00:19<00:17, 37.98it/s]
Processing frames:  59%|█████▊    | 921/1572 [00:19<00:17, 37.81it/s]
Processing frames:  59%|█████▉    | 929/1572 [00:19<00:15, 40.40it/s]
Processing frames:  60%|█████▉    | 937/1572 [00:19<00:14, 44.77it/s]
Processing frames:  60%|██████    | 945/1572 [00:19<00:13, 47.96it/s]
Processing frames:  61%|██████    | 953/1572 [00:19<00:11, 52.13it/s]
Processing frames:  61%|██████    | 961/1572 [00:20<00:11, 54.86it/s]
Processing frames:  62%|██████▏   | 969/1572 [00:20<00:10, 56.87it/s]
Processing frames:  62%|██████▏   | 977/1572 [00:20<00:09, 59.82it/s]
Processing frames:  63%|██████▎   | 989/1572 [00:20<00:08, 67.00it/s]
Processing frames:  63%|██████▎   | 997/1572 [00:20<00:08, 69.66it/s]
Processing frames:  64%|██████▍   | 1005/1572 [00:20<00:08, 66.43it/s]
Processing frames:  64%|██████▍   | 1013/1572 [00:20<00:09, 61.87it/s]
Processing frames:  65%|██████▍   | 1021/1572 [00:20<00:09, 56.65it/s]
Processing frames:  65%|██████▌   | 1029/1572 [00:21<00:10, 53.60it/s]
Processing frames:  66%|██████▌   | 1035/1572 [00:21<00:09, 54.34it/s]
Processing frames:  66%|██████▌   | 1041/1572 [00:21<00:11, 44.59it/s]
Processing frames:  67%|██████▋   | 1049/1572 [00:21<00:11, 45.35it/s]
Processing frames:  67%|██████▋   | 1057/1572 [00:21<00:11, 45.51it/s]
Processing frames:  68%|██████▊   | 1065/1572 [00:21<00:10, 46.84it/s]
Processing frames:  68%|██████▊   | 1073/1572 [00:22<00:09, 50.56it/s]
Processing frames:  69%|██████▉   | 1081/1572 [00:22<00:09, 53.43it/s]
Processing frames:  69%|██████▉   | 1089/1572 [00:22<00:08, 54.70it/s]
Processing frames:  70%|██████▉   | 1097/1572 [00:22<00:08, 55.11it/s]
Processing frames:  70%|███████   | 1105/1572 [00:22<00:08, 57.55it/s]
Processing frames:  71%|███████   | 1113/1572 [00:22<00:07, 60.47it/s]
Processing frames:  71%|███████▏  | 1121/1572 [00:22<00:07, 62.85it/s]
Processing frames:  72%|███████▏  | 1129/1572 [00:22<00:07, 62.40it/s]
Processing frames:  72%|███████▏  | 1137/1572 [00:23<00:07, 57.54it/s]
Processing frames:  73%|███████▎  | 1145/1572 [00:23<00:07, 54.58it/s]
Processing frames:  73%|███████▎  | 1153/1572 [00:23<00:08, 49.67it/s]
Processing frames:  74%|███████▎  | 1159/1572 [00:23<00:08, 49.66it/s]
Processing frames:  74%|███████▍  | 1165/1572 [00:23<00:08, 45.55it/s]
Processing frames:  75%|███████▍  | 1173/1572 [00:23<00:08, 47.36it/s]
Processing frames:  75%|███████▌  | 1181/1572 [00:24<00:07, 49.74it/s]
Processing frames:  76%|███████▌  | 1189/1572 [00:24<00:07, 51.46it/s]
Processing frames:  76%|███████▌  | 1197/1572 [00:24<00:06, 54.41it/s]
Processing frames:  77%|███████▋  | 1205/1572 [00:24<00:06, 53.92it/s]
Processing frames:  77%|███████▋  | 1213/1572 [00:24<00:06, 55.33it/s]
Processing frames:  78%|███████▊  | 1221/1572 [00:24<00:06, 56.69it/s]
Processing frames:  78%|███████▊  | 1229/1572 [00:24<00:05, 60.20it/s]
Processing frames:  79%|███████▉  | 1241/1572 [00:25<00:04, 67.36it/s]
Processing frames:  80%|███████▉  | 1253/1572 [00:25<00:04, 73.36it/s]
Processing frames:  80%|████████  | 1261/1572 [00:25<00:04, 67.23it/s]
Processing frames:  81%|████████  | 1269/1572 [00:25<00:05, 56.67it/s]
Processing frames:  81%|████████  | 1277/1572 [00:25<00:05, 51.30it/s]
Processing frames:  82%|████████▏ | 1285/1572 [00:25<00:05, 50.19it/s]
Processing frames:  82%|████████▏ | 1293/1572 [00:26<00:05, 48.73it/s]
Processing frames:  83%|████████▎ | 1301/1572 [00:26<00:05, 47.50it/s]
Processing frames:  83%|████████▎ | 1309/1572 [00:26<00:05, 48.51it/s]
Processing frames:  84%|████████▍ | 1317/1572 [00:26<00:04, 51.75it/s]
Processing frames:  84%|████████▍ | 1325/1572 [00:26<00:04, 54.74it/s]
Processing frames:  85%|████████▍ | 1333/1572 [00:26<00:04, 57.87it/s]
Processing frames:  85%|████████▌ | 1341/1572 [00:26<00:03, 61.46it/s]
Processing frames:  86%|████████▌ | 1349/1572 [00:27<00:03, 62.13it/s]
Processing frames:  86%|████████▋ | 1357/1572 [00:27<00:03, 62.83it/s]
Processing frames:  87%|████████▋ | 1369/1572 [00:27<00:02, 70.52it/s]
Processing frames:  88%|████████▊ | 1378/1572 [00:27<00:02, 75.31it/s]
Processing frames:  88%|████████▊ | 1386/1572 [00:27<00:02, 76.07it/s]
Processing frames:  89%|████████▊ | 1394/1572 [00:27<00:02, 74.39it/s]
Processing frames:  89%|████████▉ | 1402/1572 [00:27<00:02, 71.94it/s]
Processing frames:  90%|████████▉ | 1410/1572 [00:27<00:02, 70.08it/s]
Processing frames:  90%|█████████ | 1418/1572 [00:27<00:02, 68.00it/s]
Processing frames:  91%|█████████ | 1425/1572 [00:28<00:02, 64.30it/s]
Processing frames:  91%|█████████ | 1433/1572 [00:28<00:02, 63.46it/s]
Processing frames:  92%|█████████▏| 1441/1572 [00:28<00:02, 63.10it/s]
Processing frames:  92%|█████████▏| 1449/1572 [00:28<00:01, 63.57it/s]
Processing frames:  93%|█████████▎| 1457/1572 [00:28<00:01, 64.35it/s]
Processing frames:  93%|█████████▎| 1465/1572 [00:28<00:01, 65.09it/s]
Processing frames:  94%|█████████▎| 1473/1572 [00:28<00:01, 67.16it/s]
Processing frames:  94%|█████████▍| 1481/1572 [00:28<00:01, 69.75it/s]
Processing frames:  95%|█████████▍| 1489/1572 [00:29<00:01, 72.39it/s]
Processing frames:  95%|█████████▌| 1497/1572 [00:29<00:01, 73.89it/s]
Processing frames:  96%|█████████▌| 1505/1572 [00:29<00:00, 74.80it/s]
Processing frames:  97%|█████████▋| 1517/1572 [00:29<00:00, 79.28it/s]
Processing frames:  97%|█████████▋| 1525/1572 [00:29<00:00, 78.96it/s]
Processing frames:  98%|█████████▊| 1533/1572 [00:29<00:00, 77.33it/s]
Processing frames:  98%|█████████▊| 1541/1572 [00:29<00:00, 76.32it/s]
Processing frames:  99%|█████████▊| 1549/1572 [00:29<00:00, 73.66it/s]
Processing frames:  99%|█████████▉| 1557/1572 [00:29<00:00, 74.06it/s]
Processing frames: 100%|█████████▉| 1565/1572 [00:30<00:00, 74.48it/s]
Processing frames: 100%|██████████| 1572/1572 [00:30<00:00, 52.28it/s]
[INFO] Trajectory saved to /home/pulver/projects/Outdoor_SLPF/results/iros_rh2/20260225_105822_multiseed_all_methods/slpf/seed_22/trajectory_0.5.tum
[INFO] Trajectory saved to /home/pulver/projects/Outdoor_SLPF/results/iros_rh2/20260225_105822_multiseed_all_methods/slpf/seed_22/gps_pose.tum
[INFO] Finished processing all frames from the CSV file.

[exit_code=0 duration_sec=34.72]
