$ /home/pulver/projects/Outdoor_SLPF/.venv/bin/python /home/pulver/projects/Outdoor_SLPF/scripts/spf_lidar.py --miss-penalty 4.0 --wrong-hit-penalty 4.0 --gps-weight 0.5 --seed 11 --output-folder /home/pulver/projects/Outdoor_SLPF/results/iros_rh1_robustness/20260225_151229_run1_robustness_gpu/option_a_detection_drop/drop_20pct/seed_11 --frame-stride 4 --semantic-sigma 0.05 --gps-sigma 1.1 --corridor-weight 0.30 --corridor-dist-sigma 1.50 --corridor-heading-sigma 0.35 --background-class-weight 0.20 --max-background-obs 120 --expected-obs-count 150 --pose-smooth-alpha-pos 0.55 --pose-smooth-alpha-theta 0.50 --odom-yaw-filter-alpha 0.90 --particle-count 100 --segment-chunk 4096 --detection-drop-rate 0.200000 --no-visualization --data-path /home/pulver/projects/Outdoor_SLPF/data/2025/rh_run1 --geojson-path /home/pulver/projects/Outdoor_SLPF/data/riseholme_poles_trunk.geojson --require-cuda

/home/pulver/projects/Outdoor_SLPF/.venv/lib/python3.10/site-packages/matplotlib/projections/__init__.py:63: UserWarning: Unable to import Axes3D. This may be due to multiple versions of Matplotlib being installed (e.g. as a system package and as a pip package). As a result, the 3D projection is not available.
  warnings.warn("Unable to import Axes3D. This may be due to multiple versions of "
Using device: cuda
[INFO] Running with Miss Penalty: 4.0, Wrong Hit Penalty: 4.0, GPS Weight: 0.5, Seed: 11, Output: /home/pulver/projects/Outdoor_SLPF/results/iros_rh1_robustness/20260225_151229_run1_robustness_gpu/option_a_detection_drop/drop_20pct/seed_11, DataPath: /home/pulver/projects/Outdoor_SLPF/data/2025/rh_run1, CSV: /home/pulver/projects/Outdoor_SLPF/data/2025/rh_run1/data.csv, Stride: 4, MaxFrames: None, Visualize: False, Model: wall, DisableGPS: False, DisableSemantic: False, DisableCorridor: False, DisableBackground: False, StaticGPSWeight: False, DisablePoseSmooth: False, SemanticClasses: both, DetectionDropRate: 0.2, SegmentChunk: 4096, ProfileRuntime: False, ProfileWarmup: 20

Processing frames:   0%|          | 0/1593 [00:00<?, ?it/s]
Processing frames:   0%|          | 1/1593 [00:00<22:48,  1.16it/s]
Processing frames:   1%|          | 9/1593 [00:00<02:14, 11.77it/s]
Processing frames:   1%|          | 17/1593 [00:01<01:13, 21.55it/s]
Processing frames:   2%|▏         | 25/1593 [00:01<00:51, 30.41it/s]
Processing frames:   2%|▏         | 33/1593 [00:01<00:40, 38.18it/s]
Processing frames:   3%|▎         | 41/1593 [00:01<00:35, 43.26it/s]
Processing frames:   3%|▎         | 49/1593 [00:01<00:31, 48.30it/s]
Processing frames:   4%|▎         | 57/1593 [00:01<00:29, 51.70it/s]
Processing frames:   4%|▍         | 65/1593 [00:01<00:28, 53.33it/s]
Processing frames:   5%|▍         | 73/1593 [00:02<00:28, 53.46it/s]
Processing frames:   5%|▌         | 81/1593 [00:02<00:27, 54.30it/s]
Processing frames:   6%|▌         | 89/1593 [00:02<00:27, 54.49it/s]
Processing frames:   6%|▌         | 97/1593 [00:02<00:28, 53.20it/s]
Processing frames:   7%|▋         | 105/1593 [00:02<00:28, 52.73it/s]
Processing frames:   7%|▋         | 113/1593 [00:02<00:27, 53.48it/s]
Processing frames:   8%|▊         | 121/1593 [00:02<00:27, 54.39it/s]
Processing frames:   8%|▊         | 129/1593 [00:03<00:26, 54.71it/s]
Processing frames:   9%|▊         | 137/1593 [00:03<00:28, 51.86it/s]
Processing frames:   9%|▉         | 145/1593 [00:03<00:27, 52.33it/s]
Processing frames:  10%|▉         | 153/1593 [00:03<00:27, 51.64it/s]
Processing frames:  10%|█         | 161/1593 [00:03<00:27, 53.01it/s]
Processing frames:  11%|█         | 169/1593 [00:03<00:25, 55.19it/s]
Processing frames:  11%|█         | 177/1593 [00:03<00:25, 56.62it/s]
Processing frames:  12%|█▏        | 185/1593 [00:04<00:24, 58.29it/s]
Processing frames:  12%|█▏        | 193/1593 [00:04<00:23, 60.20it/s]
Processing frames:  13%|█▎        | 201/1593 [00:04<00:21, 64.08it/s]
Processing frames:  13%|█▎        | 209/1593 [00:04<00:21, 65.50it/s]
Processing frames:  14%|█▎        | 217/1593 [00:04<00:20, 67.65it/s]
Processing frames:  14%|█▍        | 229/1593 [00:04<00:18, 72.34it/s]
Processing frames:  15%|█▍        | 237/1593 [00:04<00:18, 73.71it/s]
Processing frames:  16%|█▌        | 249/1593 [00:04<00:18, 74.04it/s]
Processing frames:  16%|█▌        | 257/1593 [00:05<00:17, 75.37it/s]
Processing frames:  17%|█▋        | 265/1593 [00:05<00:20, 66.08it/s]
Processing frames:  17%|█▋        | 273/1593 [00:05<00:22, 57.44it/s]
Processing frames:  18%|█▊        | 281/1593 [00:05<00:24, 52.64it/s]
Processing frames:  18%|█▊        | 289/1593 [00:05<00:25, 51.39it/s]
Processing frames:  19%|█▊        | 297/1593 [00:05<00:25, 51.72it/s]
Processing frames:  19%|█▉        | 305/1593 [00:06<00:23, 55.02it/s]
Processing frames:  20%|█▉        | 313/1593 [00:06<00:23, 54.00it/s]
Processing frames:  20%|██        | 321/1593 [00:06<00:24, 51.31it/s]
Processing frames:  21%|██        | 329/1593 [00:06<00:25, 49.88it/s]
Processing frames:  21%|██        | 337/1593 [00:06<00:23, 52.40it/s]
Processing frames:  22%|██▏       | 345/1593 [00:06<00:23, 54.03it/s]
Processing frames:  22%|██▏       | 353/1593 [00:06<00:22, 55.58it/s]
Processing frames:  23%|██▎       | 361/1593 [00:07<00:21, 57.53it/s]
Processing frames:  23%|██▎       | 373/1593 [00:07<00:18, 65.31it/s]
Processing frames:  24%|██▍       | 381/1593 [00:07<00:17, 68.11it/s]
Processing frames:  25%|██▍       | 393/1593 [00:07<00:16, 73.48it/s]
Processing frames:  25%|██▌       | 405/1593 [00:07<00:16, 72.33it/s]
Processing frames:  26%|██▌       | 413/1593 [00:07<00:17, 66.01it/s]
Processing frames:  26%|██▋       | 421/1593 [00:07<00:19, 60.62it/s]
Processing frames:  27%|██▋       | 429/1593 [00:08<00:20, 56.49it/s]
Processing frames:  27%|██▋       | 437/1593 [00:08<00:21, 54.91it/s]
Processing frames:  28%|██▊       | 445/1593 [00:08<00:21, 52.71it/s]
Processing frames:  28%|██▊       | 453/1593 [00:08<00:21, 53.17it/s]
Processing frames:  29%|██▉       | 461/1593 [00:08<00:21, 53.38it/s]
Processing frames:  29%|██▉       | 469/1593 [00:08<00:22, 51.05it/s]
Processing frames:  30%|██▉       | 477/1593 [00:09<00:21, 51.66it/s]
Processing frames:  30%|███       | 485/1593 [00:09<00:20, 54.19it/s]
Processing frames:  31%|███       | 493/1593 [00:09<00:20, 53.46it/s]
Processing frames:  31%|███▏      | 501/1593 [00:09<00:19, 54.71it/s]
Processing frames:  32%|███▏      | 509/1593 [00:09<00:18, 57.14it/s]
Processing frames:  32%|███▏      | 517/1593 [00:09<00:18, 59.30it/s]
Processing frames:  33%|███▎      | 525/1593 [00:09<00:17, 59.69it/s]
Processing frames:  33%|███▎      | 533/1593 [00:10<00:17, 61.16it/s]
Processing frames:  34%|███▍      | 545/1593 [00:10<00:15, 67.12it/s]
Processing frames:  35%|███▍      | 553/1593 [00:10<00:15, 65.86it/s]
Processing frames:  35%|███▌      | 561/1593 [00:10<00:17, 59.10it/s]
Processing frames:  36%|███▌      | 569/1593 [00:10<00:19, 53.61it/s]
Processing frames:  36%|███▌      | 577/1593 [00:10<00:20, 48.60it/s]
Processing frames:  37%|███▋      | 585/1593 [00:11<00:21, 47.54it/s]
Processing frames:  37%|███▋      | 593/1593 [00:11<00:21, 45.92it/s]
Processing frames:  38%|███▊      | 601/1593 [00:11<00:20, 47.38it/s]
Processing frames:  38%|███▊      | 609/1593 [00:11<00:20, 48.67it/s]
Processing frames:  39%|███▊      | 617/1593 [00:11<00:20, 47.36it/s]
Processing frames:  39%|███▉      | 625/1593 [00:11<00:19, 49.14it/s]
Processing frames:  40%|███▉      | 633/1593 [00:11<00:18, 51.20it/s]
Processing frames:  40%|████      | 641/1593 [00:12<00:17, 54.08it/s]
Processing frames:  41%|████      | 649/1593 [00:12<00:16, 55.71it/s]
Processing frames:  41%|████      | 657/1593 [00:12<00:16, 58.17it/s]
Processing frames:  42%|████▏     | 669/1593 [00:12<00:14, 65.61it/s]
Processing frames:  43%|████▎     | 681/1593 [00:12<00:13, 67.90it/s]
Processing frames:  43%|████▎     | 689/1593 [00:12<00:13, 64.63it/s]
Processing frames:  44%|████▍     | 697/1593 [00:12<00:13, 64.78it/s]
Processing frames:  44%|████▍     | 705/1593 [00:13<00:15, 58.25it/s]
Processing frames:  45%|████▍     | 713/1593 [00:13<00:16, 54.65it/s]
Processing frames:  45%|████▌     | 721/1593 [00:13<00:16, 51.67it/s]
Processing frames:  46%|████▌     | 729/1593 [00:13<00:17, 50.46it/s]
Processing frames:  46%|████▋     | 737/1593 [00:13<00:16, 50.54it/s]
Processing frames:  47%|████▋     | 745/1593 [00:13<00:16, 51.72it/s]
Processing frames:  47%|████▋     | 753/1593 [00:14<00:15, 53.89it/s]
Processing frames:  48%|████▊     | 761/1593 [00:14<00:14, 56.52it/s]
Processing frames:  48%|████▊     | 769/1593 [00:14<00:13, 61.16it/s]
Processing frames:  49%|████▉     | 777/1593 [00:14<00:12, 63.90it/s]
Processing frames:  50%|████▉     | 789/1593 [00:14<00:11, 70.15it/s]
Processing frames:  50%|█████     | 801/1593 [00:14<00:11, 71.78it/s]
Processing frames:  51%|█████     | 809/1593 [00:14<00:13, 59.15it/s]
Processing frames:  51%|█████     | 816/1593 [00:15<00:13, 57.88it/s]
Processing frames:  52%|█████▏    | 822/1593 [00:15<00:17, 44.61it/s]
Processing frames:  52%|█████▏    | 827/1593 [00:15<00:17, 43.37it/s]
Processing frames:  52%|█████▏    | 832/1593 [00:15<00:17, 42.60it/s]
Processing frames:  53%|█████▎    | 837/1593 [00:15<00:22, 33.67it/s]
Processing frames:  53%|█████▎    | 841/1593 [00:15<00:22, 33.56it/s]
Processing frames:  53%|█████▎    | 845/1593 [00:16<00:21, 34.20it/s]
Processing frames:  53%|█████▎    | 849/1593 [00:16<00:21, 35.12it/s]
Processing frames:  54%|█████▎    | 853/1593 [00:16<00:20, 35.71it/s]
Processing frames:  54%|█████▍    | 857/1593 [00:16<00:20, 36.03it/s]
Processing frames:  54%|█████▍    | 861/1593 [00:16<00:20, 36.07it/s]
Processing frames:  54%|█████▍    | 865/1593 [00:16<00:20, 36.15it/s]
Processing frames:  55%|█████▍    | 869/1593 [00:16<00:20, 35.36it/s]
Processing frames:  55%|█████▌    | 877/1593 [00:16<00:17, 40.20it/s]
Processing frames:  56%|█████▌    | 885/1593 [00:16<00:15, 45.29it/s]
Processing frames:  56%|█████▌    | 893/1593 [00:17<00:14, 46.94it/s]
Processing frames:  57%|█████▋    | 901/1593 [00:17<00:13, 51.33it/s]
Processing frames:  57%|█████▋    | 909/1593 [00:17<00:12, 56.92it/s]
Processing frames:  58%|█████▊    | 921/1593 [00:17<00:10, 65.30it/s]
Processing frames:  59%|█████▊    | 933/1593 [00:17<00:09, 70.75it/s]
Processing frames:  59%|█████▉    | 941/1593 [00:17<00:09, 67.67it/s]
Processing frames:  60%|█████▉    | 949/1593 [00:17<00:09, 64.99it/s]
Processing frames:  60%|██████    | 957/1593 [00:18<00:11, 57.42it/s]
Processing frames:  60%|██████    | 963/1593 [00:18<00:10, 57.29it/s]
Processing frames:  61%|██████    | 969/1593 [00:18<00:13, 47.35it/s]
Processing frames:  61%|██████    | 974/1593 [00:18<00:13, 47.08it/s]
Processing frames:  61%|██████▏   | 979/1593 [00:18<00:12, 47.55it/s]
Processing frames:  62%|██████▏   | 985/1593 [00:18<00:15, 40.40it/s]
Processing frames:  62%|██████▏   | 990/1593 [00:18<00:14, 42.28it/s]
Processing frames:  62%|██████▏   | 995/1593 [00:19<00:14, 41.95it/s]
Processing frames:  63%|██████▎   | 1000/1593 [00:19<00:13, 42.56it/s]
Processing frames:  63%|██████▎   | 1005/1593 [00:19<00:17, 33.91it/s]
Processing frames:  63%|██████▎   | 1009/1593 [00:19<00:17, 33.85it/s]
Processing frames:  64%|██████▍   | 1017/1593 [00:19<00:15, 36.68it/s]
Processing frames:  64%|██████▍   | 1025/1593 [00:19<00:14, 39.50it/s]
Processing frames:  65%|██████▍   | 1033/1593 [00:20<00:13, 42.68it/s]
Processing frames:  65%|██████▌   | 1041/1593 [00:20<00:12, 44.88it/s]
Processing frames:  66%|██████▌   | 1049/1593 [00:20<00:11, 49.28it/s]
Processing frames:  67%|██████▋   | 1061/1593 [00:20<00:08, 60.16it/s]
Processing frames:  67%|██████▋   | 1073/1593 [00:20<00:07, 66.17it/s]
Processing frames:  68%|██████▊   | 1081/1593 [00:20<00:07, 65.31it/s]
Processing frames:  68%|██████▊   | 1089/1593 [00:20<00:09, 55.27it/s]
Processing frames:  69%|██████▊   | 1095/1593 [00:21<00:09, 51.26it/s]
Processing frames:  69%|██████▉   | 1101/1593 [00:21<00:12, 40.12it/s]
Processing frames:  69%|██████▉   | 1106/1593 [00:21<00:12, 39.53it/s]
Processing frames:  70%|██████▉   | 1111/1593 [00:21<00:12, 39.28it/s]
Processing frames:  70%|███████   | 1116/1593 [00:21<00:11, 39.85it/s]
Processing frames:  70%|███████   | 1121/1593 [00:21<00:15, 31.07it/s]
Processing frames:  71%|███████   | 1125/1593 [00:22<00:14, 31.51it/s]
Processing frames:  71%|███████   | 1129/1593 [00:22<00:14, 31.89it/s]
Processing frames:  71%|███████   | 1133/1593 [00:22<00:14, 31.54it/s]
Processing frames:  71%|███████▏  | 1137/1593 [00:22<00:14, 32.06it/s]
Processing frames:  72%|███████▏  | 1141/1593 [00:22<00:13, 32.81it/s]
Processing frames:  72%|███████▏  | 1145/1593 [00:22<00:13, 32.64it/s]
Processing frames:  72%|███████▏  | 1149/1593 [00:22<00:13, 32.40it/s]
Processing frames:  72%|███████▏  | 1153/1593 [00:22<00:13, 32.66it/s]
Processing frames:  73%|███████▎  | 1157/1593 [00:23<00:12, 33.63it/s]
Processing frames:  73%|███████▎  | 1165/1593 [00:23<00:11, 38.10it/s]
Processing frames:  74%|███████▎  | 1173/1593 [00:23<00:09, 42.00it/s]
Processing frames:  74%|███████▍  | 1181/1593 [00:23<00:08, 46.81it/s]
Processing frames:  75%|███████▍  | 1189/1593 [00:23<00:07, 53.71it/s]
Processing frames:  75%|███████▌  | 1201/1593 [00:23<00:06, 62.51it/s]
Processing frames:  76%|███████▌  | 1209/1593 [00:23<00:05, 64.90it/s]
Processing frames:  77%|███████▋  | 1221/1593 [00:24<00:05, 69.84it/s]
Processing frames:  77%|███████▋  | 1229/1593 [00:24<00:05, 68.70it/s]
Processing frames:  78%|███████▊  | 1237/1593 [00:24<00:05, 59.49it/s]
Processing frames:  78%|███████▊  | 1244/1593 [00:24<00:05, 60.35it/s]
Processing frames:  79%|███████▊  | 1251/1593 [00:24<00:06, 49.11it/s]
Processing frames:  79%|███████▉  | 1257/1593 [00:24<00:08, 41.77it/s]
Processing frames:  79%|███████▉  | 1262/1593 [00:25<00:07, 43.35it/s]
Processing frames:  80%|███████▉  | 1267/1593 [00:25<00:07, 43.90it/s]
Processing frames:  80%|███████▉  | 1273/1593 [00:25<00:07, 42.18it/s]
Processing frames:  80%|████████  | 1281/1593 [00:25<00:06, 45.07it/s]
Processing frames:  81%|████████  | 1289/1593 [00:25<00:06, 47.25it/s]
Processing frames:  81%|████████▏ | 1297/1593 [00:25<00:06, 49.12it/s]
Processing frames:  82%|████████▏ | 1305/1593 [00:25<00:05, 53.79it/s]
Processing frames:  83%|████████▎ | 1317/1593 [00:26<00:04, 61.05it/s]
Processing frames:  83%|████████▎ | 1325/1593 [00:26<00:04, 63.94it/s]
Processing frames:  84%|████████▍ | 1337/1593 [00:26<00:03, 70.47it/s]
Processing frames:  84%|████████▍ | 1345/1593 [00:26<00:04, 60.38it/s]
Processing frames:  85%|████████▍ | 1352/1593 [00:26<00:03, 61.18it/s]
Processing frames:  85%|████████▌ | 1359/1593 [00:26<00:04, 47.40it/s]
Processing frames:  86%|████████▌ | 1365/1593 [00:27<00:05, 40.43it/s]
Processing frames:  86%|████████▌ | 1370/1593 [00:27<00:05, 41.92it/s]
Processing frames:  86%|████████▋ | 1377/1593 [00:27<00:05, 39.56it/s]
Processing frames:  87%|████████▋ | 1382/1593 [00:27<00:05, 41.53it/s]
Processing frames:  87%|████████▋ | 1387/1593 [00:27<00:04, 42.16it/s]
Processing frames:  87%|████████▋ | 1392/1593 [00:27<00:04, 42.60it/s]
Processing frames:  88%|████████▊ | 1397/1593 [00:27<00:05, 35.12it/s]
Processing frames:  88%|████████▊ | 1405/1593 [00:28<00:04, 37.99it/s]
Processing frames:  89%|████████▊ | 1413/1593 [00:28<00:04, 43.59it/s]
Processing frames:  89%|████████▉ | 1421/1593 [00:28<00:03, 46.34it/s]
Processing frames:  90%|████████▉ | 1429/1593 [00:28<00:03, 47.12it/s]
Processing frames:  90%|█████████ | 1437/1593 [00:28<00:03, 48.38it/s]
Processing frames:  91%|█████████ | 1445/1593 [00:28<00:02, 50.86it/s]
Processing frames:  91%|█████████ | 1453/1593 [00:28<00:02, 56.04it/s]
Processing frames:  92%|█████████▏| 1461/1593 [00:28<00:02, 61.01it/s]
Processing frames:  92%|█████████▏| 1469/1593 [00:29<00:02, 56.25it/s]
Processing frames:  93%|█████████▎| 1477/1593 [00:29<00:02, 55.83it/s]
Processing frames:  93%|█████████▎| 1485/1593 [00:29<00:01, 56.72it/s]
Processing frames:  94%|█████████▎| 1493/1593 [00:29<00:01, 60.06it/s]
Processing frames:  94%|█████████▍| 1501/1593 [00:29<00:01, 62.16it/s]
Processing frames:  95%|█████████▍| 1509/1593 [00:29<00:01, 61.23it/s]
Processing frames:  95%|█████████▌| 1517/1593 [00:29<00:01, 60.34it/s]
Processing frames:  96%|█████████▌| 1525/1593 [00:30<00:01, 61.32it/s]
Processing frames:  96%|█████████▌| 1533/1593 [00:30<00:00, 61.20it/s]
Processing frames:  97%|█████████▋| 1541/1593 [00:30<00:00, 62.84it/s]
Processing frames:  97%|█████████▋| 1553/1593 [00:30<00:00, 69.89it/s]
Processing frames:  98%|█████████▊| 1565/1593 [00:30<00:00, 75.17it/s]
Processing frames:  99%|█████████▉| 1577/1593 [00:30<00:00, 76.01it/s]
Processing frames:  99%|█████████▉| 1585/1593 [00:30<00:00, 74.63it/s]
Processing frames: 100%|██████████| 1593/1593 [00:30<00:00, 51.44it/s]
[INFO] Trajectory saved to /home/pulver/projects/Outdoor_SLPF/results/iros_rh1_robustness/20260225_151229_run1_robustness_gpu/option_a_detection_drop/drop_20pct/seed_11/trajectory_0.5.tum
[INFO] Trajectory saved to /home/pulver/projects/Outdoor_SLPF/results/iros_rh1_robustness/20260225_151229_run1_robustness_gpu/option_a_detection_drop/drop_20pct/seed_11/gps_pose.tum
[INFO] Finished processing all frames from the CSV file.

[exit_code=0 duration_sec=35.62]
