$ /home/pulver/projects/Outdoor_SLPF/.venv/bin/python /home/pulver/projects/Outdoor_SLPF/scripts/spf_lidar.py --miss-penalty 4.0 --wrong-hit-penalty 4.0 --gps-weight 0.5 --seed 11 --output-folder /home/pulver/projects/Outdoor_SLPF/results/iros_ablation/20260217_085404_ablation/static_gps_weight/seed_11 --frame-stride 4 --semantic-sigma 0.05 --gps-sigma 1.1 --corridor-weight 0.3 --corridor-dist-sigma 1.5 --corridor-heading-sigma 0.35 --background-class-weight 0.2 --max-background-obs 120 --expected-obs-count 150.0 --pose-smooth-alpha-pos 0.55 --pose-smooth-alpha-theta 0.5 --odom-yaw-filter-alpha 0.9 --particle-count 100 --point-ang-sigma 0.08 --point-range-sigma 0.35 --point-ang-gate 0.2 --point-max-range-diff 1.5 --no-visualization --require-cuda --disable-dynamic-gps-weight

/home/pulver/projects/Outdoor_SLPF/.venv/lib/python3.10/site-packages/matplotlib/projections/__init__.py:63: UserWarning: Unable to import Axes3D. This may be due to multiple versions of Matplotlib being installed (e.g. as a system package and as a pip package). As a result, the 3D projection is not available.
  warnings.warn("Unable to import Axes3D. This may be due to multiple versions of "
Using device: cuda
[INFO] Running with Miss Penalty: 4.0, Wrong Hit Penalty: 4.0, GPS Weight: 0.5, Seed: 11, Output: /home/pulver/projects/Outdoor_SLPF/results/iros_ablation/20260217_085404_ablation/static_gps_weight/seed_11, Stride: 4, MaxFrames: None, Visualize: False, Model: wall, DisableGPS: False, DisableSemantic: False, DisableCorridor: False, DisableBackground: False, StaticGPSWeight: True, DisablePoseSmooth: False

Processing frames:   0%|          | 0/1593 [00:00<?, ?it/s]
Processing frames:   0%|          | 1/1593 [00:00<22:48,  1.16it/s]
Processing frames:   1%|          | 9/1593 [00:00<02:14, 11.77it/s]
Processing frames:   1%|          | 17/1593 [00:01<01:12, 21.63it/s]
Processing frames:   2%|▏         | 25/1593 [00:01<00:51, 30.52it/s]
Processing frames:   2%|▏         | 33/1593 [00:01<00:40, 38.31it/s]
Processing frames:   3%|▎         | 41/1593 [00:01<00:35, 43.39it/s]
Processing frames:   3%|▎         | 49/1593 [00:01<00:31, 48.57it/s]
Processing frames:   4%|▎         | 57/1593 [00:01<00:29, 52.30it/s]
Processing frames:   4%|▍         | 65/1593 [00:01<00:28, 54.42it/s]
Processing frames:   5%|▍         | 73/1593 [00:02<00:27, 54.37it/s]
Processing frames:   5%|▌         | 81/1593 [00:02<00:27, 55.16it/s]
Processing frames:   6%|▌         | 89/1593 [00:02<00:27, 55.29it/s]
Processing frames:   6%|▌         | 97/1593 [00:02<00:27, 53.79it/s]
Processing frames:   7%|▋         | 105/1593 [00:02<00:28, 53.05it/s]
Processing frames:   7%|▋         | 113/1593 [00:02<00:28, 52.29it/s]
Processing frames:   8%|▊         | 121/1593 [00:02<00:28, 52.25it/s]
Processing frames:   8%|▊         | 129/1593 [00:03<00:27, 52.93it/s]
Processing frames:   9%|▊         | 137/1593 [00:03<00:28, 50.69it/s]
Processing frames:   9%|▉         | 145/1593 [00:03<00:28, 50.59it/s]
Processing frames:  10%|▉         | 153/1593 [00:03<00:28, 49.91it/s]
Processing frames:  10%|█         | 161/1593 [00:03<00:28, 51.02it/s]
Processing frames:  11%|█         | 169/1593 [00:03<00:26, 52.93it/s]
Processing frames:  11%|█         | 177/1593 [00:04<00:26, 53.93it/s]
Processing frames:  12%|█▏        | 185/1593 [00:04<00:25, 55.12it/s]
Processing frames:  12%|█▏        | 193/1593 [00:04<00:24, 56.79it/s]
Processing frames:  13%|█▎        | 201/1593 [00:04<00:23, 60.25it/s]
Processing frames:  13%|█▎        | 209/1593 [00:04<00:22, 61.77it/s]
Processing frames:  14%|█▎        | 217/1593 [00:04<00:21, 63.63it/s]
Processing frames:  14%|█▍        | 225/1593 [00:04<00:20, 66.55it/s]
Processing frames:  15%|█▍        | 233/1593 [00:04<00:19, 68.38it/s]
Processing frames:  15%|█▌        | 241/1593 [00:04<00:18, 71.37it/s]
Processing frames:  16%|█▌        | 249/1593 [00:05<00:19, 70.72it/s]
Processing frames:  16%|█▌        | 257/1593 [00:05<00:18, 72.27it/s]
Processing frames:  17%|█▋        | 265/1593 [00:05<00:21, 62.85it/s]
Processing frames:  17%|█▋        | 272/1593 [00:05<00:20, 64.51it/s]
Processing frames:  18%|█▊        | 279/1593 [00:05<00:24, 53.25it/s]
Processing frames:  18%|█▊        | 285/1593 [00:05<00:27, 46.80it/s]
Processing frames:  18%|█▊        | 293/1593 [00:05<00:27, 47.81it/s]
Processing frames:  19%|█▉        | 301/1593 [00:06<00:25, 50.84it/s]
Processing frames:  19%|█▉        | 309/1593 [00:06<00:24, 53.19it/s]
Processing frames:  20%|█▉        | 317/1593 [00:06<00:25, 50.85it/s]
Processing frames:  20%|██        | 325/1593 [00:06<00:26, 48.30it/s]
Processing frames:  21%|██        | 333/1593 [00:06<00:25, 49.99it/s]
Processing frames:  21%|██▏       | 341/1593 [00:06<00:23, 52.33it/s]
Processing frames:  22%|██▏       | 349/1593 [00:07<00:23, 53.08it/s]
Processing frames:  22%|██▏       | 357/1593 [00:07<00:22, 55.69it/s]
Processing frames:  23%|██▎       | 365/1593 [00:07<00:20, 60.69it/s]
Processing frames:  23%|██▎       | 374/1593 [00:07<00:17, 67.87it/s]
Processing frames:  24%|██▍       | 382/1593 [00:07<00:17, 70.45it/s]
Processing frames:  25%|██▍       | 393/1593 [00:07<00:16, 73.21it/s]
Processing frames:  25%|██▌       | 405/1593 [00:07<00:16, 72.52it/s]
Processing frames:  26%|██▌       | 413/1593 [00:07<00:17, 65.99it/s]
Processing frames:  26%|██▋       | 421/1593 [00:08<00:19, 60.92it/s]
Processing frames:  27%|██▋       | 429/1593 [00:08<00:20, 56.81it/s]
Processing frames:  27%|██▋       | 437/1593 [00:08<00:20, 55.41it/s]
Processing frames:  28%|██▊       | 445/1593 [00:08<00:21, 52.97it/s]
Processing frames:  28%|██▊       | 453/1593 [00:08<00:21, 53.77it/s]
Processing frames:  29%|██▉       | 461/1593 [00:08<00:21, 53.68it/s]
Processing frames:  29%|██▉       | 469/1593 [00:09<00:22, 50.42it/s]
Processing frames:  30%|██▉       | 477/1593 [00:09<00:21, 50.79it/s]
Processing frames:  30%|███       | 485/1593 [00:09<00:20, 52.93it/s]
Processing frames:  31%|███       | 493/1593 [00:09<00:21, 52.19it/s]
Processing frames:  31%|███▏      | 501/1593 [00:09<00:20, 53.79it/s]
Processing frames:  32%|███▏      | 509/1593 [00:09<00:19, 56.00it/s]
Processing frames:  32%|███▏      | 517/1593 [00:09<00:18, 57.44it/s]
Processing frames:  33%|███▎      | 525/1593 [00:10<00:18, 58.55it/s]
Processing frames:  33%|███▎      | 533/1593 [00:10<00:17, 60.60it/s]
Processing frames:  34%|███▍      | 545/1593 [00:10<00:15, 66.32it/s]
Processing frames:  35%|███▍      | 553/1593 [00:10<00:15, 65.39it/s]
Processing frames:  35%|███▌      | 561/1593 [00:10<00:17, 58.71it/s]
Processing frames:  36%|███▌      | 569/1593 [00:10<00:19, 53.89it/s]
Processing frames:  36%|███▌      | 577/1593 [00:11<00:20, 48.85it/s]
Processing frames:  37%|███▋      | 585/1593 [00:11<00:20, 48.11it/s]
Processing frames:  37%|███▋      | 593/1593 [00:11<00:21, 46.54it/s]
Processing frames:  38%|███▊      | 601/1593 [00:11<00:20, 47.49it/s]
Processing frames:  38%|███▊      | 609/1593 [00:11<00:20, 48.59it/s]
Processing frames:  39%|███▊      | 617/1593 [00:11<00:20, 47.69it/s]
Processing frames:  39%|███▉      | 625/1593 [00:11<00:19, 49.81it/s]
Processing frames:  40%|███▉      | 633/1593 [00:12<00:18, 52.06it/s]
Processing frames:  40%|████      | 641/1593 [00:12<00:17, 55.25it/s]
Processing frames:  41%|████      | 649/1593 [00:12<00:16, 56.90it/s]
Processing frames:  41%|████      | 657/1593 [00:12<00:15, 59.82it/s]
Processing frames:  42%|████▏     | 669/1593 [00:12<00:13, 67.31it/s]
Processing frames:  43%|████▎     | 681/1593 [00:12<00:13, 69.33it/s]
Processing frames:  43%|████▎     | 689/1593 [00:12<00:13, 65.12it/s]
Processing frames:  44%|████▍     | 697/1593 [00:13<00:13, 64.66it/s]
Processing frames:  44%|████▍     | 705/1593 [00:13<00:15, 58.82it/s]
Processing frames:  45%|████▍     | 713/1593 [00:13<00:15, 55.22it/s]
Processing frames:  45%|████▌     | 721/1593 [00:13<00:16, 51.96it/s]
Processing frames:  46%|████▌     | 729/1593 [00:13<00:17, 50.47it/s]
Processing frames:  46%|████▋     | 737/1593 [00:13<00:16, 50.50it/s]
Processing frames:  47%|████▋     | 745/1593 [00:14<00:16, 51.50it/s]
Processing frames:  47%|████▋     | 753/1593 [00:14<00:15, 53.59it/s]
Processing frames:  48%|████▊     | 761/1593 [00:14<00:14, 55.75it/s]
Processing frames:  48%|████▊     | 769/1593 [00:14<00:13, 60.01it/s]
Processing frames:  49%|████▉     | 777/1593 [00:14<00:12, 62.96it/s]
Processing frames:  49%|████▉     | 785/1593 [00:14<00:12, 66.99it/s]
Processing frames:  50%|█████     | 797/1593 [00:14<00:10, 72.82it/s]
Processing frames:  51%|█████     | 805/1593 [00:14<00:11, 66.14it/s]
Processing frames:  51%|█████     | 812/1593 [00:15<00:11, 65.90it/s]
Processing frames:  51%|█████▏    | 819/1593 [00:15<00:15, 48.43it/s]
Processing frames:  52%|█████▏    | 825/1593 [00:15<00:19, 39.73it/s]
Processing frames:  52%|█████▏    | 830/1593 [00:15<00:19, 39.97it/s]
Processing frames:  52%|█████▏    | 835/1593 [00:15<00:18, 39.92it/s]
Processing frames:  53%|█████▎    | 840/1593 [00:15<00:18, 40.97it/s]
Processing frames:  53%|█████▎    | 845/1593 [00:16<00:22, 33.01it/s]
Processing frames:  53%|█████▎    | 849/1593 [00:16<00:21, 33.89it/s]
Processing frames:  54%|█████▎    | 853/1593 [00:16<00:21, 34.69it/s]
Processing frames:  54%|█████▍    | 857/1593 [00:16<00:20, 35.42it/s]
Processing frames:  54%|█████▍    | 861/1593 [00:16<00:20, 35.56it/s]
Processing frames:  54%|█████▍    | 865/1593 [00:16<00:20, 36.16it/s]
Processing frames:  55%|█████▍    | 869/1593 [00:16<00:20, 35.66it/s]
Processing frames:  55%|█████▌    | 877/1593 [00:16<00:17, 40.41it/s]
Processing frames:  56%|█████▌    | 885/1593 [00:17<00:15, 45.89it/s]
Processing frames:  56%|█████▌    | 893/1593 [00:17<00:14, 47.77it/s]
Processing frames:  57%|█████▋    | 901/1593 [00:17<00:13, 51.79it/s]
Processing frames:  57%|█████▋    | 909/1593 [00:17<00:11, 57.20it/s]
Processing frames:  58%|█████▊    | 921/1593 [00:17<00:10, 65.61it/s]
Processing frames:  59%|█████▊    | 933/1593 [00:17<00:09, 71.13it/s]
Processing frames:  59%|█████▉    | 941/1593 [00:17<00:09, 68.51it/s]
Processing frames:  60%|█████▉    | 949/1593 [00:18<00:09, 65.75it/s]
Processing frames:  60%|██████    | 957/1593 [00:18<00:10, 57.87it/s]
Processing frames:  60%|██████    | 963/1593 [00:18<00:10, 57.40it/s]
Processing frames:  61%|██████    | 969/1593 [00:18<00:13, 47.67it/s]
Processing frames:  61%|██████    | 975/1593 [00:18<00:12, 49.54it/s]
Processing frames:  62%|██████▏   | 981/1593 [00:18<00:14, 41.85it/s]
Processing frames:  62%|██████▏   | 986/1593 [00:18<00:14, 42.02it/s]
Processing frames:  62%|██████▏   | 991/1593 [00:19<00:13, 43.34it/s]
Processing frames:  63%|██████▎   | 996/1593 [00:19<00:14, 42.22it/s]
Processing frames:  63%|██████▎   | 1001/1593 [00:19<00:17, 33.20it/s]
Processing frames:  63%|██████▎   | 1005/1593 [00:19<00:17, 33.84it/s]
Processing frames:  63%|██████▎   | 1009/1593 [00:19<00:17, 33.64it/s]
Processing frames:  64%|██████▍   | 1017/1593 [00:19<00:15, 36.69it/s]
Processing frames:  64%|██████▍   | 1025/1593 [00:20<00:14, 39.95it/s]
Processing frames:  65%|██████▍   | 1033/1593 [00:20<00:12, 43.30it/s]
Processing frames:  65%|██████▌   | 1041/1593 [00:20<00:12, 45.32it/s]
Processing frames:  66%|██████▌   | 1049/1593 [00:20<00:10, 49.78it/s]
Processing frames:  67%|██████▋   | 1061/1593 [00:20<00:08, 60.61it/s]
Processing frames:  67%|██████▋   | 1073/1593 [00:20<00:07, 66.11it/s]
Processing frames:  68%|██████▊   | 1081/1593 [00:20<00:07, 65.52it/s]
Processing frames:  68%|██████▊   | 1089/1593 [00:21<00:08, 56.24it/s]
Processing frames:  69%|██████▊   | 1095/1593 [00:21<00:09, 52.36it/s]
Processing frames:  69%|██████▉   | 1101/1593 [00:21<00:12, 39.93it/s]
Processing frames:  69%|██████▉   | 1106/1593 [00:21<00:12, 39.13it/s]
Processing frames:  70%|██████▉   | 1111/1593 [00:21<00:12, 39.08it/s]
Processing frames:  70%|███████   | 1116/1593 [00:21<00:11, 40.16it/s]
Processing frames:  70%|███████   | 1121/1593 [00:22<00:14, 31.55it/s]
Processing frames:  71%|███████   | 1125/1593 [00:22<00:14, 31.88it/s]
Processing frames:  71%|███████   | 1129/1593 [00:22<00:14, 32.17it/s]
Processing frames:  71%|███████   | 1133/1593 [00:22<00:14, 32.78it/s]
Processing frames:  71%|███████▏  | 1137/1593 [00:22<00:14, 32.45it/s]
Processing frames:  72%|███████▏  | 1141/1593 [00:22<00:13, 32.90it/s]
Processing frames:  72%|███████▏  | 1145/1593 [00:22<00:13, 32.55it/s]
Processing frames:  72%|███████▏  | 1149/1593 [00:22<00:13, 32.28it/s]
Processing frames:  72%|███████▏  | 1153/1593 [00:23<00:13, 32.43it/s]
Processing frames:  73%|███████▎  | 1157/1593 [00:23<00:13, 33.50it/s]
Processing frames:  73%|███████▎  | 1165/1593 [00:23<00:11, 37.87it/s]
Processing frames:  74%|███████▎  | 1173/1593 [00:23<00:09, 42.10it/s]
Processing frames:  74%|███████▍  | 1181/1593 [00:23<00:08, 46.84it/s]
Processing frames:  75%|███████▍  | 1189/1593 [00:23<00:07, 53.54it/s]
Processing frames:  75%|███████▌  | 1197/1593 [00:23<00:06, 59.94it/s]
Processing frames:  76%|███████▌  | 1205/1593 [00:23<00:06, 64.38it/s]
Processing frames:  76%|███████▌  | 1213/1593 [00:24<00:05, 68.17it/s]
Processing frames:  77%|███████▋  | 1221/1593 [00:24<00:05, 70.33it/s]
Processing frames:  77%|███████▋  | 1229/1593 [00:24<00:05, 68.63it/s]
Processing frames:  78%|███████▊  | 1237/1593 [00:24<00:06, 58.14it/s]
Processing frames:  78%|███████▊  | 1244/1593 [00:24<00:05, 59.43it/s]
Processing frames:  79%|███████▊  | 1251/1593 [00:24<00:07, 48.12it/s]
Processing frames:  79%|███████▉  | 1257/1593 [00:25<00:08, 40.27it/s]
Processing frames:  79%|███████▉  | 1262/1593 [00:25<00:07, 42.08it/s]
Processing frames:  80%|███████▉  | 1267/1593 [00:25<00:07, 43.15it/s]
Processing frames:  80%|███████▉  | 1273/1593 [00:25<00:07, 40.88it/s]
Processing frames:  80%|████████  | 1281/1593 [00:25<00:07, 43.62it/s]
Processing frames:  81%|████████  | 1289/1593 [00:25<00:06, 45.79it/s]
Processing frames:  81%|████████▏ | 1297/1593 [00:25<00:06, 46.80it/s]
Processing frames:  82%|████████▏ | 1305/1593 [00:26<00:05, 50.78it/s]
Processing frames:  82%|████████▏ | 1313/1593 [00:26<00:04, 57.11it/s]
Processing frames:  83%|████████▎ | 1321/1593 [00:26<00:04, 59.93it/s]
Processing frames:  83%|████████▎ | 1329/1593 [00:26<00:04, 63.84it/s]
Processing frames:  84%|████████▍ | 1341/1593 [00:26<00:03, 68.12it/s]
Processing frames:  85%|████████▍ | 1348/1593 [00:26<00:03, 64.71it/s]
Processing frames:  85%|████████▌ | 1355/1593 [00:26<00:04, 48.98it/s]
Processing frames:  85%|████████▌ | 1361/1593 [00:27<00:05, 39.52it/s]
Processing frames:  86%|████████▌ | 1366/1593 [00:27<00:05, 40.71it/s]
Processing frames:  86%|████████▌ | 1371/1593 [00:27<00:05, 42.01it/s]
Processing frames:  86%|████████▋ | 1377/1593 [00:27<00:05, 36.79it/s]
Processing frames:  87%|████████▋ | 1382/1593 [00:27<00:05, 38.94it/s]
Processing frames:  87%|████████▋ | 1387/1593 [00:27<00:05, 39.76it/s]
Processing frames:  87%|████████▋ | 1392/1593 [00:27<00:04, 40.30it/s]
Processing frames:  88%|████████▊ | 1397/1593 [00:28<00:05, 32.69it/s]
Processing frames:  88%|████████▊ | 1405/1593 [00:28<00:05, 36.02it/s]
Processing frames:  89%|████████▊ | 1413/1593 [00:28<00:04, 41.74it/s]
Processing frames:  89%|████████▉ | 1421/1593 [00:28<00:03, 45.17it/s]
Processing frames:  90%|████████▉ | 1429/1593 [00:28<00:03, 46.36it/s]
Processing frames:  90%|█████████ | 1437/1593 [00:28<00:03, 47.78it/s]
Processing frames:  91%|█████████ | 1445/1593 [00:29<00:02, 50.50it/s]
Processing frames:  91%|█████████ | 1453/1593 [00:29<00:02, 55.58it/s]
Processing frames:  92%|█████████▏| 1461/1593 [00:29<00:02, 60.32it/s]
Processing frames:  92%|█████████▏| 1469/1593 [00:29<00:02, 56.56it/s]
Processing frames:  93%|█████████▎| 1477/1593 [00:29<00:02, 56.49it/s]
Processing frames:  93%|█████████▎| 1485/1593 [00:29<00:01, 57.07it/s]
Processing frames:  94%|█████████▎| 1493/1593 [00:29<00:01, 59.96it/s]
Processing frames:  94%|█████████▍| 1501/1593 [00:29<00:01, 61.50it/s]
Processing frames:  95%|█████████▍| 1509/1593 [00:30<00:01, 60.01it/s]
Processing frames:  95%|█████████▌| 1517/1593 [00:30<00:01, 59.61it/s]
Processing frames:  96%|█████████▌| 1525/1593 [00:30<00:01, 60.48it/s]
Processing frames:  96%|█████████▌| 1533/1593 [00:30<00:00, 60.94it/s]
Processing frames:  97%|█████████▋| 1541/1593 [00:30<00:00, 62.36it/s]
Processing frames:  97%|█████████▋| 1549/1593 [00:30<00:00, 66.53it/s]
Processing frames:  98%|█████████▊| 1561/1593 [00:30<00:00, 72.77it/s]
Processing frames:  99%|█████████▊| 1573/1593 [00:30<00:00, 76.47it/s]
Processing frames:  99%|█████████▉| 1581/1593 [00:31<00:00, 74.44it/s]
Processing frames: 100%|█████████▉| 1589/1593 [00:31<00:00, 74.06it/s]
Processing frames: 100%|██████████| 1593/1593 [00:31<00:00, 50.98it/s]
[INFO] Trajectory saved to /home/pulver/projects/Outdoor_SLPF/results/iros_ablation/20260217_085404_ablation/static_gps_weight/seed_11/trajectory_0.5.tum
[INFO] Trajectory saved to /home/pulver/projects/Outdoor_SLPF/results/iros_ablation/20260217_085404_ablation/static_gps_weight/seed_11/gps_pose.tum
[INFO] Finished processing all frames from the CSV file.

[exit_code=0 duration_sec=36.02]
