$ /home/pulver/projects/Outdoor_SLPF/.venv/bin/python /home/pulver/projects/Outdoor_SLPF/scripts/spf_lidar.py --miss-penalty 4.0 --wrong-hit-penalty 4.0 --gps-weight 0.5 --seed 11 --output-folder /home/pulver/projects/Outdoor_SLPF/results/iros_ablation/20260217_085404_ablation/no_corridor/seed_11 --frame-stride 4 --semantic-sigma 0.05 --gps-sigma 1.1 --corridor-weight 0.3 --corridor-dist-sigma 1.5 --corridor-heading-sigma 0.35 --background-class-weight 0.2 --max-background-obs 120 --expected-obs-count 150.0 --pose-smooth-alpha-pos 0.55 --pose-smooth-alpha-theta 0.5 --odom-yaw-filter-alpha 0.9 --particle-count 100 --point-ang-sigma 0.08 --point-range-sigma 0.35 --point-ang-gate 0.2 --point-max-range-diff 1.5 --no-visualization --require-cuda --disable-corridor

/home/pulver/projects/Outdoor_SLPF/.venv/lib/python3.10/site-packages/matplotlib/projections/__init__.py:63: UserWarning: Unable to import Axes3D. This may be due to multiple versions of Matplotlib being installed (e.g. as a system package and as a pip package). As a result, the 3D projection is not available.
  warnings.warn("Unable to import Axes3D. This may be due to multiple versions of "
Using device: cuda
[INFO] Running with Miss Penalty: 4.0, Wrong Hit Penalty: 4.0, GPS Weight: 0.5, Seed: 11, Output: /home/pulver/projects/Outdoor_SLPF/results/iros_ablation/20260217_085404_ablation/no_corridor/seed_11, Stride: 4, MaxFrames: None, Visualize: False, Model: wall, DisableGPS: False, DisableSemantic: False, DisableCorridor: True, DisableBackground: False, StaticGPSWeight: False, DisablePoseSmooth: False

Processing frames:   0%|          | 0/1593 [00:00<?, ?it/s]
Processing frames:   0%|          | 1/1593 [00:00<22:55,  1.16it/s]
Processing frames:   1%|          | 9/1593 [00:01<02:15, 11.71it/s]
Processing frames:   1%|          | 17/1593 [00:01<01:14, 21.29it/s]
Processing frames:   2%|▏         | 25/1593 [00:01<00:52, 29.99it/s]
Processing frames:   2%|▏         | 33/1593 [00:01<00:41, 37.43it/s]
Processing frames:   3%|▎         | 41/1593 [00:01<00:36, 42.87it/s]
Processing frames:   3%|▎         | 49/1593 [00:01<00:32, 47.74it/s]
Processing frames:   4%|▎         | 57/1593 [00:01<00:30, 51.04it/s]
Processing frames:   4%|▍         | 65/1593 [00:01<00:28, 53.32it/s]
Processing frames:   5%|▍         | 73/1593 [00:02<00:28, 53.20it/s]
Processing frames:   5%|▌         | 81/1593 [00:02<00:27, 54.21it/s]
Processing frames:   6%|▌         | 89/1593 [00:02<00:27, 53.82it/s]
Processing frames:   6%|▌         | 97/1593 [00:02<00:28, 51.97it/s]
Processing frames:   7%|▋         | 105/1593 [00:02<00:28, 51.43it/s]
Processing frames:   7%|▋         | 113/1593 [00:02<00:28, 52.03it/s]
Processing frames:   8%|▊         | 121/1593 [00:03<00:27, 53.31it/s]
Processing frames:   8%|▊         | 129/1593 [00:03<00:27, 54.08it/s]
Processing frames:   9%|▊         | 137/1593 [00:03<00:28, 51.82it/s]
Processing frames:   9%|▉         | 145/1593 [00:03<00:27, 51.81it/s]
Processing frames:  10%|▉         | 153/1593 [00:03<00:28, 51.27it/s]
Processing frames:  10%|█         | 161/1593 [00:03<00:27, 52.72it/s]
Processing frames:  11%|█         | 169/1593 [00:03<00:25, 55.11it/s]
Processing frames:  11%|█         | 177/1593 [00:04<00:25, 56.35it/s]
Processing frames:  12%|█▏        | 185/1593 [00:04<00:24, 57.94it/s]
Processing frames:  12%|█▏        | 193/1593 [00:04<00:23, 59.41it/s]
Processing frames:  13%|█▎        | 201/1593 [00:04<00:22, 63.20it/s]
Processing frames:  13%|█▎        | 209/1593 [00:04<00:21, 64.68it/s]
Processing frames:  14%|█▎        | 217/1593 [00:04<00:20, 66.41it/s]
Processing frames:  14%|█▍        | 225/1593 [00:04<00:19, 69.21it/s]
Processing frames:  15%|█▍        | 233/1593 [00:04<00:19, 70.98it/s]
Processing frames:  15%|█▌        | 241/1593 [00:04<00:18, 73.30it/s]
Processing frames:  16%|█▌        | 249/1593 [00:05<00:18, 72.26it/s]
Processing frames:  16%|█▌        | 257/1593 [00:05<00:18, 73.27it/s]
Processing frames:  17%|█▋        | 265/1593 [00:05<00:20, 63.33it/s]
Processing frames:  17%|█▋        | 272/1593 [00:05<00:20, 64.95it/s]
Processing frames:  18%|█▊        | 279/1593 [00:05<00:24, 53.80it/s]
Processing frames:  18%|█▊        | 285/1593 [00:05<00:27, 47.09it/s]
Processing frames:  18%|█▊        | 293/1593 [00:05<00:27, 47.98it/s]
Processing frames:  19%|█▉        | 301/1593 [00:06<00:25, 50.68it/s]
Processing frames:  19%|█▉        | 309/1593 [00:06<00:24, 52.90it/s]
Processing frames:  20%|█▉        | 317/1593 [00:06<00:24, 51.15it/s]
Processing frames:  20%|██        | 325/1593 [00:06<00:25, 49.29it/s]
Processing frames:  21%|██        | 333/1593 [00:06<00:24, 50.91it/s]
Processing frames:  21%|██▏       | 341/1593 [00:06<00:23, 53.78it/s]
Processing frames:  22%|██▏       | 349/1593 [00:06<00:22, 55.15it/s]
Processing frames:  22%|██▏       | 357/1593 [00:07<00:21, 58.22it/s]
Processing frames:  23%|██▎       | 365/1593 [00:07<00:19, 62.97it/s]
Processing frames:  23%|██▎       | 373/1593 [00:07<00:18, 67.15it/s]
Processing frames:  24%|██▍       | 381/1593 [00:07<00:17, 69.30it/s]
Processing frames:  25%|██▍       | 393/1593 [00:07<00:16, 73.86it/s]
Processing frames:  25%|██▌       | 405/1593 [00:07<00:16, 70.96it/s]
Processing frames:  26%|██▌       | 413/1593 [00:07<00:18, 64.67it/s]
Processing frames:  26%|██▋       | 421/1593 [00:08<00:19, 60.28it/s]
Processing frames:  27%|██▋       | 429/1593 [00:08<00:20, 56.57it/s]
Processing frames:  27%|██▋       | 437/1593 [00:08<00:20, 55.27it/s]
Processing frames:  28%|██▊       | 445/1593 [00:08<00:21, 52.63it/s]
Processing frames:  28%|██▊       | 453/1593 [00:08<00:21, 53.18it/s]
Processing frames:  29%|██▉       | 461/1593 [00:08<00:21, 53.08it/s]
Processing frames:  29%|██▉       | 469/1593 [00:09<00:22, 49.91it/s]
Processing frames:  30%|██▉       | 477/1593 [00:09<00:22, 50.49it/s]
Processing frames:  30%|███       | 485/1593 [00:09<00:21, 52.47it/s]
Processing frames:  31%|███       | 493/1593 [00:09<00:21, 51.82it/s]
Processing frames:  31%|███▏      | 501/1593 [00:09<00:20, 53.34it/s]
Processing frames:  32%|███▏      | 509/1593 [00:09<00:19, 55.67it/s]
Processing frames:  32%|███▏      | 517/1593 [00:09<00:18, 57.75it/s]
Processing frames:  33%|███▎      | 525/1593 [00:09<00:18, 58.86it/s]
Processing frames:  33%|███▎      | 533/1593 [00:10<00:17, 61.28it/s]
Processing frames:  34%|███▍      | 545/1593 [00:10<00:15, 66.98it/s]
Processing frames:  35%|███▍      | 553/1593 [00:10<00:15, 65.26it/s]
Processing frames:  35%|███▌      | 561/1593 [00:10<00:17, 58.47it/s]
Processing frames:  36%|███▌      | 569/1593 [00:10<00:19, 53.14it/s]
Processing frames:  36%|███▌      | 577/1593 [00:10<00:20, 48.42it/s]
Processing frames:  37%|███▋      | 585/1593 [00:11<00:21, 47.66it/s]
Processing frames:  37%|███▋      | 593/1593 [00:11<00:21, 46.17it/s]
Processing frames:  38%|███▊      | 601/1593 [00:11<00:20, 47.64it/s]
Processing frames:  38%|███▊      | 609/1593 [00:11<00:20, 48.86it/s]
Processing frames:  39%|███▊      | 617/1593 [00:11<00:20, 47.69it/s]
Processing frames:  39%|███▉      | 625/1593 [00:11<00:19, 49.55it/s]
Processing frames:  40%|███▉      | 633/1593 [00:12<00:18, 51.85it/s]
Processing frames:  40%|████      | 641/1593 [00:12<00:17, 55.13it/s]
Processing frames:  41%|████      | 649/1593 [00:12<00:16, 56.87it/s]
Processing frames:  41%|████      | 657/1593 [00:12<00:15, 59.59it/s]
Processing frames:  42%|████▏     | 669/1593 [00:12<00:13, 67.31it/s]
Processing frames:  43%|████▎     | 681/1593 [00:12<00:13, 69.15it/s]
Processing frames:  43%|████▎     | 689/1593 [00:12<00:13, 65.20it/s]
Processing frames:  44%|████▍     | 697/1593 [00:13<00:13, 64.76it/s]
Processing frames:  44%|████▍     | 705/1593 [00:13<00:15, 58.91it/s]
Processing frames:  45%|████▍     | 713/1593 [00:13<00:15, 55.52it/s]
Processing frames:  45%|████▌     | 721/1593 [00:13<00:16, 52.87it/s]
Processing frames:  46%|████▌     | 729/1593 [00:13<00:16, 51.70it/s]
Processing frames:  46%|████▋     | 737/1593 [00:13<00:16, 51.54it/s]
Processing frames:  47%|████▋     | 745/1593 [00:14<00:16, 52.15it/s]
Processing frames:  47%|████▋     | 753/1593 [00:14<00:15, 54.03it/s]
Processing frames:  48%|████▊     | 761/1593 [00:14<00:14, 56.23it/s]
Processing frames:  48%|████▊     | 769/1593 [00:14<00:13, 60.98it/s]
Processing frames:  49%|████▉     | 777/1593 [00:14<00:12, 64.62it/s]
Processing frames:  50%|████▉     | 789/1593 [00:14<00:11, 70.92it/s]
Processing frames:  50%|█████     | 801/1593 [00:14<00:10, 72.54it/s]
Processing frames:  51%|█████     | 809/1593 [00:14<00:12, 60.80it/s]
Processing frames:  51%|█████     | 816/1593 [00:15<00:12, 59.81it/s]
Processing frames:  52%|█████▏    | 823/1593 [00:15<00:16, 47.28it/s]
Processing frames:  52%|█████▏    | 829/1593 [00:15<00:20, 38.16it/s]
Processing frames:  52%|█████▏    | 834/1593 [00:15<00:19, 38.43it/s]
Processing frames:  53%|█████▎    | 839/1593 [00:15<00:19, 39.55it/s]
Processing frames:  53%|█████▎    | 844/1593 [00:15<00:18, 40.27it/s]
Processing frames:  53%|█████▎    | 849/1593 [00:16<00:22, 33.75it/s]
Processing frames:  54%|█████▎    | 853/1593 [00:16<00:21, 34.59it/s]
Processing frames:  54%|█████▍    | 857/1593 [00:16<00:20, 35.21it/s]
Processing frames:  54%|█████▍    | 861/1593 [00:16<00:20, 35.44it/s]
Processing frames:  54%|█████▍    | 865/1593 [00:16<00:20, 35.68it/s]
Processing frames:  55%|█████▍    | 869/1593 [00:16<00:20, 35.04it/s]
Processing frames:  55%|█████▌    | 877/1593 [00:16<00:18, 39.71it/s]
Processing frames:  56%|█████▌    | 885/1593 [00:17<00:15, 44.45it/s]
Processing frames:  56%|█████▌    | 893/1593 [00:17<00:15, 46.31it/s]
Processing frames:  57%|█████▋    | 901/1593 [00:17<00:13, 51.03it/s]
Processing frames:  57%|█████▋    | 909/1593 [00:17<00:12, 56.83it/s]
Processing frames:  58%|█████▊    | 921/1593 [00:17<00:10, 65.16it/s]
Processing frames:  59%|█████▊    | 933/1593 [00:17<00:09, 70.24it/s]
Processing frames:  59%|█████▉    | 941/1593 [00:17<00:09, 67.49it/s]
Processing frames:  60%|█████▉    | 949/1593 [00:17<00:09, 64.77it/s]
Processing frames:  60%|██████    | 957/1593 [00:18<00:11, 55.98it/s]
Processing frames:  60%|██████    | 963/1593 [00:18<00:11, 55.56it/s]
Processing frames:  61%|██████    | 969/1593 [00:18<00:13, 45.69it/s]
Processing frames:  61%|██████    | 974/1593 [00:18<00:13, 45.87it/s]
Processing frames:  61%|██████▏   | 979/1593 [00:18<00:13, 46.77it/s]
Processing frames:  62%|██████▏   | 985/1593 [00:18<00:15, 39.98it/s]
Processing frames:  62%|██████▏   | 990/1593 [00:19<00:14, 41.80it/s]
Processing frames:  62%|██████▏   | 995/1593 [00:19<00:14, 41.38it/s]
Processing frames:  63%|██████▎   | 1000/1593 [00:19<00:14, 41.72it/s]
Processing frames:  63%|██████▎   | 1005/1593 [00:19<00:17, 32.69it/s]
Processing frames:  63%|██████▎   | 1009/1593 [00:19<00:18, 32.39it/s]
Processing frames:  64%|██████▍   | 1017/1593 [00:19<00:16, 35.59it/s]
Processing frames:  64%|██████▍   | 1025/1593 [00:19<00:14, 38.58it/s]
Processing frames:  65%|██████▍   | 1033/1593 [00:20<00:13, 41.96it/s]
Processing frames:  65%|██████▌   | 1041/1593 [00:20<00:12, 44.03it/s]
Processing frames:  66%|██████▌   | 1049/1593 [00:20<00:11, 49.08it/s]
Processing frames:  67%|██████▋   | 1061/1593 [00:20<00:08, 59.65it/s]
Processing frames:  67%|██████▋   | 1069/1593 [00:20<00:08, 63.63it/s]
Processing frames:  68%|██████▊   | 1077/1593 [00:20<00:07, 65.68it/s]
Processing frames:  68%|██████▊   | 1085/1593 [00:20<00:08, 62.98it/s]
Processing frames:  69%|██████▊   | 1092/1593 [00:21<00:08, 60.49it/s]
Processing frames:  69%|██████▉   | 1099/1593 [00:21<00:11, 43.77it/s]
Processing frames:  69%|██████▉   | 1105/1593 [00:21<00:13, 36.22it/s]
Processing frames:  70%|██████▉   | 1110/1593 [00:21<00:13, 36.86it/s]
Processing frames:  70%|██████▉   | 1115/1593 [00:21<00:12, 38.38it/s]
Processing frames:  70%|███████   | 1120/1593 [00:21<00:12, 38.62it/s]
Processing frames:  71%|███████   | 1125/1593 [00:22<00:15, 31.08it/s]
Processing frames:  71%|███████   | 1129/1593 [00:22<00:14, 31.58it/s]
Processing frames:  71%|███████   | 1133/1593 [00:22<00:14, 32.31it/s]
Processing frames:  71%|███████▏  | 1137/1593 [00:22<00:14, 32.23it/s]
Processing frames:  72%|███████▏  | 1141/1593 [00:22<00:13, 32.71it/s]
Processing frames:  72%|███████▏  | 1145/1593 [00:22<00:13, 32.54it/s]
Processing frames:  72%|███████▏  | 1149/1593 [00:22<00:13, 32.08it/s]
Processing frames:  72%|███████▏  | 1153/1593 [00:23<00:13, 32.23it/s]
Processing frames:  73%|███████▎  | 1157/1593 [00:23<00:13, 33.48it/s]
Processing frames:  73%|███████▎  | 1165/1593 [00:23<00:11, 37.89it/s]
Processing frames:  74%|███████▎  | 1173/1593 [00:23<00:10, 41.68it/s]
Processing frames:  74%|███████▍  | 1181/1593 [00:23<00:08, 47.26it/s]
Processing frames:  75%|███████▍  | 1189/1593 [00:23<00:07, 54.42it/s]
Processing frames:  75%|███████▌  | 1201/1593 [00:23<00:06, 63.39it/s]
Processing frames:  76%|███████▌  | 1209/1593 [00:23<00:05, 65.85it/s]
Processing frames:  77%|███████▋  | 1221/1593 [00:24<00:05, 70.46it/s]
Processing frames:  77%|███████▋  | 1229/1593 [00:24<00:05, 69.24it/s]
Processing frames:  78%|███████▊  | 1237/1593 [00:24<00:05, 59.62it/s]
Processing frames:  78%|███████▊  | 1244/1593 [00:24<00:05, 60.31it/s]
Processing frames:  79%|███████▊  | 1251/1593 [00:24<00:07, 48.49it/s]
Processing frames:  79%|███████▉  | 1257/1593 [00:24<00:08, 41.82it/s]
Processing frames:  79%|███████▉  | 1265/1593 [00:25<00:08, 40.80it/s]
Processing frames:  80%|███████▉  | 1273/1593 [00:25<00:07, 43.48it/s]
Processing frames:  80%|████████  | 1281/1593 [00:25<00:06, 45.54it/s]
Processing frames:  81%|████████  | 1289/1593 [00:25<00:06, 47.26it/s]
Processing frames:  81%|████████▏ | 1297/1593 [00:25<00:06, 49.23it/s]
Processing frames:  82%|████████▏ | 1305/1593 [00:25<00:05, 53.22it/s]
Processing frames:  83%|████████▎ | 1317/1593 [00:26<00:04, 60.94it/s]
Processing frames:  83%|████████▎ | 1325/1593 [00:26<00:04, 63.81it/s]
Processing frames:  84%|████████▍ | 1337/1593 [00:26<00:03, 70.62it/s]
Processing frames:  84%|████████▍ | 1345/1593 [00:26<00:04, 60.24it/s]
Processing frames:  85%|████████▍ | 1352/1593 [00:26<00:03, 60.85it/s]
Processing frames:  85%|████████▌ | 1359/1593 [00:26<00:04, 47.23it/s]
Processing frames:  86%|████████▌ | 1365/1593 [00:27<00:05, 40.42it/s]
Processing frames:  86%|████████▌ | 1370/1593 [00:27<00:05, 41.90it/s]
Processing frames:  86%|████████▋ | 1377/1593 [00:27<00:05, 39.37it/s]
Processing frames:  87%|████████▋ | 1385/1593 [00:27<00:05, 38.92it/s]
Processing frames:  87%|████████▋ | 1390/1593 [00:27<00:05, 39.96it/s]
Processing frames:  88%|████████▊ | 1395/1593 [00:27<00:04, 41.29it/s]
Processing frames:  88%|████████▊ | 1401/1593 [00:28<00:05, 37.69it/s]
Processing frames:  88%|████████▊ | 1409/1593 [00:28<00:04, 42.60it/s]
Processing frames:  89%|████████▉ | 1417/1593 [00:28<00:03, 46.92it/s]
Processing frames:  89%|████████▉ | 1425/1593 [00:28<00:03, 49.43it/s]
Processing frames:  90%|████████▉ | 1433/1593 [00:28<00:03, 48.13it/s]
Processing frames:  90%|█████████ | 1441/1593 [00:28<00:03, 49.49it/s]
Processing frames:  91%|█████████ | 1449/1593 [00:28<00:02, 54.71it/s]
Processing frames:  91%|█████████▏| 1457/1593 [00:28<00:02, 59.32it/s]
Processing frames:  92%|█████████▏| 1465/1593 [00:29<00:02, 59.87it/s]
Processing frames:  92%|█████████▏| 1473/1593 [00:29<00:02, 54.42it/s]
Processing frames:  93%|█████████▎| 1481/1593 [00:29<00:01, 56.65it/s]
Processing frames:  93%|█████████▎| 1489/1593 [00:29<00:01, 57.96it/s]
Processing frames:  94%|█████████▍| 1497/1593 [00:29<00:01, 61.69it/s]
Processing frames:  94%|█████████▍| 1505/1593 [00:29<00:01, 62.41it/s]
Processing frames:  95%|█████████▍| 1513/1593 [00:29<00:01, 62.39it/s]
Processing frames:  95%|█████████▌| 1521/1593 [00:30<00:01, 62.16it/s]
Processing frames:  96%|█████████▌| 1529/1593 [00:30<00:01, 62.64it/s]
Processing frames:  96%|█████████▋| 1537/1593 [00:30<00:00, 63.33it/s]
Processing frames:  97%|█████████▋| 1545/1593 [00:30<00:00, 67.14it/s]
Processing frames:  98%|█████████▊| 1557/1593 [00:30<00:00, 73.10it/s]
Processing frames:  98%|█████████▊| 1569/1593 [00:30<00:00, 78.03it/s]
Processing frames:  99%|█████████▉| 1577/1593 [00:30<00:00, 76.65it/s]
Processing frames:  99%|█████████▉| 1585/1593 [00:30<00:00, 75.63it/s]
Processing frames: 100%|██████████| 1593/1593 [00:30<00:00, 51.40it/s]
[INFO] Trajectory saved to /home/pulver/projects/Outdoor_SLPF/results/iros_ablation/20260217_085404_ablation/no_corridor/seed_11/trajectory_0.5.tum
[INFO] Trajectory saved to /home/pulver/projects/Outdoor_SLPF/results/iros_ablation/20260217_085404_ablation/no_corridor/seed_11/gps_pose.tum
[INFO] Finished processing all frames from the CSV file.

[exit_code=0 duration_sec=35.71]
