$ /home/pulver/projects/Outdoor_SLPF/.venv/bin/python /home/pulver/projects/Outdoor_SLPF/scripts/spf_lidar.py --miss-penalty 4.0 --wrong-hit-penalty 4.0 --gps-weight 0.5 --seed 11 --output-folder /home/pulver/projects/Outdoor_SLPF/results/iros_rh1_robustness/20260225_151229_run1_robustness_gpu/option_a_detection_drop/drop_40pct/seed_11 --frame-stride 4 --semantic-sigma 0.05 --gps-sigma 1.1 --corridor-weight 0.30 --corridor-dist-sigma 1.50 --corridor-heading-sigma 0.35 --background-class-weight 0.20 --max-background-obs 120 --expected-obs-count 150 --pose-smooth-alpha-pos 0.55 --pose-smooth-alpha-theta 0.50 --odom-yaw-filter-alpha 0.90 --particle-count 100 --segment-chunk 4096 --detection-drop-rate 0.400000 --no-visualization --data-path /home/pulver/projects/Outdoor_SLPF/data/2025/rh_run1 --geojson-path /home/pulver/projects/Outdoor_SLPF/data/riseholme_poles_trunk.geojson --require-cuda

/home/pulver/projects/Outdoor_SLPF/.venv/lib/python3.10/site-packages/matplotlib/projections/__init__.py:63: UserWarning: Unable to import Axes3D. This may be due to multiple versions of Matplotlib being installed (e.g. as a system package and as a pip package). As a result, the 3D projection is not available.
  warnings.warn("Unable to import Axes3D. This may be due to multiple versions of "
Using device: cuda
[INFO] Running with Miss Penalty: 4.0, Wrong Hit Penalty: 4.0, GPS Weight: 0.5, Seed: 11, Output: /home/pulver/projects/Outdoor_SLPF/results/iros_rh1_robustness/20260225_151229_run1_robustness_gpu/option_a_detection_drop/drop_40pct/seed_11, DataPath: /home/pulver/projects/Outdoor_SLPF/data/2025/rh_run1, CSV: /home/pulver/projects/Outdoor_SLPF/data/2025/rh_run1/data.csv, Stride: 4, MaxFrames: None, Visualize: False, Model: wall, DisableGPS: False, DisableSemantic: False, DisableCorridor: False, DisableBackground: False, StaticGPSWeight: False, DisablePoseSmooth: False, SemanticClasses: both, DetectionDropRate: 0.4, SegmentChunk: 4096, ProfileRuntime: False, ProfileWarmup: 20

Processing frames:   0%|          | 0/1593 [00:00<?, ?it/s]
Processing frames:   0%|          | 1/1593 [00:00<22:56,  1.16it/s]
Processing frames:   1%|          | 9/1593 [00:01<02:15, 11.72it/s]
Processing frames:   1%|          | 17/1593 [00:01<01:13, 21.53it/s]
Processing frames:   2%|▏         | 25/1593 [00:01<00:51, 30.30it/s]
Processing frames:   2%|▏         | 33/1593 [00:01<00:41, 37.97it/s]
Processing frames:   3%|▎         | 41/1593 [00:01<00:35, 43.24it/s]
Processing frames:   3%|▎         | 49/1593 [00:01<00:31, 48.30it/s]
Processing frames:   4%|▎         | 57/1593 [00:01<00:29, 51.76it/s]
Processing frames:   4%|▍         | 65/1593 [00:01<00:28, 53.82it/s]
Processing frames:   5%|▍         | 73/1593 [00:02<00:28, 53.61it/s]
Processing frames:   5%|▌         | 81/1593 [00:02<00:27, 54.74it/s]
Processing frames:   6%|▌         | 89/1593 [00:02<00:27, 55.00it/s]
Processing frames:   6%|▌         | 97/1593 [00:02<00:27, 53.69it/s]
Processing frames:   7%|▋         | 105/1593 [00:02<00:28, 53.05it/s]
Processing frames:   7%|▋         | 113/1593 [00:02<00:27, 53.27it/s]
Processing frames:   8%|▊         | 121/1593 [00:02<00:27, 53.27it/s]
Processing frames:   8%|▊         | 129/1593 [00:03<00:27, 53.48it/s]
Processing frames:   9%|▊         | 137/1593 [00:03<00:28, 51.01it/s]
Processing frames:   9%|▉         | 145/1593 [00:03<00:28, 51.13it/s]
Processing frames:  10%|▉         | 153/1593 [00:03<00:28, 50.11it/s]
Processing frames:  10%|█         | 161/1593 [00:03<00:27, 51.20it/s]
Processing frames:  11%|█         | 169/1593 [00:03<00:26, 53.36it/s]
Processing frames:  11%|█         | 177/1593 [00:04<00:25, 54.80it/s]
Processing frames:  12%|█▏        | 185/1593 [00:04<00:25, 56.19it/s]
Processing frames:  12%|█▏        | 193/1593 [00:04<00:24, 57.28it/s]
Processing frames:  13%|█▎        | 201/1593 [00:04<00:23, 60.18it/s]
Processing frames:  13%|█▎        | 209/1593 [00:04<00:22, 61.78it/s]
Processing frames:  14%|█▎        | 217/1593 [00:04<00:21, 63.44it/s]
Processing frames:  14%|█▍        | 225/1593 [00:04<00:20, 66.82it/s]
Processing frames:  15%|█▍        | 233/1593 [00:04<00:19, 69.50it/s]
Processing frames:  15%|█▌        | 245/1593 [00:05<00:17, 74.96it/s]
Processing frames:  16%|█▌        | 253/1593 [00:05<00:18, 73.12it/s]
Processing frames:  16%|█▋        | 261/1593 [00:05<00:18, 71.15it/s]
Processing frames:  17%|█▋        | 269/1593 [00:05<00:22, 59.37it/s]
Processing frames:  17%|█▋        | 277/1593 [00:05<00:24, 53.49it/s]
Processing frames:  18%|█▊        | 285/1593 [00:05<00:25, 51.25it/s]
Processing frames:  18%|█▊        | 293/1593 [00:05<00:25, 50.58it/s]
Processing frames:  19%|█▉        | 301/1593 [00:06<00:24, 53.01it/s]
Processing frames:  19%|█▉        | 309/1593 [00:06<00:23, 54.65it/s]
Processing frames:  20%|█▉        | 317/1593 [00:06<00:24, 52.13it/s]
Processing frames:  20%|██        | 325/1593 [00:06<00:25, 49.13it/s]
Processing frames:  21%|██        | 333/1593 [00:06<00:24, 50.69it/s]
Processing frames:  21%|██▏       | 341/1593 [00:06<00:23, 53.22it/s]
Processing frames:  22%|██▏       | 349/1593 [00:07<00:22, 54.23it/s]
Processing frames:  22%|██▏       | 357/1593 [00:07<00:21, 56.22it/s]
Processing frames:  23%|██▎       | 365/1593 [00:07<00:20, 61.12it/s]
Processing frames:  23%|██▎       | 373/1593 [00:07<00:18, 65.57it/s]
Processing frames:  24%|██▍       | 381/1593 [00:07<00:17, 68.70it/s]
Processing frames:  25%|██▍       | 393/1593 [00:07<00:16, 74.24it/s]
Processing frames:  25%|██▌       | 405/1593 [00:07<00:16, 72.41it/s]
Processing frames:  26%|██▌       | 413/1593 [00:07<00:18, 64.53it/s]
Processing frames:  26%|██▋       | 421/1593 [00:08<00:19, 58.67it/s]
Processing frames:  27%|██▋       | 429/1593 [00:08<00:21, 54.95it/s]
Processing frames:  27%|██▋       | 437/1593 [00:08<00:21, 52.83it/s]
Processing frames:  28%|██▊       | 445/1593 [00:08<00:22, 50.55it/s]
Processing frames:  28%|██▊       | 453/1593 [00:08<00:22, 51.20it/s]
Processing frames:  29%|██▉       | 461/1593 [00:08<00:22, 51.36it/s]
Processing frames:  29%|██▉       | 469/1593 [00:09<00:23, 48.65it/s]
Processing frames:  30%|██▉       | 477/1593 [00:09<00:22, 49.85it/s]
Processing frames:  30%|███       | 485/1593 [00:09<00:21, 52.52it/s]
Processing frames:  31%|███       | 493/1593 [00:09<00:21, 51.94it/s]
Processing frames:  31%|███▏      | 501/1593 [00:09<00:20, 53.53it/s]
Processing frames:  32%|███▏      | 509/1593 [00:09<00:19, 55.46it/s]
Processing frames:  32%|███▏      | 517/1593 [00:09<00:18, 58.17it/s]
Processing frames:  33%|███▎      | 525/1593 [00:10<00:18, 58.73it/s]
Processing frames:  33%|███▎      | 533/1593 [00:10<00:17, 60.34it/s]
Processing frames:  34%|███▍      | 545/1593 [00:10<00:15, 66.38it/s]
Processing frames:  35%|███▍      | 553/1593 [00:10<00:15, 65.93it/s]
Processing frames:  35%|███▌      | 561/1593 [00:10<00:17, 58.50it/s]
Processing frames:  36%|███▌      | 569/1593 [00:10<00:19, 52.98it/s]
Processing frames:  36%|███▌      | 577/1593 [00:11<00:21, 48.28it/s]
Processing frames:  37%|███▋      | 585/1593 [00:11<00:21, 47.38it/s]
Processing frames:  37%|███▋      | 593/1593 [00:11<00:21, 45.72it/s]
Processing frames:  38%|███▊      | 601/1593 [00:11<00:21, 46.81it/s]
Processing frames:  38%|███▊      | 609/1593 [00:11<00:20, 47.64it/s]
Processing frames:  39%|███▊      | 617/1593 [00:11<00:21, 46.16it/s]
Processing frames:  39%|███▉      | 625/1593 [00:12<00:20, 48.19it/s]
Processing frames:  40%|███▉      | 633/1593 [00:12<00:18, 50.71it/s]
Processing frames:  40%|████      | 641/1593 [00:12<00:17, 53.68it/s]
Processing frames:  41%|████      | 649/1593 [00:12<00:17, 55.25it/s]
Processing frames:  41%|████      | 657/1593 [00:12<00:16, 57.80it/s]
Processing frames:  42%|████▏     | 669/1593 [00:12<00:14, 65.28it/s]
Processing frames:  42%|████▏     | 677/1593 [00:12<00:13, 68.49it/s]
Processing frames:  43%|████▎     | 685/1593 [00:12<00:13, 65.02it/s]
Processing frames:  44%|████▎     | 693/1593 [00:13<00:14, 63.62it/s]
Processing frames:  44%|████▍     | 701/1593 [00:13<00:14, 60.75it/s]
Processing frames:  45%|████▍     | 709/1593 [00:13<00:16, 53.77it/s]
Processing frames:  45%|████▌     | 717/1593 [00:13<00:17, 50.99it/s]
Processing frames:  46%|████▌     | 725/1593 [00:13<00:17, 50.72it/s]
Processing frames:  46%|████▌     | 733/1593 [00:13<00:16, 50.64it/s]
Processing frames:  47%|████▋     | 741/1593 [00:14<00:16, 50.91it/s]
Processing frames:  47%|████▋     | 749/1593 [00:14<00:16, 52.62it/s]
Processing frames:  48%|████▊     | 757/1593 [00:14<00:15, 54.36it/s]
Processing frames:  48%|████▊     | 765/1593 [00:14<00:14, 57.23it/s]
Processing frames:  49%|████▊     | 773/1593 [00:14<00:13, 62.42it/s]
Processing frames:  49%|████▉     | 781/1593 [00:14<00:12, 65.74it/s]
Processing frames:  50%|████▉     | 793/1593 [00:14<00:11, 71.81it/s]
Processing frames:  50%|█████     | 801/1593 [00:14<00:11, 71.61it/s]
Processing frames:  51%|█████     | 809/1593 [00:15<00:13, 58.96it/s]
Processing frames:  51%|█████     | 816/1593 [00:15<00:13, 58.20it/s]
Processing frames:  52%|█████▏    | 823/1593 [00:15<00:16, 45.75it/s]
Processing frames:  52%|█████▏    | 829/1593 [00:15<00:20, 37.23it/s]
Processing frames:  52%|█████▏    | 834/1593 [00:15<00:20, 37.69it/s]
Processing frames:  53%|█████▎    | 839/1593 [00:16<00:19, 38.94it/s]
Processing frames:  53%|█████▎    | 844/1593 [00:16<00:18, 39.55it/s]
Processing frames:  53%|█████▎    | 849/1593 [00:16<00:22, 32.96it/s]
Processing frames:  54%|█████▎    | 853/1593 [00:16<00:21, 33.71it/s]
Processing frames:  54%|█████▍    | 857/1593 [00:16<00:21, 34.31it/s]
Processing frames:  54%|█████▍    | 861/1593 [00:16<00:21, 34.55it/s]
Processing frames:  54%|█████▍    | 865/1593 [00:16<00:20, 34.91it/s]
Processing frames:  55%|█████▍    | 869/1593 [00:16<00:20, 34.54it/s]
Processing frames:  55%|█████▌    | 877/1593 [00:17<00:18, 39.37it/s]
Processing frames:  56%|█████▌    | 885/1593 [00:17<00:15, 44.95it/s]
Processing frames:  56%|█████▌    | 893/1593 [00:17<00:15, 46.40it/s]
Processing frames:  57%|█████▋    | 901/1593 [00:17<00:13, 50.53it/s]
Processing frames:  57%|█████▋    | 909/1593 [00:17<00:12, 55.75it/s]
Processing frames:  58%|█████▊    | 921/1593 [00:17<00:10, 63.74it/s]
Processing frames:  59%|█████▊    | 933/1593 [00:17<00:09, 69.66it/s]
Processing frames:  59%|█████▉    | 941/1593 [00:18<00:09, 66.64it/s]
Processing frames:  60%|█████▉    | 949/1593 [00:18<00:10, 64.28it/s]
Processing frames:  60%|██████    | 957/1593 [00:18<00:11, 56.74it/s]
Processing frames:  60%|██████    | 963/1593 [00:18<00:11, 56.31it/s]
Processing frames:  61%|██████    | 969/1593 [00:18<00:13, 46.68it/s]
Processing frames:  61%|██████    | 974/1593 [00:18<00:13, 46.47it/s]
Processing frames:  61%|██████▏   | 979/1593 [00:18<00:13, 47.18it/s]
Processing frames:  62%|██████▏   | 985/1593 [00:19<00:15, 39.97it/s]
Processing frames:  62%|██████▏   | 993/1593 [00:19<00:15, 38.78it/s]
Processing frames:  63%|██████▎   | 998/1593 [00:19<00:14, 40.19it/s]
Processing frames:  63%|██████▎   | 1003/1593 [00:19<00:14, 41.27it/s]
Processing frames:  63%|██████▎   | 1008/1593 [00:19<00:13, 42.37it/s]
Processing frames:  64%|██████▎   | 1013/1593 [00:19<00:16, 34.59it/s]
Processing frames:  64%|██████▍   | 1021/1593 [00:20<00:15, 37.69it/s]
Processing frames:  65%|██████▍   | 1029/1593 [00:20<00:13, 41.33it/s]
Processing frames:  65%|██████▌   | 1037/1593 [00:20<00:12, 43.89it/s]
Processing frames:  66%|██████▌   | 1045/1593 [00:20<00:11, 47.81it/s]
Processing frames:  66%|██████▌   | 1053/1593 [00:20<00:10, 52.99it/s]
Processing frames:  67%|██████▋   | 1065/1593 [00:20<00:08, 62.55it/s]
Processing frames:  67%|██████▋   | 1073/1593 [00:20<00:07, 65.13it/s]
Processing frames:  68%|██████▊   | 1081/1593 [00:20<00:07, 64.98it/s]
Processing frames:  68%|██████▊   | 1089/1593 [00:21<00:09, 55.99it/s]
Processing frames:  69%|██████▊   | 1095/1593 [00:21<00:09, 52.09it/s]
Processing frames:  69%|██████▉   | 1101/1593 [00:21<00:12, 40.05it/s]
Processing frames:  69%|██████▉   | 1106/1593 [00:21<00:12, 39.58it/s]
Processing frames:  70%|██████▉   | 1111/1593 [00:21<00:12, 39.31it/s]
Processing frames:  70%|███████   | 1116/1593 [00:21<00:11, 40.26it/s]
Processing frames:  70%|███████   | 1121/1593 [00:22<00:14, 31.50it/s]
Processing frames:  71%|███████   | 1125/1593 [00:22<00:14, 31.97it/s]
Processing frames:  71%|███████   | 1129/1593 [00:22<00:14, 32.35it/s]
Processing frames:  71%|███████   | 1133/1593 [00:22<00:14, 32.78it/s]
Processing frames:  71%|███████▏  | 1137/1593 [00:22<00:13, 32.90it/s]
Processing frames:  72%|███████▏  | 1141/1593 [00:22<00:13, 33.49it/s]
Processing frames:  72%|███████▏  | 1145/1593 [00:22<00:13, 33.20it/s]
Processing frames:  72%|███████▏  | 1149/1593 [00:23<00:13, 32.88it/s]
Processing frames:  72%|███████▏  | 1153/1593 [00:23<00:13, 33.00it/s]
Processing frames:  73%|███████▎  | 1157/1593 [00:23<00:12, 34.15it/s]
Processing frames:  73%|███████▎  | 1165/1593 [00:23<00:11, 38.55it/s]
Processing frames:  74%|███████▎  | 1173/1593 [00:23<00:09, 42.63it/s]
Processing frames:  74%|███████▍  | 1181/1593 [00:23<00:08, 47.40it/s]
Processing frames:  75%|███████▍  | 1189/1593 [00:23<00:07, 54.22it/s]
Processing frames:  75%|███████▌  | 1197/1593 [00:23<00:06, 60.48it/s]
Processing frames:  76%|███████▌  | 1205/1593 [00:24<00:05, 65.05it/s]
Processing frames:  76%|███████▌  | 1213/1593 [00:24<00:05, 68.66it/s]
Processing frames:  77%|███████▋  | 1221/1593 [00:24<00:05, 70.42it/s]
Processing frames:  77%|███████▋  | 1229/1593 [00:24<00:05, 69.75it/s]
Processing frames:  78%|███████▊  | 1237/1593 [00:24<00:06, 59.29it/s]
Processing frames:  78%|███████▊  | 1244/1593 [00:24<00:05, 60.12it/s]
Processing frames:  79%|███████▊  | 1251/1593 [00:24<00:07, 48.41it/s]
Processing frames:  79%|███████▉  | 1257/1593 [00:25<00:08, 41.96it/s]
Processing frames:  79%|███████▉  | 1265/1593 [00:25<00:07, 41.10it/s]
Processing frames:  80%|███████▉  | 1273/1593 [00:25<00:07, 43.85it/s]
Processing frames:  80%|████████  | 1281/1593 [00:25<00:06, 45.80it/s]
Processing frames:  81%|████████  | 1289/1593 [00:25<00:06, 47.55it/s]
Processing frames:  81%|████████▏ | 1297/1593 [00:25<00:06, 49.23it/s]
Processing frames:  82%|████████▏ | 1305/1593 [00:26<00:05, 53.54it/s]
Processing frames:  83%|████████▎ | 1317/1593 [00:26<00:04, 60.91it/s]
Processing frames:  83%|████████▎ | 1325/1593 [00:26<00:04, 63.84it/s]
Processing frames:  84%|████████▍ | 1337/1593 [00:26<00:03, 71.17it/s]
Processing frames:  84%|████████▍ | 1345/1593 [00:26<00:04, 61.12it/s]
Processing frames:  85%|████████▍ | 1352/1593 [00:26<00:03, 61.19it/s]
Processing frames:  85%|████████▌ | 1359/1593 [00:26<00:04, 47.57it/s]
Processing frames:  86%|████████▌ | 1365/1593 [00:27<00:05, 40.77it/s]
Processing frames:  86%|████████▌ | 1370/1593 [00:27<00:05, 42.23it/s]
Processing frames:  86%|████████▋ | 1377/1593 [00:27<00:05, 39.75it/s]
Processing frames:  87%|████████▋ | 1385/1593 [00:27<00:05, 39.15it/s]
Processing frames:  87%|████████▋ | 1390/1593 [00:27<00:05, 40.40it/s]
Processing frames:  88%|████████▊ | 1395/1593 [00:27<00:04, 41.59it/s]
Processing frames:  88%|████████▊ | 1401/1593 [00:28<00:05, 37.54it/s]
Processing frames:  88%|████████▊ | 1409/1593 [00:28<00:04, 42.37it/s]
Processing frames:  89%|████████▉ | 1417/1593 [00:28<00:03, 46.21it/s]
Processing frames:  89%|████████▉ | 1425/1593 [00:28<00:03, 47.29it/s]
Processing frames:  90%|████████▉ | 1433/1593 [00:28<00:03, 45.95it/s]
Processing frames:  90%|█████████ | 1441/1593 [00:28<00:03, 48.57it/s]
Processing frames:  91%|█████████ | 1449/1593 [00:28<00:02, 53.72it/s]
Processing frames:  91%|█████████▏| 1457/1593 [00:29<00:02, 58.04it/s]
Processing frames:  92%|█████████▏| 1465/1593 [00:29<00:02, 58.79it/s]
Processing frames:  92%|█████████▏| 1473/1593 [00:29<00:02, 54.38it/s]
Processing frames:  93%|█████████▎| 1481/1593 [00:29<00:01, 56.36it/s]
Processing frames:  93%|█████████▎| 1489/1593 [00:29<00:01, 57.88it/s]
Processing frames:  94%|█████████▍| 1497/1593 [00:29<00:01, 60.96it/s]
Processing frames:  94%|█████████▍| 1505/1593 [00:29<00:01, 61.50it/s]
Processing frames:  95%|█████████▍| 1513/1593 [00:30<00:01, 60.71it/s]
Processing frames:  95%|█████████▌| 1521/1593 [00:30<00:01, 60.10it/s]
Processing frames:  96%|█████████▌| 1529/1593 [00:30<00:01, 60.91it/s]
Processing frames:  96%|█████████▋| 1537/1593 [00:30<00:00, 62.23it/s]
Processing frames:  97%|█████████▋| 1549/1593 [00:30<00:00, 68.57it/s]
Processing frames:  98%|█████████▊| 1561/1593 [00:30<00:00, 73.61it/s]
Processing frames:  99%|█████████▊| 1573/1593 [00:30<00:00, 77.44it/s]
Processing frames:  99%|█████████▉| 1581/1593 [00:30<00:00, 75.57it/s]
Processing frames: 100%|█████████▉| 1589/1593 [00:31<00:00, 76.43it/s]
Processing frames: 100%|██████████| 1593/1593 [00:31<00:00, 51.20it/s]
[INFO] Trajectory saved to /home/pulver/projects/Outdoor_SLPF/results/iros_rh1_robustness/20260225_151229_run1_robustness_gpu/option_a_detection_drop/drop_40pct/seed_11/trajectory_0.5.tum
[INFO] Trajectory saved to /home/pulver/projects/Outdoor_SLPF/results/iros_rh1_robustness/20260225_151229_run1_robustness_gpu/option_a_detection_drop/drop_40pct/seed_11/gps_pose.tum
[INFO] Finished processing all frames from the CSV file.

[exit_code=0 duration_sec=35.81]
