$ /home/pulver/projects/Outdoor_SLPF/.venv/bin/python /home/pulver/projects/Outdoor_SLPF/scripts/spf_lidar.py --miss-penalty 4.0 --wrong-hit-penalty 4.0 --gps-weight 0.5 --seed 33 --output-folder /home/pulver/projects/Outdoor_SLPF/results/iros_ablation/20260217_085404_ablation/no_corridor/seed_33 --frame-stride 4 --semantic-sigma 0.05 --gps-sigma 1.1 --corridor-weight 0.3 --corridor-dist-sigma 1.5 --corridor-heading-sigma 0.35 --background-class-weight 0.2 --max-background-obs 120 --expected-obs-count 150.0 --pose-smooth-alpha-pos 0.55 --pose-smooth-alpha-theta 0.5 --odom-yaw-filter-alpha 0.9 --particle-count 100 --point-ang-sigma 0.08 --point-range-sigma 0.35 --point-ang-gate 0.2 --point-max-range-diff 1.5 --no-visualization --require-cuda --disable-corridor

/home/pulver/projects/Outdoor_SLPF/.venv/lib/python3.10/site-packages/matplotlib/projections/__init__.py:63: UserWarning: Unable to import Axes3D. This may be due to multiple versions of Matplotlib being installed (e.g. as a system package and as a pip package). As a result, the 3D projection is not available.
  warnings.warn("Unable to import Axes3D. This may be due to multiple versions of "
Using device: cuda
[INFO] Running with Miss Penalty: 4.0, Wrong Hit Penalty: 4.0, GPS Weight: 0.5, Seed: 33, Output: /home/pulver/projects/Outdoor_SLPF/results/iros_ablation/20260217_085404_ablation/no_corridor/seed_33, Stride: 4, MaxFrames: None, Visualize: False, Model: wall, DisableGPS: False, DisableSemantic: False, DisableCorridor: True, DisableBackground: False, StaticGPSWeight: False, DisablePoseSmooth: False

Processing frames:   0%|          | 0/1593 [00:00<?, ?it/s]
Processing frames:   0%|          | 1/1593 [00:00<22:54,  1.16it/s]
Processing frames:   1%|          | 9/1593 [00:00<02:14, 11.75it/s]
Processing frames:   1%|          | 17/1593 [00:01<01:12, 21.60it/s]
Processing frames:   2%|▏         | 25/1593 [00:01<00:51, 30.35it/s]
Processing frames:   2%|▏         | 33/1593 [00:01<00:41, 37.98it/s]
Processing frames:   3%|▎         | 41/1593 [00:01<00:35, 43.19it/s]
Processing frames:   3%|▎         | 49/1593 [00:01<00:31, 48.27it/s]
Processing frames:   4%|▎         | 57/1593 [00:01<00:29, 51.53it/s]
Processing frames:   4%|▍         | 65/1593 [00:01<00:28, 52.92it/s]
Processing frames:   5%|▍         | 73/1593 [00:02<00:28, 52.60it/s]
Processing frames:   5%|▌         | 81/1593 [00:02<00:28, 53.21it/s]
Processing frames:   6%|▌         | 89/1593 [00:02<00:28, 53.30it/s]
Processing frames:   6%|▌         | 97/1593 [00:02<00:28, 51.84it/s]
Processing frames:   7%|▋         | 105/1593 [00:02<00:29, 51.27it/s]
Processing frames:   7%|▋         | 113/1593 [00:02<00:28, 52.49it/s]
Processing frames:   8%|▊         | 121/1593 [00:02<00:27, 53.33it/s]
Processing frames:   8%|▊         | 129/1593 [00:03<00:27, 53.79it/s]
Processing frames:   9%|▊         | 137/1593 [00:03<00:28, 51.09it/s]
Processing frames:   9%|▉         | 145/1593 [00:03<00:28, 51.46it/s]
Processing frames:  10%|▉         | 153/1593 [00:03<00:28, 51.09it/s]
Processing frames:  10%|█         | 161/1593 [00:03<00:27, 52.69it/s]
Processing frames:  11%|█         | 169/1593 [00:03<00:25, 54.83it/s]
Processing frames:  11%|█         | 177/1593 [00:04<00:25, 56.07it/s]
Processing frames:  12%|█▏        | 185/1593 [00:04<00:24, 57.57it/s]
Processing frames:  12%|█▏        | 193/1593 [00:04<00:23, 58.94it/s]
Processing frames:  13%|█▎        | 201/1593 [00:04<00:22, 62.06it/s]
Processing frames:  13%|█▎        | 209/1593 [00:04<00:22, 62.76it/s]
Processing frames:  14%|█▎        | 217/1593 [00:04<00:21, 64.09it/s]
Processing frames:  14%|█▍        | 225/1593 [00:04<00:20, 67.14it/s]
Processing frames:  15%|█▍        | 233/1593 [00:04<00:19, 69.63it/s]
Processing frames:  15%|█▌        | 245/1593 [00:05<00:18, 73.55it/s]
Processing frames:  16%|█▌        | 253/1593 [00:05<00:18, 71.31it/s]
Processing frames:  16%|█▋        | 261/1593 [00:05<00:19, 69.73it/s]
Processing frames:  17%|█▋        | 269/1593 [00:05<00:22, 57.89it/s]
Processing frames:  17%|█▋        | 277/1593 [00:05<00:25, 52.11it/s]
Processing frames:  18%|█▊        | 285/1593 [00:05<00:26, 50.10it/s]
Processing frames:  18%|█▊        | 293/1593 [00:05<00:26, 49.71it/s]
Processing frames:  19%|█▉        | 301/1593 [00:06<00:25, 51.54it/s]
Processing frames:  19%|█▉        | 309/1593 [00:06<00:24, 52.99it/s]
Processing frames:  20%|█▉        | 317/1593 [00:06<00:24, 51.25it/s]
Processing frames:  20%|██        | 325/1593 [00:06<00:25, 49.52it/s]
Processing frames:  21%|██        | 333/1593 [00:06<00:24, 51.18it/s]
Processing frames:  21%|██▏       | 341/1593 [00:06<00:23, 53.27it/s]
Processing frames:  22%|██▏       | 349/1593 [00:07<00:22, 54.17it/s]
Processing frames:  22%|██▏       | 357/1593 [00:07<00:21, 57.23it/s]
Processing frames:  23%|██▎       | 365/1593 [00:07<00:19, 62.27it/s]
Processing frames:  24%|██▎       | 377/1593 [00:07<00:17, 68.22it/s]
Processing frames:  24%|██▍       | 385/1593 [00:07<00:17, 70.39it/s]
Processing frames:  25%|██▍       | 397/1593 [00:07<00:15, 76.05it/s]
Processing frames:  25%|██▌       | 405/1593 [00:07<00:16, 72.40it/s]
Processing frames:  26%|██▌       | 413/1593 [00:07<00:17, 65.56it/s]
Processing frames:  26%|██▋       | 421/1593 [00:08<00:19, 59.31it/s]
Processing frames:  27%|██▋       | 429/1593 [00:08<00:20, 56.11it/s]
Processing frames:  27%|██▋       | 437/1593 [00:08<00:20, 55.31it/s]
Processing frames:  28%|██▊       | 445/1593 [00:08<00:21, 52.92it/s]
Processing frames:  28%|██▊       | 453/1593 [00:08<00:21, 53.83it/s]
Processing frames:  29%|██▉       | 461/1593 [00:08<00:20, 54.62it/s]
Processing frames:  29%|██▉       | 469/1593 [00:09<00:21, 51.46it/s]
Processing frames:  30%|██▉       | 477/1593 [00:09<00:21, 51.63it/s]
Processing frames:  30%|███       | 485/1593 [00:09<00:20, 54.17it/s]
Processing frames:  31%|███       | 493/1593 [00:09<00:20, 53.54it/s]
Processing frames:  31%|███▏      | 501/1593 [00:09<00:19, 55.29it/s]
Processing frames:  32%|███▏      | 509/1593 [00:09<00:18, 57.87it/s]
Processing frames:  32%|███▏      | 517/1593 [00:09<00:18, 59.06it/s]
Processing frames:  33%|███▎      | 525/1593 [00:09<00:17, 60.50it/s]
Processing frames:  33%|███▎      | 533/1593 [00:10<00:16, 62.65it/s]
Processing frames:  34%|███▍      | 545/1593 [00:10<00:15, 68.78it/s]
Processing frames:  35%|███▍      | 553/1593 [00:10<00:15, 67.42it/s]
Processing frames:  35%|███▌      | 561/1593 [00:10<00:17, 60.04it/s]
Processing frames:  36%|███▌      | 569/1593 [00:10<00:18, 54.27it/s]
Processing frames:  36%|███▌      | 577/1593 [00:10<00:20, 49.50it/s]
Processing frames:  37%|███▋      | 585/1593 [00:11<00:20, 48.69it/s]
Processing frames:  37%|███▋      | 593/1593 [00:11<00:21, 46.55it/s]
Processing frames:  38%|███▊      | 601/1593 [00:11<00:20, 47.38it/s]
Processing frames:  38%|███▊      | 609/1593 [00:11<00:20, 48.08it/s]
Processing frames:  39%|███▊      | 617/1593 [00:11<00:20, 47.08it/s]
Processing frames:  39%|███▉      | 625/1593 [00:11<00:19, 48.60it/s]
Processing frames:  40%|███▉      | 633/1593 [00:12<00:19, 50.10it/s]
Processing frames:  40%|████      | 641/1593 [00:12<00:17, 53.83it/s]
Processing frames:  41%|████      | 649/1593 [00:12<00:16, 55.87it/s]
Processing frames:  41%|████      | 657/1593 [00:12<00:15, 59.06it/s]
Processing frames:  42%|████▏     | 669/1593 [00:12<00:13, 66.99it/s]
Processing frames:  43%|████▎     | 681/1593 [00:12<00:13, 68.66it/s]
Processing frames:  43%|████▎     | 689/1593 [00:12<00:13, 65.19it/s]
Processing frames:  44%|████▍     | 697/1593 [00:13<00:13, 64.37it/s]
Processing frames:  44%|████▍     | 705/1593 [00:13<00:15, 58.06it/s]
Processing frames:  45%|████▍     | 713/1593 [00:13<00:16, 54.49it/s]
Processing frames:  45%|████▌     | 721/1593 [00:13<00:16, 51.92it/s]
Processing frames:  46%|████▌     | 729/1593 [00:13<00:16, 51.37it/s]
Processing frames:  46%|████▋     | 737/1593 [00:13<00:16, 51.13it/s]
Processing frames:  47%|████▋     | 745/1593 [00:14<00:16, 52.58it/s]
Processing frames:  47%|████▋     | 753/1593 [00:14<00:15, 54.97it/s]
Processing frames:  48%|████▊     | 761/1593 [00:14<00:14, 58.24it/s]
Processing frames:  48%|████▊     | 769/1593 [00:14<00:13, 63.17it/s]
Processing frames:  49%|████▉     | 777/1593 [00:14<00:12, 66.52it/s]
Processing frames:  50%|████▉     | 789/1593 [00:14<00:11, 72.05it/s]
Processing frames:  50%|█████     | 801/1593 [00:14<00:10, 73.61it/s]
Processing frames:  51%|█████     | 809/1593 [00:14<00:12, 61.36it/s]
Processing frames:  51%|█████     | 816/1593 [00:15<00:12, 60.07it/s]
Processing frames:  52%|█████▏    | 823/1593 [00:15<00:16, 47.70it/s]
Processing frames:  52%|█████▏    | 829/1593 [00:15<00:19, 38.81it/s]
Processing frames:  52%|█████▏    | 834/1593 [00:15<00:19, 38.95it/s]
Processing frames:  53%|█████▎    | 839/1593 [00:15<00:18, 40.14it/s]
Processing frames:  53%|█████▎    | 844/1593 [00:15<00:18, 40.64it/s]
Processing frames:  53%|█████▎    | 849/1593 [00:16<00:22, 33.69it/s]
Processing frames:  54%|█████▎    | 853/1593 [00:16<00:21, 34.27it/s]
Processing frames:  54%|█████▍    | 857/1593 [00:16<00:21, 35.03it/s]
Processing frames:  54%|█████▍    | 861/1593 [00:16<00:20, 35.42it/s]
Processing frames:  54%|█████▍    | 865/1593 [00:16<00:20, 35.74it/s]
Processing frames:  55%|█████▍    | 869/1593 [00:16<00:20, 35.35it/s]
Processing frames:  55%|█████▌    | 877/1593 [00:16<00:17, 40.46it/s]
Processing frames:  56%|█████▌    | 885/1593 [00:16<00:15, 45.89it/s]
Processing frames:  56%|█████▌    | 893/1593 [00:17<00:14, 47.85it/s]
Processing frames:  57%|█████▋    | 901/1593 [00:17<00:13, 52.99it/s]
Processing frames:  57%|█████▋    | 909/1593 [00:17<00:11, 58.98it/s]
Processing frames:  58%|█████▊    | 921/1593 [00:17<00:10, 67.18it/s]
Processing frames:  59%|█████▊    | 933/1593 [00:17<00:09, 72.53it/s]
Processing frames:  59%|█████▉    | 941/1593 [00:17<00:09, 69.00it/s]
Processing frames:  60%|█████▉    | 949/1593 [00:17<00:09, 66.18it/s]
Processing frames:  60%|██████    | 957/1593 [00:18<00:11, 57.39it/s]
Processing frames:  60%|██████    | 963/1593 [00:18<00:11, 56.26it/s]
Processing frames:  61%|██████    | 969/1593 [00:18<00:13, 46.68it/s]
Processing frames:  61%|██████    | 974/1593 [00:18<00:13, 46.69it/s]
Processing frames:  61%|██████▏   | 979/1593 [00:18<00:13, 47.07it/s]
Processing frames:  62%|██████▏   | 985/1593 [00:18<00:15, 39.96it/s]
Processing frames:  62%|██████▏   | 990/1593 [00:18<00:14, 41.78it/s]
Processing frames:  62%|██████▏   | 995/1593 [00:19<00:14, 40.81it/s]
Processing frames:  63%|██████▎   | 1000/1593 [00:19<00:14, 41.59it/s]
Processing frames:  63%|██████▎   | 1005/1593 [00:19<00:17, 33.00it/s]
Processing frames:  63%|██████▎   | 1009/1593 [00:19<00:17, 32.95it/s]
Processing frames:  64%|██████▍   | 1017/1593 [00:19<00:15, 36.10it/s]
Processing frames:  64%|██████▍   | 1025/1593 [00:19<00:14, 39.27it/s]
Processing frames:  65%|██████▍   | 1033/1593 [00:20<00:13, 42.56it/s]
Processing frames:  65%|██████▌   | 1041/1593 [00:20<00:12, 44.34it/s]
Processing frames:  66%|██████▌   | 1049/1593 [00:20<00:11, 48.63it/s]
Processing frames:  67%|██████▋   | 1061/1593 [00:20<00:08, 59.18it/s]
Processing frames:  67%|██████▋   | 1069/1593 [00:20<00:08, 63.62it/s]
Processing frames:  68%|██████▊   | 1077/1593 [00:20<00:07, 65.83it/s]
Processing frames:  68%|██████▊   | 1085/1593 [00:20<00:08, 63.40it/s]
Processing frames:  69%|██████▊   | 1092/1593 [00:20<00:08, 60.92it/s]
Processing frames:  69%|██████▉   | 1099/1593 [00:21<00:11, 44.09it/s]
Processing frames:  69%|██████▉   | 1105/1593 [00:21<00:13, 36.39it/s]
Processing frames:  70%|██████▉   | 1110/1593 [00:21<00:13, 36.93it/s]
Processing frames:  70%|██████▉   | 1115/1593 [00:21<00:12, 38.52it/s]
Processing frames:  70%|███████   | 1120/1593 [00:21<00:12, 38.80it/s]
Processing frames:  71%|███████   | 1125/1593 [00:22<00:14, 31.39it/s]
Processing frames:  71%|███████   | 1129/1593 [00:22<00:14, 31.81it/s]
Processing frames:  71%|███████   | 1133/1593 [00:22<00:14, 32.56it/s]
Processing frames:  71%|███████▏  | 1137/1593 [00:22<00:13, 32.68it/s]
Processing frames:  72%|███████▏  | 1141/1593 [00:22<00:13, 33.01it/s]
Processing frames:  72%|███████▏  | 1145/1593 [00:22<00:13, 32.84it/s]
Processing frames:  72%|███████▏  | 1149/1593 [00:22<00:13, 32.46it/s]
Processing frames:  72%|███████▏  | 1153/1593 [00:22<00:13, 32.71it/s]
Processing frames:  73%|███████▎  | 1157/1593 [00:23<00:12, 33.85it/s]
Processing frames:  73%|███████▎  | 1165/1593 [00:23<00:11, 38.34it/s]
Processing frames:  74%|███████▎  | 1173/1593 [00:23<00:09, 42.25it/s]
Processing frames:  74%|███████▍  | 1181/1593 [00:23<00:08, 47.16it/s]
Processing frames:  75%|███████▍  | 1189/1593 [00:23<00:07, 54.08it/s]
Processing frames:  75%|███████▌  | 1197/1593 [00:23<00:06, 60.07it/s]
Processing frames:  76%|███████▌  | 1205/1593 [00:23<00:05, 64.83it/s]
Processing frames:  76%|███████▌  | 1213/1593 [00:23<00:05, 68.58it/s]
Processing frames:  77%|███████▋  | 1221/1593 [00:24<00:05, 70.82it/s]
Processing frames:  77%|███████▋  | 1229/1593 [00:24<00:05, 69.17it/s]
Processing frames:  78%|███████▊  | 1237/1593 [00:24<00:06, 58.75it/s]
Processing frames:  78%|███████▊  | 1244/1593 [00:24<00:05, 59.51it/s]
Processing frames:  79%|███████▊  | 1251/1593 [00:24<00:07, 48.17it/s]
Processing frames:  79%|███████▉  | 1257/1593 [00:24<00:08, 41.55it/s]
Processing frames:  79%|███████▉  | 1265/1593 [00:25<00:08, 40.46it/s]
Processing frames:  80%|███████▉  | 1273/1593 [00:25<00:07, 42.96it/s]
Processing frames:  80%|████████  | 1281/1593 [00:25<00:06, 44.85it/s]
Processing frames:  81%|████████  | 1289/1593 [00:25<00:06, 46.68it/s]
Processing frames:  81%|████████▏ | 1297/1593 [00:25<00:06, 48.88it/s]
Processing frames:  82%|████████▏ | 1305/1593 [00:25<00:05, 52.95it/s]
Processing frames:  82%|████████▏ | 1313/1593 [00:25<00:04, 58.66it/s]
Processing frames:  83%|████████▎ | 1321/1593 [00:26<00:04, 61.34it/s]
Processing frames:  83%|████████▎ | 1329/1593 [00:26<00:04, 65.35it/s]
Processing frames:  84%|████████▍ | 1341/1593 [00:26<00:03, 69.49it/s]
Processing frames:  85%|████████▍ | 1349/1593 [00:26<00:04, 54.28it/s]
Processing frames:  85%|████████▌ | 1355/1593 [00:26<00:04, 52.83it/s]
Processing frames:  85%|████████▌ | 1361/1593 [00:26<00:05, 41.64it/s]
Processing frames:  86%|████████▌ | 1366/1593 [00:27<00:05, 42.91it/s]
Processing frames:  86%|████████▌ | 1371/1593 [00:27<00:05, 44.20it/s]
Processing frames:  86%|████████▋ | 1377/1593 [00:27<00:05, 38.69it/s]
Processing frames:  87%|████████▋ | 1382/1593 [00:27<00:05, 41.04it/s]
Processing frames:  87%|████████▋ | 1387/1593 [00:27<00:04, 41.59it/s]
Processing frames:  87%|████████▋ | 1392/1593 [00:27<00:04, 42.12it/s]
Processing frames:  88%|████████▊ | 1397/1593 [00:27<00:05, 34.56it/s]
Processing frames:  88%|████████▊ | 1405/1593 [00:28<00:05, 37.47it/s]
Processing frames:  89%|████████▊ | 1413/1593 [00:28<00:04, 42.85it/s]
Processing frames:  89%|████████▉ | 1421/1593 [00:28<00:03, 45.79it/s]
Processing frames:  90%|████████▉ | 1429/1593 [00:28<00:03, 46.73it/s]
Processing frames:  90%|█████████ | 1437/1593 [00:28<00:03, 48.72it/s]
Processing frames:  91%|█████████ | 1445/1593 [00:28<00:02, 51.44it/s]
Processing frames:  91%|█████████ | 1453/1593 [00:28<00:02, 56.68it/s]
Processing frames:  92%|█████████▏| 1461/1593 [00:28<00:02, 61.69it/s]
Processing frames:  92%|█████████▏| 1469/1593 [00:29<00:02, 57.60it/s]
Processing frames:  93%|█████████▎| 1477/1593 [00:29<00:02, 57.04it/s]
Processing frames:  93%|█████████▎| 1485/1593 [00:29<00:01, 57.57it/s]
Processing frames:  94%|█████████▎| 1493/1593 [00:29<00:01, 61.37it/s]
Processing frames:  94%|█████████▍| 1501/1593 [00:29<00:01, 63.99it/s]
Processing frames:  95%|█████████▍| 1509/1593 [00:29<00:01, 63.54it/s]
Processing frames:  95%|█████████▌| 1517/1593 [00:29<00:01, 62.75it/s]
Processing frames:  96%|█████████▌| 1525/1593 [00:30<00:01, 63.43it/s]
Processing frames:  96%|█████████▌| 1533/1593 [00:30<00:00, 63.48it/s]
Processing frames:  97%|█████████▋| 1541/1593 [00:30<00:00, 64.77it/s]
Processing frames:  97%|█████████▋| 1553/1593 [00:30<00:00, 71.33it/s]
Processing frames:  98%|█████████▊| 1565/1593 [00:30<00:00, 76.38it/s]
Processing frames:  99%|█████████▉| 1577/1593 [00:30<00:00, 77.48it/s]
Processing frames:  99%|█████████▉| 1585/1593 [00:30<00:00, 76.59it/s]
Processing frames: 100%|██████████| 1593/1593 [00:30<00:00, 51.54it/s]
[INFO] Trajectory saved to /home/pulver/projects/Outdoor_SLPF/results/iros_ablation/20260217_085404_ablation/no_corridor/seed_33/trajectory_0.5.tum
[INFO] Trajectory saved to /home/pulver/projects/Outdoor_SLPF/results/iros_ablation/20260217_085404_ablation/no_corridor/seed_33/gps_pose.tum
[INFO] Finished processing all frames from the CSV file.

[exit_code=0 duration_sec=35.62]
