$ /home/pulver/projects/Outdoor_SLPF/.venv/bin/python /home/pulver/projects/Outdoor_SLPF/scripts/spf_lidar.py --miss-penalty 4.0 --wrong-hit-penalty 4.0 --gps-weight 0.5 --seed 33 --output-folder /home/pulver/projects/Outdoor_SLPF/results/iros_rh1_robustness/20260225_151229_run1_robustness_gpu/option_b_landmark_removal/remove_30pct/seed_33 --frame-stride 4 --semantic-sigma 0.05 --gps-sigma 1.1 --corridor-weight 0.30 --corridor-dist-sigma 1.50 --corridor-heading-sigma 0.35 --background-class-weight 0.20 --max-background-obs 120 --expected-obs-count 150 --pose-smooth-alpha-pos 0.55 --pose-smooth-alpha-theta 0.50 --odom-yaw-filter-alpha 0.90 --particle-count 100 --segment-chunk 4096 --detection-drop-rate 0.000000 --no-visualization --data-path /home/pulver/projects/Outdoor_SLPF/data/2025/rh_run1 --geojson-path /home/pulver/projects/Outdoor_SLPF/results/iros_rh1_robustness/20260225_151229_run1_robustness_gpu/option_b_map_variants/riseholme_poles_trunk_remove_30pct.geojson --require-cuda

/home/pulver/projects/Outdoor_SLPF/.venv/lib/python3.10/site-packages/matplotlib/projections/__init__.py:63: UserWarning: Unable to import Axes3D. This may be due to multiple versions of Matplotlib being installed (e.g. as a system package and as a pip package). As a result, the 3D projection is not available.
  warnings.warn("Unable to import Axes3D. This may be due to multiple versions of "
Using device: cuda
[INFO] Running with Miss Penalty: 4.0, Wrong Hit Penalty: 4.0, GPS Weight: 0.5, Seed: 33, Output: /home/pulver/projects/Outdoor_SLPF/results/iros_rh1_robustness/20260225_151229_run1_robustness_gpu/option_b_landmark_removal/remove_30pct/seed_33, DataPath: /home/pulver/projects/Outdoor_SLPF/data/2025/rh_run1, CSV: /home/pulver/projects/Outdoor_SLPF/data/2025/rh_run1/data.csv, Stride: 4, MaxFrames: None, Visualize: False, Model: wall, DisableGPS: False, DisableSemantic: False, DisableCorridor: False, DisableBackground: False, StaticGPSWeight: False, DisablePoseSmooth: False, SemanticClasses: both, DetectionDropRate: 0.0, SegmentChunk: 4096, ProfileRuntime: False, ProfileWarmup: 20

Processing frames:   0%|          | 0/1593 [00:00<?, ?it/s]
Processing frames:   0%|          | 1/1593 [00:00<22:57,  1.16it/s]
Processing frames:   1%|          | 9/1593 [00:01<02:14, 11.75it/s]
Processing frames:   1%|          | 17/1593 [00:01<01:13, 21.55it/s]
Processing frames:   2%|▏         | 25/1593 [00:01<00:51, 30.44it/s]
Processing frames:   2%|▏         | 33/1593 [00:01<00:40, 38.12it/s]
Processing frames:   3%|▎         | 41/1593 [00:01<00:35, 43.39it/s]
Processing frames:   3%|▎         | 49/1593 [00:01<00:31, 48.55it/s]
Processing frames:   4%|▎         | 57/1593 [00:01<00:29, 51.81it/s]
Processing frames:   4%|▍         | 65/1593 [00:01<00:28, 54.06it/s]
Processing frames:   5%|▍         | 73/1593 [00:02<00:27, 54.32it/s]
Processing frames:   5%|▌         | 81/1593 [00:02<00:27, 55.29it/s]
Processing frames:   6%|▌         | 89/1593 [00:02<00:27, 55.53it/s]
Processing frames:   6%|▌         | 97/1593 [00:02<00:27, 53.62it/s]
Processing frames:   7%|▋         | 105/1593 [00:02<00:28, 52.98it/s]
Processing frames:   7%|▋         | 113/1593 [00:02<00:27, 53.32it/s]
Processing frames:   8%|▊         | 121/1593 [00:02<00:27, 54.02it/s]
Processing frames:   8%|▊         | 129/1593 [00:03<00:27, 54.22it/s]
Processing frames:   9%|▊         | 137/1593 [00:03<00:27, 52.20it/s]
Processing frames:   9%|▉         | 145/1593 [00:03<00:27, 51.90it/s]
Processing frames:  10%|▉         | 153/1593 [00:03<00:28, 50.86it/s]
Processing frames:  10%|█         | 161/1593 [00:03<00:27, 52.35it/s]
Processing frames:  11%|█         | 169/1593 [00:03<00:26, 54.75it/s]
Processing frames:  11%|█         | 177/1593 [00:04<00:25, 55.92it/s]
Processing frames:  12%|█▏        | 185/1593 [00:04<00:24, 57.46it/s]
Processing frames:  12%|█▏        | 193/1593 [00:04<00:23, 59.37it/s]
Processing frames:  13%|█▎        | 201/1593 [00:04<00:21, 63.56it/s]
Processing frames:  13%|█▎        | 209/1593 [00:04<00:21, 65.26it/s]
Processing frames:  14%|█▎        | 217/1593 [00:04<00:20, 67.15it/s]
Processing frames:  14%|█▍        | 225/1593 [00:04<00:19, 69.90it/s]
Processing frames:  15%|█▍        | 233/1593 [00:04<00:19, 71.16it/s]
Processing frames:  15%|█▌        | 241/1593 [00:04<00:18, 73.49it/s]
Processing frames:  16%|█▌        | 249/1593 [00:05<00:18, 72.74it/s]
Processing frames:  16%|█▌        | 257/1593 [00:05<00:18, 74.15it/s]
Processing frames:  17%|█▋        | 265/1593 [00:05<00:20, 64.59it/s]
Processing frames:  17%|█▋        | 273/1593 [00:05<00:23, 56.39it/s]
Processing frames:  18%|█▊        | 281/1593 [00:05<00:25, 51.40it/s]
Processing frames:  18%|█▊        | 289/1593 [00:05<00:25, 50.35it/s]
Processing frames:  19%|█▊        | 297/1593 [00:05<00:25, 50.52it/s]
Processing frames:  19%|█▉        | 305/1593 [00:06<00:23, 54.16it/s]
Processing frames:  20%|█▉        | 313/1593 [00:06<00:23, 53.79it/s]
Processing frames:  20%|██        | 321/1593 [00:06<00:24, 50.98it/s]
Processing frames:  21%|██        | 329/1593 [00:06<00:25, 49.66it/s]
Processing frames:  21%|██        | 337/1593 [00:06<00:23, 52.35it/s]
Processing frames:  22%|██▏       | 345/1593 [00:06<00:23, 54.11it/s]
Processing frames:  22%|██▏       | 353/1593 [00:06<00:22, 55.83it/s]
Processing frames:  23%|██▎       | 361/1593 [00:07<00:21, 58.60it/s]
Processing frames:  23%|██▎       | 373/1593 [00:07<00:18, 65.68it/s]
Processing frames:  24%|██▍       | 381/1593 [00:07<00:17, 68.58it/s]
Processing frames:  25%|██▍       | 393/1593 [00:07<00:16, 73.77it/s]
Processing frames:  25%|██▌       | 405/1593 [00:07<00:16, 72.68it/s]
Processing frames:  26%|██▌       | 413/1593 [00:07<00:17, 65.89it/s]
Processing frames:  26%|██▋       | 421/1593 [00:07<00:19, 60.86it/s]
Processing frames:  27%|██▋       | 429/1593 [00:08<00:20, 56.72it/s]
Processing frames:  27%|██▋       | 437/1593 [00:08<00:21, 54.84it/s]
Processing frames:  28%|██▊       | 445/1593 [00:08<00:21, 52.37it/s]
Processing frames:  28%|██▊       | 453/1593 [00:08<00:21, 53.14it/s]
Processing frames:  29%|██▉       | 461/1593 [00:08<00:21, 53.54it/s]
Processing frames:  29%|██▉       | 469/1593 [00:08<00:22, 49.89it/s]
Processing frames:  30%|██▉       | 477/1593 [00:09<00:22, 50.47it/s]
Processing frames:  30%|███       | 485/1593 [00:09<00:21, 52.41it/s]
Processing frames:  31%|███       | 493/1593 [00:09<00:21, 52.10it/s]
Processing frames:  31%|███▏      | 501/1593 [00:09<00:20, 54.38it/s]
Processing frames:  32%|███▏      | 509/1593 [00:09<00:19, 56.43it/s]
Processing frames:  32%|███▏      | 517/1593 [00:09<00:18, 58.03it/s]
Processing frames:  33%|███▎      | 525/1593 [00:09<00:18, 59.00it/s]
Processing frames:  33%|███▎      | 533/1593 [00:10<00:17, 60.93it/s]
Processing frames:  34%|███▍      | 545/1593 [00:10<00:15, 66.82it/s]
Processing frames:  35%|███▍      | 553/1593 [00:10<00:15, 66.07it/s]
Processing frames:  35%|███▌      | 561/1593 [00:10<00:17, 59.15it/s]
Processing frames:  36%|███▌      | 569/1593 [00:10<00:18, 53.98it/s]
Processing frames:  36%|███▌      | 577/1593 [00:10<00:20, 49.45it/s]
Processing frames:  37%|███▋      | 585/1593 [00:11<00:20, 48.92it/s]
Processing frames:  37%|███▋      | 593/1593 [00:11<00:21, 47.25it/s]
Processing frames:  38%|███▊      | 601/1593 [00:11<00:20, 48.30it/s]
Processing frames:  38%|███▊      | 609/1593 [00:11<00:20, 48.74it/s]
Processing frames:  39%|███▊      | 617/1593 [00:11<00:20, 46.85it/s]
Processing frames:  39%|███▉      | 625/1593 [00:11<00:19, 48.47it/s]
Processing frames:  40%|███▉      | 633/1593 [00:12<00:18, 51.43it/s]
Processing frames:  40%|████      | 641/1593 [00:12<00:17, 54.85it/s]
Processing frames:  41%|████      | 649/1593 [00:12<00:16, 56.74it/s]
Processing frames:  41%|████      | 657/1593 [00:12<00:15, 59.79it/s]
Processing frames:  42%|████▏     | 669/1593 [00:12<00:13, 67.38it/s]
Processing frames:  43%|████▎     | 681/1593 [00:12<00:13, 69.02it/s]
Processing frames:  43%|████▎     | 689/1593 [00:12<00:13, 64.84it/s]
Processing frames:  44%|████▍     | 697/1593 [00:12<00:13, 64.19it/s]
Processing frames:  44%|████▍     | 705/1593 [00:13<00:15, 58.68it/s]
Processing frames:  45%|████▍     | 713/1593 [00:13<00:15, 55.24it/s]
Processing frames:  45%|████▌     | 721/1593 [00:13<00:16, 52.30it/s]
Processing frames:  46%|████▌     | 729/1593 [00:13<00:16, 51.37it/s]
Processing frames:  46%|████▋     | 737/1593 [00:13<00:16, 51.71it/s]
Processing frames:  47%|████▋     | 745/1593 [00:13<00:16, 52.79it/s]
Processing frames:  47%|████▋     | 753/1593 [00:14<00:15, 54.86it/s]
Processing frames:  48%|████▊     | 761/1593 [00:14<00:14, 57.25it/s]
Processing frames:  48%|████▊     | 769/1593 [00:14<00:13, 61.76it/s]
Processing frames:  49%|████▉     | 777/1593 [00:14<00:12, 64.73it/s]
Processing frames:  49%|████▉     | 785/1593 [00:14<00:11, 68.17it/s]
Processing frames:  50%|█████     | 797/1593 [00:14<00:10, 73.71it/s]
Processing frames:  51%|█████     | 805/1593 [00:14<00:11, 67.03it/s]
Processing frames:  51%|█████     | 812/1593 [00:14<00:11, 67.19it/s]
Processing frames:  51%|█████▏    | 819/1593 [00:15<00:15, 49.21it/s]
Processing frames:  52%|█████▏    | 825/1593 [00:15<00:19, 40.33it/s]
Processing frames:  52%|█████▏    | 830/1593 [00:15<00:18, 40.69it/s]
Processing frames:  52%|█████▏    | 835/1593 [00:15<00:18, 40.65it/s]
Processing frames:  53%|█████▎    | 840/1593 [00:15<00:18, 41.67it/s]
Processing frames:  53%|█████▎    | 845/1593 [00:15<00:22, 33.74it/s]
Processing frames:  53%|█████▎    | 849/1593 [00:16<00:21, 34.88it/s]
Processing frames:  54%|█████▎    | 853/1593 [00:16<00:20, 35.80it/s]
Processing frames:  54%|█████▍    | 857/1593 [00:16<00:20, 35.84it/s]
Processing frames:  54%|█████▍    | 861/1593 [00:16<00:20, 35.61it/s]
Processing frames:  54%|█████▍    | 865/1593 [00:16<00:20, 36.03it/s]
Processing frames:  55%|█████▍    | 869/1593 [00:16<00:20, 35.67it/s]
Processing frames:  55%|█████▌    | 877/1593 [00:16<00:17, 40.34it/s]
Processing frames:  56%|█████▌    | 885/1593 [00:16<00:15, 45.73it/s]
Processing frames:  56%|█████▌    | 893/1593 [00:17<00:14, 47.66it/s]
Processing frames:  57%|█████▋    | 901/1593 [00:17<00:13, 52.22it/s]
Processing frames:  57%|█████▋    | 909/1593 [00:17<00:11, 57.33it/s]
Processing frames:  58%|█████▊    | 921/1593 [00:17<00:10, 65.80it/s]
Processing frames:  59%|█████▊    | 933/1593 [00:17<00:09, 71.21it/s]
Processing frames:  59%|█████▉    | 941/1593 [00:17<00:09, 68.59it/s]
Processing frames:  60%|█████▉    | 949/1593 [00:17<00:09, 66.24it/s]
Processing frames:  60%|██████    | 957/1593 [00:18<00:10, 58.27it/s]
Processing frames:  60%|██████    | 963/1593 [00:18<00:10, 57.70it/s]
Processing frames:  61%|██████    | 969/1593 [00:18<00:12, 48.03it/s]
Processing frames:  61%|██████    | 975/1593 [00:18<00:12, 50.23it/s]
Processing frames:  62%|██████▏   | 981/1593 [00:18<00:14, 43.21it/s]
Processing frames:  62%|██████▏   | 986/1593 [00:18<00:14, 42.99it/s]
Processing frames:  62%|██████▏   | 991/1593 [00:18<00:13, 44.34it/s]
Processing frames:  63%|██████▎   | 996/1593 [00:18<00:13, 43.42it/s]
Processing frames:  63%|██████▎   | 1001/1593 [00:19<00:17, 34.08it/s]
Processing frames:  63%|██████▎   | 1005/1593 [00:19<00:17, 34.18it/s]
Processing frames:  63%|██████▎   | 1009/1593 [00:19<00:17, 33.71it/s]
Processing frames:  64%|██████▍   | 1017/1593 [00:19<00:15, 36.79it/s]
Processing frames:  64%|██████▍   | 1025/1593 [00:19<00:14, 39.95it/s]
Processing frames:  65%|██████▍   | 1033/1593 [00:19<00:12, 43.20it/s]
Processing frames:  65%|██████▌   | 1041/1593 [00:20<00:12, 45.38it/s]
Processing frames:  66%|██████▌   | 1049/1593 [00:20<00:10, 49.82it/s]
Processing frames:  67%|██████▋   | 1061/1593 [00:20<00:08, 60.76it/s]
Processing frames:  67%|██████▋   | 1069/1593 [00:20<00:08, 65.07it/s]
Processing frames:  68%|██████▊   | 1077/1593 [00:20<00:07, 67.23it/s]
Processing frames:  68%|██████▊   | 1085/1593 [00:20<00:07, 64.47it/s]
Processing frames:  69%|██████▊   | 1092/1593 [00:20<00:08, 62.19it/s]
Processing frames:  69%|██████▉   | 1099/1593 [00:21<00:11, 44.33it/s]
Processing frames:  69%|██████▉   | 1105/1593 [00:21<00:13, 36.49it/s]
Processing frames:  70%|██████▉   | 1110/1593 [00:21<00:12, 37.18it/s]
Processing frames:  70%|██████▉   | 1115/1593 [00:21<00:12, 38.79it/s]
Processing frames:  70%|███████   | 1120/1593 [00:21<00:12, 39.08it/s]
Processing frames:  71%|███████   | 1125/1593 [00:21<00:14, 31.63it/s]
Processing frames:  71%|███████   | 1129/1593 [00:22<00:14, 32.17it/s]
Processing frames:  71%|███████   | 1133/1593 [00:22<00:14, 32.84it/s]
Processing frames:  71%|███████▏  | 1137/1593 [00:22<00:13, 32.91it/s]
Processing frames:  72%|███████▏  | 1141/1593 [00:22<00:13, 33.52it/s]
Processing frames:  72%|███████▏  | 1145/1593 [00:22<00:13, 33.31it/s]
Processing frames:  72%|███████▏  | 1149/1593 [00:22<00:13, 32.94it/s]
Processing frames:  72%|███████▏  | 1153/1593 [00:22<00:13, 33.07it/s]
Processing frames:  73%|███████▎  | 1157/1593 [00:22<00:12, 34.13it/s]
Processing frames:  73%|███████▎  | 1165/1593 [00:23<00:11, 38.54it/s]
Processing frames:  74%|███████▎  | 1173/1593 [00:23<00:09, 42.81it/s]
Processing frames:  74%|███████▍  | 1181/1593 [00:23<00:08, 47.37it/s]
Processing frames:  75%|███████▍  | 1189/1593 [00:23<00:07, 53.79it/s]
Processing frames:  75%|███████▌  | 1199/1593 [00:23<00:06, 65.16it/s]
Processing frames:  76%|███████▌  | 1206/1593 [00:23<00:05, 65.94it/s]
Processing frames:  76%|███████▌  | 1213/1593 [00:23<00:05, 66.35it/s]
Processing frames:  77%|███████▋  | 1221/1593 [00:23<00:05, 68.31it/s]
Processing frames:  77%|███████▋  | 1229/1593 [00:24<00:05, 67.41it/s]
Processing frames:  78%|███████▊  | 1237/1593 [00:24<00:06, 57.99it/s]
Processing frames:  78%|███████▊  | 1244/1593 [00:24<00:05, 59.26it/s]
Processing frames:  79%|███████▊  | 1251/1593 [00:24<00:07, 48.10it/s]
Processing frames:  79%|███████▉  | 1257/1593 [00:24<00:08, 41.37it/s]
Processing frames:  79%|███████▉  | 1262/1593 [00:24<00:07, 42.85it/s]
Processing frames:  80%|███████▉  | 1267/1593 [00:24<00:07, 43.86it/s]
Processing frames:  80%|███████▉  | 1273/1593 [00:25<00:07, 42.15it/s]
Processing frames:  80%|████████  | 1281/1593 [00:25<00:06, 45.06it/s]
Processing frames:  81%|████████  | 1289/1593 [00:25<00:06, 47.83it/s]
Processing frames:  81%|████████▏ | 1297/1593 [00:25<00:05, 50.19it/s]
Processing frames:  82%|████████▏ | 1305/1593 [00:25<00:05, 54.30it/s]
Processing frames:  83%|████████▎ | 1317/1593 [00:25<00:04, 61.73it/s]
Processing frames:  83%|████████▎ | 1325/1593 [00:25<00:04, 64.43it/s]
Processing frames:  84%|████████▍ | 1337/1593 [00:26<00:03, 71.24it/s]
Processing frames:  84%|████████▍ | 1345/1593 [00:26<00:04, 61.07it/s]
Processing frames:  85%|████████▍ | 1352/1593 [00:26<00:03, 61.60it/s]
Processing frames:  85%|████████▌ | 1359/1593 [00:26<00:04, 47.41it/s]
Processing frames:  86%|████████▌ | 1365/1593 [00:26<00:05, 40.57it/s]
Processing frames:  86%|████████▌ | 1370/1593 [00:26<00:05, 41.99it/s]
Processing frames:  86%|████████▋ | 1377/1593 [00:27<00:05, 39.27it/s]
Processing frames:  87%|████████▋ | 1382/1593 [00:27<00:05, 40.74it/s]
Processing frames:  87%|████████▋ | 1387/1593 [00:27<00:04, 41.60it/s]
Processing frames:  87%|████████▋ | 1392/1593 [00:27<00:04, 42.29it/s]
Processing frames:  88%|████████▊ | 1397/1593 [00:27<00:05, 34.85it/s]
Processing frames:  88%|████████▊ | 1405/1593 [00:27<00:04, 37.76it/s]
Processing frames:  89%|████████▊ | 1413/1593 [00:28<00:04, 43.49it/s]
Processing frames:  89%|████████▉ | 1421/1593 [00:28<00:03, 46.26it/s]
Processing frames:  90%|████████▉ | 1429/1593 [00:28<00:03, 47.00it/s]
Processing frames:  90%|█████████ | 1437/1593 [00:28<00:03, 48.30it/s]
Processing frames:  91%|█████████ | 1445/1593 [00:28<00:02, 50.32it/s]
Processing frames:  91%|█████████ | 1453/1593 [00:28<00:02, 55.43it/s]
Processing frames:  92%|█████████▏| 1461/1593 [00:28<00:02, 60.31it/s]
Processing frames:  92%|█████████▏| 1469/1593 [00:29<00:02, 56.76it/s]
Processing frames:  93%|█████████▎| 1477/1593 [00:29<00:02, 56.56it/s]
Processing frames:  93%|█████████▎| 1485/1593 [00:29<00:01, 57.41it/s]
Processing frames:  94%|█████████▎| 1493/1593 [00:29<00:01, 61.15it/s]
Processing frames:  94%|█████████▍| 1501/1593 [00:29<00:01, 63.77it/s]
Processing frames:  95%|█████████▍| 1509/1593 [00:29<00:01, 63.14it/s]
Processing frames:  95%|█████████▌| 1517/1593 [00:29<00:01, 62.69it/s]
Processing frames:  96%|█████████▌| 1525/1593 [00:29<00:01, 63.27it/s]
Processing frames:  96%|█████████▌| 1533/1593 [00:30<00:00, 63.45it/s]
Processing frames:  97%|█████████▋| 1541/1593 [00:30<00:00, 64.83it/s]
Processing frames:  97%|█████████▋| 1553/1593 [00:30<00:00, 71.29it/s]
Processing frames:  98%|█████████▊| 1565/1593 [00:30<00:00, 75.85it/s]
Processing frames:  99%|█████████▉| 1577/1593 [00:30<00:00, 76.32it/s]
Processing frames:  99%|█████████▉| 1585/1593 [00:30<00:00, 74.74it/s]
Processing frames: 100%|██████████| 1593/1593 [00:30<00:00, 51.75it/s]
[INFO] Trajectory saved to /home/pulver/projects/Outdoor_SLPF/results/iros_rh1_robustness/20260225_151229_run1_robustness_gpu/option_b_landmark_removal/remove_30pct/seed_33/trajectory_0.5.tum
[INFO] Trajectory saved to /home/pulver/projects/Outdoor_SLPF/results/iros_rh1_robustness/20260225_151229_run1_robustness_gpu/option_b_landmark_removal/remove_30pct/seed_33/gps_pose.tum
[INFO] Finished processing all frames from the CSV file.

[exit_code=0 duration_sec=35.46]
