$ /home/pulver/projects/Outdoor_SLPF/.venv/bin/python /home/pulver/projects/Outdoor_SLPF/scripts/spf_lidar.py --miss-penalty 4.0 --wrong-hit-penalty 4.0 --gps-weight 0.5 --seed 11 --output-folder /home/pulver/projects/Outdoor_SLPF/results/iros_rh1_robustness/20260225_151229_run1_robustness_gpu/option_b_landmark_removal/remove_50pct/seed_11 --frame-stride 4 --semantic-sigma 0.05 --gps-sigma 1.1 --corridor-weight 0.30 --corridor-dist-sigma 1.50 --corridor-heading-sigma 0.35 --background-class-weight 0.20 --max-background-obs 120 --expected-obs-count 150 --pose-smooth-alpha-pos 0.55 --pose-smooth-alpha-theta 0.50 --odom-yaw-filter-alpha 0.90 --particle-count 100 --segment-chunk 4096 --detection-drop-rate 0.000000 --no-visualization --data-path /home/pulver/projects/Outdoor_SLPF/data/2025/rh_run1 --geojson-path /home/pulver/projects/Outdoor_SLPF/results/iros_rh1_robustness/20260225_151229_run1_robustness_gpu/option_b_map_variants/riseholme_poles_trunk_remove_50pct.geojson --require-cuda

/home/pulver/projects/Outdoor_SLPF/.venv/lib/python3.10/site-packages/matplotlib/projections/__init__.py:63: UserWarning: Unable to import Axes3D. This may be due to multiple versions of Matplotlib being installed (e.g. as a system package and as a pip package). As a result, the 3D projection is not available.
  warnings.warn("Unable to import Axes3D. This may be due to multiple versions of "
Using device: cuda
[INFO] Running with Miss Penalty: 4.0, Wrong Hit Penalty: 4.0, GPS Weight: 0.5, Seed: 11, Output: /home/pulver/projects/Outdoor_SLPF/results/iros_rh1_robustness/20260225_151229_run1_robustness_gpu/option_b_landmark_removal/remove_50pct/seed_11, DataPath: /home/pulver/projects/Outdoor_SLPF/data/2025/rh_run1, CSV: /home/pulver/projects/Outdoor_SLPF/data/2025/rh_run1/data.csv, Stride: 4, MaxFrames: None, Visualize: False, Model: wall, DisableGPS: False, DisableSemantic: False, DisableCorridor: False, DisableBackground: False, StaticGPSWeight: False, DisablePoseSmooth: False, SemanticClasses: both, DetectionDropRate: 0.0, SegmentChunk: 4096, ProfileRuntime: False, ProfileWarmup: 20

Processing frames:   0%|          | 0/1593 [00:00<?, ?it/s]
Processing frames:   0%|          | 1/1593 [00:00<23:27,  1.13it/s]
Processing frames:   1%|          | 9/1593 [00:01<02:17, 11.52it/s]
Processing frames:   1%|          | 17/1593 [00:01<01:14, 21.09it/s]
Processing frames:   2%|▏         | 25/1593 [00:01<00:52, 29.84it/s]
Processing frames:   2%|▏         | 33/1593 [00:01<00:41, 37.35it/s]
Processing frames:   3%|▎         | 41/1593 [00:01<00:36, 42.67it/s]
Processing frames:   3%|▎         | 49/1593 [00:01<00:32, 47.89it/s]
Processing frames:   4%|▎         | 57/1593 [00:01<00:29, 51.53it/s]
Processing frames:   4%|▍         | 65/1593 [00:01<00:28, 53.53it/s]
Processing frames:   5%|▍         | 73/1593 [00:02<00:28, 53.66it/s]
Processing frames:   5%|▌         | 81/1593 [00:02<00:27, 54.57it/s]
Processing frames:   6%|▌         | 89/1593 [00:02<00:27, 54.40it/s]
Processing frames:   6%|▌         | 97/1593 [00:02<00:28, 52.98it/s]
Processing frames:   7%|▋         | 105/1593 [00:02<00:28, 52.36it/s]
Processing frames:   7%|▋         | 113/1593 [00:02<00:27, 53.00it/s]
Processing frames:   8%|▊         | 121/1593 [00:02<00:27, 54.21it/s]
Processing frames:   8%|▊         | 129/1593 [00:03<00:27, 54.13it/s]
Processing frames:   9%|▊         | 137/1593 [00:03<00:28, 51.92it/s]
Processing frames:   9%|▉         | 145/1593 [00:03<00:27, 52.39it/s]
Processing frames:  10%|▉         | 153/1593 [00:03<00:28, 51.43it/s]
Processing frames:  10%|█         | 161/1593 [00:03<00:27, 52.91it/s]
Processing frames:  11%|█         | 169/1593 [00:03<00:25, 55.19it/s]
Processing frames:  11%|█         | 177/1593 [00:04<00:25, 56.53it/s]
Processing frames:  12%|█▏        | 185/1593 [00:04<00:24, 57.96it/s]
Processing frames:  12%|█▏        | 193/1593 [00:04<00:23, 59.27it/s]
Processing frames:  13%|█▎        | 201/1593 [00:04<00:22, 62.14it/s]
Processing frames:  13%|█▎        | 209/1593 [00:04<00:21, 63.20it/s]
Processing frames:  14%|█▎        | 217/1593 [00:04<00:21, 64.74it/s]
Processing frames:  14%|█▍        | 225/1593 [00:04<00:20, 67.23it/s]
Processing frames:  15%|█▍        | 233/1593 [00:04<00:19, 69.25it/s]
Processing frames:  15%|█▌        | 245/1593 [00:05<00:18, 73.87it/s]
Processing frames:  16%|█▌        | 253/1593 [00:05<00:18, 72.04it/s]
Processing frames:  16%|█▋        | 261/1593 [00:05<00:18, 70.11it/s]
Processing frames:  17%|█▋        | 269/1593 [00:05<00:22, 58.63it/s]
Processing frames:  17%|█▋        | 277/1593 [00:05<00:24, 52.75it/s]
Processing frames:  18%|█▊        | 285/1593 [00:05<00:25, 50.71it/s]
Processing frames:  18%|█▊        | 293/1593 [00:05<00:25, 51.09it/s]
Processing frames:  19%|█▉        | 301/1593 [00:06<00:24, 53.41it/s]
Processing frames:  19%|█▉        | 309/1593 [00:06<00:23, 55.03it/s]
Processing frames:  20%|█▉        | 317/1593 [00:06<00:24, 52.35it/s]
Processing frames:  20%|██        | 325/1593 [00:06<00:25, 49.64it/s]
Processing frames:  21%|██        | 333/1593 [00:06<00:24, 51.07it/s]
Processing frames:  21%|██▏       | 341/1593 [00:06<00:23, 53.42it/s]
Processing frames:  22%|██▏       | 349/1593 [00:06<00:22, 54.22it/s]
Processing frames:  22%|██▏       | 357/1593 [00:07<00:21, 56.42it/s]
Processing frames:  23%|██▎       | 365/1593 [00:07<00:20, 60.71it/s]
Processing frames:  23%|██▎       | 373/1593 [00:07<00:18, 64.84it/s]
Processing frames:  24%|██▍       | 381/1593 [00:07<00:17, 67.85it/s]
Processing frames:  25%|██▍       | 393/1593 [00:07<00:16, 73.62it/s]
Processing frames:  25%|██▌       | 405/1593 [00:07<00:16, 72.08it/s]
Processing frames:  26%|██▌       | 413/1593 [00:07<00:18, 65.52it/s]
Processing frames:  26%|██▋       | 421/1593 [00:08<00:19, 60.68it/s]
Processing frames:  27%|██▋       | 429/1593 [00:08<00:20, 56.60it/s]
Processing frames:  27%|██▋       | 437/1593 [00:08<00:20, 55.07it/s]
Processing frames:  28%|██▊       | 445/1593 [00:08<00:22, 52.18it/s]
Processing frames:  28%|██▊       | 453/1593 [00:08<00:21, 53.00it/s]
Processing frames:  29%|██▉       | 461/1593 [00:08<00:21, 52.91it/s]
Processing frames:  29%|██▉       | 469/1593 [00:09<00:22, 49.30it/s]
Processing frames:  30%|██▉       | 477/1593 [00:09<00:22, 49.85it/s]
Processing frames:  30%|███       | 485/1593 [00:09<00:21, 52.20it/s]
Processing frames:  31%|███       | 493/1593 [00:09<00:21, 51.24it/s]
Processing frames:  31%|███▏      | 501/1593 [00:09<00:20, 52.47it/s]
Processing frames:  32%|███▏      | 509/1593 [00:09<00:19, 54.70it/s]
Processing frames:  32%|███▏      | 517/1593 [00:09<00:18, 56.91it/s]
Processing frames:  33%|███▎      | 525/1593 [00:10<00:18, 58.15it/s]
Processing frames:  33%|███▎      | 533/1593 [00:10<00:17, 60.17it/s]
Processing frames:  34%|███▍      | 545/1593 [00:10<00:15, 65.82it/s]
Processing frames:  35%|███▍      | 553/1593 [00:10<00:16, 64.91it/s]
Processing frames:  35%|███▌      | 561/1593 [00:10<00:17, 58.34it/s]
Processing frames:  36%|███▌      | 569/1593 [00:10<00:19, 53.36it/s]
Processing frames:  36%|███▌      | 577/1593 [00:10<00:20, 48.73it/s]
Processing frames:  37%|███▋      | 585/1593 [00:11<00:21, 47.97it/s]
Processing frames:  37%|███▋      | 593/1593 [00:11<00:21, 46.36it/s]
Processing frames:  38%|███▊      | 601/1593 [00:11<00:20, 47.48it/s]
Processing frames:  38%|███▊      | 609/1593 [00:11<00:20, 48.73it/s]
Processing frames:  39%|███▊      | 617/1593 [00:11<00:20, 47.31it/s]
Processing frames:  39%|███▉      | 625/1593 [00:11<00:19, 48.73it/s]
Processing frames:  40%|███▉      | 633/1593 [00:12<00:18, 50.82it/s]
Processing frames:  40%|████      | 641/1593 [00:12<00:17, 54.40it/s]
Processing frames:  41%|████      | 649/1593 [00:12<00:16, 56.31it/s]
Processing frames:  41%|████      | 657/1593 [00:12<00:15, 58.64it/s]
Processing frames:  42%|████▏     | 669/1593 [00:12<00:14, 65.73it/s]
Processing frames:  43%|████▎     | 681/1593 [00:12<00:13, 67.90it/s]
Processing frames:  43%|████▎     | 689/1593 [00:12<00:13, 64.58it/s]
Processing frames:  44%|████▍     | 697/1593 [00:13<00:13, 64.39it/s]
Processing frames:  44%|████▍     | 705/1593 [00:13<00:15, 58.34it/s]
Processing frames:  45%|████▍     | 713/1593 [00:13<00:16, 54.96it/s]
Processing frames:  45%|████▌     | 721/1593 [00:13<00:16, 51.89it/s]
Processing frames:  46%|████▌     | 729/1593 [00:13<00:16, 50.90it/s]
Processing frames:  46%|████▋     | 737/1593 [00:13<00:16, 51.09it/s]
Processing frames:  47%|████▋     | 745/1593 [00:14<00:16, 51.93it/s]
Processing frames:  47%|████▋     | 753/1593 [00:14<00:15, 54.24it/s]
Processing frames:  48%|████▊     | 761/1593 [00:14<00:14, 56.68it/s]
Processing frames:  48%|████▊     | 769/1593 [00:14<00:13, 60.75it/s]
Processing frames:  49%|████▉     | 777/1593 [00:14<00:12, 63.76it/s]
Processing frames:  49%|████▉     | 785/1593 [00:14<00:11, 67.75it/s]
Processing frames:  50%|█████     | 797/1593 [00:14<00:10, 73.32it/s]
Processing frames:  51%|█████     | 805/1593 [00:14<00:11, 66.73it/s]
Processing frames:  51%|█████     | 812/1593 [00:15<00:11, 66.59it/s]
Processing frames:  51%|█████▏    | 819/1593 [00:15<00:15, 49.13it/s]
Processing frames:  52%|█████▏    | 825/1593 [00:15<00:19, 40.09it/s]
Processing frames:  52%|█████▏    | 830/1593 [00:15<00:18, 40.25it/s]
Processing frames:  52%|█████▏    | 835/1593 [00:15<00:18, 40.08it/s]
Processing frames:  53%|█████▎    | 840/1593 [00:15<00:18, 41.06it/s]
Processing frames:  53%|█████▎    | 845/1593 [00:16<00:22, 33.06it/s]
Processing frames:  53%|█████▎    | 849/1593 [00:16<00:21, 33.98it/s]
Processing frames:  54%|█████▎    | 853/1593 [00:16<00:21, 34.82it/s]
Processing frames:  54%|█████▍    | 857/1593 [00:16<00:20, 35.51it/s]
Processing frames:  54%|█████▍    | 861/1593 [00:16<00:20, 35.67it/s]
Processing frames:  54%|█████▍    | 865/1593 [00:16<00:20, 35.80it/s]
Processing frames:  55%|█████▍    | 869/1593 [00:16<00:20, 34.87it/s]
Processing frames:  55%|█████▌    | 877/1593 [00:16<00:17, 40.06it/s]
Processing frames:  56%|█████▌    | 885/1593 [00:17<00:15, 45.92it/s]
Processing frames:  56%|█████▌    | 893/1593 [00:17<00:14, 47.51it/s]
Processing frames:  57%|█████▋    | 901/1593 [00:17<00:13, 51.86it/s]
Processing frames:  57%|█████▋    | 909/1593 [00:17<00:11, 57.29it/s]
Processing frames:  58%|█████▊    | 921/1593 [00:17<00:10, 65.45it/s]
Processing frames:  59%|█████▊    | 933/1593 [00:17<00:09, 70.95it/s]
Processing frames:  59%|█████▉    | 941/1593 [00:17<00:09, 68.06it/s]
Processing frames:  60%|█████▉    | 949/1593 [00:18<00:09, 65.32it/s]
Processing frames:  60%|██████    | 957/1593 [00:18<00:11, 57.59it/s]
Processing frames:  60%|██████    | 963/1593 [00:18<00:11, 56.69it/s]
Processing frames:  61%|██████    | 969/1593 [00:18<00:13, 47.31it/s]
Processing frames:  61%|██████    | 974/1593 [00:18<00:13, 47.08it/s]
Processing frames:  62%|██████▏   | 981/1593 [00:18<00:14, 43.67it/s]
Processing frames:  62%|██████▏   | 986/1593 [00:18<00:13, 44.35it/s]
Processing frames:  62%|██████▏   | 993/1593 [00:19<00:15, 39.52it/s]
Processing frames:  63%|██████▎   | 998/1593 [00:19<00:14, 40.69it/s]
Processing frames:  63%|██████▎   | 1003/1593 [00:19<00:14, 41.04it/s]
Processing frames:  63%|██████▎   | 1008/1593 [00:19<00:13, 42.30it/s]
Processing frames:  64%|██████▎   | 1013/1593 [00:19<00:16, 35.26it/s]
Processing frames:  64%|██████▍   | 1021/1593 [00:19<00:14, 38.50it/s]
Processing frames:  65%|██████▍   | 1029/1593 [00:20<00:13, 41.45it/s]
Processing frames:  65%|██████▌   | 1037/1593 [00:20<00:12, 44.17it/s]
Processing frames:  66%|██████▌   | 1045/1593 [00:20<00:11, 48.12it/s]
Processing frames:  66%|██████▌   | 1053/1593 [00:20<00:10, 53.22it/s]
Processing frames:  67%|██████▋   | 1065/1593 [00:20<00:08, 63.13it/s]
Processing frames:  67%|██████▋   | 1073/1593 [00:20<00:07, 65.87it/s]
Processing frames:  68%|██████▊   | 1081/1593 [00:20<00:07, 65.62it/s]
Processing frames:  68%|██████▊   | 1089/1593 [00:21<00:09, 55.91it/s]
Processing frames:  69%|██████▊   | 1095/1593 [00:21<00:09, 52.15it/s]
Processing frames:  69%|██████▉   | 1101/1593 [00:21<00:12, 39.96it/s]
Processing frames:  69%|██████▉   | 1106/1593 [00:21<00:12, 38.97it/s]
Processing frames:  70%|██████▉   | 1111/1593 [00:21<00:12, 39.09it/s]
Processing frames:  70%|███████   | 1116/1593 [00:21<00:11, 40.25it/s]
Processing frames:  70%|███████   | 1121/1593 [00:22<00:14, 31.63it/s]
Processing frames:  71%|███████   | 1125/1593 [00:22<00:14, 31.99it/s]
Processing frames:  71%|███████   | 1129/1593 [00:22<00:14, 32.36it/s]
Processing frames:  71%|███████   | 1133/1593 [00:22<00:13, 32.86it/s]
Processing frames:  71%|███████▏  | 1137/1593 [00:22<00:13, 33.05it/s]
Processing frames:  72%|███████▏  | 1141/1593 [00:22<00:13, 33.55it/s]
Processing frames:  72%|███████▏  | 1145/1593 [00:22<00:13, 32.99it/s]
Processing frames:  72%|███████▏  | 1149/1593 [00:22<00:13, 32.37it/s]
Processing frames:  72%|███████▏  | 1153/1593 [00:23<00:13, 31.87it/s]
Processing frames:  73%|███████▎  | 1157/1593 [00:23<00:13, 33.11it/s]
Processing frames:  73%|███████▎  | 1165/1593 [00:23<00:11, 38.00it/s]
Processing frames:  74%|███████▎  | 1173/1593 [00:23<00:09, 42.26it/s]
Processing frames:  74%|███████▍  | 1181/1593 [00:23<00:08, 47.29it/s]
Processing frames:  75%|███████▍  | 1189/1593 [00:23<00:07, 53.14it/s]
Processing frames:  75%|███████▌  | 1197/1593 [00:23<00:06, 58.83it/s]
Processing frames:  76%|███████▌  | 1205/1593 [00:23<00:06, 63.20it/s]
Processing frames:  76%|███████▌  | 1213/1593 [00:24<00:05, 66.88it/s]
Processing frames:  77%|███████▋  | 1221/1593 [00:24<00:05, 69.05it/s]
Processing frames:  77%|███████▋  | 1229/1593 [00:24<00:05, 68.01it/s]
Processing frames:  78%|███████▊  | 1237/1593 [00:24<00:06, 57.91it/s]
Processing frames:  78%|███████▊  | 1244/1593 [00:24<00:05, 59.20it/s]
Processing frames:  79%|███████▊  | 1251/1593 [00:24<00:07, 48.13it/s]
Processing frames:  79%|███████▉  | 1257/1593 [00:24<00:08, 41.50it/s]
Processing frames:  79%|███████▉  | 1265/1593 [00:25<00:08, 40.59it/s]
Processing frames:  80%|███████▉  | 1273/1593 [00:25<00:07, 43.42it/s]
Processing frames:  80%|████████  | 1281/1593 [00:25<00:06, 45.26it/s]
Processing frames:  81%|████████  | 1289/1593 [00:25<00:06, 46.99it/s]
Processing frames:  81%|████████▏ | 1297/1593 [00:25<00:06, 48.60it/s]
Processing frames:  82%|████████▏ | 1305/1593 [00:25<00:05, 52.82it/s]
Processing frames:  82%|████████▏ | 1313/1593 [00:26<00:04, 58.67it/s]
Processing frames:  83%|████████▎ | 1321/1593 [00:26<00:04, 61.44it/s]
Processing frames:  83%|████████▎ | 1329/1593 [00:26<00:04, 65.36it/s]
Processing frames:  84%|████████▍ | 1341/1593 [00:26<00:03, 69.82it/s]
Processing frames:  85%|████████▍ | 1349/1593 [00:26<00:04, 54.97it/s]
Processing frames:  85%|████████▌ | 1356/1593 [00:26<00:04, 56.03it/s]
Processing frames:  85%|████████▌ | 1362/1593 [00:26<00:05, 43.88it/s]
Processing frames:  86%|████████▌ | 1367/1593 [00:27<00:05, 44.59it/s]
Processing frames:  86%|████████▌ | 1372/1593 [00:27<00:04, 45.16it/s]
Processing frames:  86%|████████▋ | 1377/1593 [00:27<00:05, 37.25it/s]
Processing frames:  87%|████████▋ | 1382/1593 [00:27<00:05, 39.47it/s]
Processing frames:  87%|████████▋ | 1387/1593 [00:27<00:05, 40.65it/s]
Processing frames:  87%|████████▋ | 1392/1593 [00:27<00:04, 41.43it/s]
Processing frames:  88%|████████▊ | 1397/1593 [00:27<00:05, 34.40it/s]
Processing frames:  88%|████████▊ | 1405/1593 [00:28<00:04, 37.63it/s]
Processing frames:  89%|████████▊ | 1413/1593 [00:28<00:04, 43.20it/s]
Processing frames:  89%|████████▉ | 1421/1593 [00:28<00:03, 46.30it/s]
Processing frames:  90%|████████▉ | 1429/1593 [00:28<00:03, 47.21it/s]
Processing frames:  90%|█████████ | 1437/1593 [00:28<00:03, 48.94it/s]
Processing frames:  91%|█████████ | 1445/1593 [00:28<00:02, 51.45it/s]
Processing frames:  91%|█████████ | 1453/1593 [00:28<00:02, 56.54it/s]
Processing frames:  92%|█████████▏| 1461/1593 [00:29<00:02, 61.40it/s]
Processing frames:  92%|█████████▏| 1469/1593 [00:29<00:02, 56.89it/s]
Processing frames:  93%|█████████▎| 1477/1593 [00:29<00:02, 56.65it/s]
Processing frames:  93%|█████████▎| 1485/1593 [00:29<00:01, 57.10it/s]
Processing frames:  94%|█████████▎| 1493/1593 [00:29<00:01, 60.55it/s]
Processing frames:  94%|█████████▍| 1501/1593 [00:29<00:01, 63.02it/s]
Processing frames:  95%|█████████▍| 1509/1593 [00:29<00:01, 62.23it/s]
Processing frames:  95%|█████████▌| 1517/1593 [00:29<00:01, 61.31it/s]
Processing frames:  96%|█████████▌| 1525/1593 [00:30<00:01, 62.72it/s]
Processing frames:  96%|█████████▌| 1533/1593 [00:30<00:00, 62.90it/s]
Processing frames:  97%|█████████▋| 1541/1593 [00:30<00:00, 64.35it/s]
Processing frames:  97%|█████████▋| 1553/1593 [00:30<00:00, 70.73it/s]
Processing frames:  98%|█████████▊| 1565/1593 [00:30<00:00, 75.54it/s]
Processing frames:  99%|█████████▉| 1577/1593 [00:30<00:00, 76.10it/s]
Processing frames:  99%|█████████▉| 1585/1593 [00:30<00:00, 74.39it/s]
Processing frames: 100%|██████████| 1593/1593 [00:31<00:00, 75.72it/s]
Processing frames: 100%|██████████| 1593/1593 [00:31<00:00, 51.38it/s]
[INFO] Trajectory saved to /home/pulver/projects/Outdoor_SLPF/results/iros_rh1_robustness/20260225_151229_run1_robustness_gpu/option_b_landmark_removal/remove_50pct/seed_11/trajectory_0.5.tum
[INFO] Trajectory saved to /home/pulver/projects/Outdoor_SLPF/results/iros_rh1_robustness/20260225_151229_run1_robustness_gpu/option_b_landmark_removal/remove_50pct/seed_11/gps_pose.tum
[INFO] Finished processing all frames from the CSV file.

[exit_code=0 duration_sec=35.81]
