$ /home/pulver/projects/Outdoor_SLPF/.venv/bin/python /home/pulver/projects/Outdoor_SLPF/scripts/spf_lidar.py --seed 12 --output-folder /home/pulver/projects/Outdoor_SLPF/results/runtime_profile/20260225_142949_runtime_gpu/trial_02_seed_12 --data-path /home/pulver/projects/Outdoor_SLPF/data/2025/rh_run1 --geojson-path /home/pulver/projects/Outdoor_SLPF/data/riseholme_poles_trunk.geojson --frame-stride 4 --max-frames 220 --particle-count 100 --segment-chunk 4096 --miss-penalty 4.0 --wrong-hit-penalty 4.0 --gps-weight 0.5 --no-visualization --profile-runtime --profile-warmup-frames 20 --require-cuda

/home/pulver/projects/Outdoor_SLPF/.venv/lib/python3.10/site-packages/matplotlib/projections/__init__.py:63: UserWarning: Unable to import Axes3D. This may be due to multiple versions of Matplotlib being installed (e.g. as a system package and as a pip package). As a result, the 3D projection is not available.
  warnings.warn("Unable to import Axes3D. This may be due to multiple versions of "
Using device: cuda
[INFO] Running with Miss Penalty: 4.0, Wrong Hit Penalty: 4.0, GPS Weight: 0.5, Seed: 12, Output: /home/pulver/projects/Outdoor_SLPF/results/runtime_profile/20260225_142949_runtime_gpu/trial_02_seed_12, DataPath: /home/pulver/projects/Outdoor_SLPF/data/2025/rh_run1, CSV: /home/pulver/projects/Outdoor_SLPF/data/2025/rh_run1/data.csv, Stride: 4, MaxFrames: 220, Visualize: False, Model: wall, DisableGPS: False, DisableSemantic: False, DisableCorridor: False, DisableBackground: False, StaticGPSWeight: False, DisablePoseSmooth: False, SemanticClasses: both, SegmentChunk: 4096, ProfileRuntime: True, ProfileWarmup: 20

Processing frames:   0%|          | 0/1593 [00:00<?, ?it/s]
Processing frames:   0%|          | 1/1593 [00:01<29:15,  1.10s/it]
Processing frames:   1%|          | 9/1593 [00:01<02:47,  9.47it/s]
Processing frames:   1%|          | 17/1593 [00:01<01:28, 17.82it/s]
Processing frames:   2%|▏         | 25/1593 [00:01<01:00, 25.97it/s]
Processing frames:   2%|▏         | 33/1593 [00:01<00:46, 33.32it/s]
Processing frames:   3%|▎         | 41/1593 [00:01<00:39, 38.87it/s]
Processing frames:   3%|▎         | 49/1593 [00:01<00:34, 44.60it/s]
Processing frames:   4%|▎         | 57/1593 [00:02<00:31, 48.67it/s]
Processing frames:   4%|▍         | 65/1593 [00:02<00:30, 50.48it/s]
Processing frames:   5%|▍         | 73/1593 [00:02<00:29, 50.69it/s]
Processing frames:   5%|▌         | 81/1593 [00:02<00:29, 51.72it/s]
Processing frames:   6%|▌         | 89/1593 [00:02<00:29, 51.73it/s]
Processing frames:   6%|▌         | 97/1593 [00:02<00:29, 50.55it/s]
Processing frames:   7%|▋         | 105/1593 [00:02<00:29, 50.73it/s]
Processing frames:   7%|▋         | 113/1593 [00:03<00:28, 52.00it/s]
Processing frames:   8%|▊         | 121/1593 [00:03<00:27, 52.89it/s]
Processing frames:   8%|▊         | 129/1593 [00:03<00:27, 52.90it/s]
Processing frames:   9%|▊         | 137/1593 [00:03<00:28, 50.43it/s]
Processing frames:   9%|▉         | 145/1593 [00:03<00:28, 50.40it/s]
Processing frames:  10%|▉         | 153/1593 [00:03<00:29, 49.35it/s]
Processing frames:  10%|█         | 161/1593 [00:04<00:28, 50.61it/s]
Processing frames:  11%|█         | 169/1593 [00:04<00:26, 52.75it/s]
Processing frames:  11%|█         | 177/1593 [00:04<00:26, 53.71it/s]
Processing frames:  12%|█▏        | 185/1593 [00:04<00:25, 54.82it/s]
Processing frames:  12%|█▏        | 193/1593 [00:04<00:24, 56.04it/s]
Processing frames:  13%|█▎        | 201/1593 [00:04<00:23, 59.26it/s]
Processing frames:  13%|█▎        | 209/1593 [00:04<00:22, 60.69it/s]
Processing frames:  14%|█▎        | 217/1593 [00:05<00:22, 62.34it/s]
Processing frames:  14%|█▍        | 225/1593 [00:05<00:21, 64.95it/s]
Processing frames:  15%|█▍        | 233/1593 [00:05<00:20, 66.40it/s]
Processing frames:  15%|█▌        | 241/1593 [00:05<00:19, 69.12it/s]
Processing frames:  16%|█▌        | 249/1593 [00:05<00:19, 69.33it/s]
Processing frames:  16%|█▌        | 257/1593 [00:05<00:18, 71.34it/s]
Processing frames:  17%|█▋        | 265/1593 [00:05<00:21, 62.71it/s]
Processing frames:  17%|█▋        | 272/1593 [00:05<00:20, 64.53it/s]
Processing frames:  18%|█▊        | 279/1593 [00:06<00:24, 53.80it/s]
Processing frames:  18%|█▊        | 285/1593 [00:06<00:27, 47.02it/s]
Processing frames:  18%|█▊        | 293/1593 [00:06<00:27, 47.90it/s]
Processing frames:  19%|█▉        | 301/1593 [00:06<00:25, 50.98it/s]
Processing frames:  19%|█▉        | 309/1593 [00:06<00:23, 53.75it/s]
Processing frames:  20%|█▉        | 317/1593 [00:06<00:24, 51.41it/s]
Processing frames:  20%|██        | 325/1593 [00:06<00:26, 48.34it/s]
Processing frames:  21%|██        | 333/1593 [00:07<00:25, 49.78it/s]
Processing frames:  21%|██▏       | 341/1593 [00:07<00:24, 52.13it/s]
Processing frames:  22%|██▏       | 349/1593 [00:07<00:23, 53.05it/s]
Processing frames:  22%|██▏       | 357/1593 [00:07<00:22, 54.95it/s]
Processing frames:  23%|██▎       | 365/1593 [00:07<00:20, 59.37it/s]
Processing frames:  23%|██▎       | 373/1593 [00:07<00:19, 63.52it/s]
Processing frames:  24%|██▍       | 381/1593 [00:07<00:18, 66.58it/s]
Processing frames:  24%|██▍       | 389/1593 [00:07<00:17, 70.02it/s]
Processing frames:  25%|██▌       | 401/1593 [00:08<00:16, 73.96it/s]
Processing frames:  26%|██▌       | 409/1593 [00:08<00:17, 65.79it/s]
Processing frames:  26%|██▌       | 417/1593 [00:08<00:20, 58.58it/s]
Processing frames:  27%|██▋       | 425/1593 [00:08<00:20, 56.31it/s]
Processing frames:  27%|██▋       | 433/1593 [00:08<00:21, 53.67it/s]
Processing frames:  28%|██▊       | 441/1593 [00:08<00:21, 53.15it/s]
Processing frames:  28%|██▊       | 449/1593 [00:09<00:21, 53.56it/s]
Processing frames:  29%|██▊       | 457/1593 [00:09<00:21, 53.13it/s]
Processing frames:  29%|██▉       | 465/1593 [00:09<00:21, 52.15it/s]
Processing frames:  30%|██▉       | 473/1593 [00:09<00:22, 49.41it/s]
Processing frames:  30%|███       | 481/1593 [00:09<00:21, 52.59it/s]
Processing frames:  31%|███       | 489/1593 [00:09<00:21, 51.94it/s]
Processing frames:  31%|███       | 497/1593 [00:09<00:20, 52.80it/s]
Processing frames:  32%|███▏      | 505/1593 [00:10<00:20, 53.22it/s]
Processing frames:  32%|███▏      | 513/1593 [00:10<00:19, 55.72it/s]
Processing frames:  33%|███▎      | 521/1593 [00:10<00:18, 57.03it/s]
Processing frames:  33%|███▎      | 529/1593 [00:10<00:18, 56.58it/s]
Processing frames:  34%|███▎      | 537/1593 [00:10<00:17, 61.60it/s]
Processing frames:  34%|███▍      | 545/1593 [00:10<00:16, 63.87it/s]
Processing frames:  35%|███▍      | 553/1593 [00:10<00:16, 62.49it/s]
Processing frames:  35%|███▌      | 561/1593 [00:11<00:18, 55.32it/s]
Processing frames:  36%|███▌      | 567/1593 [00:11<00:18, 56.33it/s]
Processing frames:  36%|███▌      | 573/1593 [00:11<00:21, 46.66it/s]
Processing frames:  36%|███▋      | 579/1593 [00:11<00:20, 48.35it/s]
Processing frames:  37%|███▋      | 585/1593 [00:11<00:23, 43.25it/s]
Processing frames:  37%|███▋      | 593/1593 [00:11<00:23, 42.56it/s]
Processing frames:  38%|███▊      | 601/1593 [00:12<00:22, 43.51it/s]
Processing frames:  38%|███▊      | 609/1593 [00:12<00:22, 44.56it/s]
Processing frames:  39%|███▊      | 617/1593 [00:12<00:22, 43.23it/s]
Processing frames:  39%|███▉      | 625/1593 [00:12<00:21, 44.96it/s]
Processing frames:  40%|███▉      | 633/1593 [00:12<00:20, 47.36it/s]
Processing frames:  40%|████      | 641/1593 [00:12<00:19, 50.06it/s]
Processing frames:  41%|████      | 649/1593 [00:12<00:18, 51.52it/s]
Processing frames:  41%|████      | 657/1593 [00:13<00:17, 54.07it/s]
Processing frames:  42%|████▏     | 665/1593 [00:13<00:15, 59.25it/s]
Processing frames:  42%|████▏     | 673/1593 [00:13<00:14, 63.83it/s]
Processing frames:  43%|████▎     | 681/1593 [00:13<00:14, 64.58it/s]
Processing frames:  43%|████▎     | 689/1593 [00:13<00:14, 61.22it/s]
Processing frames:  44%|████▍     | 697/1593 [00:13<00:14, 61.34it/s]
Processing frames:  44%|████▍     | 705/1593 [00:13<00:15, 55.54it/s]
Processing frames:  45%|████▍     | 713/1593 [00:14<00:16, 51.94it/s]
Processing frames:  45%|████▌     | 719/1593 [00:14<00:16, 53.04it/s]
Processing frames:  46%|████▌     | 725/1593 [00:14<00:18, 47.47it/s]
Processing frames:  46%|████▌     | 733/1593 [00:14<00:17, 47.95it/s]
Processing frames:  47%|████▋     | 741/1593 [00:14<00:17, 48.74it/s]
Processing frames:  47%|████▋     | 749/1593 [00:14<00:16, 50.64it/s]
Processing frames:  48%|████▊     | 757/1593 [00:14<00:15, 52.91it/s]
Processing frames:  48%|████▊     | 765/1593 [00:15<00:14, 55.99it/s]
Processing frames:  49%|████▊     | 773/1593 [00:15<00:13, 61.11it/s]
Processing frames:  49%|████▉     | 781/1593 [00:15<00:12, 64.51it/s]
Processing frames:  50%|████▉     | 793/1593 [00:15<00:11, 70.74it/s]
Processing frames:  50%|█████     | 801/1593 [00:15<00:11, 70.33it/s]
Processing frames:  51%|█████     | 809/1593 [00:15<00:13, 57.94it/s]
Processing frames:  51%|█████     | 816/1593 [00:15<00:13, 56.94it/s]
Processing frames:  52%|█████▏    | 822/1593 [00:16<00:17, 43.06it/s]
Processing frames:  52%|█████▏    | 827/1593 [00:16<00:18, 41.80it/s]
Processing frames:  52%|█████▏    | 832/1593 [00:16<00:18, 41.40it/s]
Processing frames:  53%|█████▎    | 837/1593 [00:16<00:23, 32.48it/s]
Processing frames:  53%|█████▎    | 841/1593 [00:16<00:23, 32.61it/s]
Processing frames:  53%|█████▎    | 845/1593 [00:16<00:22, 33.08it/s]
Processing frames:  53%|█████▎    | 849/1593 [00:16<00:22, 33.63it/s]
Processing frames:  54%|█████▎    | 853/1593 [00:17<00:21, 34.12it/s]
Processing frames:  54%|█████▍    | 857/1593 [00:17<00:21, 34.52it/s]
Processing frames:  54%|█████▍    | 861/1593 [00:17<00:21, 34.50it/s]
Processing frames:  54%|█████▍    | 865/1593 [00:17<00:21, 34.50it/s]
Processing frames:  55%|█████▍    | 869/1593 [00:17<00:21, 33.85it/s]
Processing frames:  55%|█████▍    | 873/1593 [00:17<00:20, 35.29it/s]
Processing frames:  55%|█████▌    | 880/1593 [00:17<00:14, 49.64it/s]
[INFO] Trajectory saved to /home/pulver/projects/Outdoor_SLPF/results/runtime_profile/20260225_142949_runtime_gpu/trial_02_seed_12/trajectory_0.5.tum
[INFO] Trajectory saved to /home/pulver/projects/Outdoor_SLPF/results/runtime_profile/20260225_142949_runtime_gpu/trial_02_seed_12/gps_pose.tum
[RUNTIME] Profiled 200 frames (warmup=20). Pipeline=13.15 Hz (stride-adjusted 52.61 Hz).
[RUNTIME] Wrote /home/pulver/projects/Outdoor_SLPF/results/runtime_profile/20260225_142949_runtime_gpu/trial_02_seed_12/runtime_profile_frames.csv
[RUNTIME] Wrote /home/pulver/projects/Outdoor_SLPF/results/runtime_profile/20260225_142949_runtime_gpu/trial_02_seed_12/runtime_profile_summary.json
[INFO] Finished processing all frames from the CSV file.

[exit_code=0 duration_sec=22.850]
