$ /home/pulver/projects/Outdoor_SLPF/.venv/bin/python /home/pulver/projects/Outdoor_SLPF/scripts/spf_lidar.py --miss-penalty 4.0 --wrong-hit-penalty 4.0 --gps-weight 0.5 --seed 22 --output-folder /home/pulver/projects/Outdoor_SLPF/results/iros_rh1_robustness/20260225_151229_run1_robustness_gpu/option_b_landmark_removal/remove_50pct/seed_22 --frame-stride 4 --semantic-sigma 0.05 --gps-sigma 1.1 --corridor-weight 0.30 --corridor-dist-sigma 1.50 --corridor-heading-sigma 0.35 --background-class-weight 0.20 --max-background-obs 120 --expected-obs-count 150 --pose-smooth-alpha-pos 0.55 --pose-smooth-alpha-theta 0.50 --odom-yaw-filter-alpha 0.90 --particle-count 100 --segment-chunk 4096 --detection-drop-rate 0.000000 --no-visualization --data-path /home/pulver/projects/Outdoor_SLPF/data/2025/rh_run1 --geojson-path /home/pulver/projects/Outdoor_SLPF/results/iros_rh1_robustness/20260225_151229_run1_robustness_gpu/option_b_map_variants/riseholme_poles_trunk_remove_50pct.geojson --require-cuda

/home/pulver/projects/Outdoor_SLPF/.venv/lib/python3.10/site-packages/matplotlib/projections/__init__.py:63: UserWarning: Unable to import Axes3D. This may be due to multiple versions of Matplotlib being installed (e.g. as a system package and as a pip package). As a result, the 3D projection is not available.
  warnings.warn("Unable to import Axes3D. This may be due to multiple versions of "
Using device: cuda
[INFO] Running with Miss Penalty: 4.0, Wrong Hit Penalty: 4.0, GPS Weight: 0.5, Seed: 22, Output: /home/pulver/projects/Outdoor_SLPF/results/iros_rh1_robustness/20260225_151229_run1_robustness_gpu/option_b_landmark_removal/remove_50pct/seed_22, DataPath: /home/pulver/projects/Outdoor_SLPF/data/2025/rh_run1, CSV: /home/pulver/projects/Outdoor_SLPF/data/2025/rh_run1/data.csv, Stride: 4, MaxFrames: None, Visualize: False, Model: wall, DisableGPS: False, DisableSemantic: False, DisableCorridor: False, DisableBackground: False, StaticGPSWeight: False, DisablePoseSmooth: False, SemanticClasses: both, DetectionDropRate: 0.0, SegmentChunk: 4096, ProfileRuntime: False, ProfileWarmup: 20

Processing frames:   0%|          | 0/1593 [00:00<?, ?it/s]
Processing frames:   0%|          | 1/1593 [00:00<23:20,  1.14it/s]
Processing frames:   1%|          | 9/1593 [00:01<02:16, 11.59it/s]
Processing frames:   1%|          | 17/1593 [00:01<01:14, 21.29it/s]
Processing frames:   2%|▏         | 25/1593 [00:01<00:52, 29.86it/s]
Processing frames:   2%|▏         | 33/1593 [00:01<00:41, 37.43it/s]
Processing frames:   3%|▎         | 41/1593 [00:01<00:36, 42.79it/s]
Processing frames:   3%|▎         | 49/1593 [00:01<00:32, 47.95it/s]
Processing frames:   4%|▎         | 57/1593 [00:01<00:29, 51.64it/s]
Processing frames:   4%|▍         | 65/1593 [00:01<00:28, 53.67it/s]
Processing frames:   5%|▍         | 73/1593 [00:02<00:28, 53.74it/s]
Processing frames:   5%|▌         | 81/1593 [00:02<00:27, 54.84it/s]
Processing frames:   6%|▌         | 89/1593 [00:02<00:27, 55.03it/s]
Processing frames:   6%|▌         | 97/1593 [00:02<00:27, 53.68it/s]
Processing frames:   7%|▋         | 105/1593 [00:02<00:27, 53.15it/s]
Processing frames:   7%|▋         | 113/1593 [00:02<00:27, 53.52it/s]
Processing frames:   8%|▊         | 121/1593 [00:02<00:27, 54.28it/s]
Processing frames:   8%|▊         | 129/1593 [00:03<00:26, 54.42it/s]
Processing frames:   9%|▊         | 137/1593 [00:03<00:28, 51.37it/s]
Processing frames:   9%|▉         | 145/1593 [00:03<00:28, 51.38it/s]
Processing frames:  10%|▉         | 153/1593 [00:03<00:28, 50.63it/s]
Processing frames:  10%|█         | 161/1593 [00:03<00:27, 51.84it/s]
Processing frames:  11%|█         | 169/1593 [00:03<00:26, 54.43it/s]
Processing frames:  11%|█         | 177/1593 [00:04<00:25, 55.36it/s]
Processing frames:  12%|█▏        | 185/1593 [00:04<00:24, 56.97it/s]
Processing frames:  12%|█▏        | 193/1593 [00:04<00:23, 58.83it/s]
Processing frames:  13%|█▎        | 201/1593 [00:04<00:22, 63.06it/s]
Processing frames:  13%|█▎        | 209/1593 [00:04<00:21, 64.19it/s]
Processing frames:  14%|█▎        | 217/1593 [00:04<00:20, 65.63it/s]
Processing frames:  14%|█▍        | 225/1593 [00:04<00:20, 68.30it/s]
Processing frames:  15%|█▍        | 233/1593 [00:04<00:19, 69.66it/s]
Processing frames:  15%|█▌        | 241/1593 [00:04<00:18, 72.37it/s]
Processing frames:  16%|█▌        | 249/1593 [00:05<00:18, 71.77it/s]
Processing frames:  16%|█▌        | 257/1593 [00:05<00:18, 73.29it/s]
Processing frames:  17%|█▋        | 265/1593 [00:05<00:20, 64.03it/s]
Processing frames:  17%|█▋        | 272/1593 [00:05<00:20, 65.45it/s]
Processing frames:  18%|█▊        | 279/1593 [00:05<00:24, 53.57it/s]
Processing frames:  18%|█▊        | 285/1593 [00:05<00:27, 47.49it/s]
Processing frames:  18%|█▊        | 293/1593 [00:05<00:27, 48.14it/s]
Processing frames:  19%|█▉        | 301/1593 [00:06<00:25, 51.10it/s]
Processing frames:  19%|█▉        | 309/1593 [00:06<00:23, 53.52it/s]
Processing frames:  20%|█▉        | 317/1593 [00:06<00:25, 50.73it/s]
Processing frames:  20%|██        | 325/1593 [00:06<00:26, 47.98it/s]
Processing frames:  21%|██        | 333/1593 [00:06<00:25, 49.74it/s]
Processing frames:  21%|██▏       | 341/1593 [00:06<00:23, 52.74it/s]
Processing frames:  22%|██▏       | 349/1593 [00:07<00:23, 53.87it/s]
Processing frames:  22%|██▏       | 357/1593 [00:07<00:21, 56.33it/s]
Processing frames:  23%|██▎       | 365/1593 [00:07<00:19, 61.61it/s]
Processing frames:  24%|██▎       | 377/1593 [00:07<00:17, 67.64it/s]
Processing frames:  24%|██▍       | 385/1593 [00:07<00:17, 69.97it/s]
Processing frames:  25%|██▍       | 397/1593 [00:07<00:15, 75.88it/s]
Processing frames:  25%|██▌       | 405/1593 [00:07<00:16, 72.17it/s]
Processing frames:  26%|██▌       | 413/1593 [00:07<00:18, 65.27it/s]
Processing frames:  26%|██▋       | 421/1593 [00:08<00:19, 60.42it/s]
Processing frames:  27%|██▋       | 429/1593 [00:08<00:20, 56.03it/s]
Processing frames:  27%|██▋       | 437/1593 [00:08<00:21, 54.86it/s]
Processing frames:  28%|██▊       | 445/1593 [00:08<00:21, 52.97it/s]
Processing frames:  28%|██▊       | 453/1593 [00:08<00:20, 54.41it/s]
Processing frames:  29%|██▉       | 461/1593 [00:08<00:20, 54.41it/s]
Processing frames:  29%|██▉       | 469/1593 [00:09<00:21, 51.60it/s]
Processing frames:  30%|██▉       | 477/1593 [00:09<00:21, 52.19it/s]
Processing frames:  30%|███       | 485/1593 [00:09<00:20, 54.22it/s]
Processing frames:  31%|███       | 493/1593 [00:09<00:20, 52.42it/s]
Processing frames:  31%|███▏      | 501/1593 [00:09<00:20, 53.34it/s]
Processing frames:  32%|███▏      | 509/1593 [00:09<00:19, 55.51it/s]
Processing frames:  32%|███▏      | 517/1593 [00:09<00:18, 57.34it/s]
Processing frames:  33%|███▎      | 525/1593 [00:09<00:18, 58.01it/s]
Processing frames:  33%|███▎      | 533/1593 [00:10<00:17, 59.99it/s]
Processing frames:  34%|███▍      | 545/1593 [00:10<00:15, 65.99it/s]
Processing frames:  35%|███▍      | 553/1593 [00:10<00:15, 65.09it/s]
Processing frames:  35%|███▌      | 561/1593 [00:10<00:17, 57.99it/s]
Processing frames:  36%|███▌      | 569/1593 [00:10<00:19, 52.20it/s]
Processing frames:  36%|███▌      | 577/1593 [00:10<00:21, 47.95it/s]
Processing frames:  37%|███▋      | 585/1593 [00:11<00:21, 47.06it/s]
Processing frames:  37%|███▋      | 593/1593 [00:11<00:21, 45.66it/s]
Processing frames:  38%|███▊      | 601/1593 [00:11<00:21, 46.95it/s]
Processing frames:  38%|███▊      | 609/1593 [00:11<00:20, 47.64it/s]
Processing frames:  39%|███▊      | 617/1593 [00:11<00:21, 46.42it/s]
Processing frames:  39%|███▉      | 625/1593 [00:11<00:19, 48.57it/s]
Processing frames:  40%|███▉      | 633/1593 [00:12<00:18, 50.75it/s]
Processing frames:  40%|████      | 641/1593 [00:12<00:17, 53.92it/s]
Processing frames:  41%|████      | 649/1593 [00:12<00:16, 55.99it/s]
Processing frames:  41%|████      | 657/1593 [00:12<00:15, 58.95it/s]
Processing frames:  42%|████▏     | 669/1593 [00:12<00:13, 66.63it/s]
Processing frames:  43%|████▎     | 681/1593 [00:12<00:13, 68.63it/s]
Processing frames:  43%|████▎     | 689/1593 [00:12<00:13, 65.22it/s]
Processing frames:  44%|████▍     | 697/1593 [00:13<00:13, 64.81it/s]
Processing frames:  44%|████▍     | 705/1593 [00:13<00:15, 58.96it/s]
Processing frames:  45%|████▍     | 713/1593 [00:13<00:15, 55.50it/s]
Processing frames:  45%|████▌     | 721/1593 [00:13<00:16, 52.51it/s]
Processing frames:  46%|████▌     | 729/1593 [00:13<00:16, 51.23it/s]
Processing frames:  46%|████▋     | 737/1593 [00:13<00:16, 51.04it/s]
Processing frames:  47%|████▋     | 745/1593 [00:14<00:16, 52.37it/s]
Processing frames:  47%|████▋     | 753/1593 [00:14<00:15, 54.51it/s]
Processing frames:  48%|████▊     | 761/1593 [00:14<00:14, 57.00it/s]
Processing frames:  48%|████▊     | 769/1593 [00:14<00:13, 61.63it/s]
Processing frames:  49%|████▉     | 777/1593 [00:14<00:12, 64.58it/s]
Processing frames:  49%|████▉     | 785/1593 [00:14<00:11, 68.31it/s]
Processing frames:  50%|█████     | 797/1593 [00:14<00:10, 73.60it/s]
Processing frames:  51%|█████     | 805/1593 [00:14<00:11, 67.05it/s]
Processing frames:  51%|█████     | 812/1593 [00:15<00:11, 67.16it/s]
Processing frames:  51%|█████▏    | 819/1593 [00:15<00:15, 49.36it/s]
Processing frames:  52%|█████▏    | 825/1593 [00:15<00:19, 39.87it/s]
Processing frames:  52%|█████▏    | 830/1593 [00:15<00:19, 40.13it/s]
Processing frames:  52%|█████▏    | 835/1593 [00:15<00:18, 40.21it/s]
Processing frames:  53%|█████▎    | 840/1593 [00:15<00:18, 41.33it/s]
Processing frames:  53%|█████▎    | 845/1593 [00:16<00:22, 33.40it/s]
Processing frames:  53%|█████▎    | 849/1593 [00:16<00:21, 34.45it/s]
Processing frames:  54%|█████▎    | 853/1593 [00:16<00:21, 35.18it/s]
Processing frames:  54%|█████▍    | 857/1593 [00:16<00:20, 35.87it/s]
Processing frames:  54%|█████▍    | 861/1593 [00:16<00:20, 35.70it/s]
Processing frames:  54%|█████▍    | 865/1593 [00:16<00:20, 35.61it/s]
Processing frames:  55%|█████▍    | 869/1593 [00:16<00:20, 35.02it/s]
Processing frames:  55%|█████▍    | 874/1593 [00:16<00:18, 38.97it/s]
Processing frames:  55%|█████▌    | 881/1593 [00:16<00:16, 43.06it/s]
Processing frames:  56%|█████▌    | 889/1593 [00:17<00:15, 46.34it/s]
Processing frames:  56%|█████▋    | 897/1593 [00:17<00:14, 49.33it/s]
Processing frames:  57%|█████▋    | 905/1593 [00:17<00:12, 54.90it/s]
Processing frames:  57%|█████▋    | 913/1593 [00:17<00:11, 61.11it/s]
Processing frames:  58%|█████▊    | 925/1593 [00:17<00:09, 68.51it/s]
Processing frames:  59%|█████▉    | 937/1593 [00:17<00:09, 70.80it/s]
Processing frames:  59%|█████▉    | 945/1593 [00:17<00:09, 66.27it/s]
Processing frames:  60%|█████▉    | 953/1593 [00:18<00:10, 61.75it/s]
Processing frames:  60%|██████    | 961/1593 [00:18<00:11, 53.51it/s]
Processing frames:  61%|██████    | 969/1593 [00:18<00:12, 49.53it/s]
Processing frames:  61%|██████    | 975/1593 [00:18<00:12, 50.83it/s]
Processing frames:  62%|██████▏   | 981/1593 [00:18<00:13, 43.77it/s]
Processing frames:  62%|██████▏   | 986/1593 [00:18<00:13, 43.95it/s]
Processing frames:  62%|██████▏   | 991/1593 [00:19<00:13, 44.75it/s]
Processing frames:  63%|██████▎   | 996/1593 [00:19<00:13, 43.59it/s]
Processing frames:  63%|██████▎   | 1001/1593 [00:19<00:17, 34.56it/s]
Processing frames:  63%|██████▎   | 1005/1593 [00:19<00:16, 35.01it/s]
Processing frames:  63%|██████▎   | 1009/1593 [00:19<00:16, 34.46it/s]
Processing frames:  64%|██████▍   | 1017/1593 [00:19<00:15, 37.62it/s]
Processing frames:  64%|██████▍   | 1025/1593 [00:19<00:14, 40.12it/s]
Processing frames:  65%|██████▍   | 1033/1593 [00:20<00:12, 43.36it/s]
Processing frames:  65%|██████▌   | 1041/1593 [00:20<00:12, 45.54it/s]
Processing frames:  66%|██████▌   | 1049/1593 [00:20<00:10, 50.00it/s]
Processing frames:  67%|██████▋   | 1061/1593 [00:20<00:08, 60.76it/s]
Processing frames:  67%|██████▋   | 1069/1593 [00:20<00:08, 64.51it/s]
Processing frames:  68%|██████▊   | 1077/1593 [00:20<00:07, 66.59it/s]
Processing frames:  68%|██████▊   | 1085/1593 [00:20<00:07, 63.83it/s]
Processing frames:  69%|██████▊   | 1092/1593 [00:20<00:08, 61.81it/s]
Processing frames:  69%|██████▉   | 1099/1593 [00:21<00:11, 44.79it/s]
Processing frames:  69%|██████▉   | 1105/1593 [00:21<00:13, 36.79it/s]
Processing frames:  70%|██████▉   | 1110/1593 [00:21<00:13, 36.83it/s]
Processing frames:  70%|██████▉   | 1115/1593 [00:21<00:12, 38.41it/s]
Processing frames:  70%|███████   | 1120/1593 [00:21<00:12, 38.71it/s]
Processing frames:  71%|███████   | 1125/1593 [00:22<00:14, 31.32it/s]
Processing frames:  71%|███████   | 1129/1593 [00:22<00:14, 31.87it/s]
Processing frames:  71%|███████   | 1133/1593 [00:22<00:14, 32.68it/s]
Processing frames:  71%|███████▏  | 1137/1593 [00:22<00:13, 32.82it/s]
Processing frames:  72%|███████▏  | 1141/1593 [00:22<00:13, 33.36it/s]
Processing frames:  72%|███████▏  | 1145/1593 [00:22<00:13, 33.12it/s]
Processing frames:  72%|███████▏  | 1149/1593 [00:22<00:13, 32.84it/s]
Processing frames:  72%|███████▏  | 1153/1593 [00:22<00:13, 33.02it/s]
Processing frames:  73%|███████▎  | 1157/1593 [00:23<00:12, 34.14it/s]
Processing frames:  73%|███████▎  | 1165/1593 [00:23<00:11, 38.49it/s]
Processing frames:  74%|███████▎  | 1173/1593 [00:23<00:09, 42.58it/s]
Processing frames:  74%|███████▍  | 1181/1593 [00:23<00:08, 47.45it/s]
Processing frames:  75%|███████▍  | 1189/1593 [00:23<00:07, 54.25it/s]
Processing frames:  75%|███████▌  | 1201/1593 [00:23<00:06, 62.82it/s]
Processing frames:  76%|███████▌  | 1209/1593 [00:23<00:05, 65.22it/s]
Processing frames:  77%|███████▋  | 1221/1593 [00:24<00:05, 70.20it/s]
Processing frames:  77%|███████▋  | 1229/1593 [00:24<00:05, 68.87it/s]
Processing frames:  78%|███████▊  | 1237/1593 [00:24<00:05, 59.69it/s]
Processing frames:  78%|███████▊  | 1244/1593 [00:24<00:05, 60.99it/s]
Processing frames:  79%|███████▊  | 1251/1593 [00:24<00:06, 50.04it/s]
Processing frames:  79%|███████▉  | 1257/1593 [00:24<00:07, 42.95it/s]
Processing frames:  79%|███████▉  | 1265/1593 [00:25<00:07, 41.77it/s]
Processing frames:  80%|███████▉  | 1273/1593 [00:25<00:07, 44.37it/s]
Processing frames:  80%|████████  | 1281/1593 [00:25<00:06, 46.40it/s]
Processing frames:  81%|████████  | 1289/1593 [00:25<00:06, 48.07it/s]
Processing frames:  81%|████████▏ | 1297/1593 [00:25<00:05, 49.68it/s]
Processing frames:  82%|████████▏ | 1305/1593 [00:25<00:05, 53.80it/s]
Processing frames:  83%|████████▎ | 1317/1593 [00:25<00:04, 61.42it/s]
Processing frames:  83%|████████▎ | 1325/1593 [00:26<00:04, 64.18it/s]
Processing frames:  84%|████████▍ | 1337/1593 [00:26<00:03, 70.75it/s]
Processing frames:  84%|████████▍ | 1345/1593 [00:26<00:04, 60.58it/s]
Processing frames:  85%|████████▍ | 1352/1593 [00:26<00:03, 61.35it/s]
Processing frames:  85%|████████▌ | 1359/1593 [00:26<00:04, 47.85it/s]
Processing frames:  86%|████████▌ | 1365/1593 [00:26<00:05, 41.47it/s]
Processing frames:  86%|████████▌ | 1373/1593 [00:27<00:05, 41.66it/s]
Processing frames:  87%|████████▋ | 1378/1593 [00:27<00:05, 43.00it/s]
Processing frames:  87%|████████▋ | 1385/1593 [00:27<00:05, 39.26it/s]
Processing frames:  87%|████████▋ | 1390/1593 [00:27<00:05, 40.30it/s]
Processing frames:  88%|████████▊ | 1395/1593 [00:27<00:04, 41.42it/s]
Processing frames:  88%|████████▊ | 1400/1593 [00:27<00:04, 43.35it/s]
Processing frames:  88%|████████▊ | 1405/1593 [00:27<00:05, 37.27it/s]
Processing frames:  89%|████████▊ | 1413/1593 [00:28<00:04, 43.52it/s]
Processing frames:  89%|████████▉ | 1421/1593 [00:28<00:03, 46.45it/s]
Processing frames:  90%|████████▉ | 1429/1593 [00:28<00:03, 47.01it/s]
Processing frames:  90%|█████████ | 1437/1593 [00:28<00:03, 48.38it/s]
Processing frames:  91%|█████████ | 1445/1593 [00:28<00:02, 50.42it/s]
Processing frames:  91%|█████████ | 1453/1593 [00:28<00:02, 55.56it/s]
Processing frames:  92%|█████████▏| 1461/1593 [00:28<00:02, 60.50it/s]
Processing frames:  92%|█████████▏| 1469/1593 [00:29<00:02, 56.81it/s]
Processing frames:  93%|█████████▎| 1477/1593 [00:29<00:02, 56.48it/s]
Processing frames:  93%|█████████▎| 1485/1593 [00:29<00:01, 57.12it/s]
Processing frames:  94%|█████████▎| 1493/1593 [00:29<00:01, 60.07it/s]
Processing frames:  94%|█████████▍| 1501/1593 [00:29<00:01, 62.01it/s]
Processing frames:  95%|█████████▍| 1509/1593 [00:29<00:01, 61.21it/s]
Processing frames:  95%|█████████▌| 1517/1593 [00:29<00:01, 60.50it/s]
Processing frames:  96%|█████████▌| 1525/1593 [00:30<00:01, 60.69it/s]
Processing frames:  96%|█████████▌| 1533/1593 [00:30<00:00, 61.26it/s]
Processing frames:  97%|█████████▋| 1541/1593 [00:30<00:00, 63.24it/s]
Processing frames:  97%|█████████▋| 1553/1593 [00:30<00:00, 70.14it/s]
Processing frames:  98%|█████████▊| 1565/1593 [00:30<00:00, 75.45it/s]
Processing frames:  99%|█████████▉| 1577/1593 [00:30<00:00, 76.40it/s]
Processing frames:  99%|█████████▉| 1585/1593 [00:30<00:00, 75.29it/s]
Processing frames: 100%|██████████| 1593/1593 [00:30<00:00, 51.55it/s]
[INFO] Trajectory saved to /home/pulver/projects/Outdoor_SLPF/results/iros_rh1_robustness/20260225_151229_run1_robustness_gpu/option_b_landmark_removal/remove_50pct/seed_22/trajectory_0.5.tum
[INFO] Trajectory saved to /home/pulver/projects/Outdoor_SLPF/results/iros_rh1_robustness/20260225_151229_run1_robustness_gpu/option_b_landmark_removal/remove_50pct/seed_22/gps_pose.tum
[INFO] Finished processing all frames from the CSV file.

[exit_code=0 duration_sec=35.62]
