$ /home/pulver/projects/Outdoor_SLPF/.venv/bin/python /home/pulver/projects/Outdoor_SLPF/scripts/spf_lidar.py --miss-penalty 4.0 --wrong-hit-penalty 4.0 --gps-weight 0.5 --seed 11 --output-folder /home/pulver/projects/Outdoor_SLPF/results/iros_ablation/20260217_085404_ablation/no_pose_smoothing/seed_11 --frame-stride 4 --semantic-sigma 0.05 --gps-sigma 1.1 --corridor-weight 0.3 --corridor-dist-sigma 1.5 --corridor-heading-sigma 0.35 --background-class-weight 0.2 --max-background-obs 120 --expected-obs-count 150.0 --pose-smooth-alpha-pos 0.55 --pose-smooth-alpha-theta 0.5 --odom-yaw-filter-alpha 0.9 --particle-count 100 --point-ang-sigma 0.08 --point-range-sigma 0.35 --point-ang-gate 0.2 --point-max-range-diff 1.5 --no-visualization --require-cuda --disable-pose-smoothing

/home/pulver/projects/Outdoor_SLPF/.venv/lib/python3.10/site-packages/matplotlib/projections/__init__.py:63: UserWarning: Unable to import Axes3D. This may be due to multiple versions of Matplotlib being installed (e.g. as a system package and as a pip package). As a result, the 3D projection is not available.
  warnings.warn("Unable to import Axes3D. This may be due to multiple versions of "
Using device: cuda
[INFO] Running with Miss Penalty: 4.0, Wrong Hit Penalty: 4.0, GPS Weight: 0.5, Seed: 11, Output: /home/pulver/projects/Outdoor_SLPF/results/iros_ablation/20260217_085404_ablation/no_pose_smoothing/seed_11, Stride: 4, MaxFrames: None, Visualize: False, Model: wall, DisableGPS: False, DisableSemantic: False, DisableCorridor: False, DisableBackground: False, StaticGPSWeight: False, DisablePoseSmooth: True

Processing frames:   0%|          | 0/1593 [00:00<?, ?it/s]
Processing frames:   0%|          | 1/1593 [00:00<22:43,  1.17it/s]
Processing frames:   1%|          | 9/1593 [00:00<02:14, 11.81it/s]
Processing frames:   1%|          | 17/1593 [00:01<01:12, 21.62it/s]
Processing frames:   2%|▏         | 25/1593 [00:01<00:51, 30.42it/s]
Processing frames:   2%|▏         | 33/1593 [00:01<00:41, 37.94it/s]
Processing frames:   3%|▎         | 41/1593 [00:01<00:36, 42.65it/s]
Processing frames:   3%|▎         | 49/1593 [00:01<00:32, 47.63it/s]
Processing frames:   4%|▎         | 57/1593 [00:01<00:30, 50.88it/s]
Processing frames:   4%|▍         | 65/1593 [00:01<00:28, 53.15it/s]
Processing frames:   5%|▍         | 73/1593 [00:02<00:28, 53.21it/s]
Processing frames:   5%|▌         | 81/1593 [00:02<00:28, 52.35it/s]
Processing frames:   6%|▌         | 89/1593 [00:02<00:28, 52.92it/s]
Processing frames:   6%|▌         | 97/1593 [00:02<00:28, 51.65it/s]
Processing frames:   7%|▋         | 105/1593 [00:02<00:28, 51.36it/s]
Processing frames:   7%|▋         | 113/1593 [00:02<00:28, 52.04it/s]
Processing frames:   8%|▊         | 121/1593 [00:03<00:27, 52.61it/s]
Processing frames:   8%|▊         | 129/1593 [00:03<00:27, 52.91it/s]
Processing frames:   9%|▊         | 137/1593 [00:03<00:29, 50.19it/s]
Processing frames:   9%|▉         | 145/1593 [00:03<00:28, 50.05it/s]
Processing frames:  10%|▉         | 153/1593 [00:03<00:29, 49.31it/s]
Processing frames:  10%|█         | 161/1593 [00:03<00:28, 50.19it/s]
Processing frames:  11%|█         | 169/1593 [00:03<00:27, 52.21it/s]
Processing frames:  11%|█         | 177/1593 [00:04<00:26, 53.39it/s]
Processing frames:  12%|█▏        | 185/1593 [00:04<00:25, 54.52it/s]
Processing frames:  12%|█▏        | 193/1593 [00:04<00:25, 55.66it/s]
Processing frames:  13%|█▎        | 201/1593 [00:04<00:23, 59.00it/s]
Processing frames:  13%|█▎        | 209/1593 [00:04<00:22, 60.23it/s]
Processing frames:  14%|█▎        | 217/1593 [00:04<00:22, 61.94it/s]
Processing frames:  14%|█▍        | 225/1593 [00:04<00:21, 64.56it/s]
Processing frames:  15%|█▍        | 233/1593 [00:04<00:20, 66.45it/s]
Processing frames:  15%|█▌        | 241/1593 [00:05<00:19, 69.51it/s]
Processing frames:  16%|█▌        | 249/1593 [00:05<00:19, 69.52it/s]
Processing frames:  16%|█▌        | 257/1593 [00:05<00:18, 71.51it/s]
Processing frames:  17%|█▋        | 265/1593 [00:05<00:20, 63.33it/s]
Processing frames:  17%|█▋        | 273/1593 [00:05<00:23, 55.72it/s]
Processing frames:  18%|█▊        | 281/1593 [00:05<00:25, 51.63it/s]
Processing frames:  18%|█▊        | 289/1593 [00:05<00:25, 51.24it/s]
Processing frames:  19%|█▊        | 297/1593 [00:06<00:24, 51.87it/s]
Processing frames:  19%|█▉        | 305/1593 [00:06<00:23, 55.27it/s]
Processing frames:  20%|█▉        | 313/1593 [00:06<00:23, 54.31it/s]
Processing frames:  20%|██        | 321/1593 [00:06<00:24, 50.88it/s]
Processing frames:  21%|██        | 329/1593 [00:06<00:25, 49.38it/s]
Processing frames:  21%|██        | 337/1593 [00:06<00:24, 51.80it/s]
Processing frames:  22%|██▏       | 345/1593 [00:07<00:23, 53.34it/s]
Processing frames:  22%|██▏       | 353/1593 [00:07<00:22, 54.98it/s]
Processing frames:  23%|██▎       | 361/1593 [00:07<00:21, 57.18it/s]
Processing frames:  23%|██▎       | 373/1593 [00:07<00:18, 64.67it/s]
Processing frames:  24%|██▍       | 381/1593 [00:07<00:17, 67.62it/s]
Processing frames:  25%|██▍       | 393/1593 [00:07<00:16, 73.07it/s]
Processing frames:  25%|██▌       | 405/1593 [00:07<00:16, 72.04it/s]
Processing frames:  26%|██▌       | 413/1593 [00:08<00:18, 65.35it/s]
Processing frames:  26%|██▋       | 421/1593 [00:08<00:19, 59.90it/s]
Processing frames:  27%|██▋       | 429/1593 [00:08<00:20, 55.95it/s]
Processing frames:  27%|██▋       | 437/1593 [00:08<00:21, 54.87it/s]
Processing frames:  28%|██▊       | 445/1593 [00:08<00:21, 52.30it/s]
Processing frames:  28%|██▊       | 453/1593 [00:08<00:21, 52.69it/s]
Processing frames:  29%|██▉       | 461/1593 [00:08<00:21, 52.90it/s]
Processing frames:  29%|██▉       | 469/1593 [00:09<00:22, 50.09it/s]
Processing frames:  30%|██▉       | 477/1593 [00:09<00:22, 50.22it/s]
Processing frames:  30%|███       | 485/1593 [00:09<00:21, 51.74it/s]
Processing frames:  31%|███       | 493/1593 [00:09<00:21, 50.90it/s]
Processing frames:  31%|███▏      | 501/1593 [00:09<00:20, 52.20it/s]
Processing frames:  32%|███▏      | 509/1593 [00:09<00:19, 54.24it/s]
Processing frames:  32%|███▏      | 517/1593 [00:10<00:19, 55.74it/s]
Processing frames:  33%|███▎      | 525/1593 [00:10<00:18, 56.53it/s]
Processing frames:  33%|███▎      | 533/1593 [00:10<00:18, 58.35it/s]
Processing frames:  34%|███▍      | 541/1593 [00:10<00:16, 63.15it/s]
Processing frames:  34%|███▍      | 549/1593 [00:10<00:16, 64.01it/s]
Processing frames:  35%|███▍      | 557/1593 [00:10<00:16, 62.06it/s]
Processing frames:  35%|███▌      | 564/1593 [00:10<00:16, 62.86it/s]
Processing frames:  36%|███▌      | 571/1593 [00:10<00:19, 51.44it/s]
Processing frames:  36%|███▌      | 577/1593 [00:11<00:23, 43.13it/s]
Processing frames:  37%|███▋      | 585/1593 [00:11<00:23, 43.68it/s]
Processing frames:  37%|███▋      | 593/1593 [00:11<00:23, 42.69it/s]
Processing frames:  38%|███▊      | 601/1593 [00:11<00:22, 44.60it/s]
Processing frames:  38%|███▊      | 609/1593 [00:11<00:21, 46.36it/s]
Processing frames:  39%|███▊      | 617/1593 [00:12<00:21, 45.87it/s]
Processing frames:  39%|███▉      | 625/1593 [00:12<00:20, 47.60it/s]
Processing frames:  40%|███▉      | 633/1593 [00:12<00:19, 49.62it/s]
Processing frames:  40%|████      | 641/1593 [00:12<00:18, 52.68it/s]
Processing frames:  41%|████      | 649/1593 [00:12<00:17, 54.67it/s]
Processing frames:  41%|████      | 657/1593 [00:12<00:16, 57.23it/s]
Processing frames:  42%|████▏     | 669/1593 [00:12<00:14, 64.95it/s]
Processing frames:  42%|████▏     | 677/1593 [00:12<00:13, 68.44it/s]
Processing frames:  43%|████▎     | 685/1593 [00:13<00:14, 64.50it/s]
Processing frames:  44%|████▎     | 693/1593 [00:13<00:14, 63.45it/s]
Processing frames:  44%|████▍     | 701/1593 [00:13<00:14, 59.73it/s]
Processing frames:  45%|████▍     | 709/1593 [00:13<00:16, 52.40it/s]
Processing frames:  45%|████▌     | 717/1593 [00:13<00:17, 50.96it/s]
Processing frames:  46%|████▌     | 725/1593 [00:13<00:17, 50.41it/s]
Processing frames:  46%|████▌     | 733/1593 [00:14<00:17, 49.62it/s]
Processing frames:  47%|████▋     | 741/1593 [00:14<00:17, 49.31it/s]
Processing frames:  47%|████▋     | 749/1593 [00:14<00:16, 51.24it/s]
Processing frames:  48%|████▊     | 757/1593 [00:14<00:15, 52.95it/s]
Processing frames:  48%|████▊     | 765/1593 [00:14<00:14, 55.91it/s]
Processing frames:  49%|████▊     | 773/1593 [00:14<00:13, 61.35it/s]
Processing frames:  49%|████▉     | 781/1593 [00:14<00:12, 64.68it/s]
Processing frames:  50%|████▉     | 793/1593 [00:15<00:11, 71.63it/s]
Processing frames:  50%|█████     | 801/1593 [00:15<00:11, 70.85it/s]
Processing frames:  51%|█████     | 809/1593 [00:15<00:13, 58.96it/s]
Processing frames:  51%|█████     | 816/1593 [00:15<00:13, 58.36it/s]
Processing frames:  52%|█████▏    | 823/1593 [00:15<00:16, 45.92it/s]
Processing frames:  52%|█████▏    | 829/1593 [00:15<00:20, 37.38it/s]
Processing frames:  52%|█████▏    | 834/1593 [00:16<00:20, 37.80it/s]
Processing frames:  53%|█████▎    | 839/1593 [00:16<00:19, 39.13it/s]
Processing frames:  53%|█████▎    | 844/1593 [00:16<00:18, 39.72it/s]
Processing frames:  53%|█████▎    | 849/1593 [00:16<00:22, 33.26it/s]
Processing frames:  54%|█████▎    | 853/1593 [00:16<00:21, 34.16it/s]
Processing frames:  54%|█████▍    | 857/1593 [00:16<00:21, 34.91it/s]
Processing frames:  54%|█████▍    | 861/1593 [00:16<00:21, 34.60it/s]
Processing frames:  54%|█████▍    | 865/1593 [00:16<00:20, 34.75it/s]
Processing frames:  55%|█████▍    | 869/1593 [00:17<00:21, 34.18it/s]
Processing frames:  55%|█████▍    | 873/1593 [00:17<00:20, 35.54it/s]
Processing frames:  55%|█████▌    | 881/1593 [00:17<00:16, 42.58it/s]
Processing frames:  56%|█████▌    | 889/1593 [00:17<00:15, 45.71it/s]
Processing frames:  56%|█████▋    | 897/1593 [00:17<00:14, 48.64it/s]
Processing frames:  57%|█████▋    | 905/1593 [00:17<00:12, 54.10it/s]
Processing frames:  58%|█████▊    | 917/1593 [00:17<00:10, 63.34it/s]
Processing frames:  58%|█████▊    | 925/1593 [00:17<00:09, 67.15it/s]
Processing frames:  59%|█████▉    | 937/1593 [00:18<00:09, 69.74it/s]
Processing frames:  59%|█████▉    | 945/1593 [00:18<00:09, 66.71it/s]
Processing frames:  60%|█████▉    | 953/1593 [00:18<00:10, 61.29it/s]
Processing frames:  60%|██████    | 960/1593 [00:18<00:10, 63.24it/s]
Processing frames:  61%|██████    | 967/1593 [00:18<00:11, 52.30it/s]
Processing frames:  61%|██████    | 973/1593 [00:18<00:14, 42.22it/s]
Processing frames:  61%|██████▏   | 978/1593 [00:19<00:14, 43.47it/s]
Processing frames:  62%|██████▏   | 985/1593 [00:19<00:15, 39.91it/s]
Processing frames:  62%|██████▏   | 990/1593 [00:19<00:14, 41.66it/s]
Processing frames:  62%|██████▏   | 995/1593 [00:19<00:14, 41.06it/s]
Processing frames:  63%|██████▎   | 1000/1593 [00:19<00:14, 41.43it/s]
Processing frames:  63%|██████▎   | 1005/1593 [00:19<00:17, 33.15it/s]
Processing frames:  63%|██████▎   | 1009/1593 [00:19<00:17, 33.09it/s]
Processing frames:  64%|██████▍   | 1017/1593 [00:20<00:15, 36.33it/s]
Processing frames:  64%|██████▍   | 1025/1593 [00:20<00:14, 39.45it/s]
Processing frames:  65%|██████▍   | 1033/1593 [00:20<00:13, 42.74it/s]
Processing frames:  65%|██████▌   | 1041/1593 [00:20<00:12, 44.83it/s]
Processing frames:  66%|██████▌   | 1049/1593 [00:20<00:11, 49.03it/s]
Processing frames:  67%|██████▋   | 1061/1593 [00:20<00:08, 59.82it/s]
Processing frames:  67%|██████▋   | 1069/1593 [00:21<00:08, 64.14it/s]
Processing frames:  68%|██████▊   | 1077/1593 [00:21<00:07, 66.27it/s]
Processing frames:  68%|██████▊   | 1085/1593 [00:21<00:07, 63.67it/s]
Processing frames:  69%|██████▊   | 1092/1593 [00:21<00:08, 61.22it/s]
Processing frames:  69%|██████▉   | 1099/1593 [00:21<00:11, 44.05it/s]
Processing frames:  69%|██████▉   | 1105/1593 [00:21<00:13, 36.13it/s]
Processing frames:  70%|██████▉   | 1110/1593 [00:22<00:13, 36.78it/s]
Processing frames:  70%|██████▉   | 1115/1593 [00:22<00:12, 38.24it/s]
Processing frames:  70%|███████   | 1120/1593 [00:22<00:12, 38.42it/s]
Processing frames:  71%|███████   | 1125/1593 [00:22<00:15, 31.06it/s]
Processing frames:  71%|███████   | 1129/1593 [00:22<00:14, 31.48it/s]
Processing frames:  71%|███████   | 1133/1593 [00:22<00:14, 32.11it/s]
Processing frames:  71%|███████▏  | 1137/1593 [00:22<00:14, 32.32it/s]
Processing frames:  72%|███████▏  | 1141/1593 [00:23<00:13, 32.99it/s]
Processing frames:  72%|███████▏  | 1145/1593 [00:23<00:13, 32.73it/s]
Processing frames:  72%|███████▏  | 1149/1593 [00:23<00:13, 32.22it/s]
Processing frames:  72%|███████▏  | 1153/1593 [00:23<00:13, 32.23it/s]
Processing frames:  73%|███████▎  | 1157/1593 [00:23<00:13, 31.96it/s]
Processing frames:  73%|███████▎  | 1165/1593 [00:23<00:11, 36.94it/s]
Processing frames:  74%|███████▎  | 1173/1593 [00:23<00:10, 40.97it/s]
Processing frames:  74%|███████▍  | 1181/1593 [00:23<00:09, 45.69it/s]
Processing frames:  75%|███████▍  | 1189/1593 [00:24<00:07, 52.46it/s]
Processing frames:  75%|███████▌  | 1197/1593 [00:24<00:06, 58.85it/s]
Processing frames:  76%|███████▌  | 1205/1593 [00:24<00:06, 63.16it/s]
Processing frames:  76%|███████▌  | 1213/1593 [00:24<00:05, 67.27it/s]
Processing frames:  77%|███████▋  | 1221/1593 [00:24<00:05, 69.43it/s]
Processing frames:  77%|███████▋  | 1229/1593 [00:24<00:05, 68.40it/s]
Processing frames:  78%|███████▊  | 1237/1593 [00:24<00:06, 58.25it/s]
Processing frames:  78%|███████▊  | 1244/1593 [00:24<00:05, 59.33it/s]
Processing frames:  79%|███████▊  | 1251/1593 [00:25<00:07, 48.13it/s]
Processing frames:  79%|███████▉  | 1257/1593 [00:25<00:08, 41.69it/s]
Processing frames:  79%|███████▉  | 1265/1593 [00:25<00:08, 40.71it/s]
Processing frames:  80%|███████▉  | 1273/1593 [00:25<00:07, 43.27it/s]
Processing frames:  80%|████████  | 1281/1593 [00:25<00:06, 45.42it/s]
Processing frames:  81%|████████  | 1289/1593 [00:26<00:06, 47.35it/s]
Processing frames:  81%|████████▏ | 1297/1593 [00:26<00:06, 49.18it/s]
Processing frames:  82%|████████▏ | 1305/1593 [00:26<00:05, 53.07it/s]
Processing frames:  82%|████████▏ | 1314/1593 [00:26<00:04, 61.34it/s]
Processing frames:  83%|████████▎ | 1321/1593 [00:26<00:04, 61.13it/s]
Processing frames:  83%|████████▎ | 1329/1593 [00:26<00:04, 65.17it/s]
Processing frames:  84%|████████▍ | 1341/1593 [00:26<00:03, 69.32it/s]
Processing frames:  85%|████████▍ | 1349/1593 [00:27<00:04, 53.87it/s]
Processing frames:  85%|████████▌ | 1355/1593 [00:27<00:04, 53.04it/s]
Processing frames:  85%|████████▌ | 1361/1593 [00:27<00:05, 42.20it/s]
Processing frames:  86%|████████▌ | 1366/1593 [00:27<00:05, 43.08it/s]
Processing frames:  86%|████████▌ | 1371/1593 [00:27<00:05, 44.29it/s]
Processing frames:  86%|████████▋ | 1377/1593 [00:27<00:05, 38.94it/s]
Processing frames:  87%|████████▋ | 1385/1593 [00:27<00:05, 38.66it/s]
Processing frames:  87%|████████▋ | 1390/1593 [00:28<00:05, 39.94it/s]
Processing frames:  88%|████████▊ | 1395/1593 [00:28<00:04, 41.28it/s]
Processing frames:  88%|████████▊ | 1400/1593 [00:28<00:04, 43.16it/s]
Processing frames:  88%|████████▊ | 1405/1593 [00:28<00:05, 37.01it/s]
Processing frames:  89%|████████▊ | 1413/1593 [00:28<00:04, 43.05it/s]
Processing frames:  89%|████████▉ | 1421/1593 [00:28<00:03, 46.21it/s]
Processing frames:  90%|████████▉ | 1429/1593 [00:28<00:03, 46.79it/s]
Processing frames:  90%|█████████ | 1437/1593 [00:29<00:03, 47.98it/s]
Processing frames:  91%|█████████ | 1445/1593 [00:29<00:02, 49.74it/s]
Processing frames:  91%|█████████ | 1453/1593 [00:29<00:02, 55.00it/s]
Processing frames:  92%|█████████▏| 1461/1593 [00:29<00:02, 60.04it/s]
Processing frames:  92%|█████████▏| 1469/1593 [00:29<00:02, 56.21it/s]
Processing frames:  93%|█████████▎| 1477/1593 [00:29<00:02, 55.96it/s]
Processing frames:  93%|█████████▎| 1485/1593 [00:29<00:01, 56.47it/s]
Processing frames:  94%|█████████▎| 1493/1593 [00:30<00:01, 59.46it/s]
Processing frames:  94%|█████████▍| 1501/1593 [00:30<00:01, 61.78it/s]
Processing frames:  95%|█████████▍| 1509/1593 [00:30<00:01, 61.22it/s]
Processing frames:  95%|█████████▌| 1517/1593 [00:30<00:01, 60.94it/s]
Processing frames:  96%|█████████▌| 1525/1593 [00:30<00:01, 61.25it/s]
Processing frames:  96%|█████████▌| 1533/1593 [00:30<00:00, 61.22it/s]
Processing frames:  97%|█████████▋| 1541/1593 [00:30<00:00, 62.25it/s]
Processing frames:  97%|█████████▋| 1553/1593 [00:30<00:00, 69.00it/s]
Processing frames:  98%|█████████▊| 1565/1593 [00:31<00:00, 74.32it/s]
Processing frames:  99%|█████████▉| 1577/1593 [00:31<00:00, 75.96it/s]
Processing frames:  99%|█████████▉| 1585/1593 [00:31<00:00, 74.72it/s]
Processing frames: 100%|██████████| 1593/1593 [00:31<00:00, 50.65it/s]
[INFO] Trajectory saved to /home/pulver/projects/Outdoor_SLPF/results/iros_ablation/20260217_085404_ablation/no_pose_smoothing/seed_11/trajectory_0.5.tum
[INFO] Trajectory saved to /home/pulver/projects/Outdoor_SLPF/results/iros_ablation/20260217_085404_ablation/no_pose_smoothing/seed_11/gps_pose.tum
[INFO] Finished processing all frames from the CSV file.

[exit_code=0 duration_sec=36.15]
