$ /home/pulver/projects/Outdoor_SLPF/.venv/bin/python /home/pulver/projects/Outdoor_SLPF/scripts/spf_lidar.py --miss-penalty 4.0 --wrong-hit-penalty 4.0 --gps-weight 0.5 --seed 33 --output-folder /home/pulver/projects/Outdoor_SLPF/results/iros_ablation/20260217_085404_ablation/no_background/seed_33 --frame-stride 4 --semantic-sigma 0.05 --gps-sigma 1.1 --corridor-weight 0.3 --corridor-dist-sigma 1.5 --corridor-heading-sigma 0.35 --background-class-weight 0.2 --max-background-obs 120 --expected-obs-count 150.0 --pose-smooth-alpha-pos 0.55 --pose-smooth-alpha-theta 0.5 --odom-yaw-filter-alpha 0.9 --particle-count 100 --point-ang-sigma 0.08 --point-range-sigma 0.35 --point-ang-gate 0.2 --point-max-range-diff 1.5 --no-visualization --require-cuda --disable-background

/home/pulver/projects/Outdoor_SLPF/.venv/lib/python3.10/site-packages/matplotlib/projections/__init__.py:63: UserWarning: Unable to import Axes3D. This may be due to multiple versions of Matplotlib being installed (e.g. as a system package and as a pip package). As a result, the 3D projection is not available.
  warnings.warn("Unable to import Axes3D. This may be due to multiple versions of "
Using device: cuda
[INFO] Running with Miss Penalty: 4.0, Wrong Hit Penalty: 4.0, GPS Weight: 0.5, Seed: 33, Output: /home/pulver/projects/Outdoor_SLPF/results/iros_ablation/20260217_085404_ablation/no_background/seed_33, Stride: 4, MaxFrames: None, Visualize: False, Model: wall, DisableGPS: False, DisableSemantic: False, DisableCorridor: False, DisableBackground: True, StaticGPSWeight: False, DisablePoseSmooth: False

Processing frames:   0%|          | 0/1593 [00:00<?, ?it/s]
Processing frames:   0%|          | 1/1593 [00:00<22:34,  1.18it/s]
Processing frames:   1%|          | 9/1593 [00:00<02:12, 11.94it/s]
Processing frames:   1%|          | 17/1593 [00:01<01:12, 21.83it/s]
Processing frames:   2%|▏         | 25/1593 [00:01<00:51, 30.55it/s]
Processing frames:   2%|▏         | 33/1593 [00:01<00:40, 38.22it/s]
Processing frames:   3%|▎         | 41/1593 [00:01<00:35, 43.51it/s]
Processing frames:   3%|▎         | 49/1593 [00:01<00:31, 48.58it/s]
Processing frames:   4%|▎         | 57/1593 [00:01<00:29, 52.00it/s]
Processing frames:   4%|▍         | 65/1593 [00:01<00:28, 53.77it/s]
Processing frames:   5%|▍         | 73/1593 [00:02<00:28, 53.49it/s]
Processing frames:   5%|▌         | 81/1593 [00:02<00:27, 54.32it/s]
Processing frames:   6%|▌         | 89/1593 [00:02<00:27, 54.50it/s]
Processing frames:   6%|▌         | 97/1593 [00:02<00:28, 53.00it/s]
Processing frames:   7%|▋         | 105/1593 [00:02<00:28, 52.48it/s]
Processing frames:   7%|▋         | 113/1593 [00:02<00:27, 52.95it/s]
Processing frames:   8%|▊         | 121/1593 [00:02<00:27, 53.30it/s]
Processing frames:   8%|▊         | 129/1593 [00:03<00:27, 53.75it/s]
Processing frames:   9%|▊         | 137/1593 [00:03<00:28, 51.62it/s]
Processing frames:   9%|▉         | 145/1593 [00:03<00:27, 52.14it/s]
Processing frames:  10%|▉         | 153/1593 [00:03<00:27, 51.58it/s]
Processing frames:  10%|█         | 161/1593 [00:03<00:27, 52.68it/s]
Processing frames:  11%|█         | 169/1593 [00:03<00:25, 55.11it/s]
Processing frames:  11%|█         | 177/1593 [00:03<00:25, 56.42it/s]
Processing frames:  12%|█▏        | 185/1593 [00:04<00:24, 58.04it/s]
Processing frames:  12%|█▏        | 193/1593 [00:04<00:23, 59.65it/s]
Processing frames:  13%|█▎        | 201/1593 [00:04<00:21, 63.47it/s]
Processing frames:  13%|█▎        | 209/1593 [00:04<00:21, 65.07it/s]
Processing frames:  14%|█▎        | 217/1593 [00:04<00:20, 67.45it/s]
Processing frames:  14%|█▍        | 229/1593 [00:04<00:19, 71.56it/s]
Processing frames:  15%|█▍        | 237/1593 [00:04<00:18, 73.01it/s]
Processing frames:  16%|█▌        | 249/1593 [00:04<00:17, 74.78it/s]
Processing frames:  16%|█▋        | 259/1593 [00:05<00:16, 80.99it/s]
Processing frames:  17%|█▋        | 268/1593 [00:05<00:18, 72.58it/s]
Processing frames:  17%|█▋        | 276/1593 [00:05<00:21, 61.72it/s]
Processing frames:  18%|█▊        | 283/1593 [00:05<00:24, 53.79it/s]
Processing frames:  18%|█▊        | 289/1593 [00:05<00:26, 48.83it/s]
Processing frames:  19%|█▊        | 297/1593 [00:05<00:25, 50.01it/s]
Processing frames:  19%|█▉        | 305/1593 [00:06<00:23, 54.12it/s]
Processing frames:  20%|█▉        | 313/1593 [00:06<00:23, 53.93it/s]
Processing frames:  20%|██        | 321/1593 [00:06<00:24, 51.41it/s]
Processing frames:  21%|██        | 329/1593 [00:06<00:25, 50.17it/s]
Processing frames:  21%|██        | 337/1593 [00:06<00:23, 53.26it/s]
Processing frames:  22%|██▏       | 345/1593 [00:06<00:22, 55.37it/s]
Processing frames:  22%|██▏       | 353/1593 [00:06<00:21, 57.21it/s]
Processing frames:  23%|██▎       | 361/1593 [00:07<00:20, 59.46it/s]
Processing frames:  23%|██▎       | 373/1593 [00:07<00:18, 66.42it/s]
Processing frames:  24%|██▍       | 381/1593 [00:07<00:17, 68.76it/s]
Processing frames:  25%|██▍       | 393/1593 [00:07<00:16, 73.86it/s]
Processing frames:  25%|██▌       | 405/1593 [00:07<00:16, 72.73it/s]
Processing frames:  26%|██▌       | 413/1593 [00:07<00:17, 66.59it/s]
Processing frames:  26%|██▋       | 421/1593 [00:07<00:18, 61.78it/s]
Processing frames:  27%|██▋       | 429/1593 [00:08<00:20, 57.76it/s]
Processing frames:  27%|██▋       | 437/1593 [00:08<00:20, 56.67it/s]
Processing frames:  28%|██▊       | 445/1593 [00:08<00:21, 54.11it/s]
Processing frames:  28%|██▊       | 453/1593 [00:08<00:20, 54.82it/s]
Processing frames:  29%|██▉       | 461/1593 [00:08<00:20, 54.83it/s]
Processing frames:  29%|██▉       | 469/1593 [00:08<00:21, 51.22it/s]
Processing frames:  30%|██▉       | 477/1593 [00:09<00:21, 51.67it/s]
Processing frames:  30%|███       | 485/1593 [00:09<00:20, 54.09it/s]
Processing frames:  31%|███       | 493/1593 [00:09<00:20, 53.36it/s]
Processing frames:  31%|███▏      | 501/1593 [00:09<00:19, 54.66it/s]
Processing frames:  32%|███▏      | 509/1593 [00:09<00:18, 57.13it/s]
Processing frames:  32%|███▏      | 517/1593 [00:09<00:18, 59.10it/s]
Processing frames:  33%|███▎      | 525/1593 [00:09<00:17, 60.53it/s]
Processing frames:  33%|███▎      | 533/1593 [00:09<00:16, 62.48it/s]
Processing frames:  34%|███▍      | 545/1593 [00:10<00:15, 68.04it/s]
Processing frames:  35%|███▍      | 553/1593 [00:10<00:15, 67.28it/s]
Processing frames:  35%|███▌      | 561/1593 [00:10<00:17, 59.78it/s]
Processing frames:  36%|███▌      | 569/1593 [00:10<00:18, 54.53it/s]
Processing frames:  36%|███▌      | 577/1593 [00:10<00:20, 49.54it/s]
Processing frames:  37%|███▋      | 585/1593 [00:10<00:20, 48.99it/s]
Processing frames:  37%|███▋      | 593/1593 [00:11<00:21, 47.01it/s]
Processing frames:  38%|███▊      | 601/1593 [00:11<00:20, 48.28it/s]
Processing frames:  38%|███▊      | 609/1593 [00:11<00:19, 49.21it/s]
Processing frames:  39%|███▊      | 617/1593 [00:11<00:20, 47.95it/s]
Processing frames:  39%|███▉      | 625/1593 [00:11<00:19, 49.56it/s]
Processing frames:  40%|███▉      | 633/1593 [00:11<00:18, 51.63it/s]
Processing frames:  40%|████      | 641/1593 [00:12<00:17, 54.86it/s]
Processing frames:  41%|████      | 649/1593 [00:12<00:16, 56.55it/s]
Processing frames:  41%|████      | 657/1593 [00:12<00:15, 59.29it/s]
Processing frames:  42%|████▏     | 669/1593 [00:12<00:13, 66.24it/s]
Processing frames:  43%|████▎     | 681/1593 [00:12<00:13, 68.46it/s]
Processing frames:  43%|████▎     | 689/1593 [00:12<00:13, 65.14it/s]
Processing frames:  44%|████▍     | 697/1593 [00:12<00:13, 65.49it/s]
Processing frames:  44%|████▍     | 705/1593 [00:12<00:14, 59.44it/s]
Processing frames:  45%|████▍     | 713/1593 [00:13<00:15, 56.24it/s]
Processing frames:  45%|████▌     | 721/1593 [00:13<00:16, 53.34it/s]
Processing frames:  46%|████▌     | 729/1593 [00:13<00:16, 52.22it/s]
Processing frames:  46%|████▋     | 737/1593 [00:13<00:16, 52.28it/s]
Processing frames:  47%|████▋     | 745/1593 [00:13<00:15, 53.03it/s]
Processing frames:  47%|████▋     | 753/1593 [00:13<00:15, 55.14it/s]
Processing frames:  48%|████▊     | 761/1593 [00:14<00:14, 57.56it/s]
Processing frames:  48%|████▊     | 769/1593 [00:14<00:13, 62.20it/s]
Processing frames:  49%|████▉     | 777/1593 [00:14<00:12, 65.62it/s]
Processing frames:  49%|████▉     | 785/1593 [00:14<00:11, 69.32it/s]
Processing frames:  50%|█████     | 797/1593 [00:14<00:10, 74.85it/s]
Processing frames:  51%|█████     | 805/1593 [00:14<00:11, 67.81it/s]
Processing frames:  51%|█████     | 812/1593 [00:14<00:11, 66.96it/s]
Processing frames:  51%|█████▏    | 819/1593 [00:15<00:15, 48.74it/s]
Processing frames:  52%|█████▏    | 825/1593 [00:15<00:19, 40.06it/s]
Processing frames:  52%|█████▏    | 830/1593 [00:15<00:18, 40.27it/s]
Processing frames:  52%|█████▏    | 835/1593 [00:15<00:18, 40.27it/s]
Processing frames:  53%|█████▎    | 840/1593 [00:15<00:18, 41.08it/s]
Processing frames:  53%|█████▎    | 845/1593 [00:15<00:22, 32.81it/s]
Processing frames:  53%|█████▎    | 849/1593 [00:15<00:22, 33.73it/s]
Processing frames:  54%|█████▎    | 853/1593 [00:16<00:21, 34.59it/s]
Processing frames:  54%|█████▍    | 857/1593 [00:16<00:20, 35.19it/s]
Processing frames:  54%|█████▍    | 861/1593 [00:16<00:20, 34.87it/s]
Processing frames:  54%|█████▍    | 865/1593 [00:16<00:21, 34.59it/s]
Processing frames:  55%|█████▍    | 869/1593 [00:16<00:21, 33.81it/s]
Processing frames:  55%|█████▍    | 873/1593 [00:16<00:20, 35.32it/s]
Processing frames:  55%|█████▌    | 881/1593 [00:16<00:16, 42.43it/s]
Processing frames:  56%|█████▌    | 889/1593 [00:16<00:15, 46.03it/s]
Processing frames:  56%|█████▋    | 897/1593 [00:17<00:14, 49.26it/s]
Processing frames:  57%|█████▋    | 905/1593 [00:17<00:12, 54.75it/s]
Processing frames:  57%|█████▋    | 913/1593 [00:17<00:11, 60.91it/s]
Processing frames:  58%|█████▊    | 925/1593 [00:17<00:09, 68.25it/s]
Processing frames:  59%|█████▉    | 937/1593 [00:17<00:09, 70.81it/s]
Processing frames:  59%|█████▉    | 945/1593 [00:17<00:09, 68.24it/s]
Processing frames:  60%|█████▉    | 953/1593 [00:17<00:10, 63.58it/s]
Processing frames:  60%|██████    | 961/1593 [00:18<00:11, 54.63it/s]
Processing frames:  61%|██████    | 969/1593 [00:18<00:12, 49.43it/s]
Processing frames:  61%|██████    | 975/1593 [00:18<00:12, 50.80it/s]
Processing frames:  62%|██████▏   | 981/1593 [00:18<00:13, 44.05it/s]
Processing frames:  62%|██████▏   | 986/1593 [00:18<00:13, 44.51it/s]
Processing frames:  62%|██████▏   | 993/1593 [00:18<00:15, 39.46it/s]
Processing frames:  63%|██████▎   | 998/1593 [00:18<00:14, 40.30it/s]
Processing frames:  63%|██████▎   | 1003/1593 [00:19<00:14, 40.55it/s]
Processing frames:  63%|██████▎   | 1008/1593 [00:19<00:14, 41.59it/s]
Processing frames:  64%|██████▎   | 1013/1593 [00:19<00:16, 34.34it/s]
Processing frames:  64%|██████▍   | 1021/1593 [00:19<00:15, 37.60it/s]
Processing frames:  65%|██████▍   | 1029/1593 [00:19<00:13, 41.45it/s]
Processing frames:  65%|██████▌   | 1037/1593 [00:19<00:12, 44.55it/s]
Processing frames:  66%|██████▌   | 1045/1593 [00:20<00:11, 48.64it/s]
Processing frames:  66%|██████▌   | 1053/1593 [00:20<00:10, 53.98it/s]
Processing frames:  67%|██████▋   | 1065/1593 [00:20<00:08, 62.89it/s]
Processing frames:  67%|██████▋   | 1073/1593 [00:20<00:07, 65.34it/s]
Processing frames:  68%|██████▊   | 1081/1593 [00:20<00:08, 63.76it/s]
Processing frames:  68%|██████▊   | 1089/1593 [00:20<00:09, 53.30it/s]
Processing frames:  69%|██████▊   | 1095/1593 [00:20<00:10, 49.00it/s]
Processing frames:  69%|██████▉   | 1101/1593 [00:21<00:12, 37.99it/s]
Processing frames:  69%|██████▉   | 1106/1593 [00:21<00:12, 37.50it/s]
Processing frames:  70%|██████▉   | 1111/1593 [00:21<00:12, 37.59it/s]
Processing frames:  70%|██████▉   | 1115/1593 [00:21<00:13, 36.53it/s]
Processing frames:  70%|███████   | 1119/1593 [00:21<00:13, 34.35it/s]
Processing frames:  70%|███████   | 1123/1593 [00:21<00:14, 32.71it/s]
Processing frames:  71%|███████   | 1127/1593 [00:21<00:14, 31.87it/s]
Processing frames:  71%|███████   | 1131/1593 [00:22<00:14, 31.84it/s]
Processing frames:  71%|███████   | 1135/1593 [00:22<00:14, 32.30it/s]
Processing frames:  72%|███████▏  | 1139/1593 [00:22<00:14, 32.05it/s]
Processing frames:  72%|███████▏  | 1143/1593 [00:22<00:13, 32.39it/s]
Processing frames:  72%|███████▏  | 1147/1593 [00:22<00:13, 32.00it/s]
Processing frames:  72%|███████▏  | 1151/1593 [00:22<00:13, 32.11it/s]
Processing frames:  73%|███████▎  | 1155/1593 [00:22<00:13, 32.63it/s]
Processing frames:  73%|███████▎  | 1159/1593 [00:22<00:12, 33.86it/s]
Processing frames:  73%|███████▎  | 1165/1593 [00:23<00:12, 34.22it/s]
Processing frames:  74%|███████▎  | 1173/1593 [00:23<00:10, 40.28it/s]
Processing frames:  74%|███████▍  | 1181/1593 [00:23<00:08, 46.23it/s]
Processing frames:  75%|███████▍  | 1189/1593 [00:23<00:07, 53.50it/s]
Processing frames:  75%|███████▌  | 1197/1593 [00:23<00:06, 59.70it/s]
Processing frames:  76%|███████▌  | 1205/1593 [00:23<00:06, 64.24it/s]
Processing frames:  76%|███████▌  | 1213/1593 [00:23<00:05, 68.03it/s]
Processing frames:  77%|███████▋  | 1221/1593 [00:23<00:05, 70.96it/s]
Processing frames:  77%|███████▋  | 1229/1593 [00:24<00:05, 70.17it/s]
Processing frames:  78%|███████▊  | 1237/1593 [00:24<00:05, 59.68it/s]
Processing frames:  78%|███████▊  | 1244/1593 [00:24<00:05, 60.78it/s]
Processing frames:  79%|███████▊  | 1251/1593 [00:24<00:06, 48.86it/s]
Processing frames:  79%|███████▉  | 1257/1593 [00:24<00:07, 42.03it/s]
Processing frames:  79%|███████▉  | 1265/1593 [00:24<00:07, 41.14it/s]
Processing frames:  80%|███████▉  | 1273/1593 [00:25<00:07, 44.16it/s]
Processing frames:  80%|████████  | 1281/1593 [00:25<00:06, 45.91it/s]
Processing frames:  81%|████████  | 1289/1593 [00:25<00:06, 48.15it/s]
Processing frames:  81%|████████▏ | 1297/1593 [00:25<00:05, 50.22it/s]
Processing frames:  82%|████████▏ | 1305/1593 [00:25<00:05, 54.49it/s]
Processing frames:  83%|████████▎ | 1317/1593 [00:25<00:04, 61.95it/s]
Processing frames:  83%|████████▎ | 1325/1593 [00:25<00:04, 65.27it/s]
Processing frames:  84%|████████▍ | 1337/1593 [00:26<00:03, 71.99it/s]
Processing frames:  84%|████████▍ | 1345/1593 [00:26<00:04, 61.52it/s]
Processing frames:  85%|████████▍ | 1352/1593 [00:26<00:03, 62.02it/s]
Processing frames:  85%|████████▌ | 1359/1593 [00:26<00:04, 48.29it/s]
Processing frames:  86%|████████▌ | 1365/1593 [00:26<00:05, 41.62it/s]
Processing frames:  86%|████████▌ | 1370/1593 [00:26<00:05, 43.23it/s]
Processing frames:  86%|████████▋ | 1377/1593 [00:27<00:05, 40.53it/s]
Processing frames:  87%|████████▋ | 1382/1593 [00:27<00:05, 41.95it/s]
Processing frames:  87%|████████▋ | 1387/1593 [00:27<00:04, 42.64it/s]
Processing frames:  87%|████████▋ | 1392/1593 [00:27<00:04, 43.10it/s]
Processing frames:  88%|████████▊ | 1397/1593 [00:27<00:05, 35.40it/s]
Processing frames:  88%|████████▊ | 1405/1593 [00:27<00:04, 38.45it/s]
Processing frames:  89%|████████▊ | 1413/1593 [00:27<00:04, 44.69it/s]
Processing frames:  89%|████████▉ | 1421/1593 [00:28<00:03, 47.63it/s]
Processing frames:  90%|████████▉ | 1429/1593 [00:28<00:03, 48.52it/s]
Processing frames:  90%|█████████ | 1437/1593 [00:28<00:03, 50.03it/s]
Processing frames:  91%|█████████ | 1445/1593 [00:28<00:02, 52.42it/s]
Processing frames:  91%|█████████ | 1453/1593 [00:28<00:02, 57.36it/s]
Processing frames:  92%|█████████▏| 1461/1593 [00:28<00:02, 62.53it/s]
Processing frames:  92%|█████████▏| 1469/1593 [00:28<00:02, 58.34it/s]
Processing frames:  93%|█████████▎| 1477/1593 [00:29<00:01, 58.08it/s]
Processing frames:  93%|█████████▎| 1485/1593 [00:29<00:01, 58.77it/s]
Processing frames:  94%|█████████▎| 1493/1593 [00:29<00:01, 62.52it/s]
Processing frames:  94%|█████████▍| 1501/1593 [00:29<00:01, 65.04it/s]
Processing frames:  95%|█████████▍| 1509/1593 [00:29<00:01, 63.88it/s]
Processing frames:  95%|█████████▌| 1517/1593 [00:29<00:01, 63.23it/s]
Processing frames:  96%|█████████▌| 1525/1593 [00:29<00:01, 64.05it/s]
Processing frames:  96%|█████████▌| 1533/1593 [00:29<00:00, 64.55it/s]
Processing frames:  97%|█████████▋| 1541/1593 [00:30<00:00, 66.02it/s]
Processing frames:  97%|█████████▋| 1553/1593 [00:30<00:00, 71.77it/s]
Processing frames:  98%|█████████▊| 1565/1593 [00:30<00:00, 76.14it/s]
Processing frames:  99%|█████████▉| 1577/1593 [00:30<00:00, 77.18it/s]
Processing frames:  99%|█████████▉| 1585/1593 [00:30<00:00, 76.77it/s]
Processing frames: 100%|██████████| 1593/1593 [00:30<00:00, 51.94it/s]
[INFO] Trajectory saved to /home/pulver/projects/Outdoor_SLPF/results/iros_ablation/20260217_085404_ablation/no_background/seed_33/trajectory_0.5.tum
[INFO] Trajectory saved to /home/pulver/projects/Outdoor_SLPF/results/iros_ablation/20260217_085404_ablation/no_background/seed_33/gps_pose.tum
[INFO] Finished processing all frames from the CSV file.

[exit_code=0 duration_sec=35.40]
