$ /home/pulver/projects/Outdoor_SLPF/.venv/bin/python /home/pulver/projects/Outdoor_SLPF/scripts/spf_lidar.py --miss-penalty 4.0 --wrong-hit-penalty 4.0 --gps-weight 0.5 --seed 11 --output-folder /home/pulver/projects/Outdoor_SLPF/results/iros_ablation/20260217_085404_ablation/full/seed_11 --frame-stride 4 --semantic-sigma 0.05 --gps-sigma 1.1 --corridor-weight 0.3 --corridor-dist-sigma 1.5 --corridor-heading-sigma 0.35 --background-class-weight 0.2 --max-background-obs 120 --expected-obs-count 150.0 --pose-smooth-alpha-pos 0.55 --pose-smooth-alpha-theta 0.5 --odom-yaw-filter-alpha 0.9 --particle-count 100 --point-ang-sigma 0.08 --point-range-sigma 0.35 --point-ang-gate 0.2 --point-max-range-diff 1.5 --no-visualization --require-cuda

/home/pulver/projects/Outdoor_SLPF/.venv/lib/python3.10/site-packages/matplotlib/projections/__init__.py:63: UserWarning: Unable to import Axes3D. This may be due to multiple versions of Matplotlib being installed (e.g. as a system package and as a pip package). As a result, the 3D projection is not available.
  warnings.warn("Unable to import Axes3D. This may be due to multiple versions of "
Using device: cuda
[INFO] Running with Miss Penalty: 4.0, Wrong Hit Penalty: 4.0, GPS Weight: 0.5, Seed: 11, Output: /home/pulver/projects/Outdoor_SLPF/results/iros_ablation/20260217_085404_ablation/full/seed_11, Stride: 4, MaxFrames: None, Visualize: False, Model: wall, DisableGPS: False, DisableSemantic: False, DisableCorridor: False, DisableBackground: False, StaticGPSWeight: False, DisablePoseSmooth: False

Processing frames:   0%|          | 0/1593 [00:00<?, ?it/s]
Processing frames:   0%|          | 1/1593 [00:00<22:45,  1.17it/s]
Processing frames:   1%|          | 9/1593 [00:00<02:14, 11.79it/s]
Processing frames:   1%|          | 17/1593 [00:01<01:13, 21.58it/s]
Processing frames:   2%|▏         | 25/1593 [00:01<00:51, 30.41it/s]
Processing frames:   2%|▏         | 33/1593 [00:01<00:41, 37.98it/s]
Processing frames:   3%|▎         | 41/1593 [00:01<00:36, 43.08it/s]
Processing frames:   3%|▎         | 49/1593 [00:01<00:32, 47.92it/s]
Processing frames:   4%|▎         | 57/1593 [00:01<00:30, 51.05it/s]
Processing frames:   4%|▍         | 65/1593 [00:01<00:28, 52.75it/s]
Processing frames:   5%|▍         | 73/1593 [00:02<00:28, 53.30it/s]
Processing frames:   5%|▌         | 81/1593 [00:02<00:27, 54.63it/s]
Processing frames:   6%|▌         | 89/1593 [00:02<00:27, 54.83it/s]
Processing frames:   6%|▌         | 97/1593 [00:02<00:28, 53.20it/s]
Processing frames:   7%|▋         | 105/1593 [00:02<00:28, 52.07it/s]
Processing frames:   7%|▋         | 113/1593 [00:02<00:28, 52.27it/s]
Processing frames:   8%|▊         | 121/1593 [00:02<00:27, 52.99it/s]
Processing frames:   8%|▊         | 129/1593 [00:03<00:27, 53.24it/s]
Processing frames:   9%|▊         | 137/1593 [00:03<00:28, 50.66it/s]
Processing frames:   9%|▉         | 145/1593 [00:03<00:28, 50.83it/s]
Processing frames:  10%|▉         | 153/1593 [00:03<00:28, 49.92it/s]
Processing frames:  10%|█         | 161/1593 [00:03<00:28, 50.57it/s]
Processing frames:  11%|█         | 169/1593 [00:03<00:27, 52.67it/s]
Processing frames:  11%|█         | 177/1593 [00:04<00:26, 53.55it/s]
Processing frames:  12%|█▏        | 185/1593 [00:04<00:25, 54.98it/s]
Processing frames:  12%|█▏        | 193/1593 [00:04<00:24, 56.27it/s]
Processing frames:  13%|█▎        | 201/1593 [00:04<00:23, 59.64it/s]
Processing frames:  13%|█▎        | 209/1593 [00:04<00:22, 60.96it/s]
Processing frames:  14%|█▎        | 217/1593 [00:04<00:21, 62.55it/s]
Processing frames:  14%|█▍        | 225/1593 [00:04<00:20, 65.56it/s]
Processing frames:  15%|█▍        | 233/1593 [00:04<00:20, 67.60it/s]
Processing frames:  15%|█▌        | 241/1593 [00:05<00:19, 70.34it/s]
Processing frames:  16%|█▌        | 249/1593 [00:05<00:19, 70.37it/s]
Processing frames:  16%|█▌        | 257/1593 [00:05<00:18, 72.08it/s]
Processing frames:  17%|█▋        | 265/1593 [00:05<00:20, 63.46it/s]
Processing frames:  17%|█▋        | 272/1593 [00:05<00:20, 65.08it/s]
Processing frames:  18%|█▊        | 279/1593 [00:05<00:24, 53.53it/s]
Processing frames:  18%|█▊        | 285/1593 [00:05<00:27, 47.07it/s]
Processing frames:  18%|█▊        | 293/1593 [00:06<00:26, 48.25it/s]
Processing frames:  19%|█▉        | 301/1593 [00:06<00:25, 50.90it/s]
Processing frames:  19%|█▉        | 309/1593 [00:06<00:24, 52.72it/s]
Processing frames:  20%|█▉        | 317/1593 [00:06<00:25, 49.90it/s]
Processing frames:  20%|██        | 325/1593 [00:06<00:26, 47.71it/s]
Processing frames:  21%|██        | 333/1593 [00:06<00:25, 49.74it/s]
Processing frames:  21%|██▏       | 341/1593 [00:06<00:23, 52.74it/s]
Processing frames:  22%|██▏       | 349/1593 [00:07<00:23, 52.68it/s]
Processing frames:  22%|██▏       | 357/1593 [00:07<00:22, 54.23it/s]
Processing frames:  23%|██▎       | 365/1593 [00:07<00:20, 58.72it/s]
Processing frames:  23%|██▎       | 373/1593 [00:07<00:19, 63.75it/s]
Processing frames:  24%|██▍       | 381/1593 [00:07<00:18, 66.89it/s]
Processing frames:  25%|██▍       | 393/1593 [00:07<00:16, 72.57it/s]
Processing frames:  25%|██▌       | 405/1593 [00:07<00:16, 71.60it/s]
Processing frames:  26%|██▌       | 413/1593 [00:08<00:18, 65.25it/s]
Processing frames:  26%|██▋       | 421/1593 [00:08<00:19, 60.02it/s]
Processing frames:  27%|██▋       | 429/1593 [00:08<00:20, 55.69it/s]
Processing frames:  27%|██▋       | 437/1593 [00:08<00:21, 53.94it/s]
Processing frames:  28%|██▊       | 445/1593 [00:08<00:22, 51.31it/s]
Processing frames:  28%|██▊       | 453/1593 [00:08<00:21, 52.59it/s]
Processing frames:  29%|██▉       | 461/1593 [00:08<00:21, 53.08it/s]
Processing frames:  29%|██▉       | 469/1593 [00:09<00:22, 49.61it/s]
Processing frames:  30%|██▉       | 477/1593 [00:09<00:22, 49.63it/s]
Processing frames:  30%|███       | 485/1593 [00:09<00:21, 51.55it/s]
Processing frames:  31%|███       | 493/1593 [00:09<00:21, 50.77it/s]
Processing frames:  31%|███▏      | 501/1593 [00:09<00:20, 52.50it/s]
Processing frames:  32%|███▏      | 509/1593 [00:09<00:19, 54.30it/s]
Processing frames:  32%|███▏      | 517/1593 [00:10<00:19, 56.41it/s]
Processing frames:  33%|███▎      | 525/1593 [00:10<00:18, 57.46it/s]
Processing frames:  33%|███▎      | 533/1593 [00:10<00:17, 59.13it/s]
Processing frames:  34%|███▍      | 545/1593 [00:10<00:16, 65.19it/s]
Processing frames:  35%|███▍      | 553/1593 [00:10<00:16, 64.37it/s]
Processing frames:  35%|███▌      | 561/1593 [00:10<00:17, 57.60it/s]
Processing frames:  36%|███▌      | 567/1593 [00:10<00:17, 58.12it/s]
Processing frames:  36%|███▌      | 573/1593 [00:11<00:21, 47.67it/s]
Processing frames:  36%|███▋      | 579/1593 [00:11<00:20, 49.21it/s]
Processing frames:  37%|███▋      | 585/1593 [00:11<00:23, 43.34it/s]
Processing frames:  37%|███▋      | 593/1593 [00:11<00:23, 42.81it/s]
Processing frames:  38%|███▊      | 601/1593 [00:11<00:22, 45.08it/s]
Processing frames:  38%|███▊      | 609/1593 [00:11<00:21, 46.57it/s]
Processing frames:  39%|███▊      | 617/1593 [00:12<00:21, 45.33it/s]
Processing frames:  39%|███▉      | 625/1593 [00:12<00:20, 47.67it/s]
Processing frames:  40%|███▉      | 633/1593 [00:12<00:19, 50.38it/s]
Processing frames:  40%|████      | 641/1593 [00:12<00:17, 53.77it/s]
Processing frames:  41%|████      | 649/1593 [00:12<00:17, 55.36it/s]
Processing frames:  41%|████      | 657/1593 [00:12<00:16, 57.96it/s]
Processing frames:  42%|████▏     | 669/1593 [00:12<00:14, 65.09it/s]
Processing frames:  42%|████▏     | 677/1593 [00:12<00:13, 68.27it/s]
Processing frames:  43%|████▎     | 685/1593 [00:13<00:14, 64.79it/s]
Processing frames:  44%|████▎     | 693/1593 [00:13<00:14, 63.82it/s]
Processing frames:  44%|████▍     | 701/1593 [00:13<00:14, 61.31it/s]
Processing frames:  45%|████▍     | 709/1593 [00:13<00:16, 54.50it/s]
Processing frames:  45%|████▌     | 717/1593 [00:13<00:16, 51.60it/s]
Processing frames:  46%|████▌     | 725/1593 [00:13<00:16, 51.14it/s]
Processing frames:  46%|████▌     | 733/1593 [00:14<00:17, 50.55it/s]
Processing frames:  47%|████▋     | 741/1593 [00:14<00:16, 50.54it/s]
Processing frames:  47%|████▋     | 749/1593 [00:14<00:16, 51.95it/s]
Processing frames:  48%|████▊     | 757/1593 [00:14<00:15, 52.73it/s]
Processing frames:  48%|████▊     | 765/1593 [00:14<00:14, 55.71it/s]
Processing frames:  49%|████▊     | 773/1593 [00:14<00:13, 61.17it/s]
Processing frames:  49%|████▉     | 781/1593 [00:14<00:12, 65.07it/s]
Processing frames:  50%|████▉     | 793/1593 [00:14<00:11, 71.33it/s]
Processing frames:  50%|█████     | 801/1593 [00:15<00:11, 70.87it/s]
Processing frames:  51%|█████     | 809/1593 [00:15<00:13, 59.05it/s]
Processing frames:  51%|█████     | 816/1593 [00:15<00:13, 57.55it/s]
Processing frames:  52%|█████▏    | 822/1593 [00:15<00:18, 41.85it/s]
Processing frames:  52%|█████▏    | 827/1593 [00:15<00:18, 41.33it/s]
Processing frames:  52%|█████▏    | 832/1593 [00:15<00:18, 41.05it/s]
Processing frames:  53%|█████▎    | 837/1593 [00:16<00:23, 32.64it/s]
Processing frames:  53%|█████▎    | 841/1593 [00:16<00:22, 32.79it/s]
Processing frames:  53%|█████▎    | 845/1593 [00:16<00:22, 33.58it/s]
Processing frames:  53%|█████▎    | 849/1593 [00:16<00:21, 34.39it/s]
Processing frames:  54%|█████▎    | 853/1593 [00:16<00:21, 35.20it/s]
Processing frames:  54%|█████▍    | 857/1593 [00:16<00:20, 35.66it/s]
Processing frames:  54%|█████▍    | 861/1593 [00:16<00:20, 35.69it/s]
Processing frames:  54%|█████▍    | 865/1593 [00:16<00:20, 35.93it/s]
Processing frames:  55%|█████▍    | 869/1593 [00:17<00:20, 35.21it/s]
Processing frames:  55%|█████▍    | 873/1593 [00:17<00:19, 36.26it/s]
Processing frames:  55%|█████▌    | 881/1593 [00:17<00:16, 43.33it/s]
Processing frames:  56%|█████▌    | 889/1593 [00:17<00:15, 45.93it/s]
Processing frames:  56%|█████▋    | 897/1593 [00:17<00:14, 48.73it/s]
Processing frames:  57%|█████▋    | 905/1593 [00:17<00:12, 54.01it/s]
Processing frames:  58%|█████▊    | 917/1593 [00:17<00:10, 63.31it/s]
Processing frames:  58%|█████▊    | 925/1593 [00:17<00:09, 67.32it/s]
Processing frames:  59%|█████▉    | 937/1593 [00:18<00:09, 69.67it/s]
Processing frames:  59%|█████▉    | 945/1593 [00:18<00:09, 66.27it/s]
Processing frames:  60%|█████▉    | 953/1593 [00:18<00:10, 61.24it/s]
Processing frames:  60%|██████    | 960/1593 [00:18<00:10, 63.05it/s]
Processing frames:  61%|██████    | 967/1593 [00:18<00:11, 52.64it/s]
Processing frames:  61%|██████    | 973/1593 [00:18<00:14, 43.13it/s]
Processing frames:  62%|██████▏   | 981/1593 [00:19<00:14, 43.11it/s]
Processing frames:  62%|██████▏   | 986/1593 [00:19<00:13, 43.92it/s]
Processing frames:  62%|██████▏   | 993/1593 [00:19<00:15, 39.65it/s]
Processing frames:  63%|██████▎   | 998/1593 [00:19<00:14, 41.09it/s]
Processing frames:  63%|██████▎   | 1003/1593 [00:19<00:14, 41.48it/s]
Processing frames:  63%|██████▎   | 1008/1593 [00:19<00:13, 42.17it/s]
Processing frames:  64%|██████▎   | 1013/1593 [00:19<00:16, 34.72it/s]
Processing frames:  64%|██████▍   | 1021/1593 [00:20<00:15, 37.61it/s]
Processing frames:  65%|██████▍   | 1029/1593 [00:20<00:13, 40.88it/s]
Processing frames:  65%|██████▌   | 1037/1593 [00:20<00:12, 43.57it/s]
Processing frames:  66%|██████▌   | 1045/1593 [00:20<00:11, 47.50it/s]
Processing frames:  66%|██████▌   | 1053/1593 [00:20<00:10, 52.30it/s]
Processing frames:  67%|██████▋   | 1065/1593 [00:20<00:08, 62.51it/s]
Processing frames:  67%|██████▋   | 1073/1593 [00:21<00:07, 65.40it/s]
Processing frames:  68%|██████▊   | 1081/1593 [00:21<00:07, 65.07it/s]
Processing frames:  68%|██████▊   | 1089/1593 [00:21<00:09, 55.34it/s]
Processing frames:  69%|██████▊   | 1095/1593 [00:21<00:09, 51.39it/s]
Processing frames:  69%|██████▉   | 1101/1593 [00:21<00:12, 39.89it/s]
Processing frames:  69%|██████▉   | 1106/1593 [00:21<00:12, 39.44it/s]
Processing frames:  70%|██████▉   | 1111/1593 [00:21<00:12, 39.38it/s]
Processing frames:  70%|███████   | 1116/1593 [00:22<00:11, 40.62it/s]
Processing frames:  70%|███████   | 1121/1593 [00:22<00:14, 32.00it/s]
Processing frames:  71%|███████   | 1125/1593 [00:22<00:14, 32.47it/s]
Processing frames:  71%|███████   | 1129/1593 [00:22<00:14, 32.79it/s]
Processing frames:  71%|███████   | 1133/1593 [00:22<00:13, 33.43it/s]
Processing frames:  71%|███████▏  | 1137/1593 [00:22<00:13, 33.45it/s]
Processing frames:  72%|███████▏  | 1141/1593 [00:22<00:13, 33.97it/s]
Processing frames:  72%|███████▏  | 1145/1593 [00:23<00:13, 33.69it/s]
Processing frames:  72%|███████▏  | 1149/1593 [00:23<00:13, 33.18it/s]
Processing frames:  72%|███████▏  | 1153/1593 [00:23<00:13, 33.09it/s]
Processing frames:  73%|███████▎  | 1157/1593 [00:23<00:12, 33.90it/s]
Processing frames:  73%|███████▎  | 1165/1593 [00:23<00:11, 38.29it/s]
Processing frames:  74%|███████▎  | 1173/1593 [00:23<00:09, 42.33it/s]
Processing frames:  74%|███████▍  | 1181/1593 [00:23<00:08, 47.27it/s]
Processing frames:  75%|███████▍  | 1189/1593 [00:23<00:07, 54.13it/s]
Processing frames:  75%|███████▌  | 1197/1593 [00:24<00:06, 60.14it/s]
Processing frames:  76%|███████▌  | 1205/1593 [00:24<00:06, 64.16it/s]
Processing frames:  76%|███████▌  | 1213/1593 [00:24<00:05, 67.99it/s]
Processing frames:  77%|███████▋  | 1221/1593 [00:24<00:05, 70.38it/s]
Processing frames:  77%|███████▋  | 1229/1593 [00:24<00:05, 68.89it/s]
Processing frames:  78%|███████▊  | 1237/1593 [00:24<00:06, 58.54it/s]
Processing frames:  78%|███████▊  | 1244/1593 [00:24<00:05, 59.89it/s]
Processing frames:  79%|███████▊  | 1251/1593 [00:25<00:07, 48.11it/s]
Processing frames:  79%|███████▉  | 1257/1593 [00:25<00:08, 41.24it/s]
Processing frames:  79%|███████▉  | 1265/1593 [00:25<00:08, 40.16it/s]
Processing frames:  80%|███████▉  | 1273/1593 [00:25<00:07, 42.32it/s]
Processing frames:  80%|████████  | 1281/1593 [00:25<00:07, 44.50it/s]
Processing frames:  81%|████████  | 1289/1593 [00:25<00:06, 46.52it/s]
Processing frames:  81%|████████▏ | 1297/1593 [00:26<00:06, 48.29it/s]
Processing frames:  82%|████████▏ | 1305/1593 [00:26<00:05, 52.38it/s]
Processing frames:  82%|████████▏ | 1313/1593 [00:26<00:04, 58.05it/s]
Processing frames:  83%|████████▎ | 1321/1593 [00:26<00:04, 60.76it/s]
Processing frames:  83%|████████▎ | 1329/1593 [00:26<00:04, 64.59it/s]
Processing frames:  84%|████████▍ | 1341/1593 [00:26<00:03, 69.28it/s]
Processing frames:  85%|████████▍ | 1349/1593 [00:26<00:04, 54.34it/s]
Processing frames:  85%|████████▌ | 1355/1593 [00:27<00:04, 53.43it/s]
Processing frames:  85%|████████▌ | 1361/1593 [00:27<00:05, 42.33it/s]
Processing frames:  86%|████████▌ | 1366/1593 [00:27<00:05, 43.46it/s]
Processing frames:  86%|████████▌ | 1371/1593 [00:27<00:04, 44.51it/s]
Processing frames:  86%|████████▋ | 1377/1593 [00:27<00:05, 38.70it/s]
Processing frames:  87%|████████▋ | 1385/1593 [00:27<00:05, 38.18it/s]
Processing frames:  87%|████████▋ | 1390/1593 [00:28<00:05, 39.37it/s]
Processing frames:  88%|████████▊ | 1395/1593 [00:28<00:04, 40.79it/s]
Processing frames:  88%|████████▊ | 1400/1593 [00:28<00:04, 42.88it/s]
Processing frames:  88%|████████▊ | 1405/1593 [00:28<00:05, 37.06it/s]
Processing frames:  89%|████████▊ | 1413/1593 [00:28<00:04, 43.50it/s]
Processing frames:  89%|████████▉ | 1421/1593 [00:28<00:03, 46.70it/s]
Processing frames:  90%|████████▉ | 1429/1593 [00:28<00:03, 48.02it/s]
Processing frames:  90%|█████████ | 1437/1593 [00:28<00:03, 49.71it/s]
Processing frames:  91%|█████████ | 1445/1593 [00:29<00:02, 52.23it/s]
Processing frames:  91%|█████████ | 1453/1593 [00:29<00:02, 56.74it/s]
Processing frames:  92%|█████████▏| 1461/1593 [00:29<00:02, 61.29it/s]
Processing frames:  92%|█████████▏| 1469/1593 [00:29<00:02, 57.24it/s]
Processing frames:  93%|█████████▎| 1477/1593 [00:29<00:02, 56.50it/s]
Processing frames:  93%|█████████▎| 1485/1593 [00:29<00:01, 56.67it/s]
Processing frames:  94%|█████████▎| 1493/1593 [00:29<00:01, 60.03it/s]
Processing frames:  94%|█████████▍| 1501/1593 [00:30<00:01, 62.33it/s]
Processing frames:  95%|█████████▍| 1509/1593 [00:30<00:01, 61.57it/s]
Processing frames:  95%|█████████▌| 1517/1593 [00:30<00:01, 61.77it/s]
Processing frames:  96%|█████████▌| 1525/1593 [00:30<00:01, 62.85it/s]
Processing frames:  96%|█████████▌| 1533/1593 [00:30<00:00, 63.11it/s]
Processing frames:  97%|█████████▋| 1541/1593 [00:30<00:00, 64.23it/s]
Processing frames:  97%|█████████▋| 1550/1593 [00:30<00:00, 70.82it/s]
Processing frames:  98%|█████████▊| 1561/1593 [00:30<00:00, 73.79it/s]
Processing frames:  99%|█████████▊| 1573/1593 [00:31<00:00, 78.05it/s]
Processing frames:  99%|█████████▉| 1581/1593 [00:31<00:00, 75.91it/s]
Processing frames: 100%|█████████▉| 1589/1593 [00:31<00:00, 76.45it/s]
Processing frames: 100%|██████████| 1593/1593 [00:31<00:00, 50.91it/s]
[INFO] Trajectory saved to /home/pulver/projects/Outdoor_SLPF/results/iros_ablation/20260217_085404_ablation/full/seed_11/trajectory_0.5.tum
[INFO] Trajectory saved to /home/pulver/projects/Outdoor_SLPF/results/iros_ablation/20260217_085404_ablation/full/seed_11/gps_pose.tum
[INFO] Finished processing all frames from the CSV file.

[exit_code=0 duration_sec=35.94]
