$ /home/pulver/projects/Outdoor_SLPF/.venv/bin/python /home/pulver/projects/Outdoor_SLPF/scripts/spf_lidar.py --miss-penalty 4.0 --wrong-hit-penalty 4.0 --gps-weight 0.5 --seed 22 --output-folder /home/pulver/projects/Outdoor_SLPF/results/iros_rh1_robustness/20260225_151229_run1_robustness_gpu/option_a_detection_drop/drop_40pct/seed_22 --frame-stride 4 --semantic-sigma 0.05 --gps-sigma 1.1 --corridor-weight 0.30 --corridor-dist-sigma 1.50 --corridor-heading-sigma 0.35 --background-class-weight 0.20 --max-background-obs 120 --expected-obs-count 150 --pose-smooth-alpha-pos 0.55 --pose-smooth-alpha-theta 0.50 --odom-yaw-filter-alpha 0.90 --particle-count 100 --segment-chunk 4096 --detection-drop-rate 0.400000 --no-visualization --data-path /home/pulver/projects/Outdoor_SLPF/data/2025/rh_run1 --geojson-path /home/pulver/projects/Outdoor_SLPF/data/riseholme_poles_trunk.geojson --require-cuda

/home/pulver/projects/Outdoor_SLPF/.venv/lib/python3.10/site-packages/matplotlib/projections/__init__.py:63: UserWarning: Unable to import Axes3D. This may be due to multiple versions of Matplotlib being installed (e.g. as a system package and as a pip package). As a result, the 3D projection is not available.
  warnings.warn("Unable to import Axes3D. This may be due to multiple versions of "
Using device: cuda
[INFO] Running with Miss Penalty: 4.0, Wrong Hit Penalty: 4.0, GPS Weight: 0.5, Seed: 22, Output: /home/pulver/projects/Outdoor_SLPF/results/iros_rh1_robustness/20260225_151229_run1_robustness_gpu/option_a_detection_drop/drop_40pct/seed_22, DataPath: /home/pulver/projects/Outdoor_SLPF/data/2025/rh_run1, CSV: /home/pulver/projects/Outdoor_SLPF/data/2025/rh_run1/data.csv, Stride: 4, MaxFrames: None, Visualize: False, Model: wall, DisableGPS: False, DisableSemantic: False, DisableCorridor: False, DisableBackground: False, StaticGPSWeight: False, DisablePoseSmooth: False, SemanticClasses: both, DetectionDropRate: 0.4, SegmentChunk: 4096, ProfileRuntime: False, ProfileWarmup: 20

Processing frames:   0%|          | 0/1593 [00:00<?, ?it/s]
Processing frames:   0%|          | 1/1593 [00:00<23:22,  1.14it/s]
Processing frames:   1%|          | 9/1593 [00:01<02:17, 11.54it/s]
Processing frames:   1%|          | 17/1593 [00:01<01:14, 21.19it/s]
Processing frames:   2%|▏         | 25/1593 [00:01<00:52, 30.04it/s]
Processing frames:   2%|▏         | 33/1593 [00:01<00:41, 37.65it/s]
Processing frames:   3%|▎         | 41/1593 [00:01<00:36, 42.77it/s]
Processing frames:   3%|▎         | 49/1593 [00:01<00:32, 47.99it/s]
Processing frames:   4%|▎         | 57/1593 [00:01<00:30, 50.75it/s]
Processing frames:   4%|▍         | 65/1593 [00:01<00:29, 52.59it/s]
Processing frames:   5%|▍         | 73/1593 [00:02<00:28, 52.76it/s]
Processing frames:   5%|▌         | 81/1593 [00:02<00:28, 53.54it/s]
Processing frames:   6%|▌         | 89/1593 [00:02<00:28, 53.31it/s]
Processing frames:   6%|▌         | 97/1593 [00:02<00:29, 51.27it/s]
Processing frames:   7%|▋         | 105/1593 [00:02<00:29, 50.50it/s]
Processing frames:   7%|▋         | 113/1593 [00:02<00:28, 51.51it/s]
Processing frames:   8%|▊         | 121/1593 [00:03<00:27, 52.76it/s]
Processing frames:   8%|▊         | 129/1593 [00:03<00:27, 53.55it/s]
Processing frames:   9%|▊         | 137/1593 [00:03<00:28, 51.76it/s]
Processing frames:   9%|▉         | 145/1593 [00:03<00:27, 52.05it/s]
Processing frames:  10%|▉         | 153/1593 [00:03<00:27, 51.57it/s]
Processing frames:  10%|█         | 161/1593 [00:03<00:27, 52.94it/s]
Processing frames:  11%|█         | 169/1593 [00:03<00:25, 55.35it/s]
Processing frames:  11%|█         | 177/1593 [00:04<00:25, 55.89it/s]
Processing frames:  12%|█▏        | 185/1593 [00:04<00:24, 57.36it/s]
Processing frames:  12%|█▏        | 193/1593 [00:04<00:23, 59.02it/s]
Processing frames:  13%|█▎        | 201/1593 [00:04<00:22, 62.11it/s]
Processing frames:  13%|█▎        | 209/1593 [00:04<00:21, 63.41it/s]
Processing frames:  14%|█▎        | 217/1593 [00:04<00:21, 64.37it/s]
Processing frames:  14%|█▍        | 225/1593 [00:04<00:20, 68.23it/s]
Processing frames:  15%|█▍        | 233/1593 [00:04<00:19, 70.26it/s]
Processing frames:  15%|█▌        | 241/1593 [00:04<00:18, 72.62it/s]
Processing frames:  16%|█▌        | 249/1593 [00:05<00:18, 71.74it/s]
Processing frames:  16%|█▋        | 261/1593 [00:05<00:18, 71.80it/s]
Processing frames:  17%|█▋        | 269/1593 [00:05<00:22, 59.20it/s]
Processing frames:  17%|█▋        | 277/1593 [00:05<00:24, 53.31it/s]
Processing frames:  18%|█▊        | 285/1593 [00:05<00:25, 51.07it/s]
Processing frames:  18%|█▊        | 293/1593 [00:05<00:25, 50.86it/s]
Processing frames:  19%|█▉        | 301/1593 [00:06<00:24, 52.56it/s]
Processing frames:  19%|█▉        | 309/1593 [00:06<00:23, 53.98it/s]
Processing frames:  20%|█▉        | 317/1593 [00:06<00:24, 51.86it/s]
Processing frames:  20%|██        | 325/1593 [00:06<00:25, 49.32it/s]
Processing frames:  21%|██        | 333/1593 [00:06<00:24, 50.44it/s]
Processing frames:  21%|██▏       | 341/1593 [00:06<00:23, 53.02it/s]
Processing frames:  22%|██▏       | 349/1593 [00:07<00:23, 54.04it/s]
Processing frames:  22%|██▏       | 357/1593 [00:07<00:21, 56.23it/s]
Processing frames:  23%|██▎       | 365/1593 [00:07<00:20, 60.76it/s]
Processing frames:  23%|██▎       | 373/1593 [00:07<00:18, 65.35it/s]
Processing frames:  24%|██▍       | 381/1593 [00:07<00:17, 68.37it/s]
Processing frames:  25%|██▍       | 393/1593 [00:07<00:16, 73.98it/s]
Processing frames:  25%|██▌       | 405/1593 [00:07<00:16, 72.63it/s]
Processing frames:  26%|██▌       | 413/1593 [00:07<00:17, 65.62it/s]
Processing frames:  26%|██▋       | 421/1593 [00:08<00:19, 59.75it/s]
Processing frames:  27%|██▋       | 429/1593 [00:08<00:20, 55.46it/s]
Processing frames:  27%|██▋       | 437/1593 [00:08<00:21, 54.31it/s]
Processing frames:  28%|██▊       | 445/1593 [00:08<00:21, 52.69it/s]
Processing frames:  28%|██▊       | 453/1593 [00:08<00:21, 52.35it/s]
Processing frames:  29%|██▉       | 461/1593 [00:08<00:21, 51.57it/s]
Processing frames:  29%|██▉       | 469/1593 [00:09<00:23, 48.62it/s]
Processing frames:  30%|██▉       | 477/1593 [00:09<00:22, 49.11it/s]
Processing frames:  30%|███       | 485/1593 [00:09<00:21, 51.00it/s]
Processing frames:  31%|███       | 493/1593 [00:09<00:22, 49.54it/s]
Processing frames:  31%|███▏      | 501/1593 [00:09<00:21, 50.32it/s]
Processing frames:  32%|███▏      | 509/1593 [00:09<00:20, 52.22it/s]
Processing frames:  32%|███▏      | 517/1593 [00:10<00:19, 53.90it/s]
Processing frames:  33%|███▎      | 525/1593 [00:10<00:19, 56.13it/s]
Processing frames:  33%|███▎      | 533/1593 [00:10<00:18, 57.56it/s]
Processing frames:  34%|███▍      | 541/1593 [00:10<00:16, 62.56it/s]
Processing frames:  34%|███▍      | 549/1593 [00:10<00:16, 62.55it/s]
Processing frames:  35%|███▍      | 557/1593 [00:10<00:17, 60.85it/s]
Processing frames:  35%|███▌      | 564/1593 [00:10<00:16, 60.84it/s]
Processing frames:  36%|███▌      | 571/1593 [00:10<00:20, 50.16it/s]
Processing frames:  36%|███▌      | 577/1593 [00:11<00:24, 41.66it/s]
Processing frames:  37%|███▋      | 585/1593 [00:11<00:24, 41.96it/s]
Processing frames:  37%|███▋      | 593/1593 [00:11<00:23, 41.94it/s]
Processing frames:  38%|███▊      | 601/1593 [00:11<00:22, 44.36it/s]
Processing frames:  38%|███▊      | 609/1593 [00:11<00:21, 45.84it/s]
Processing frames:  39%|███▊      | 617/1593 [00:12<00:21, 44.92it/s]
Processing frames:  39%|███▉      | 625/1593 [00:12<00:20, 46.96it/s]
Processing frames:  40%|███▉      | 633/1593 [00:12<00:19, 49.05it/s]
Processing frames:  40%|████      | 641/1593 [00:12<00:18, 52.44it/s]
Processing frames:  41%|████      | 649/1593 [00:12<00:17, 54.59it/s]
Processing frames:  41%|████      | 657/1593 [00:12<00:16, 58.10it/s]
Processing frames:  42%|████▏     | 669/1593 [00:12<00:14, 65.67it/s]
Processing frames:  43%|████▎     | 681/1593 [00:13<00:13, 67.96it/s]
Processing frames:  43%|████▎     | 689/1593 [00:13<00:14, 64.29it/s]
Processing frames:  44%|████▍     | 697/1593 [00:13<00:14, 63.96it/s]
Processing frames:  44%|████▍     | 705/1593 [00:13<00:15, 58.22it/s]
Processing frames:  45%|████▍     | 713/1593 [00:13<00:16, 54.88it/s]
Processing frames:  45%|████▌     | 719/1593 [00:13<00:15, 55.76it/s]
Processing frames:  46%|████▌     | 725/1593 [00:13<00:17, 49.89it/s]
Processing frames:  46%|████▌     | 733/1593 [00:14<00:17, 50.18it/s]
Processing frames:  47%|████▋     | 741/1593 [00:14<00:16, 50.26it/s]
Processing frames:  47%|████▋     | 749/1593 [00:14<00:16, 52.09it/s]
Processing frames:  48%|████▊     | 757/1593 [00:14<00:15, 54.13it/s]
Processing frames:  48%|████▊     | 765/1593 [00:14<00:14, 56.85it/s]
Processing frames:  49%|████▊     | 773/1593 [00:14<00:13, 61.84it/s]
Processing frames:  49%|████▉     | 781/1593 [00:14<00:12, 66.18it/s]
Processing frames:  50%|████▉     | 793/1593 [00:14<00:11, 71.68it/s]
Processing frames:  50%|█████     | 801/1593 [00:15<00:11, 71.48it/s]
Processing frames:  51%|█████     | 809/1593 [00:15<00:13, 59.04it/s]
Processing frames:  51%|█████     | 816/1593 [00:15<00:13, 58.05it/s]
Processing frames:  52%|█████▏    | 823/1593 [00:15<00:16, 45.86it/s]
Processing frames:  52%|█████▏    | 829/1593 [00:15<00:20, 37.06it/s]
Processing frames:  52%|█████▏    | 834/1593 [00:16<00:20, 37.57it/s]
Processing frames:  53%|█████▎    | 839/1593 [00:16<00:19, 38.79it/s]
Processing frames:  53%|█████▎    | 844/1593 [00:16<00:19, 39.25it/s]
Processing frames:  53%|█████▎    | 849/1593 [00:16<00:22, 32.65it/s]
Processing frames:  54%|█████▎    | 853/1593 [00:16<00:21, 33.66it/s]
Processing frames:  54%|█████▍    | 857/1593 [00:16<00:21, 34.39it/s]
Processing frames:  54%|█████▍    | 861/1593 [00:16<00:21, 34.59it/s]
Processing frames:  54%|█████▍    | 865/1593 [00:16<00:20, 34.90it/s]
Processing frames:  55%|█████▍    | 869/1593 [00:17<00:21, 34.38it/s]
Processing frames:  55%|█████▌    | 877/1593 [00:17<00:18, 39.34it/s]
Processing frames:  56%|█████▌    | 885/1593 [00:17<00:15, 44.59it/s]
Processing frames:  56%|█████▌    | 893/1593 [00:17<00:15, 45.97it/s]
Processing frames:  57%|█████▋    | 901/1593 [00:17<00:13, 49.98it/s]
Processing frames:  57%|█████▋    | 909/1593 [00:17<00:12, 56.34it/s]
Processing frames:  58%|█████▊    | 921/1593 [00:17<00:10, 64.59it/s]
Processing frames:  59%|█████▊    | 933/1593 [00:18<00:09, 70.25it/s]
Processing frames:  59%|█████▉    | 941/1593 [00:18<00:09, 67.43it/s]
Processing frames:  60%|█████▉    | 949/1593 [00:18<00:09, 65.08it/s]
Processing frames:  60%|██████    | 957/1593 [00:18<00:11, 56.91it/s]
Processing frames:  60%|██████    | 963/1593 [00:18<00:11, 56.27it/s]
Processing frames:  61%|██████    | 969/1593 [00:18<00:13, 46.04it/s]
Processing frames:  61%|██████    | 974/1593 [00:18<00:13, 46.14it/s]
Processing frames:  61%|██████▏   | 979/1593 [00:19<00:13, 46.76it/s]
Processing frames:  62%|██████▏   | 985/1593 [00:19<00:15, 39.43it/s]
Processing frames:  62%|██████▏   | 990/1593 [00:19<00:14, 41.22it/s]
Processing frames:  62%|██████▏   | 995/1593 [00:19<00:14, 40.82it/s]
Processing frames:  63%|██████▎   | 1000/1593 [00:19<00:14, 41.49it/s]
Processing frames:  63%|██████▎   | 1005/1593 [00:19<00:18, 32.64it/s]
Processing frames:  63%|██████▎   | 1009/1593 [00:19<00:18, 32.37it/s]
Processing frames:  64%|██████▍   | 1017/1593 [00:20<00:16, 35.99it/s]
Processing frames:  64%|██████▍   | 1025/1593 [00:20<00:14, 39.20it/s]
Processing frames:  65%|██████▍   | 1033/1593 [00:20<00:13, 42.42it/s]
Processing frames:  65%|██████▌   | 1041/1593 [00:20<00:12, 44.77it/s]
Processing frames:  66%|██████▌   | 1049/1593 [00:20<00:10, 49.58it/s]
Processing frames:  67%|██████▋   | 1061/1593 [00:20<00:08, 60.08it/s]
Processing frames:  67%|██████▋   | 1073/1593 [00:21<00:07, 65.71it/s]
Processing frames:  68%|██████▊   | 1081/1593 [00:21<00:07, 65.58it/s]
Processing frames:  68%|██████▊   | 1089/1593 [00:21<00:08, 56.05it/s]
Processing frames:  69%|██████▊   | 1095/1593 [00:21<00:09, 52.23it/s]
Processing frames:  69%|██████▉   | 1101/1593 [00:21<00:12, 40.25it/s]
Processing frames:  69%|██████▉   | 1106/1593 [00:21<00:12, 39.57it/s]
Processing frames:  70%|██████▉   | 1111/1593 [00:22<00:12, 39.18it/s]
Processing frames:  70%|███████   | 1116/1593 [00:22<00:11, 40.13it/s]
Processing frames:  70%|███████   | 1121/1593 [00:22<00:15, 31.22it/s]
Processing frames:  71%|███████   | 1125/1593 [00:22<00:14, 31.60it/s]
Processing frames:  71%|███████   | 1129/1593 [00:22<00:14, 31.84it/s]
Processing frames:  71%|███████   | 1133/1593 [00:22<00:14, 32.51it/s]
Processing frames:  71%|███████▏  | 1137/1593 [00:22<00:14, 32.49it/s]
Processing frames:  72%|███████▏  | 1141/1593 [00:23<00:13, 33.07it/s]
Processing frames:  72%|███████▏  | 1145/1593 [00:23<00:13, 32.55it/s]
Processing frames:  72%|███████▏  | 1149/1593 [00:23<00:13, 32.25it/s]
Processing frames:  72%|███████▏  | 1153/1593 [00:23<00:13, 32.23it/s]
Processing frames:  73%|███████▎  | 1157/1593 [00:23<00:13, 33.47it/s]
Processing frames:  73%|███████▎  | 1165/1593 [00:23<00:11, 38.07it/s]
Processing frames:  74%|███████▎  | 1173/1593 [00:23<00:09, 42.24it/s]
Processing frames:  74%|███████▍  | 1181/1593 [00:23<00:08, 47.53it/s]
Processing frames:  75%|███████▍  | 1189/1593 [00:24<00:07, 54.97it/s]
Processing frames:  75%|███████▌  | 1197/1593 [00:24<00:06, 60.92it/s]
Processing frames:  76%|███████▌  | 1205/1593 [00:24<00:05, 64.92it/s]
Processing frames:  76%|███████▌  | 1213/1593 [00:24<00:05, 67.05it/s]
Processing frames:  77%|███████▋  | 1221/1593 [00:24<00:05, 68.96it/s]
Processing frames:  77%|███████▋  | 1229/1593 [00:24<00:05, 67.23it/s]
Processing frames:  78%|███████▊  | 1237/1593 [00:24<00:06, 57.47it/s]
Processing frames:  78%|███████▊  | 1244/1593 [00:24<00:05, 58.90it/s]
Processing frames:  79%|███████▊  | 1251/1593 [00:25<00:07, 48.05it/s]
Processing frames:  79%|███████▉  | 1257/1593 [00:25<00:08, 41.38it/s]
Processing frames:  79%|███████▉  | 1262/1593 [00:25<00:07, 43.01it/s]
Processing frames:  80%|███████▉  | 1267/1593 [00:25<00:07, 43.69it/s]
Processing frames:  80%|███████▉  | 1273/1593 [00:25<00:07, 41.89it/s]
Processing frames:  80%|████████  | 1281/1593 [00:25<00:06, 44.96it/s]
Processing frames:  81%|████████  | 1289/1593 [00:25<00:06, 47.59it/s]
Processing frames:  81%|████████▏ | 1297/1593 [00:26<00:05, 49.41it/s]
Processing frames:  82%|████████▏ | 1305/1593 [00:26<00:05, 53.35it/s]
Processing frames:  83%|████████▎ | 1317/1593 [00:26<00:04, 61.15it/s]
Processing frames:  83%|████████▎ | 1325/1593 [00:26<00:04, 64.06it/s]
Processing frames:  84%|████████▍ | 1337/1593 [00:26<00:03, 70.77it/s]
Processing frames:  84%|████████▍ | 1345/1593 [00:26<00:04, 60.59it/s]
Processing frames:  85%|████████▍ | 1352/1593 [00:26<00:03, 61.15it/s]
Processing frames:  85%|████████▌ | 1359/1593 [00:27<00:04, 47.34it/s]
Processing frames:  86%|████████▌ | 1365/1593 [00:27<00:05, 40.35it/s]
Processing frames:  86%|████████▌ | 1370/1593 [00:27<00:05, 41.83it/s]
Processing frames:  86%|████████▋ | 1377/1593 [00:27<00:05, 39.36it/s]
Processing frames:  87%|████████▋ | 1382/1593 [00:27<00:05, 40.92it/s]
Processing frames:  87%|████████▋ | 1387/1593 [00:27<00:04, 41.46it/s]
Processing frames:  87%|████████▋ | 1392/1593 [00:28<00:04, 41.89it/s]
Processing frames:  88%|████████▊ | 1397/1593 [00:28<00:05, 34.63it/s]
Processing frames:  88%|████████▊ | 1405/1593 [00:28<00:05, 37.34it/s]
Processing frames:  89%|████████▊ | 1413/1593 [00:28<00:04, 42.94it/s]
Processing frames:  89%|████████▉ | 1421/1593 [00:28<00:03, 46.14it/s]
Processing frames:  90%|████████▉ | 1429/1593 [00:28<00:03, 46.87it/s]
Processing frames:  90%|█████████ | 1437/1593 [00:29<00:03, 48.09it/s]
Processing frames:  91%|█████████ | 1445/1593 [00:29<00:02, 50.14it/s]
Processing frames:  91%|█████████ | 1453/1593 [00:29<00:02, 55.34it/s]
Processing frames:  92%|█████████▏| 1461/1593 [00:29<00:02, 60.34it/s]
Processing frames:  92%|█████████▏| 1469/1593 [00:29<00:02, 56.61it/s]
Processing frames:  93%|█████████▎| 1477/1593 [00:29<00:02, 56.62it/s]
Processing frames:  93%|█████████▎| 1485/1593 [00:29<00:01, 57.11it/s]
Processing frames:  94%|█████████▎| 1493/1593 [00:29<00:01, 60.73it/s]
Processing frames:  94%|█████████▍| 1501/1593 [00:30<00:01, 62.68it/s]
Processing frames:  95%|█████████▍| 1509/1593 [00:30<00:01, 61.23it/s]
Processing frames:  95%|█████████▌| 1517/1593 [00:30<00:01, 60.60it/s]
Processing frames:  96%|█████████▌| 1525/1593 [00:30<00:01, 61.62it/s]
Processing frames:  96%|█████████▌| 1533/1593 [00:30<00:00, 62.24it/s]
Processing frames:  97%|█████████▋| 1541/1593 [00:30<00:00, 64.03it/s]
Processing frames:  97%|█████████▋| 1553/1593 [00:30<00:00, 70.53it/s]
Processing frames:  98%|█████████▊| 1565/1593 [00:31<00:00, 75.80it/s]
Processing frames:  99%|█████████▉| 1577/1593 [00:31<00:00, 77.12it/s]
Processing frames:  99%|█████████▉| 1585/1593 [00:31<00:00, 75.83it/s]
Processing frames: 100%|██████████| 1593/1593 [00:31<00:00, 50.76it/s]
[INFO] Trajectory saved to /home/pulver/projects/Outdoor_SLPF/results/iros_rh1_robustness/20260225_151229_run1_robustness_gpu/option_a_detection_drop/drop_40pct/seed_22/trajectory_0.5.tum
[INFO] Trajectory saved to /home/pulver/projects/Outdoor_SLPF/results/iros_rh1_robustness/20260225_151229_run1_robustness_gpu/option_a_detection_drop/drop_40pct/seed_22/gps_pose.tum
[INFO] Finished processing all frames from the CSV file.

[exit_code=0 duration_sec=36.04]
