$ /home/pulver/projects/Outdoor_SLPF/.venv/bin/python /home/pulver/projects/Outdoor_SLPF/scripts/spf_lidar.py --miss-penalty 4.0 --wrong-hit-penalty 4.0 --gps-weight 0.5 --seed 33 --output-folder /home/pulver/projects/Outdoor_SLPF/results/iros_rh1_robustness/20260225_151229_run1_robustness_gpu/option_b_landmark_removal/remove_50pct/seed_33 --frame-stride 4 --semantic-sigma 0.05 --gps-sigma 1.1 --corridor-weight 0.30 --corridor-dist-sigma 1.50 --corridor-heading-sigma 0.35 --background-class-weight 0.20 --max-background-obs 120 --expected-obs-count 150 --pose-smooth-alpha-pos 0.55 --pose-smooth-alpha-theta 0.50 --odom-yaw-filter-alpha 0.90 --particle-count 100 --segment-chunk 4096 --detection-drop-rate 0.000000 --no-visualization --data-path /home/pulver/projects/Outdoor_SLPF/data/2025/rh_run1 --geojson-path /home/pulver/projects/Outdoor_SLPF/results/iros_rh1_robustness/20260225_151229_run1_robustness_gpu/option_b_map_variants/riseholme_poles_trunk_remove_50pct.geojson --require-cuda

/home/pulver/projects/Outdoor_SLPF/.venv/lib/python3.10/site-packages/matplotlib/projections/__init__.py:63: UserWarning: Unable to import Axes3D. This may be due to multiple versions of Matplotlib being installed (e.g. as a system package and as a pip package). As a result, the 3D projection is not available.
  warnings.warn("Unable to import Axes3D. This may be due to multiple versions of "
Using device: cuda
[INFO] Running with Miss Penalty: 4.0, Wrong Hit Penalty: 4.0, GPS Weight: 0.5, Seed: 33, Output: /home/pulver/projects/Outdoor_SLPF/results/iros_rh1_robustness/20260225_151229_run1_robustness_gpu/option_b_landmark_removal/remove_50pct/seed_33, DataPath: /home/pulver/projects/Outdoor_SLPF/data/2025/rh_run1, CSV: /home/pulver/projects/Outdoor_SLPF/data/2025/rh_run1/data.csv, Stride: 4, MaxFrames: None, Visualize: False, Model: wall, DisableGPS: False, DisableSemantic: False, DisableCorridor: False, DisableBackground: False, StaticGPSWeight: False, DisablePoseSmooth: False, SemanticClasses: both, DetectionDropRate: 0.0, SegmentChunk: 4096, ProfileRuntime: False, ProfileWarmup: 20

Processing frames:   0%|          | 0/1593 [00:00<?, ?it/s]
Processing frames:   0%|          | 1/1593 [00:00<23:21,  1.14it/s]
Processing frames:   1%|          | 9/1593 [00:01<02:16, 11.57it/s]
Processing frames:   1%|          | 17/1593 [00:01<01:14, 21.19it/s]
Processing frames:   2%|▏         | 25/1593 [00:01<00:52, 29.86it/s]
Processing frames:   2%|▏         | 33/1593 [00:01<00:41, 37.30it/s]
Processing frames:   3%|▎         | 41/1593 [00:01<00:36, 42.70it/s]
Processing frames:   3%|▎         | 49/1593 [00:01<00:32, 47.67it/s]
Processing frames:   4%|▎         | 57/1593 [00:01<00:29, 51.28it/s]
Processing frames:   4%|▍         | 65/1593 [00:01<00:28, 53.27it/s]
Processing frames:   5%|▍         | 73/1593 [00:02<00:28, 53.61it/s]
Processing frames:   5%|▌         | 81/1593 [00:02<00:27, 54.75it/s]
Processing frames:   6%|▌         | 89/1593 [00:02<00:27, 54.79it/s]
Processing frames:   6%|▌         | 97/1593 [00:02<00:28, 52.84it/s]
Processing frames:   7%|▋         | 105/1593 [00:02<00:28, 51.89it/s]
Processing frames:   7%|▋         | 113/1593 [00:02<00:28, 52.82it/s]
Processing frames:   8%|▊         | 121/1593 [00:02<00:27, 53.83it/s]
Processing frames:   8%|▊         | 129/1593 [00:03<00:26, 54.75it/s]
Processing frames:   9%|▊         | 137/1593 [00:03<00:27, 52.24it/s]
Processing frames:   9%|▉         | 145/1593 [00:03<00:27, 52.13it/s]
Processing frames:  10%|▉         | 153/1593 [00:03<00:27, 51.53it/s]
Processing frames:  10%|█         | 161/1593 [00:03<00:27, 52.85it/s]
Processing frames:  11%|█         | 169/1593 [00:03<00:25, 55.37it/s]
Processing frames:  11%|█         | 177/1593 [00:04<00:24, 56.90it/s]
Processing frames:  12%|█▏        | 185/1593 [00:04<00:24, 58.56it/s]
Processing frames:  12%|█▏        | 193/1593 [00:04<00:23, 60.26it/s]
Processing frames:  13%|█▎        | 201/1593 [00:04<00:21, 63.80it/s]
Processing frames:  13%|█▎        | 209/1593 [00:04<00:21, 65.26it/s]
Processing frames:  14%|█▎        | 217/1593 [00:04<00:20, 67.04it/s]
Processing frames:  14%|█▍        | 225/1593 [00:04<00:19, 70.09it/s]
Processing frames:  15%|█▍        | 233/1593 [00:04<00:18, 72.45it/s]
Processing frames:  15%|█▌        | 245/1593 [00:04<00:17, 76.91it/s]
Processing frames:  16%|█▌        | 253/1593 [00:05<00:18, 74.44it/s]
Processing frames:  16%|█▋        | 261/1593 [00:05<00:18, 72.05it/s]
Processing frames:  17%|█▋        | 269/1593 [00:05<00:22, 59.57it/s]
Processing frames:  17%|█▋        | 277/1593 [00:05<00:24, 53.51it/s]
Processing frames:  18%|█▊        | 285/1593 [00:05<00:25, 51.44it/s]
Processing frames:  18%|█▊        | 293/1593 [00:05<00:25, 51.23it/s]
Processing frames:  19%|█▉        | 301/1593 [00:06<00:24, 53.22it/s]
Processing frames:  19%|█▉        | 309/1593 [00:06<00:23, 54.61it/s]
Processing frames:  20%|█▉        | 317/1593 [00:06<00:24, 52.14it/s]
Processing frames:  20%|██        | 325/1593 [00:06<00:25, 49.41it/s]
Processing frames:  21%|██        | 333/1593 [00:06<00:24, 50.92it/s]
Processing frames:  21%|██▏       | 341/1593 [00:06<00:23, 53.46it/s]
Processing frames:  22%|██▏       | 349/1593 [00:06<00:22, 54.30it/s]
Processing frames:  22%|██▏       | 357/1593 [00:07<00:21, 56.59it/s]
Processing frames:  23%|██▎       | 365/1593 [00:07<00:20, 61.28it/s]
Processing frames:  23%|██▎       | 373/1593 [00:07<00:18, 65.79it/s]
Processing frames:  24%|██▍       | 381/1593 [00:07<00:17, 68.56it/s]
Processing frames:  25%|██▍       | 393/1593 [00:07<00:16, 74.17it/s]
Processing frames:  25%|██▌       | 405/1593 [00:07<00:16, 72.81it/s]
Processing frames:  26%|██▌       | 413/1593 [00:07<00:17, 66.24it/s]
Processing frames:  26%|██▋       | 421/1593 [00:08<00:19, 61.05it/s]
Processing frames:  27%|██▋       | 429/1593 [00:08<00:20, 56.36it/s]
Processing frames:  27%|██▋       | 437/1593 [00:08<00:21, 54.79it/s]
Processing frames:  28%|██▊       | 445/1593 [00:08<00:21, 52.40it/s]
Processing frames:  28%|██▊       | 453/1593 [00:08<00:21, 53.15it/s]
Processing frames:  29%|██▉       | 461/1593 [00:08<00:21, 53.21it/s]
Processing frames:  29%|██▉       | 469/1593 [00:08<00:22, 49.95it/s]
Processing frames:  30%|██▉       | 477/1593 [00:09<00:22, 49.92it/s]
Processing frames:  30%|███       | 485/1593 [00:09<00:21, 51.53it/s]
Processing frames:  31%|███       | 493/1593 [00:09<00:21, 51.14it/s]
Processing frames:  31%|███▏      | 501/1593 [00:09<00:20, 52.93it/s]
Processing frames:  32%|███▏      | 509/1593 [00:09<00:19, 55.35it/s]
Processing frames:  32%|███▏      | 517/1593 [00:09<00:18, 57.40it/s]
Processing frames:  33%|███▎      | 525/1593 [00:09<00:18, 58.57it/s]
Processing frames:  33%|███▎      | 533/1593 [00:10<00:17, 60.42it/s]
Processing frames:  34%|███▍      | 545/1593 [00:10<00:15, 66.22it/s]
Processing frames:  35%|███▍      | 553/1593 [00:10<00:15, 65.36it/s]
Processing frames:  35%|███▌      | 561/1593 [00:10<00:17, 58.68it/s]
Processing frames:  36%|███▌      | 569/1593 [00:10<00:19, 53.37it/s]
Processing frames:  36%|███▌      | 577/1593 [00:10<00:20, 48.99it/s]
Processing frames:  37%|███▋      | 585/1593 [00:11<00:20, 48.40it/s]
Processing frames:  37%|███▋      | 593/1593 [00:11<00:21, 46.89it/s]
Processing frames:  38%|███▊      | 601/1593 [00:11<00:20, 47.99it/s]
Processing frames:  38%|███▊      | 609/1593 [00:11<00:20, 48.82it/s]
Processing frames:  39%|███▊      | 617/1593 [00:11<00:20, 47.36it/s]
Processing frames:  39%|███▉      | 625/1593 [00:11<00:19, 49.04it/s]
Processing frames:  40%|███▉      | 633/1593 [00:12<00:18, 51.16it/s]
Processing frames:  40%|████      | 641/1593 [00:12<00:17, 54.63it/s]
Processing frames:  41%|████      | 649/1593 [00:12<00:16, 56.48it/s]
Processing frames:  41%|████      | 657/1593 [00:12<00:15, 59.25it/s]
Processing frames:  42%|████▏     | 665/1593 [00:12<00:14, 64.11it/s]
Processing frames:  42%|████▏     | 673/1593 [00:12<00:13, 67.97it/s]
Processing frames:  43%|████▎     | 681/1593 [00:12<00:13, 68.03it/s]
Processing frames:  43%|████▎     | 689/1593 [00:12<00:14, 63.87it/s]
Processing frames:  44%|████▍     | 697/1593 [00:13<00:14, 63.53it/s]
Processing frames:  44%|████▍     | 705/1593 [00:13<00:15, 57.09it/s]
Processing frames:  45%|████▍     | 713/1593 [00:13<00:16, 53.56it/s]
Processing frames:  45%|████▌     | 719/1593 [00:13<00:15, 54.93it/s]
Processing frames:  46%|████▌     | 725/1593 [00:13<00:17, 48.60it/s]
Processing frames:  46%|████▌     | 733/1593 [00:13<00:17, 48.74it/s]
Processing frames:  47%|████▋     | 741/1593 [00:13<00:17, 49.44it/s]
Processing frames:  47%|████▋     | 749/1593 [00:14<00:16, 51.71it/s]
Processing frames:  48%|████▊     | 757/1593 [00:14<00:15, 54.08it/s]
Processing frames:  48%|████▊     | 765/1593 [00:14<00:14, 56.90it/s]
Processing frames:  49%|████▊     | 773/1593 [00:14<00:13, 62.10it/s]
Processing frames:  49%|████▉     | 781/1593 [00:14<00:12, 65.81it/s]
Processing frames:  50%|████▉     | 793/1593 [00:14<00:11, 71.91it/s]
Processing frames:  50%|█████     | 801/1593 [00:14<00:11, 71.68it/s]
Processing frames:  51%|█████     | 809/1593 [00:15<00:13, 59.23it/s]
Processing frames:  51%|█████     | 816/1593 [00:15<00:13, 58.44it/s]
Processing frames:  52%|█████▏    | 823/1593 [00:15<00:16, 46.28it/s]
Processing frames:  52%|█████▏    | 829/1593 [00:15<00:20, 37.40it/s]
Processing frames:  52%|█████▏    | 834/1593 [00:15<00:19, 37.99it/s]
Processing frames:  53%|█████▎    | 839/1593 [00:15<00:19, 39.48it/s]
Processing frames:  53%|█████▎    | 844/1593 [00:15<00:18, 40.33it/s]
Processing frames:  53%|█████▎    | 849/1593 [00:16<00:21, 33.83it/s]
Processing frames:  54%|█████▎    | 853/1593 [00:16<00:21, 34.94it/s]
Processing frames:  54%|█████▍    | 857/1593 [00:16<00:20, 35.85it/s]
Processing frames:  54%|█████▍    | 861/1593 [00:16<00:20, 36.17it/s]
Processing frames:  54%|█████▍    | 865/1593 [00:16<00:19, 36.48it/s]
Processing frames:  55%|█████▍    | 869/1593 [00:16<00:20, 35.81it/s]
Processing frames:  55%|█████▌    | 877/1593 [00:16<00:17, 40.75it/s]
Processing frames:  56%|█████▌    | 885/1593 [00:17<00:15, 46.73it/s]
Processing frames:  56%|█████▌    | 893/1593 [00:17<00:14, 48.27it/s]
Processing frames:  57%|█████▋    | 901/1593 [00:17<00:13, 52.56it/s]
Processing frames:  57%|█████▋    | 909/1593 [00:17<00:11, 57.92it/s]
Processing frames:  58%|█████▊    | 921/1593 [00:17<00:10, 65.98it/s]
Processing frames:  59%|█████▊    | 933/1593 [00:17<00:09, 70.90it/s]
Processing frames:  59%|█████▉    | 941/1593 [00:17<00:09, 67.99it/s]
Processing frames:  60%|█████▉    | 949/1593 [00:17<00:09, 65.38it/s]
Processing frames:  60%|██████    | 957/1593 [00:18<00:11, 57.65it/s]
Processing frames:  60%|██████    | 963/1593 [00:18<00:11, 57.16it/s]
Processing frames:  61%|██████    | 969/1593 [00:18<00:13, 47.22it/s]
Processing frames:  61%|██████    | 974/1593 [00:18<00:13, 47.32it/s]
Processing frames:  61%|██████▏   | 979/1593 [00:18<00:12, 47.79it/s]
Processing frames:  62%|██████▏   | 985/1593 [00:18<00:15, 40.45it/s]
Processing frames:  62%|██████▏   | 990/1593 [00:18<00:14, 42.43it/s]
Processing frames:  62%|██████▏   | 995/1593 [00:19<00:14, 41.99it/s]
Processing frames:  63%|██████▎   | 1000/1593 [00:19<00:14, 42.36it/s]
Processing frames:  63%|██████▎   | 1005/1593 [00:19<00:17, 33.36it/s]
Processing frames:  63%|██████▎   | 1009/1593 [00:19<00:17, 33.27it/s]
Processing frames:  64%|██████▍   | 1017/1593 [00:19<00:15, 36.57it/s]
Processing frames:  64%|██████▍   | 1025/1593 [00:19<00:14, 39.82it/s]
Processing frames:  65%|██████▍   | 1033/1593 [00:20<00:12, 43.20it/s]
Processing frames:  65%|██████▌   | 1041/1593 [00:20<00:12, 45.16it/s]
Processing frames:  66%|██████▌   | 1049/1593 [00:20<00:10, 49.52it/s]
Processing frames:  67%|██████▋   | 1061/1593 [00:20<00:08, 60.11it/s]
Processing frames:  67%|██████▋   | 1069/1593 [00:20<00:08, 64.48it/s]
Processing frames:  68%|██████▊   | 1077/1593 [00:20<00:07, 66.68it/s]
Processing frames:  68%|██████▊   | 1085/1593 [00:20<00:07, 63.97it/s]
Processing frames:  69%|██████▊   | 1092/1593 [00:20<00:08, 61.69it/s]
Processing frames:  69%|██████▉   | 1099/1593 [00:21<00:11, 44.13it/s]
Processing frames:  69%|██████▉   | 1105/1593 [00:21<00:13, 36.34it/s]
Processing frames:  70%|██████▉   | 1110/1593 [00:21<00:13, 37.00it/s]
Processing frames:  70%|██████▉   | 1115/1593 [00:21<00:12, 38.50it/s]
Processing frames:  70%|███████   | 1120/1593 [00:21<00:12, 38.81it/s]
Processing frames:  71%|███████   | 1125/1593 [00:22<00:14, 31.30it/s]
Processing frames:  71%|███████   | 1129/1593 [00:22<00:14, 31.83it/s]
Processing frames:  71%|███████   | 1133/1593 [00:22<00:14, 32.53it/s]
Processing frames:  71%|███████▏  | 1137/1593 [00:22<00:13, 32.69it/s]
Processing frames:  72%|███████▏  | 1141/1593 [00:22<00:13, 33.17it/s]
Processing frames:  72%|███████▏  | 1145/1593 [00:22<00:13, 32.90it/s]
Processing frames:  72%|███████▏  | 1149/1593 [00:22<00:13, 32.58it/s]
Processing frames:  72%|███████▏  | 1153/1593 [00:22<00:13, 32.79it/s]
Processing frames:  73%|███████▎  | 1157/1593 [00:23<00:12, 33.90it/s]
Processing frames:  73%|███████▎  | 1165/1593 [00:23<00:11, 38.13it/s]
Processing frames:  74%|███████▎  | 1173/1593 [00:23<00:09, 42.34it/s]
Processing frames:  74%|███████▍  | 1181/1593 [00:23<00:08, 47.35it/s]
Processing frames:  75%|███████▍  | 1189/1593 [00:23<00:07, 54.05it/s]
Processing frames:  75%|███████▌  | 1198/1593 [00:23<00:06, 62.93it/s]
Processing frames:  76%|███████▌  | 1205/1593 [00:23<00:06, 64.09it/s]
Processing frames:  76%|███████▌  | 1213/1593 [00:23<00:05, 67.85it/s]
Processing frames:  77%|███████▋  | 1221/1593 [00:24<00:05, 70.27it/s]
Processing frames:  77%|███████▋  | 1229/1593 [00:24<00:05, 68.90it/s]
Processing frames:  78%|███████▊  | 1237/1593 [00:24<00:06, 58.68it/s]
Processing frames:  78%|███████▊  | 1244/1593 [00:24<00:05, 59.89it/s]
Processing frames:  79%|███████▊  | 1251/1593 [00:24<00:07, 48.39it/s]
Processing frames:  79%|███████▉  | 1257/1593 [00:24<00:08, 41.74it/s]
Processing frames:  79%|███████▉  | 1265/1593 [00:25<00:08, 40.73it/s]
Processing frames:  80%|███████▉  | 1273/1593 [00:25<00:07, 43.51it/s]
Processing frames:  80%|████████  | 1281/1593 [00:25<00:06, 45.48it/s]
Processing frames:  81%|████████  | 1289/1593 [00:25<00:06, 47.47it/s]
Processing frames:  81%|████████▏ | 1297/1593 [00:25<00:06, 49.22it/s]
Processing frames:  82%|████████▏ | 1305/1593 [00:25<00:05, 53.16it/s]
Processing frames:  82%|████████▏ | 1313/1593 [00:25<00:04, 59.03it/s]
Processing frames:  83%|████████▎ | 1321/1593 [00:26<00:04, 61.68it/s]
Processing frames:  83%|████████▎ | 1329/1593 [00:26<00:04, 65.48it/s]
Processing frames:  84%|████████▍ | 1341/1593 [00:26<00:03, 70.12it/s]
Processing frames:  85%|████████▍ | 1349/1593 [00:26<00:04, 54.77it/s]
Processing frames:  85%|████████▌ | 1356/1593 [00:26<00:04, 55.52it/s]
Processing frames:  85%|████████▌ | 1362/1593 [00:26<00:05, 43.53it/s]
Processing frames:  86%|████████▌ | 1367/1593 [00:26<00:05, 44.41it/s]
Processing frames:  86%|████████▌ | 1372/1593 [00:27<00:04, 45.39it/s]
Processing frames:  86%|████████▋ | 1377/1593 [00:27<00:05, 37.54it/s]
Processing frames:  87%|████████▋ | 1382/1593 [00:27<00:05, 40.08it/s]
Processing frames:  87%|████████▋ | 1387/1593 [00:27<00:05, 40.93it/s]
Processing frames:  87%|████████▋ | 1392/1593 [00:27<00:04, 41.56it/s]
Processing frames:  88%|████████▊ | 1397/1593 [00:27<00:05, 33.84it/s]
Processing frames:  88%|████████▊ | 1405/1593 [00:28<00:05, 36.92it/s]
Processing frames:  89%|████████▊ | 1413/1593 [00:28<00:04, 42.87it/s]
Processing frames:  89%|████████▉ | 1421/1593 [00:28<00:03, 45.82it/s]
Processing frames:  90%|████████▉ | 1429/1593 [00:28<00:03, 46.69it/s]
Processing frames:  90%|█████████ | 1437/1593 [00:28<00:03, 47.92it/s]
Processing frames:  91%|█████████ | 1445/1593 [00:28<00:02, 49.65it/s]
Processing frames:  91%|█████████ | 1453/1593 [00:28<00:02, 54.86it/s]
Processing frames:  92%|█████████▏| 1461/1593 [00:28<00:02, 59.88it/s]
Processing frames:  92%|█████████▏| 1469/1593 [00:29<00:02, 54.30it/s]
Processing frames:  93%|█████████▎| 1477/1593 [00:29<00:02, 52.68it/s]
Processing frames:  93%|█████████▎| 1485/1593 [00:29<00:01, 54.13it/s]
Processing frames:  94%|█████████▎| 1493/1593 [00:29<00:01, 57.87it/s]
Processing frames:  94%|█████████▍| 1501/1593 [00:29<00:01, 60.37it/s]
Processing frames:  95%|█████████▍| 1509/1593 [00:29<00:01, 60.01it/s]
Processing frames:  95%|█████████▌| 1517/1593 [00:29<00:01, 59.95it/s]
Processing frames:  96%|█████████▌| 1525/1593 [00:30<00:01, 61.22it/s]
Processing frames:  96%|█████████▌| 1533/1593 [00:30<00:00, 61.76it/s]
Processing frames:  97%|█████████▋| 1541/1593 [00:30<00:00, 63.35it/s]
Processing frames:  97%|█████████▋| 1553/1593 [00:30<00:00, 70.16it/s]
Processing frames:  98%|█████████▊| 1565/1593 [00:30<00:00, 75.41it/s]
Processing frames:  99%|█████████▉| 1577/1593 [00:30<00:00, 75.34it/s]
Processing frames:  99%|█████████▉| 1585/1593 [00:30<00:00, 73.57it/s]
Processing frames: 100%|██████████| 1593/1593 [00:31<00:00, 51.38it/s]
[INFO] Trajectory saved to /home/pulver/projects/Outdoor_SLPF/results/iros_rh1_robustness/20260225_151229_run1_robustness_gpu/option_b_landmark_removal/remove_50pct/seed_33/trajectory_0.5.tum
[INFO] Trajectory saved to /home/pulver/projects/Outdoor_SLPF/results/iros_rh1_robustness/20260225_151229_run1_robustness_gpu/option_b_landmark_removal/remove_50pct/seed_33/gps_pose.tum
[INFO] Finished processing all frames from the CSV file.

[exit_code=0 duration_sec=35.65]
