$ /home/pulver/projects/Outdoor_SLPF/.venv/bin/python /home/pulver/projects/Outdoor_SLPF/scripts/spf_lidar.py --miss-penalty 4.0 --wrong-hit-penalty 4.0 --gps-weight 0.5 --seed 33 --output-folder /home/pulver/projects/Outdoor_SLPF/results/iros_rh2/20260225_105822_multiseed_all_methods/slpf/seed_33 --frame-stride 4 --semantic-sigma 0.05 --gps-sigma 1.1 --corridor-weight 0.30 --corridor-dist-sigma 1.50 --corridor-heading-sigma 0.35 --background-class-weight 0.20 --max-background-obs 120 --expected-obs-count 150 --pose-smooth-alpha-pos 0.55 --pose-smooth-alpha-theta 0.50 --odom-yaw-filter-alpha 0.90 --particle-count 100 --segment-chunk 4096 --no-visualization --data-path /home/pulver/projects/Outdoor_SLPF/data/2025/rh_run2 --geojson-path /home/pulver/projects/Outdoor_SLPF/data/riseholme_poles_trunk.geojson --require-cuda

/home/pulver/projects/Outdoor_SLPF/.venv/lib/python3.10/site-packages/matplotlib/projections/__init__.py:63: UserWarning: Unable to import Axes3D. This may be due to multiple versions of Matplotlib being installed (e.g. as a system package and as a pip package). As a result, the 3D projection is not available.
  warnings.warn("Unable to import Axes3D. This may be due to multiple versions of "
Using device: cuda
[INFO] Running with Miss Penalty: 4.0, Wrong Hit Penalty: 4.0, GPS Weight: 0.5, Seed: 33, Output: /home/pulver/projects/Outdoor_SLPF/results/iros_rh2/20260225_105822_multiseed_all_methods/slpf/seed_33, DataPath: /home/pulver/projects/Outdoor_SLPF/data/2025/rh_run2, CSV: /home/pulver/projects/Outdoor_SLPF/data/2025/rh_run2/data.csv, Stride: 4, MaxFrames: None, Visualize: False, Model: wall, DisableGPS: False, DisableSemantic: False, DisableCorridor: False, DisableBackground: False, StaticGPSWeight: False, DisablePoseSmooth: False, SemanticClasses: both, SegmentChunk: 4096

Processing frames:   0%|          | 0/1572 [00:00<?, ?it/s]
Processing frames:   0%|          | 1/1572 [00:00<23:02,  1.14it/s]
Processing frames:   1%|          | 9/1572 [00:01<02:17, 11.39it/s]
Processing frames:   1%|          | 17/1572 [00:01<01:15, 20.54it/s]
Processing frames:   2%|▏         | 25/1572 [00:01<00:53, 28.79it/s]
Processing frames:   2%|▏         | 33/1572 [00:01<00:45, 34.06it/s]
Processing frames:   3%|▎         | 41/1572 [00:01<00:38, 40.13it/s]
Processing frames:   3%|▎         | 49/1572 [00:01<00:34, 44.61it/s]
Processing frames:   4%|▎         | 57/1572 [00:01<00:31, 48.64it/s]
Processing frames:   4%|▍         | 65/1572 [00:02<00:28, 53.22it/s]
Processing frames:   5%|▍         | 73/1572 [00:02<00:26, 56.04it/s]
Processing frames:   5%|▌         | 81/1572 [00:02<00:25, 59.02it/s]
Processing frames:   6%|▌         | 89/1572 [00:02<00:24, 61.70it/s]
Processing frames:   6%|▋         | 101/1572 [00:02<00:21, 68.95it/s]
Processing frames:   7%|▋         | 109/1572 [00:02<00:23, 62.18it/s]
Processing frames:   7%|▋         | 116/1572 [00:02<00:23, 62.70it/s]
Processing frames:   8%|▊         | 123/1572 [00:03<00:28, 50.73it/s]
Processing frames:   8%|▊         | 129/1572 [00:03<00:32, 44.77it/s]
Processing frames:   9%|▊         | 134/1572 [00:03<00:32, 44.39it/s]
Processing frames:   9%|▉         | 139/1572 [00:03<00:31, 45.46it/s]
Processing frames:   9%|▉         | 144/1572 [00:03<00:31, 44.94it/s]
Processing frames:   9%|▉         | 149/1572 [00:03<00:39, 35.78it/s]
Processing frames:  10%|▉         | 157/1572 [00:03<00:36, 38.80it/s]
Processing frames:  10%|█         | 162/1572 [00:04<00:34, 40.63it/s]
Processing frames:  11%|█         | 167/1572 [00:04<00:33, 42.04it/s]
Processing frames:  11%|█         | 172/1572 [00:04<00:31, 43.83it/s]
Processing frames:  11%|█▏        | 177/1572 [00:04<00:37, 37.00it/s]
Processing frames:  12%|█▏        | 185/1572 [00:04<00:33, 41.38it/s]
Processing frames:  12%|█▏        | 193/1572 [00:04<00:30, 45.39it/s]
Processing frames:  13%|█▎        | 201/1572 [00:04<00:28, 48.24it/s]
Processing frames:  13%|█▎        | 209/1572 [00:04<00:26, 52.04it/s]
Processing frames:  14%|█▍        | 217/1572 [00:05<00:24, 55.70it/s]
Processing frames:  15%|█▍        | 229/1572 [00:05<00:20, 64.12it/s]
Processing frames:  15%|█▌        | 237/1572 [00:05<00:20, 66.34it/s]
Processing frames:  16%|█▌        | 245/1572 [00:05<00:19, 67.60it/s]
Processing frames:  16%|█▌        | 253/1572 [00:05<00:19, 68.84it/s]
Processing frames:  17%|█▋        | 261/1572 [00:05<00:20, 63.17it/s]
Processing frames:  17%|█▋        | 268/1572 [00:05<00:20, 63.45it/s]
Processing frames:  17%|█▋        | 275/1572 [00:06<00:26, 48.76it/s]
Processing frames:  18%|█▊        | 281/1572 [00:06<00:31, 41.25it/s]
Processing frames:  18%|█▊        | 286/1572 [00:06<00:31, 41.27it/s]
Processing frames:  19%|█▊        | 291/1572 [00:06<00:30, 42.21it/s]
Processing frames:  19%|█▉        | 296/1572 [00:06<00:31, 40.97it/s]
Processing frames:  19%|█▉        | 301/1572 [00:06<00:41, 30.77it/s]
Processing frames:  19%|█▉        | 305/1572 [00:07<00:41, 30.68it/s]
Processing frames:  20%|█▉        | 309/1572 [00:07<00:39, 31.58it/s]
Processing frames:  20%|█▉        | 313/1572 [00:07<00:39, 31.93it/s]
Processing frames:  20%|██        | 317/1572 [00:07<00:39, 31.53it/s]
Processing frames:  20%|██        | 321/1572 [00:07<00:38, 32.84it/s]
Processing frames:  21%|██        | 329/1572 [00:07<00:33, 37.08it/s]
Processing frames:  21%|██        | 333/1572 [00:07<00:32, 37.65it/s]
Processing frames:  22%|██▏       | 341/1572 [00:07<00:29, 42.23it/s]
Processing frames:  22%|██▏       | 349/1572 [00:08<00:26, 46.68it/s]
Processing frames:  23%|██▎       | 357/1572 [00:08<00:24, 48.75it/s]
Processing frames:  23%|██▎       | 365/1572 [00:08<00:23, 52.43it/s]
Processing frames:  24%|██▍       | 377/1572 [00:08<00:19, 60.31it/s]
Processing frames:  24%|██▍       | 385/1572 [00:08<00:18, 63.72it/s]
Processing frames:  25%|██▌       | 393/1572 [00:08<00:18, 65.48it/s]
Processing frames:  26%|██▌       | 401/1572 [00:08<00:17, 67.33it/s]
Processing frames:  26%|██▋       | 413/1572 [00:09<00:15, 73.83it/s]
Processing frames:  27%|██▋       | 421/1572 [00:09<00:15, 75.14it/s]
Processing frames:  27%|██▋       | 429/1572 [00:09<00:16, 69.44it/s]
Processing frames:  28%|██▊       | 437/1572 [00:09<00:17, 66.46it/s]
Processing frames:  28%|██▊       | 445/1572 [00:09<00:19, 58.45it/s]
Processing frames:  29%|██▉       | 453/1572 [00:09<00:20, 54.24it/s]
Processing frames:  29%|██▉       | 459/1572 [00:09<00:20, 54.88it/s]
Processing frames:  30%|██▉       | 465/1572 [00:10<00:24, 45.71it/s]
Processing frames:  30%|███       | 473/1572 [00:10<00:24, 45.24it/s]
Processing frames:  31%|███       | 481/1572 [00:10<00:24, 44.93it/s]
Processing frames:  31%|███       | 489/1572 [00:10<00:24, 44.26it/s]
Processing frames:  32%|███▏      | 497/1572 [00:10<00:23, 46.10it/s]
Processing frames:  32%|███▏      | 505/1572 [00:10<00:21, 49.90it/s]
Processing frames:  33%|███▎      | 513/1572 [00:11<00:21, 50.36it/s]
Processing frames:  33%|███▎      | 525/1572 [00:11<00:17, 58.79it/s]
Processing frames:  34%|███▍      | 533/1572 [00:11<00:16, 63.17it/s]
Processing frames:  35%|███▍      | 545/1572 [00:11<00:15, 68.47it/s]
Processing frames:  35%|███▌      | 553/1572 [00:11<00:14, 70.34it/s]
Processing frames:  36%|███▌      | 561/1572 [00:11<00:14, 69.78it/s]
Processing frames:  36%|███▌      | 569/1572 [00:11<00:16, 62.08it/s]
Processing frames:  37%|███▋      | 576/1572 [00:11<00:16, 61.63it/s]
Processing frames:  37%|███▋      | 583/1572 [00:12<00:20, 47.21it/s]
Processing frames:  37%|███▋      | 589/1572 [00:12<00:25, 38.92it/s]
Processing frames:  38%|███▊      | 594/1572 [00:12<00:24, 39.82it/s]
Processing frames:  38%|███▊      | 599/1572 [00:12<00:23, 41.56it/s]
Processing frames:  38%|███▊      | 604/1572 [00:12<00:23, 41.85it/s]
Processing frames:  39%|███▊      | 609/1572 [00:13<00:29, 32.67it/s]
Processing frames:  39%|███▉      | 613/1572 [00:13<00:29, 32.83it/s]
Processing frames:  39%|███▉      | 617/1572 [00:13<00:28, 33.19it/s]
Processing frames:  40%|███▉      | 621/1572 [00:13<00:29, 32.65it/s]
Processing frames:  40%|████      | 629/1572 [00:13<00:25, 36.67it/s]
Processing frames:  40%|████      | 633/1572 [00:13<00:25, 36.41it/s]
Processing frames:  41%|████      | 641/1572 [00:13<00:24, 37.57it/s]
Processing frames:  41%|████      | 645/1572 [00:13<00:25, 36.89it/s]
Processing frames:  42%|████▏     | 653/1572 [00:14<00:22, 41.68it/s]
Processing frames:  42%|████▏     | 661/1572 [00:14<00:19, 45.80it/s]
Processing frames:  43%|████▎     | 669/1572 [00:14<00:18, 50.00it/s]
Processing frames:  43%|████▎     | 681/1572 [00:14<00:15, 58.84it/s]
Processing frames:  44%|████▍     | 689/1572 [00:14<00:13, 63.18it/s]
Processing frames:  45%|████▍     | 701/1572 [00:14<00:12, 70.80it/s]
Processing frames:  45%|████▌     | 709/1572 [00:14<00:12, 68.24it/s]
Processing frames:  46%|████▌     | 717/1572 [00:15<00:12, 66.46it/s]
Processing frames:  46%|████▌     | 725/1572 [00:15<00:13, 62.59it/s]
Processing frames:  47%|████▋     | 733/1572 [00:15<00:13, 61.43it/s]
Processing frames:  47%|████▋     | 741/1572 [00:15<00:13, 60.55it/s]
Processing frames:  48%|████▊     | 749/1572 [00:15<00:13, 59.48it/s]
Processing frames:  48%|████▊     | 757/1572 [00:15<00:14, 54.92it/s]
Processing frames:  49%|████▊     | 765/1572 [00:15<00:15, 50.80it/s]
Processing frames:  49%|████▉     | 773/1572 [00:16<00:15, 50.00it/s]
Processing frames:  50%|████▉     | 781/1572 [00:16<00:15, 50.48it/s]
Processing frames:  50%|█████     | 789/1572 [00:16<00:15, 51.00it/s]
Processing frames:  51%|█████     | 797/1572 [00:16<00:15, 51.38it/s]
Processing frames:  51%|█████     | 805/1572 [00:16<00:14, 52.78it/s]
Processing frames:  52%|█████▏    | 813/1572 [00:16<00:14, 54.16it/s]
Processing frames:  52%|█████▏    | 821/1572 [00:17<00:13, 55.43it/s]
Processing frames:  53%|█████▎    | 829/1572 [00:17<00:12, 58.83it/s]
Processing frames:  53%|█████▎    | 841/1572 [00:17<00:10, 66.98it/s]
Processing frames:  54%|█████▍    | 849/1572 [00:17<00:10, 67.62it/s]
Processing frames:  55%|█████▍    | 857/1572 [00:17<00:10, 66.56it/s]
Processing frames:  55%|█████▌    | 865/1572 [00:17<00:12, 56.98it/s]
Processing frames:  56%|█████▌    | 873/1572 [00:17<00:13, 53.64it/s]
Processing frames:  56%|█████▌    | 879/1572 [00:17<00:12, 54.67it/s]
Processing frames:  56%|█████▋    | 885/1572 [00:18<00:15, 43.46it/s]
Processing frames:  57%|█████▋    | 890/1572 [00:18<00:15, 43.21it/s]
Processing frames:  57%|█████▋    | 895/1572 [00:18<00:15, 43.27it/s]
Processing frames:  57%|█████▋    | 900/1572 [00:18<00:15, 44.15it/s]
Processing frames:  58%|█████▊    | 905/1572 [00:18<00:18, 35.13it/s]
Processing frames:  58%|█████▊    | 909/1572 [00:18<00:19, 34.43it/s]
Processing frames:  58%|█████▊    | 917/1572 [00:19<00:17, 37.81it/s]
Processing frames:  59%|█████▊    | 921/1572 [00:19<00:17, 38.21it/s]
Processing frames:  59%|█████▉    | 929/1572 [00:19<00:15, 40.58it/s]
Processing frames:  60%|█████▉    | 937/1572 [00:19<00:14, 44.98it/s]
Processing frames:  60%|██████    | 945/1572 [00:19<00:13, 48.09it/s]
Processing frames:  61%|██████    | 953/1572 [00:19<00:11, 52.59it/s]
Processing frames:  61%|██████    | 961/1572 [00:19<00:11, 55.34it/s]
Processing frames:  62%|██████▏   | 969/1572 [00:20<00:10, 57.73it/s]
Processing frames:  62%|██████▏   | 977/1572 [00:20<00:09, 61.62it/s]
Processing frames:  63%|██████▎   | 989/1572 [00:20<00:08, 68.61it/s]
Processing frames:  63%|██████▎   | 997/1572 [00:20<00:08, 70.70it/s]
Processing frames:  64%|██████▍   | 1005/1572 [00:20<00:08, 66.81it/s]
Processing frames:  64%|██████▍   | 1013/1572 [00:20<00:08, 62.23it/s]
Processing frames:  65%|██████▍   | 1021/1572 [00:20<00:09, 57.48it/s]
Processing frames:  65%|██████▌   | 1029/1572 [00:20<00:10, 54.28it/s]
Processing frames:  66%|██████▌   | 1037/1572 [00:21<00:10, 50.12it/s]
Processing frames:  66%|██████▋   | 1045/1572 [00:21<00:10, 49.43it/s]
Processing frames:  67%|██████▋   | 1053/1572 [00:21<00:11, 46.58it/s]
Processing frames:  67%|██████▋   | 1061/1572 [00:21<00:10, 47.01it/s]
Processing frames:  68%|██████▊   | 1069/1572 [00:21<00:10, 49.84it/s]
Processing frames:  69%|██████▊   | 1077/1572 [00:21<00:09, 52.18it/s]
Processing frames:  69%|██████▉   | 1085/1572 [00:22<00:09, 53.77it/s]
Processing frames:  70%|██████▉   | 1093/1572 [00:22<00:08, 56.44it/s]
Processing frames:  70%|███████   | 1101/1572 [00:22<00:08, 57.26it/s]
Processing frames:  71%|███████   | 1109/1572 [00:22<00:07, 60.15it/s]
Processing frames:  71%|███████   | 1117/1572 [00:22<00:07, 63.60it/s]
Processing frames:  72%|███████▏  | 1125/1572 [00:22<00:07, 63.53it/s]
Processing frames:  72%|███████▏  | 1133/1572 [00:22<00:06, 63.11it/s]
Processing frames:  73%|███████▎  | 1141/1572 [00:23<00:07, 57.95it/s]
Processing frames:  73%|███████▎  | 1149/1572 [00:23<00:08, 51.97it/s]
Processing frames:  74%|███████▎  | 1157/1572 [00:23<00:08, 46.34it/s]
Processing frames:  74%|███████▍  | 1165/1572 [00:23<00:08, 47.00it/s]
Processing frames:  75%|███████▍  | 1173/1572 [00:23<00:08, 48.82it/s]
Processing frames:  75%|███████▌  | 1181/1572 [00:23<00:07, 50.69it/s]
Processing frames:  76%|███████▌  | 1189/1572 [00:24<00:07, 52.07it/s]
Processing frames:  76%|███████▌  | 1197/1572 [00:24<00:06, 55.05it/s]
Processing frames:  77%|███████▋  | 1205/1572 [00:24<00:06, 55.15it/s]
Processing frames:  77%|███████▋  | 1213/1572 [00:24<00:06, 56.42it/s]
Processing frames:  78%|███████▊  | 1221/1572 [00:24<00:06, 57.69it/s]
Processing frames:  78%|███████▊  | 1229/1572 [00:24<00:05, 61.11it/s]
Processing frames:  79%|███████▉  | 1241/1572 [00:24<00:04, 67.96it/s]
Processing frames:  80%|███████▉  | 1253/1572 [00:24<00:04, 74.38it/s]
Processing frames:  80%|████████  | 1261/1572 [00:25<00:04, 68.39it/s]
Processing frames:  81%|████████  | 1269/1572 [00:25<00:05, 57.72it/s]
Processing frames:  81%|████████  | 1277/1572 [00:25<00:05, 51.62it/s]
Processing frames:  82%|████████▏ | 1285/1572 [00:25<00:05, 50.56it/s]
Processing frames:  82%|████████▏ | 1293/1572 [00:25<00:05, 48.85it/s]
Processing frames:  83%|████████▎ | 1301/1572 [00:26<00:05, 47.17it/s]
Processing frames:  83%|████████▎ | 1309/1572 [00:26<00:05, 48.10it/s]
Processing frames:  84%|████████▍ | 1317/1572 [00:26<00:04, 51.64it/s]
Processing frames:  84%|████████▍ | 1325/1572 [00:26<00:04, 55.05it/s]
Processing frames:  85%|████████▍ | 1333/1572 [00:26<00:04, 57.92it/s]
Processing frames:  85%|████████▌ | 1341/1572 [00:26<00:03, 61.49it/s]
Processing frames:  86%|████████▌ | 1349/1572 [00:26<00:03, 61.58it/s]
Processing frames:  86%|████████▋ | 1357/1572 [00:26<00:03, 61.68it/s]
Processing frames:  87%|████████▋ | 1369/1572 [00:27<00:02, 69.11it/s]
Processing frames:  88%|████████▊ | 1381/1572 [00:27<00:02, 73.34it/s]
Processing frames:  88%|████████▊ | 1389/1572 [00:27<00:02, 74.02it/s]
Processing frames:  89%|████████▉ | 1397/1572 [00:27<00:02, 74.31it/s]
Processing frames:  89%|████████▉ | 1405/1572 [00:27<00:02, 69.77it/s]
Processing frames:  90%|████████▉ | 1413/1572 [00:27<00:02, 68.74it/s]
Processing frames:  90%|█████████ | 1421/1572 [00:27<00:02, 67.22it/s]
Processing frames:  91%|█████████ | 1429/1572 [00:27<00:02, 67.01it/s]
Processing frames:  91%|█████████▏| 1437/1572 [00:28<00:02, 66.25it/s]
Processing frames:  92%|█████████▏| 1445/1572 [00:28<00:01, 67.12it/s]
Processing frames:  92%|█████████▏| 1453/1572 [00:28<00:01, 67.34it/s]
Processing frames:  93%|█████████▎| 1461/1572 [00:28<00:01, 67.97it/s]
Processing frames:  93%|█████████▎| 1469/1572 [00:28<00:01, 67.61it/s]
Processing frames:  94%|█████████▍| 1477/1572 [00:28<00:01, 69.48it/s]
Processing frames:  94%|█████████▍| 1485/1572 [00:28<00:01, 72.21it/s]
Processing frames:  95%|█████████▌| 1497/1572 [00:28<00:01, 74.45it/s]
Processing frames:  96%|█████████▌| 1505/1572 [00:28<00:00, 75.37it/s]
Processing frames:  97%|█████████▋| 1517/1572 [00:29<00:00, 79.36it/s]
Processing frames:  97%|█████████▋| 1525/1572 [00:29<00:00, 79.32it/s]
Processing frames:  98%|█████████▊| 1533/1572 [00:29<00:00, 77.78it/s]
Processing frames:  98%|█████████▊| 1541/1572 [00:29<00:00, 76.44it/s]
Processing frames:  99%|█████████▊| 1549/1572 [00:29<00:00, 73.10it/s]
Processing frames:  99%|█████████▉| 1557/1572 [00:29<00:00, 74.08it/s]
Processing frames: 100%|█████████▉| 1565/1572 [00:29<00:00, 74.76it/s]
Processing frames: 100%|██████████| 1572/1572 [00:29<00:00, 52.70it/s]
[INFO] Trajectory saved to /home/pulver/projects/Outdoor_SLPF/results/iros_rh2/20260225_105822_multiseed_all_methods/slpf/seed_33/trajectory_0.5.tum
[INFO] Trajectory saved to /home/pulver/projects/Outdoor_SLPF/results/iros_rh2/20260225_105822_multiseed_all_methods/slpf/seed_33/gps_pose.tum
[INFO] Finished processing all frames from the CSV file.

[exit_code=0 duration_sec=34.50]
