$ /home/pulver/projects/Outdoor_SLPF/.venv/bin/python /home/pulver/projects/Outdoor_SLPF/scripts/spf_lidar.py --miss-penalty 4.0 --wrong-hit-penalty 4.0 --gps-weight 0.5 --seed 22 --output-folder /home/pulver/projects/Outdoor_SLPF/results/iros/20260217_172656_multiseed_main/slpf/seed_22 --frame-stride 4 --semantic-sigma 0.05 --gps-sigma 1.1 --corridor-weight 0.30 --corridor-dist-sigma 1.50 --corridor-heading-sigma 0.35 --background-class-weight 0.20 --max-background-obs 120 --expected-obs-count 150 --pose-smooth-alpha-pos 0.55 --pose-smooth-alpha-theta 0.50 --odom-yaw-filter-alpha 0.90 --particle-count 100 --no-visualization --require-cuda

/home/pulver/projects/Outdoor_SLPF/.venv/lib/python3.10/site-packages/matplotlib/projections/__init__.py:63: UserWarning: Unable to import Axes3D. This may be due to multiple versions of Matplotlib being installed (e.g. as a system package and as a pip package). As a result, the 3D projection is not available.
  warnings.warn("Unable to import Axes3D. This may be due to multiple versions of "
Using device: cuda
[INFO] Running with Miss Penalty: 4.0, Wrong Hit Penalty: 4.0, GPS Weight: 0.5, Seed: 22, Output: /home/pulver/projects/Outdoor_SLPF/results/iros/20260217_172656_multiseed_main/slpf/seed_22, Stride: 4, MaxFrames: None, Visualize: False, Model: wall, DisableGPS: False, DisableSemantic: False, DisableCorridor: False, DisableBackground: False, StaticGPSWeight: False, DisablePoseSmooth: False, SemanticClasses: both

Processing frames:   0%|          | 0/1593 [00:00<?, ?it/s]
Processing frames:   0%|          | 1/1593 [00:00<23:45,  1.12it/s]
Processing frames:   1%|          | 9/1593 [00:01<02:20, 11.28it/s]
Processing frames:   1%|          | 17/1593 [00:01<01:17, 20.44it/s]
Processing frames:   2%|▏         | 25/1593 [00:01<00:55, 28.21it/s]
Processing frames:   2%|▏         | 33/1593 [00:01<00:45, 34.18it/s]
Processing frames:   3%|▎         | 41/1593 [00:01<00:40, 38.06it/s]
Processing frames:   3%|▎         | 49/1593 [00:01<00:36, 42.04it/s]
Processing frames:   4%|▎         | 57/1593 [00:01<00:33, 45.29it/s]
Processing frames:   4%|▍         | 65/1593 [00:02<00:32, 47.45it/s]
Processing frames:   5%|▍         | 73/1593 [00:02<00:31, 48.81it/s]
Processing frames:   5%|▌         | 81/1593 [00:02<00:29, 50.43it/s]
Processing frames:   6%|▌         | 89/1593 [00:02<00:29, 51.13it/s]
Processing frames:   6%|▌         | 97/1593 [00:02<00:29, 50.38it/s]
Processing frames:   7%|▋         | 105/1593 [00:02<00:29, 49.89it/s]
Processing frames:   7%|▋         | 113/1593 [00:03<00:29, 50.42it/s]
Processing frames:   8%|▊         | 121/1593 [00:03<00:28, 51.27it/s]
Processing frames:   8%|▊         | 129/1593 [00:03<00:28, 51.92it/s]
Processing frames:   9%|▊         | 137/1593 [00:03<00:29, 49.63it/s]
Processing frames:   9%|▉         | 145/1593 [00:03<00:28, 49.99it/s]
Processing frames:  10%|▉         | 153/1593 [00:03<00:29, 49.61it/s]
Processing frames:  10%|█         | 161/1593 [00:03<00:28, 50.60it/s]
Processing frames:  11%|█         | 169/1593 [00:04<00:26, 52.93it/s]
Processing frames:  11%|█         | 177/1593 [00:04<00:26, 54.29it/s]
Processing frames:  12%|█▏        | 185/1593 [00:04<00:25, 56.15it/s]
Processing frames:  12%|█▏        | 193/1593 [00:04<00:24, 57.32it/s]
Processing frames:  13%|█▎        | 201/1593 [00:04<00:22, 60.70it/s]
Processing frames:  13%|█▎        | 209/1593 [00:04<00:22, 61.45it/s]
Processing frames:  14%|█▎        | 217/1593 [00:04<00:22, 62.08it/s]
Processing frames:  14%|█▍        | 225/1593 [00:05<00:21, 64.33it/s]
Processing frames:  15%|█▍        | 233/1593 [00:05<00:20, 65.69it/s]
Processing frames:  15%|█▌        | 241/1593 [00:05<00:19, 68.37it/s]
Processing frames:  16%|█▌        | 249/1593 [00:05<00:19, 67.47it/s]
Processing frames:  16%|█▌        | 257/1593 [00:05<00:19, 68.53it/s]
Processing frames:  17%|█▋        | 265/1593 [00:05<00:22, 59.73it/s]
Processing frames:  17%|█▋        | 272/1593 [00:05<00:21, 61.27it/s]
Processing frames:  18%|█▊        | 279/1593 [00:05<00:26, 50.53it/s]
Processing frames:  18%|█▊        | 285/1593 [00:06<00:29, 44.50it/s]
Processing frames:  18%|█▊        | 293/1593 [00:06<00:28, 45.33it/s]
Processing frames:  19%|█▉        | 301/1593 [00:06<00:27, 47.03it/s]
Processing frames:  19%|█▉        | 309/1593 [00:06<00:26, 48.46it/s]
Processing frames:  20%|█▉        | 317/1593 [00:06<00:27, 46.13it/s]
Processing frames:  20%|██        | 325/1593 [00:06<00:28, 44.73it/s]
Processing frames:  21%|██        | 333/1593 [00:07<00:26, 46.97it/s]
Processing frames:  21%|██▏       | 341/1593 [00:07<00:24, 50.09it/s]
Processing frames:  22%|██▏       | 349/1593 [00:07<00:24, 51.39it/s]
Processing frames:  22%|██▏       | 357/1593 [00:07<00:23, 52.40it/s]
Processing frames:  23%|██▎       | 365/1593 [00:07<00:21, 56.30it/s]
Processing frames:  23%|██▎       | 373/1593 [00:07<00:19, 61.21it/s]
Processing frames:  24%|██▍       | 381/1593 [00:07<00:18, 64.67it/s]
Processing frames:  25%|██▍       | 393/1593 [00:08<00:17, 70.41it/s]
Processing frames:  25%|██▌       | 405/1593 [00:08<00:17, 69.52it/s]
Processing frames:  26%|██▌       | 413/1593 [00:08<00:18, 63.64it/s]
Processing frames:  26%|██▋       | 421/1593 [00:08<00:19, 58.68it/s]
Processing frames:  27%|██▋       | 429/1593 [00:08<00:21, 54.01it/s]
Processing frames:  27%|██▋       | 437/1593 [00:08<00:22, 52.31it/s]
Processing frames:  28%|██▊       | 445/1593 [00:09<00:22, 50.44it/s]
Processing frames:  28%|██▊       | 453/1593 [00:09<00:22, 51.78it/s]
Processing frames:  29%|██▉       | 461/1593 [00:09<00:21, 52.33it/s]
Processing frames:  29%|██▉       | 469/1593 [00:09<00:22, 49.05it/s]
Processing frames:  30%|██▉       | 477/1593 [00:09<00:22, 49.26it/s]
Processing frames:  30%|███       | 485/1593 [00:09<00:21, 50.95it/s]
Processing frames:  31%|███       | 493/1593 [00:10<00:21, 50.03it/s]
Processing frames:  31%|███▏      | 501/1593 [00:10<00:21, 51.73it/s]
Processing frames:  32%|███▏      | 509/1593 [00:10<00:20, 54.08it/s]
Processing frames:  32%|███▏      | 517/1593 [00:10<00:19, 56.14it/s]
Processing frames:  33%|███▎      | 525/1593 [00:10<00:18, 57.09it/s]
Processing frames:  33%|███▎      | 533/1593 [00:10<00:18, 58.39it/s]
Processing frames:  34%|███▍      | 541/1593 [00:10<00:16, 63.47it/s]
Processing frames:  34%|███▍      | 549/1593 [00:10<00:16, 64.34it/s]
Processing frames:  35%|███▍      | 557/1593 [00:11<00:16, 62.53it/s]
Processing frames:  35%|███▌      | 564/1593 [00:11<00:16, 63.02it/s]
Processing frames:  36%|███▌      | 571/1593 [00:11<00:19, 52.81it/s]
Processing frames:  36%|███▌      | 577/1593 [00:11<00:23, 43.43it/s]
Processing frames:  37%|███▋      | 585/1593 [00:11<00:23, 43.45it/s]
Processing frames:  37%|███▋      | 593/1593 [00:11<00:23, 42.47it/s]
Processing frames:  38%|███▊      | 601/1593 [00:12<00:22, 44.21it/s]
Processing frames:  38%|███▊      | 609/1593 [00:12<00:21, 45.22it/s]
Processing frames:  39%|███▊      | 617/1593 [00:12<00:22, 44.03it/s]
Processing frames:  39%|███▉      | 625/1593 [00:12<00:21, 45.47it/s]
Processing frames:  40%|███▉      | 633/1593 [00:12<00:20, 47.47it/s]
Processing frames:  40%|████      | 641/1593 [00:12<00:18, 50.43it/s]
Processing frames:  41%|████      | 649/1593 [00:13<00:18, 51.86it/s]
Processing frames:  41%|████      | 657/1593 [00:13<00:17, 54.15it/s]
Processing frames:  42%|████▏     | 665/1593 [00:13<00:15, 59.61it/s]
Processing frames:  42%|████▏     | 673/1593 [00:13<00:14, 64.02it/s]
Processing frames:  43%|████▎     | 681/1593 [00:13<00:14, 64.58it/s]
Processing frames:  43%|████▎     | 689/1593 [00:13<00:14, 61.18it/s]
Processing frames:  44%|████▍     | 697/1593 [00:13<00:14, 61.31it/s]
Processing frames:  44%|████▍     | 705/1593 [00:13<00:15, 55.65it/s]
Processing frames:  45%|████▍     | 713/1593 [00:14<00:16, 52.18it/s]
Processing frames:  45%|████▌     | 719/1593 [00:14<00:16, 53.78it/s]
Processing frames:  46%|████▌     | 725/1593 [00:14<00:19, 45.53it/s]
Processing frames:  46%|████▌     | 733/1593 [00:14<00:18, 45.60it/s]
Processing frames:  47%|████▋     | 741/1593 [00:14<00:18, 46.74it/s]
Processing frames:  47%|████▋     | 749/1593 [00:14<00:17, 49.12it/s]
Processing frames:  48%|████▊     | 757/1593 [00:15<00:16, 51.30it/s]
Processing frames:  48%|████▊     | 765/1593 [00:15<00:15, 54.21it/s]
Processing frames:  49%|████▊     | 773/1593 [00:15<00:13, 59.45it/s]
Processing frames:  49%|████▉     | 781/1593 [00:15<00:12, 62.77it/s]
Processing frames:  50%|████▉     | 789/1593 [00:15<00:12, 66.96it/s]
Processing frames:  50%|█████     | 797/1593 [00:15<00:11, 69.56it/s]
Processing frames:  51%|█████     | 805/1593 [00:15<00:12, 61.02it/s]
Processing frames:  51%|█████     | 812/1593 [00:15<00:12, 60.20it/s]
Processing frames:  51%|█████▏    | 819/1593 [00:16<00:17, 43.28it/s]
Processing frames:  52%|█████▏    | 825/1593 [00:16<00:21, 36.10it/s]
Processing frames:  52%|█████▏    | 830/1593 [00:16<00:20, 36.74it/s]
Processing frames:  52%|█████▏    | 835/1593 [00:16<00:20, 37.09it/s]
Processing frames:  53%|█████▎    | 840/1593 [00:16<00:19, 38.35it/s]
Processing frames:  53%|█████▎    | 845/1593 [00:17<00:24, 31.03it/s]
Processing frames:  53%|█████▎    | 849/1593 [00:17<00:23, 32.05it/s]
Processing frames:  54%|█████▎    | 853/1593 [00:17<00:22, 32.86it/s]
Processing frames:  54%|█████▍    | 857/1593 [00:17<00:21, 33.72it/s]
Processing frames:  54%|█████▍    | 861/1593 [00:17<00:21, 34.01it/s]
Processing frames:  54%|█████▍    | 865/1593 [00:17<00:21, 33.86it/s]
Processing frames:  55%|█████▍    | 869/1593 [00:17<00:21, 33.05it/s]
Processing frames:  55%|█████▍    | 873/1593 [00:17<00:20, 34.75it/s]
Processing frames:  55%|█████▌    | 881/1593 [00:17<00:17, 41.87it/s]
Processing frames:  56%|█████▌    | 889/1593 [00:18<00:15, 45.02it/s]
Processing frames:  56%|█████▋    | 897/1593 [00:18<00:14, 47.61it/s]
Processing frames:  57%|█████▋    | 905/1593 [00:18<00:13, 52.85it/s]
Processing frames:  57%|█████▋    | 913/1593 [00:18<00:11, 59.26it/s]
Processing frames:  58%|█████▊    | 925/1593 [00:18<00:10, 66.21it/s]
Processing frames:  59%|█████▉    | 937/1593 [00:18<00:09, 68.46it/s]
Processing frames:  59%|█████▉    | 945/1593 [00:18<00:09, 64.97it/s]
Processing frames:  60%|█████▉    | 953/1593 [00:19<00:10, 60.27it/s]
Processing frames:  60%|██████    | 960/1593 [00:19<00:10, 62.22it/s]
Processing frames:  61%|██████    | 967/1593 [00:19<00:12, 51.82it/s]
Processing frames:  61%|██████    | 973/1593 [00:19<00:14, 42.15it/s]
Processing frames:  61%|██████▏   | 978/1593 [00:19<00:14, 43.31it/s]
Processing frames:  62%|██████▏   | 985/1593 [00:19<00:15, 39.68it/s]
Processing frames:  62%|██████▏   | 990/1593 [00:20<00:14, 41.17it/s]
Processing frames:  62%|██████▏   | 995/1593 [00:20<00:14, 40.80it/s]
Processing frames:  63%|██████▎   | 1000/1593 [00:20<00:14, 41.43it/s]
Processing frames:  63%|██████▎   | 1005/1593 [00:20<00:17, 32.91it/s]
Processing frames:  63%|██████▎   | 1009/1593 [00:20<00:17, 32.67it/s]
Processing frames:  64%|██████▍   | 1017/1593 [00:20<00:16, 35.84it/s]
Processing frames:  64%|██████▍   | 1025/1593 [00:21<00:14, 39.03it/s]
Processing frames:  65%|██████▍   | 1033/1593 [00:21<00:13, 40.24it/s]
Processing frames:  65%|██████▌   | 1041/1593 [00:21<00:13, 42.22it/s]
Processing frames:  66%|██████▌   | 1049/1593 [00:21<00:11, 46.38it/s]
Processing frames:  67%|██████▋   | 1061/1593 [00:21<00:09, 56.79it/s]
Processing frames:  67%|██████▋   | 1069/1593 [00:21<00:08, 61.07it/s]
Processing frames:  68%|██████▊   | 1077/1593 [00:21<00:08, 62.13it/s]
Processing frames:  68%|██████▊   | 1085/1593 [00:22<00:08, 59.73it/s]
Processing frames:  69%|██████▊   | 1092/1593 [00:22<00:08, 57.81it/s]
Processing frames:  69%|██████▉   | 1098/1593 [00:22<00:12, 39.75it/s]
Processing frames:  69%|██████▉   | 1103/1593 [00:22<00:12, 40.06it/s]
Processing frames:  70%|██████▉   | 1108/1593 [00:22<00:12, 38.90it/s]
Processing frames:  70%|██████▉   | 1113/1593 [00:22<00:15, 30.79it/s]
Processing frames:  70%|███████   | 1117/1593 [00:23<00:15, 30.24it/s]
Processing frames:  70%|███████   | 1121/1593 [00:23<00:15, 30.29it/s]
Processing frames:  71%|███████   | 1125/1593 [00:23<00:15, 30.36it/s]
Processing frames:  71%|███████   | 1129/1593 [00:23<00:15, 30.51it/s]
Processing frames:  71%|███████   | 1133/1593 [00:23<00:15, 29.36it/s]
Processing frames:  71%|███████▏  | 1137/1593 [00:23<00:15, 29.76it/s]
Processing frames:  72%|███████▏  | 1141/1593 [00:23<00:14, 30.68it/s]
Processing frames:  72%|███████▏  | 1145/1593 [00:24<00:14, 30.72it/s]
Processing frames:  72%|███████▏  | 1149/1593 [00:24<00:14, 30.35it/s]
Processing frames:  72%|███████▏  | 1153/1593 [00:24<00:14, 30.14it/s]
Processing frames:  73%|███████▎  | 1157/1593 [00:24<00:14, 30.99it/s]
Processing frames:  73%|███████▎  | 1161/1593 [00:24<00:13, 32.90it/s]
Processing frames:  73%|███████▎  | 1169/1593 [00:24<00:11, 37.49it/s]
Processing frames:  74%|███████▍  | 1177/1593 [00:24<00:10, 40.93it/s]
Processing frames:  74%|███████▍  | 1185/1593 [00:25<00:08, 46.42it/s]
Processing frames:  75%|███████▍  | 1193/1593 [00:25<00:07, 53.66it/s]
Processing frames:  75%|███████▌  | 1201/1593 [00:25<00:06, 59.23it/s]
Processing frames:  76%|███████▌  | 1209/1593 [00:25<00:06, 61.57it/s]
Processing frames:  76%|███████▋  | 1217/1593 [00:25<00:05, 65.73it/s]
Processing frames:  77%|███████▋  | 1225/1593 [00:25<00:05, 66.17it/s]
Processing frames:  77%|███████▋  | 1233/1593 [00:25<00:06, 56.82it/s]
Processing frames:  78%|███████▊  | 1240/1593 [00:25<00:05, 59.28it/s]
Processing frames:  78%|███████▊  | 1247/1593 [00:26<00:07, 47.15it/s]
Processing frames:  79%|███████▊  | 1253/1593 [00:26<00:08, 40.27it/s]
Processing frames:  79%|███████▉  | 1258/1593 [00:26<00:08, 40.56it/s]
Processing frames:  79%|███████▉  | 1263/1593 [00:26<00:07, 42.29it/s]
Processing frames:  80%|███████▉  | 1268/1593 [00:26<00:07, 42.72it/s]
Processing frames:  80%|███████▉  | 1273/1593 [00:26<00:08, 38.49it/s]
Processing frames:  80%|████████  | 1281/1593 [00:26<00:07, 42.02it/s]
Processing frames:  81%|████████  | 1289/1593 [00:27<00:06, 44.61it/s]
Processing frames:  81%|████████▏ | 1297/1593 [00:27<00:06, 46.54it/s]
Processing frames:  82%|████████▏ | 1305/1593 [00:27<00:05, 50.68it/s]
Processing frames:  82%|████████▏ | 1313/1593 [00:27<00:04, 56.95it/s]
Processing frames:  83%|████████▎ | 1321/1593 [00:27<00:04, 59.57it/s]
Processing frames:  83%|████████▎ | 1329/1593 [00:27<00:04, 63.22it/s]
Processing frames:  84%|████████▍ | 1341/1593 [00:27<00:03, 67.71it/s]
Processing frames:  85%|████████▍ | 1348/1593 [00:28<00:03, 64.60it/s]
Processing frames:  85%|████████▌ | 1355/1593 [00:28<00:04, 49.16it/s]
Processing frames:  85%|████████▌ | 1361/1593 [00:28<00:05, 39.46it/s]
Processing frames:  86%|████████▌ | 1366/1593 [00:28<00:05, 40.68it/s]
Processing frames:  86%|████████▌ | 1371/1593 [00:28<00:05, 41.82it/s]
Processing frames:  86%|████████▋ | 1377/1593 [00:28<00:05, 36.91it/s]
Processing frames:  87%|████████▋ | 1382/1593 [00:29<00:05, 39.13it/s]
Processing frames:  87%|████████▋ | 1387/1593 [00:29<00:05, 39.99it/s]
Processing frames:  87%|████████▋ | 1392/1593 [00:29<00:04, 40.49it/s]
Processing frames:  88%|████████▊ | 1397/1593 [00:29<00:05, 33.36it/s]
Processing frames:  88%|████████▊ | 1401/1593 [00:29<00:05, 34.77it/s]
Processing frames:  88%|████████▊ | 1409/1593 [00:29<00:04, 40.05it/s]
Processing frames:  89%|████████▉ | 1417/1593 [00:29<00:03, 44.04it/s]
Processing frames:  89%|████████▉ | 1425/1593 [00:30<00:03, 45.92it/s]
Processing frames:  90%|████████▉ | 1433/1593 [00:30<00:03, 44.57it/s]
Processing frames:  90%|█████████ | 1441/1593 [00:30<00:03, 46.47it/s]
Processing frames:  91%|█████████ | 1449/1593 [00:30<00:02, 51.82it/s]
Processing frames:  91%|█████████▏| 1457/1593 [00:30<00:02, 56.33it/s]
Processing frames:  92%|█████████▏| 1465/1593 [00:30<00:02, 56.96it/s]
Processing frames:  92%|█████████▏| 1473/1593 [00:30<00:02, 51.78it/s]
Processing frames:  93%|█████████▎| 1481/1593 [00:31<00:02, 54.32it/s]
Processing frames:  93%|█████████▎| 1489/1593 [00:31<00:01, 55.26it/s]
Processing frames:  94%|█████████▍| 1497/1593 [00:31<00:01, 58.25it/s]
Processing frames:  94%|█████████▍| 1505/1593 [00:31<00:01, 58.70it/s]
Processing frames:  95%|█████████▍| 1513/1593 [00:31<00:01, 58.27it/s]
Processing frames:  95%|█████████▌| 1521/1593 [00:31<00:01, 58.16it/s]
Processing frames:  96%|█████████▌| 1529/1593 [00:31<00:01, 59.22it/s]
Processing frames:  96%|█████████▋| 1537/1593 [00:32<00:00, 60.40it/s]
Processing frames:  97%|█████████▋| 1545/1593 [00:32<00:00, 64.18it/s]
Processing frames:  98%|█████████▊| 1557/1593 [00:32<00:00, 69.53it/s]
Processing frames:  98%|█████████▊| 1569/1593 [00:32<00:00, 74.95it/s]
Processing frames:  99%|█████████▉| 1577/1593 [00:32<00:00, 74.37it/s]
Processing frames:  99%|█████████▉| 1585/1593 [00:32<00:00, 73.22it/s]
Processing frames: 100%|██████████| 1593/1593 [00:32<00:00, 48.65it/s]
[INFO] Trajectory saved to /home/pulver/projects/Outdoor_SLPF/results/iros/20260217_172656_multiseed_main/slpf/seed_22/trajectory_0.5.tum
[INFO] Trajectory saved to /home/pulver/projects/Outdoor_SLPF/results/iros/20260217_172656_multiseed_main/slpf/seed_22/gps_pose.tum
[INFO] Finished processing all frames from the CSV file.

[exit_code=0 duration_sec=37.85]
