$ /home/pulver/projects/Outdoor_SLPF/.venv/bin/python /home/pulver/projects/Outdoor_SLPF/scripts/spf_lidar.py --miss-penalty 4.0 --wrong-hit-penalty 4.0 --gps-weight 0.5 --seed 33 --output-folder /home/pulver/projects/Outdoor_SLPF/results/iros_ablation/20260217_085404_ablation/full/seed_33 --frame-stride 4 --semantic-sigma 0.05 --gps-sigma 1.1 --corridor-weight 0.3 --corridor-dist-sigma 1.5 --corridor-heading-sigma 0.35 --background-class-weight 0.2 --max-background-obs 120 --expected-obs-count 150.0 --pose-smooth-alpha-pos 0.55 --pose-smooth-alpha-theta 0.5 --odom-yaw-filter-alpha 0.9 --particle-count 100 --point-ang-sigma 0.08 --point-range-sigma 0.35 --point-ang-gate 0.2 --point-max-range-diff 1.5 --no-visualization --require-cuda

/home/pulver/projects/Outdoor_SLPF/.venv/lib/python3.10/site-packages/matplotlib/projections/__init__.py:63: UserWarning: Unable to import Axes3D. This may be due to multiple versions of Matplotlib being installed (e.g. as a system package and as a pip package). As a result, the 3D projection is not available.
  warnings.warn("Unable to import Axes3D. This may be due to multiple versions of "
Using device: cuda
[INFO] Running with Miss Penalty: 4.0, Wrong Hit Penalty: 4.0, GPS Weight: 0.5, Seed: 33, Output: /home/pulver/projects/Outdoor_SLPF/results/iros_ablation/20260217_085404_ablation/full/seed_33, Stride: 4, MaxFrames: None, Visualize: False, Model: wall, DisableGPS: False, DisableSemantic: False, DisableCorridor: False, DisableBackground: False, StaticGPSWeight: False, DisablePoseSmooth: False

Processing frames:   0%|          | 0/1593 [00:00<?, ?it/s]
Processing frames:   0%|          | 1/1593 [00:00<23:38,  1.12it/s]
Processing frames:   1%|          | 9/1593 [00:01<02:20, 11.25it/s]
Processing frames:   1%|          | 17/1593 [00:01<01:16, 20.68it/s]
Processing frames:   2%|▏         | 25/1593 [00:01<00:54, 28.94it/s]
Processing frames:   2%|▏         | 33/1593 [00:01<00:43, 35.74it/s]
Processing frames:   3%|▎         | 41/1593 [00:01<00:38, 40.59it/s]
Processing frames:   3%|▎         | 49/1593 [00:01<00:34, 45.04it/s]
Processing frames:   4%|▎         | 57/1593 [00:01<00:31, 48.21it/s]
Processing frames:   4%|▍         | 65/1593 [00:02<00:30, 49.81it/s]
Processing frames:   5%|▍         | 73/1593 [00:02<00:30, 49.96it/s]
Processing frames:   5%|▌         | 81/1593 [00:02<00:29, 50.79it/s]
Processing frames:   6%|▌         | 89/1593 [00:02<00:29, 50.97it/s]
Processing frames:   6%|▌         | 97/1593 [00:02<00:29, 50.37it/s]
Processing frames:   7%|▋         | 105/1593 [00:02<00:29, 50.68it/s]
Processing frames:   7%|▋         | 113/1593 [00:02<00:28, 51.90it/s]
Processing frames:   8%|▊         | 121/1593 [00:03<00:27, 53.33it/s]
Processing frames:   8%|▊         | 129/1593 [00:03<00:26, 54.34it/s]
Processing frames:   9%|▊         | 137/1593 [00:03<00:27, 52.20it/s]
Processing frames:   9%|▉         | 145/1593 [00:03<00:27, 52.24it/s]
Processing frames:  10%|▉         | 153/1593 [00:03<00:28, 51.00it/s]
Processing frames:  10%|█         | 161/1593 [00:03<00:27, 52.48it/s]
Processing frames:  11%|█         | 169/1593 [00:04<00:26, 54.68it/s]
Processing frames:  11%|█         | 177/1593 [00:04<00:25, 55.62it/s]
Processing frames:  12%|█▏        | 185/1593 [00:04<00:24, 56.93it/s]
Processing frames:  12%|█▏        | 193/1593 [00:04<00:23, 58.62it/s]
Processing frames:  13%|█▎        | 201/1593 [00:04<00:22, 62.40it/s]
Processing frames:  13%|█▎        | 209/1593 [00:04<00:21, 64.05it/s]
Processing frames:  14%|█▎        | 217/1593 [00:04<00:20, 66.08it/s]
Processing frames:  14%|█▍        | 225/1593 [00:04<00:19, 68.61it/s]
Processing frames:  15%|█▍        | 233/1593 [00:04<00:19, 71.12it/s]
Processing frames:  15%|█▌        | 245/1593 [00:05<00:17, 75.29it/s]
Processing frames:  16%|█▌        | 253/1593 [00:05<00:18, 72.98it/s]
Processing frames:  16%|█▋        | 261/1593 [00:05<00:18, 70.51it/s]
Processing frames:  17%|█▋        | 269/1593 [00:05<00:22, 57.78it/s]
Processing frames:  17%|█▋        | 277/1593 [00:05<00:25, 52.27it/s]
Processing frames:  18%|█▊        | 285/1593 [00:05<00:26, 50.23it/s]
Processing frames:  18%|█▊        | 293/1593 [00:06<00:25, 50.07it/s]
Processing frames:  19%|█▉        | 301/1593 [00:06<00:24, 51.93it/s]
Processing frames:  19%|█▉        | 309/1593 [00:06<00:24, 53.06it/s]
Processing frames:  20%|█▉        | 317/1593 [00:06<00:25, 50.73it/s]
Processing frames:  20%|██        | 325/1593 [00:06<00:26, 47.96it/s]
Processing frames:  21%|██        | 333/1593 [00:06<00:25, 49.51it/s]
Processing frames:  21%|██▏       | 341/1593 [00:06<00:23, 52.45it/s]
Processing frames:  22%|██▏       | 349/1593 [00:07<00:23, 53.34it/s]
Processing frames:  22%|██▏       | 357/1593 [00:07<00:22, 55.77it/s]
Processing frames:  23%|██▎       | 365/1593 [00:07<00:20, 60.82it/s]
Processing frames:  23%|██▎       | 373/1593 [00:07<00:18, 65.46it/s]
Processing frames:  24%|██▍       | 381/1593 [00:07<00:17, 68.49it/s]
Processing frames:  25%|██▍       | 393/1593 [00:07<00:16, 74.21it/s]
Processing frames:  25%|██▌       | 405/1593 [00:07<00:16, 72.96it/s]
Processing frames:  26%|██▌       | 413/1593 [00:08<00:17, 66.16it/s]
Processing frames:  26%|██▋       | 421/1593 [00:08<00:19, 60.77it/s]
Processing frames:  27%|██▋       | 429/1593 [00:08<00:20, 56.74it/s]
Processing frames:  27%|██▋       | 437/1593 [00:08<00:20, 55.34it/s]
Processing frames:  28%|██▊       | 445/1593 [00:08<00:21, 52.89it/s]
Processing frames:  28%|██▊       | 453/1593 [00:08<00:21, 53.29it/s]
Processing frames:  29%|██▉       | 461/1593 [00:08<00:21, 53.10it/s]
Processing frames:  29%|██▉       | 469/1593 [00:09<00:22, 49.72it/s]
Processing frames:  30%|██▉       | 477/1593 [00:09<00:22, 50.25it/s]
Processing frames:  30%|███       | 485/1593 [00:09<00:21, 52.11it/s]
Processing frames:  31%|███       | 493/1593 [00:09<00:21, 51.16it/s]
Processing frames:  31%|███▏      | 501/1593 [00:09<00:20, 52.84it/s]
Processing frames:  32%|███▏      | 509/1593 [00:09<00:19, 55.11it/s]
Processing frames:  32%|███▏      | 517/1593 [00:10<00:18, 56.72it/s]
Processing frames:  33%|███▎      | 525/1593 [00:10<00:18, 57.93it/s]
Processing frames:  33%|███▎      | 533/1593 [00:10<00:17, 59.67it/s]
Processing frames:  34%|███▍      | 545/1593 [00:10<00:15, 65.52it/s]
Processing frames:  35%|███▍      | 553/1593 [00:10<00:16, 64.74it/s]
Processing frames:  35%|███▌      | 561/1593 [00:10<00:17, 58.13it/s]
Processing frames:  36%|███▌      | 569/1593 [00:10<00:19, 52.40it/s]
Processing frames:  36%|███▌      | 577/1593 [00:11<00:21, 47.81it/s]
Processing frames:  37%|███▋      | 585/1593 [00:11<00:21, 47.47it/s]
Processing frames:  37%|███▋      | 593/1593 [00:11<00:21, 45.96it/s]
Processing frames:  38%|███▊      | 601/1593 [00:11<00:21, 46.83it/s]
Processing frames:  38%|███▊      | 609/1593 [00:11<00:20, 47.41it/s]
Processing frames:  39%|███▊      | 617/1593 [00:12<00:21, 45.65it/s]
Processing frames:  39%|███▉      | 625/1593 [00:12<00:20, 47.47it/s]
Processing frames:  40%|███▉      | 633/1593 [00:12<00:19, 50.08it/s]
Processing frames:  40%|████      | 641/1593 [00:12<00:17, 53.33it/s]
Processing frames:  41%|████      | 649/1593 [00:12<00:17, 54.88it/s]
Processing frames:  41%|████      | 657/1593 [00:12<00:16, 57.39it/s]
Processing frames:  42%|████▏     | 665/1593 [00:12<00:14, 62.29it/s]
Processing frames:  42%|████▏     | 677/1593 [00:12<00:13, 68.10it/s]
Processing frames:  43%|████▎     | 685/1593 [00:13<00:14, 62.39it/s]
Processing frames:  44%|████▎     | 693/1593 [00:13<00:14, 62.28it/s]
Processing frames:  44%|████▍     | 701/1593 [00:13<00:14, 60.22it/s]
Processing frames:  45%|████▍     | 709/1593 [00:13<00:16, 53.55it/s]
Processing frames:  45%|████▌     | 717/1593 [00:13<00:17, 51.40it/s]
Processing frames:  46%|████▌     | 725/1593 [00:13<00:16, 51.45it/s]
Processing frames:  46%|████▌     | 733/1593 [00:14<00:16, 51.37it/s]
Processing frames:  47%|████▋     | 741/1593 [00:14<00:16, 51.03it/s]
Processing frames:  47%|████▋     | 749/1593 [00:14<00:15, 52.92it/s]
Processing frames:  48%|████▊     | 757/1593 [00:14<00:15, 54.71it/s]
Processing frames:  48%|████▊     | 765/1593 [00:14<00:14, 57.50it/s]
Processing frames:  49%|████▊     | 773/1593 [00:14<00:13, 62.31it/s]
Processing frames:  49%|████▉     | 781/1593 [00:14<00:12, 65.65it/s]
Processing frames:  50%|████▉     | 793/1593 [00:14<00:11, 72.03it/s]
Processing frames:  50%|█████     | 801/1593 [00:15<00:11, 71.47it/s]
Processing frames:  51%|█████     | 809/1593 [00:15<00:13, 59.05it/s]
Processing frames:  51%|█████     | 816/1593 [00:15<00:13, 58.45it/s]
Processing frames:  52%|█████▏    | 823/1593 [00:15<00:16, 46.40it/s]
Processing frames:  52%|█████▏    | 829/1593 [00:15<00:20, 37.82it/s]
Processing frames:  52%|█████▏    | 834/1593 [00:16<00:20, 37.84it/s]
Processing frames:  53%|█████▎    | 839/1593 [00:16<00:19, 39.10it/s]
Processing frames:  53%|█████▎    | 844/1593 [00:16<00:18, 39.60it/s]
Processing frames:  53%|█████▎    | 849/1593 [00:16<00:22, 32.74it/s]
Processing frames:  54%|█████▎    | 853/1593 [00:16<00:21, 33.73it/s]
Processing frames:  54%|█████▍    | 857/1593 [00:16<00:21, 34.45it/s]
Processing frames:  54%|█████▍    | 861/1593 [00:16<00:20, 34.86it/s]
Processing frames:  54%|█████▍    | 865/1593 [00:16<00:20, 35.21it/s]
Processing frames:  55%|█████▍    | 869/1593 [00:17<00:21, 34.34it/s]
Processing frames:  55%|█████▌    | 877/1593 [00:17<00:18, 39.28it/s]
Processing frames:  56%|█████▌    | 885/1593 [00:17<00:15, 44.73it/s]
Processing frames:  56%|█████▌    | 893/1593 [00:17<00:15, 46.26it/s]
Processing frames:  57%|█████▋    | 901/1593 [00:17<00:13, 50.47it/s]
Processing frames:  57%|█████▋    | 909/1593 [00:17<00:12, 54.68it/s]
Processing frames:  58%|█████▊    | 921/1593 [00:17<00:10, 63.15it/s]
Processing frames:  59%|█████▊    | 933/1593 [00:18<00:09, 69.02it/s]
Processing frames:  59%|█████▉    | 941/1593 [00:18<00:09, 66.92it/s]
Processing frames:  60%|█████▉    | 949/1593 [00:18<00:09, 64.73it/s]
Processing frames:  60%|██████    | 957/1593 [00:18<00:11, 57.05it/s]
Processing frames:  60%|██████    | 963/1593 [00:18<00:11, 56.77it/s]
Processing frames:  61%|██████    | 969/1593 [00:18<00:13, 46.62it/s]
Processing frames:  61%|██████    | 974/1593 [00:18<00:13, 46.54it/s]
Processing frames:  61%|██████▏   | 979/1593 [00:19<00:13, 46.87it/s]
Processing frames:  62%|██████▏   | 985/1593 [00:19<00:15, 39.85it/s]
Processing frames:  62%|██████▏   | 990/1593 [00:19<00:14, 41.79it/s]
Processing frames:  62%|██████▏   | 995/1593 [00:19<00:14, 41.46it/s]
Processing frames:  63%|██████▎   | 1000/1593 [00:19<00:14, 42.04it/s]
Processing frames:  63%|██████▎   | 1005/1593 [00:19<00:17, 33.07it/s]
Processing frames:  63%|██████▎   | 1009/1593 [00:19<00:17, 32.99it/s]
Processing frames:  64%|██████▍   | 1017/1593 [00:20<00:16, 35.92it/s]
Processing frames:  64%|██████▍   | 1025/1593 [00:20<00:14, 39.08it/s]
Processing frames:  65%|██████▍   | 1033/1593 [00:20<00:13, 42.53it/s]
Processing frames:  65%|██████▌   | 1041/1593 [00:20<00:12, 44.66it/s]
Processing frames:  66%|██████▌   | 1049/1593 [00:20<00:11, 49.00it/s]
Processing frames:  67%|██████▋   | 1061/1593 [00:20<00:08, 59.72it/s]
Processing frames:  67%|██████▋   | 1069/1593 [00:20<00:08, 64.12it/s]
Processing frames:  68%|██████▊   | 1077/1593 [00:21<00:07, 64.79it/s]
Processing frames:  68%|██████▊   | 1085/1593 [00:21<00:08, 62.49it/s]
Processing frames:  69%|██████▊   | 1092/1593 [00:21<00:08, 60.88it/s]
Processing frames:  69%|██████▉   | 1099/1593 [00:21<00:11, 44.28it/s]
Processing frames:  69%|██████▉   | 1105/1593 [00:21<00:13, 36.53it/s]
Processing frames:  70%|██████▉   | 1110/1593 [00:21<00:13, 37.04it/s]
Processing frames:  70%|██████▉   | 1115/1593 [00:22<00:12, 38.44it/s]
Processing frames:  70%|███████   | 1120/1593 [00:22<00:12, 38.51it/s]
Processing frames:  71%|███████   | 1125/1593 [00:22<00:15, 31.01it/s]
Processing frames:  71%|███████   | 1129/1593 [00:22<00:14, 31.35it/s]
Processing frames:  71%|███████   | 1133/1593 [00:22<00:14, 32.03it/s]
Processing frames:  71%|███████▏  | 1137/1593 [00:22<00:14, 32.16it/s]
Processing frames:  72%|███████▏  | 1141/1593 [00:22<00:13, 32.59it/s]
Processing frames:  72%|███████▏  | 1145/1593 [00:23<00:13, 32.54it/s]
Processing frames:  72%|███████▏  | 1149/1593 [00:23<00:13, 32.23it/s]
Processing frames:  72%|███████▏  | 1153/1593 [00:23<00:13, 32.36it/s]
Processing frames:  73%|███████▎  | 1157/1593 [00:23<00:13, 33.45it/s]
Processing frames:  73%|███████▎  | 1161/1593 [00:23<00:12, 34.75it/s]
Processing frames:  73%|███████▎  | 1169/1593 [00:23<00:10, 40.31it/s]
Processing frames:  74%|███████▍  | 1177/1593 [00:23<00:09, 43.77it/s]
Processing frames:  74%|███████▍  | 1185/1593 [00:24<00:08, 49.06it/s]
Processing frames:  75%|███████▌  | 1197/1593 [00:24<00:06, 59.04it/s]
Processing frames:  76%|███████▌  | 1205/1593 [00:24<00:06, 63.37it/s]
Processing frames:  76%|███████▌  | 1213/1593 [00:24<00:05, 67.08it/s]
Processing frames:  77%|███████▋  | 1221/1593 [00:24<00:05, 69.00it/s]
Processing frames:  77%|███████▋  | 1229/1593 [00:24<00:05, 67.29it/s]
Processing frames:  78%|███████▊  | 1237/1593 [00:24<00:06, 57.41it/s]
Processing frames:  78%|███████▊  | 1244/1593 [00:24<00:05, 58.92it/s]
Processing frames:  79%|███████▊  | 1251/1593 [00:25<00:07, 47.30it/s]
Processing frames:  79%|███████▉  | 1257/1593 [00:25<00:08, 41.22it/s]
Processing frames:  79%|███████▉  | 1265/1593 [00:25<00:08, 40.45it/s]
Processing frames:  80%|███████▉  | 1273/1593 [00:25<00:07, 43.08it/s]
Processing frames:  80%|████████  | 1281/1593 [00:25<00:06, 44.98it/s]
Processing frames:  81%|████████  | 1289/1593 [00:25<00:06, 46.73it/s]
Processing frames:  81%|████████▏ | 1297/1593 [00:26<00:06, 48.41it/s]
Processing frames:  82%|████████▏ | 1305/1593 [00:26<00:05, 52.37it/s]
Processing frames:  82%|████████▏ | 1313/1593 [00:26<00:04, 58.32it/s]
Processing frames:  83%|████████▎ | 1321/1593 [00:26<00:04, 60.25it/s]
Processing frames:  83%|████████▎ | 1329/1593 [00:26<00:04, 64.02it/s]
Processing frames:  84%|████████▍ | 1341/1593 [00:26<00:03, 68.93it/s]
Processing frames:  85%|████████▍ | 1348/1593 [00:26<00:03, 65.49it/s]
Processing frames:  85%|████████▌ | 1355/1593 [00:27<00:04, 50.17it/s]
Processing frames:  85%|████████▌ | 1361/1593 [00:27<00:05, 40.85it/s]
Processing frames:  86%|████████▌ | 1366/1593 [00:27<00:05, 42.00it/s]
Processing frames:  86%|████████▌ | 1371/1593 [00:27<00:05, 43.21it/s]
Processing frames:  86%|████████▋ | 1377/1593 [00:27<00:05, 38.05it/s]
Processing frames:  87%|████████▋ | 1382/1593 [00:27<00:05, 40.26it/s]
Processing frames:  87%|████████▋ | 1387/1593 [00:27<00:05, 41.02it/s]
Processing frames:  87%|████████▋ | 1392/1593 [00:28<00:04, 41.41it/s]
Processing frames:  88%|████████▊ | 1397/1593 [00:28<00:05, 33.94it/s]
Processing frames:  88%|████████▊ | 1405/1593 [00:28<00:05, 37.12it/s]
Processing frames:  89%|████████▊ | 1413/1593 [00:28<00:04, 42.85it/s]
Processing frames:  89%|████████▉ | 1421/1593 [00:28<00:03, 45.83it/s]
Processing frames:  90%|████████▉ | 1429/1593 [00:28<00:03, 47.05it/s]
Processing frames:  90%|█████████ | 1437/1593 [00:29<00:03, 48.75it/s]
Processing frames:  91%|█████████ | 1445/1593 [00:29<00:02, 51.03it/s]
Processing frames:  91%|█████████ | 1453/1593 [00:29<00:02, 56.06it/s]
Processing frames:  92%|█████████▏| 1461/1593 [00:29<00:02, 60.61it/s]
Processing frames:  92%|█████████▏| 1469/1593 [00:29<00:02, 55.91it/s]
Processing frames:  93%|█████████▎| 1477/1593 [00:29<00:02, 55.62it/s]
Processing frames:  93%|█████████▎| 1485/1593 [00:29<00:01, 56.09it/s]
Processing frames:  94%|█████████▎| 1493/1593 [00:30<00:01, 58.87it/s]
Processing frames:  94%|█████████▍| 1501/1593 [00:30<00:01, 60.87it/s]
Processing frames:  95%|█████████▍| 1509/1593 [00:30<00:01, 59.99it/s]
Processing frames:  95%|█████████▌| 1517/1593 [00:30<00:01, 59.46it/s]
Processing frames:  96%|█████████▌| 1525/1593 [00:30<00:01, 60.23it/s]
Processing frames:  96%|█████████▌| 1533/1593 [00:30<00:00, 60.15it/s]
Processing frames:  97%|█████████▋| 1541/1593 [00:30<00:00, 61.65it/s]
Processing frames:  97%|█████████▋| 1553/1593 [00:30<00:00, 68.88it/s]
Processing frames:  98%|█████████▊| 1565/1593 [00:31<00:00, 73.60it/s]
Processing frames:  99%|█████████▉| 1577/1593 [00:31<00:00, 74.89it/s]
Processing frames:  99%|█████████▉| 1585/1593 [00:31<00:00, 73.88it/s]
Processing frames: 100%|██████████| 1593/1593 [00:31<00:00, 50.64it/s]
[INFO] Trajectory saved to /home/pulver/projects/Outdoor_SLPF/results/iros_ablation/20260217_085404_ablation/full/seed_33/trajectory_0.5.tum
[INFO] Trajectory saved to /home/pulver/projects/Outdoor_SLPF/results/iros_ablation/20260217_085404_ablation/full/seed_33/gps_pose.tum
[INFO] Finished processing all frames from the CSV file.

[exit_code=0 duration_sec=36.19]
