$ /home/pulver/projects/Outdoor_SLPF/.venv/bin/python /home/pulver/projects/Outdoor_SLPF/scripts/spf_lidar.py --miss-penalty 4.0 --wrong-hit-penalty 4.0 --gps-weight 0.5 --seed 11 --output-folder /home/pulver/projects/Outdoor_SLPF/results/iros/20260217_172656_multiseed_main/slpf/seed_11 --frame-stride 4 --semantic-sigma 0.05 --gps-sigma 1.1 --corridor-weight 0.30 --corridor-dist-sigma 1.50 --corridor-heading-sigma 0.35 --background-class-weight 0.20 --max-background-obs 120 --expected-obs-count 150 --pose-smooth-alpha-pos 0.55 --pose-smooth-alpha-theta 0.50 --odom-yaw-filter-alpha 0.90 --particle-count 100 --no-visualization --require-cuda

/home/pulver/projects/Outdoor_SLPF/.venv/lib/python3.10/site-packages/matplotlib/projections/__init__.py:63: UserWarning: Unable to import Axes3D. This may be due to multiple versions of Matplotlib being installed (e.g. as a system package and as a pip package). As a result, the 3D projection is not available.
  warnings.warn("Unable to import Axes3D. This may be due to multiple versions of "
Using device: cuda
[INFO] Running with Miss Penalty: 4.0, Wrong Hit Penalty: 4.0, GPS Weight: 0.5, Seed: 11, Output: /home/pulver/projects/Outdoor_SLPF/results/iros/20260217_172656_multiseed_main/slpf/seed_11, Stride: 4, MaxFrames: None, Visualize: False, Model: wall, DisableGPS: False, DisableSemantic: False, DisableCorridor: False, DisableBackground: False, StaticGPSWeight: False, DisablePoseSmooth: False, SemanticClasses: both

Processing frames:   0%|          | 0/1593 [00:00<?, ?it/s]
Processing frames:   0%|          | 1/1593 [00:00<23:45,  1.12it/s]
Processing frames:   1%|          | 9/1593 [00:01<02:20, 11.31it/s]
Processing frames:   1%|          | 17/1593 [00:01<01:15, 20.80it/s]
Processing frames:   2%|▏         | 25/1593 [00:01<00:53, 29.35it/s]
Processing frames:   2%|▏         | 33/1593 [00:01<00:42, 36.66it/s]
Processing frames:   3%|▎         | 41/1593 [00:01<00:37, 41.75it/s]
Processing frames:   3%|▎         | 49/1593 [00:01<00:33, 46.77it/s]
Processing frames:   4%|▎         | 57/1593 [00:01<00:30, 50.18it/s]
Processing frames:   4%|▍         | 65/1593 [00:01<00:29, 52.25it/s]
Processing frames:   5%|▍         | 73/1593 [00:02<00:29, 52.39it/s]
Processing frames:   5%|▌         | 81/1593 [00:02<00:28, 53.45it/s]
Processing frames:   6%|▌         | 89/1593 [00:02<00:27, 53.73it/s]
Processing frames:   6%|▌         | 97/1593 [00:02<00:28, 52.36it/s]
Processing frames:   7%|▋         | 105/1593 [00:02<00:28, 51.69it/s]
Processing frames:   7%|▋         | 113/1593 [00:02<00:29, 50.79it/s]
Processing frames:   8%|▊         | 121/1593 [00:03<00:28, 51.71it/s]
Processing frames:   8%|▊         | 129/1593 [00:03<00:27, 52.92it/s]
Processing frames:   9%|▊         | 137/1593 [00:03<00:28, 51.00it/s]
Processing frames:   9%|▉         | 145/1593 [00:03<00:28, 50.95it/s]
Processing frames:  10%|▉         | 153/1593 [00:03<00:28, 50.14it/s]
Processing frames:  10%|█         | 161/1593 [00:03<00:27, 51.79it/s]
Processing frames:  11%|█         | 169/1593 [00:03<00:26, 54.24it/s]
Processing frames:  11%|█         | 177/1593 [00:04<00:25, 55.51it/s]
Processing frames:  12%|█▏        | 185/1593 [00:04<00:24, 56.64it/s]
Processing frames:  12%|█▏        | 193/1593 [00:04<00:24, 57.51it/s]
Processing frames:  13%|█▎        | 201/1593 [00:04<00:22, 60.58it/s]
Processing frames:  13%|█▎        | 209/1593 [00:04<00:22, 61.47it/s]
Processing frames:  14%|█▎        | 217/1593 [00:04<00:22, 61.69it/s]
Processing frames:  14%|█▍        | 225/1593 [00:04<00:21, 62.41it/s]
Processing frames:  15%|█▍        | 233/1593 [00:04<00:21, 64.00it/s]
Processing frames:  15%|█▌        | 241/1593 [00:05<00:20, 67.59it/s]
Processing frames:  16%|█▌        | 249/1593 [00:05<00:19, 67.91it/s]
Processing frames:  16%|█▌        | 257/1593 [00:05<00:19, 69.97it/s]
Processing frames:  17%|█▋        | 265/1593 [00:05<00:21, 61.43it/s]
Processing frames:  17%|█▋        | 272/1593 [00:05<00:20, 63.15it/s]
Processing frames:  18%|█▊        | 279/1593 [00:05<00:24, 52.86it/s]
Processing frames:  18%|█▊        | 285/1593 [00:05<00:27, 46.98it/s]
Processing frames:  18%|█▊        | 293/1593 [00:06<00:26, 48.38it/s]
Processing frames:  19%|█▉        | 301/1593 [00:06<00:25, 51.25it/s]
Processing frames:  19%|█▉        | 309/1593 [00:06<00:24, 53.29it/s]
Processing frames:  20%|█▉        | 317/1593 [00:06<00:25, 50.58it/s]
Processing frames:  20%|██        | 325/1593 [00:06<00:26, 47.94it/s]
Processing frames:  21%|██        | 333/1593 [00:06<00:25, 49.22it/s]
Processing frames:  21%|██▏       | 341/1593 [00:07<00:24, 51.83it/s]
Processing frames:  22%|██▏       | 349/1593 [00:07<00:23, 52.76it/s]
Processing frames:  22%|██▏       | 357/1593 [00:07<00:22, 54.93it/s]
Processing frames:  23%|██▎       | 365/1593 [00:07<00:20, 59.65it/s]
Processing frames:  23%|██▎       | 373/1593 [00:07<00:19, 64.13it/s]
Processing frames:  24%|██▍       | 381/1593 [00:07<00:18, 67.15it/s]
Processing frames:  25%|██▍       | 393/1593 [00:07<00:16, 72.66it/s]
Processing frames:  25%|██▌       | 405/1593 [00:07<00:16, 71.33it/s]
Processing frames:  26%|██▌       | 413/1593 [00:08<00:18, 64.97it/s]
Processing frames:  26%|██▋       | 421/1593 [00:08<00:19, 59.75it/s]
Processing frames:  27%|██▋       | 429/1593 [00:08<00:20, 55.58it/s]
Processing frames:  27%|██▋       | 437/1593 [00:08<00:21, 53.98it/s]
Processing frames:  28%|██▊       | 445/1593 [00:08<00:22, 51.03it/s]
Processing frames:  28%|██▊       | 453/1593 [00:08<00:22, 51.46it/s]
Processing frames:  29%|██▉       | 461/1593 [00:09<00:21, 51.52it/s]
Processing frames:  29%|██▉       | 469/1593 [00:09<00:23, 48.34it/s]
Processing frames:  30%|██▉       | 477/1593 [00:09<00:22, 49.01it/s]
Processing frames:  30%|███       | 485/1593 [00:09<00:21, 50.91it/s]
Processing frames:  31%|███       | 493/1593 [00:09<00:21, 50.27it/s]
Processing frames:  31%|███▏      | 501/1593 [00:09<00:21, 51.85it/s]
Processing frames:  32%|███▏      | 509/1593 [00:10<00:20, 53.78it/s]
Processing frames:  32%|███▏      | 517/1593 [00:10<00:19, 55.70it/s]
Processing frames:  33%|███▎      | 525/1593 [00:10<00:18, 56.58it/s]
Processing frames:  33%|███▎      | 533/1593 [00:10<00:18, 57.99it/s]
Processing frames:  34%|███▍      | 541/1593 [00:10<00:16, 63.12it/s]
Processing frames:  34%|███▍      | 549/1593 [00:10<00:16, 63.92it/s]
Processing frames:  35%|███▍      | 557/1593 [00:10<00:16, 62.04it/s]
Processing frames:  35%|███▌      | 564/1593 [00:10<00:16, 62.53it/s]
Processing frames:  36%|███▌      | 571/1593 [00:11<00:19, 52.00it/s]
Processing frames:  36%|███▌      | 577/1593 [00:11<00:23, 43.45it/s]
Processing frames:  37%|███▋      | 585/1593 [00:11<00:22, 43.95it/s]
Processing frames:  37%|███▋      | 593/1593 [00:11<00:23, 43.29it/s]
Processing frames:  38%|███▊      | 601/1593 [00:11<00:22, 44.84it/s]
Processing frames:  38%|███▊      | 609/1593 [00:11<00:21, 46.20it/s]
Processing frames:  39%|███▊      | 617/1593 [00:12<00:21, 45.45it/s]
Processing frames:  39%|███▉      | 625/1593 [00:12<00:20, 47.37it/s]
Processing frames:  40%|███▉      | 633/1593 [00:12<00:19, 49.67it/s]
Processing frames:  40%|████      | 641/1593 [00:12<00:17, 53.17it/s]
Processing frames:  41%|████      | 649/1593 [00:12<00:17, 55.04it/s]
Processing frames:  41%|████      | 657/1593 [00:12<00:16, 57.83it/s]
Processing frames:  42%|████▏     | 669/1593 [00:12<00:14, 65.05it/s]
Processing frames:  42%|████▏     | 677/1593 [00:13<00:13, 68.34it/s]
Processing frames:  43%|████▎     | 685/1593 [00:13<00:14, 64.84it/s]
Processing frames:  44%|████▎     | 693/1593 [00:13<00:14, 63.78it/s]
Processing frames:  44%|████▍     | 701/1593 [00:13<00:14, 60.65it/s]
Processing frames:  45%|████▍     | 709/1593 [00:13<00:16, 52.92it/s]
Processing frames:  45%|████▌     | 717/1593 [00:13<00:17, 50.57it/s]
Processing frames:  46%|████▌     | 725/1593 [00:14<00:17, 50.29it/s]
Processing frames:  46%|████▌     | 733/1593 [00:14<00:17, 50.20it/s]
Processing frames:  47%|████▋     | 741/1593 [00:14<00:16, 50.33it/s]
Processing frames:  47%|████▋     | 749/1593 [00:14<00:16, 52.29it/s]
Processing frames:  48%|████▊     | 757/1593 [00:14<00:15, 54.08it/s]
Processing frames:  48%|████▊     | 765/1593 [00:14<00:14, 57.02it/s]
Processing frames:  49%|████▊     | 773/1593 [00:14<00:13, 61.74it/s]
Processing frames:  49%|████▉     | 781/1593 [00:14<00:12, 65.00it/s]
Processing frames:  50%|████▉     | 793/1593 [00:15<00:11, 71.07it/s]
Processing frames:  50%|█████     | 801/1593 [00:15<00:11, 70.52it/s]
Processing frames:  51%|█████     | 809/1593 [00:15<00:13, 58.41it/s]
Processing frames:  51%|█████     | 816/1593 [00:15<00:13, 57.12it/s]
Processing frames:  52%|█████▏    | 822/1593 [00:15<00:18, 41.30it/s]
Processing frames:  52%|█████▏    | 827/1593 [00:15<00:18, 40.62it/s]
Processing frames:  52%|█████▏    | 832/1593 [00:16<00:18, 40.21it/s]
Processing frames:  53%|█████▎    | 837/1593 [00:16<00:23, 32.04it/s]
Processing frames:  53%|█████▎    | 841/1593 [00:16<00:23, 31.98it/s]
Processing frames:  53%|█████▎    | 845/1593 [00:16<00:22, 32.67it/s]
Processing frames:  53%|█████▎    | 849/1593 [00:16<00:22, 33.69it/s]
Processing frames:  54%|█████▎    | 853/1593 [00:16<00:21, 34.49it/s]
Processing frames:  54%|█████▍    | 857/1593 [00:16<00:20, 35.06it/s]
Processing frames:  54%|█████▍    | 861/1593 [00:16<00:20, 35.15it/s]
Processing frames:  54%|█████▍    | 865/1593 [00:17<00:20, 35.10it/s]
Processing frames:  55%|█████▍    | 869/1593 [00:17<00:20, 34.49it/s]
Processing frames:  55%|█████▌    | 877/1593 [00:17<00:18, 39.38it/s]
Processing frames:  56%|█████▌    | 885/1593 [00:17<00:16, 44.20it/s]
Processing frames:  56%|█████▌    | 893/1593 [00:17<00:15, 45.69it/s]
Processing frames:  57%|█████▋    | 901/1593 [00:17<00:13, 49.94it/s]
Processing frames:  57%|█████▋    | 909/1593 [00:17<00:12, 55.39it/s]
Processing frames:  58%|█████▊    | 917/1593 [00:18<00:11, 60.57it/s]
Processing frames:  58%|█████▊    | 925/1593 [00:18<00:10, 65.33it/s]
Processing frames:  59%|█████▉    | 937/1593 [00:18<00:09, 68.76it/s]
Processing frames:  59%|█████▉    | 945/1593 [00:18<00:09, 66.02it/s]
Processing frames:  60%|█████▉    | 953/1593 [00:18<00:10, 61.41it/s]
Processing frames:  60%|██████    | 961/1593 [00:18<00:12, 52.49it/s]
Processing frames:  61%|██████    | 969/1593 [00:19<00:12, 48.90it/s]
Processing frames:  61%|██████    | 975/1593 [00:19<00:12, 50.60it/s]
Processing frames:  62%|██████▏   | 981/1593 [00:19<00:13, 43.88it/s]
Processing frames:  62%|██████▏   | 986/1593 [00:19<00:13, 44.15it/s]
Processing frames:  62%|██████▏   | 991/1593 [00:19<00:13, 45.14it/s]
Processing frames:  63%|██████▎   | 996/1593 [00:19<00:13, 43.74it/s]
Processing frames:  63%|██████▎   | 1001/1593 [00:19<00:17, 33.86it/s]
Processing frames:  63%|██████▎   | 1005/1593 [00:19<00:17, 34.14it/s]
Processing frames:  63%|██████▎   | 1009/1593 [00:20<00:17, 33.56it/s]
Processing frames:  64%|██████▍   | 1017/1593 [00:20<00:15, 36.74it/s]
Processing frames:  64%|██████▍   | 1025/1593 [00:20<00:14, 39.60it/s]
Processing frames:  65%|██████▍   | 1033/1593 [00:20<00:13, 42.60it/s]
Processing frames:  65%|██████▌   | 1041/1593 [00:20<00:12, 44.53it/s]
Processing frames:  66%|██████▌   | 1049/1593 [00:20<00:11, 48.72it/s]
Processing frames:  67%|██████▋   | 1061/1593 [00:21<00:08, 59.28it/s]
Processing frames:  67%|██████▋   | 1069/1593 [00:21<00:08, 63.83it/s]
Processing frames:  68%|██████▊   | 1077/1593 [00:21<00:07, 65.97it/s]
Processing frames:  68%|██████▊   | 1085/1593 [00:21<00:08, 63.33it/s]
Processing frames:  69%|██████▊   | 1092/1593 [00:21<00:08, 61.18it/s]
Processing frames:  69%|██████▉   | 1099/1593 [00:21<00:11, 44.41it/s]
Processing frames:  69%|██████▉   | 1105/1593 [00:22<00:13, 36.03it/s]
Processing frames:  70%|██████▉   | 1110/1593 [00:22<00:13, 36.69it/s]
Processing frames:  70%|██████▉   | 1115/1593 [00:22<00:12, 38.32it/s]
Processing frames:  70%|███████   | 1120/1593 [00:22<00:12, 38.67it/s]
Processing frames:  71%|███████   | 1125/1593 [00:22<00:15, 31.09it/s]
Processing frames:  71%|███████   | 1129/1593 [00:22<00:14, 31.56it/s]
Processing frames:  71%|███████   | 1133/1593 [00:22<00:14, 32.28it/s]
Processing frames:  71%|███████▏  | 1137/1593 [00:23<00:14, 32.45it/s]
Processing frames:  72%|███████▏  | 1141/1593 [00:23<00:13, 32.92it/s]
Processing frames:  72%|███████▏  | 1145/1593 [00:23<00:13, 32.77it/s]
Processing frames:  72%|███████▏  | 1149/1593 [00:23<00:13, 32.50it/s]
Processing frames:  72%|███████▏  | 1153/1593 [00:23<00:13, 32.63it/s]
Processing frames:  73%|███████▎  | 1157/1593 [00:23<00:12, 33.69it/s]
Processing frames:  73%|███████▎  | 1165/1593 [00:23<00:11, 37.95it/s]
Processing frames:  74%|███████▎  | 1173/1593 [00:23<00:10, 41.69it/s]
Processing frames:  74%|███████▍  | 1181/1593 [00:24<00:08, 46.16it/s]
Processing frames:  75%|███████▍  | 1189/1593 [00:24<00:07, 52.89it/s]
Processing frames:  75%|███████▌  | 1197/1593 [00:24<00:06, 59.24it/s]
Processing frames:  76%|███████▌  | 1205/1593 [00:24<00:06, 63.93it/s]
Processing frames:  76%|███████▌  | 1213/1593 [00:24<00:05, 67.67it/s]
Processing frames:  77%|███████▋  | 1221/1593 [00:24<00:05, 69.93it/s]
Processing frames:  77%|███████▋  | 1229/1593 [00:24<00:05, 68.13it/s]
Processing frames:  78%|███████▊  | 1237/1593 [00:24<00:06, 57.40it/s]
Processing frames:  78%|███████▊  | 1244/1593 [00:25<00:05, 58.53it/s]
Processing frames:  79%|███████▊  | 1251/1593 [00:25<00:07, 48.09it/s]
Processing frames:  79%|███████▉  | 1257/1593 [00:25<00:08, 41.49it/s]
Processing frames:  79%|███████▉  | 1265/1593 [00:25<00:08, 40.73it/s]
Processing frames:  80%|███████▉  | 1273/1593 [00:25<00:07, 43.51it/s]
Processing frames:  80%|████████  | 1281/1593 [00:26<00:07, 44.45it/s]
Processing frames:  81%|████████  | 1289/1593 [00:26<00:06, 46.34it/s]
Processing frames:  81%|████████▏ | 1297/1593 [00:26<00:06, 48.38it/s]
Processing frames:  82%|████████▏ | 1305/1593 [00:26<00:05, 52.39it/s]
Processing frames:  82%|████████▏ | 1314/1593 [00:26<00:04, 60.71it/s]
Processing frames:  83%|████████▎ | 1321/1593 [00:26<00:04, 60.18it/s]
Processing frames:  83%|████████▎ | 1329/1593 [00:26<00:04, 63.92it/s]
Processing frames:  84%|████████▍ | 1341/1593 [00:26<00:03, 68.63it/s]
Processing frames:  85%|████████▍ | 1348/1593 [00:27<00:03, 65.67it/s]
Processing frames:  85%|████████▌ | 1355/1593 [00:27<00:04, 50.05it/s]
Processing frames:  85%|████████▌ | 1361/1593 [00:27<00:05, 40.59it/s]
Processing frames:  86%|████████▌ | 1366/1593 [00:27<00:05, 41.87it/s]
Processing frames:  86%|████████▌ | 1371/1593 [00:27<00:05, 43.19it/s]
Processing frames:  86%|████████▋ | 1377/1593 [00:27<00:05, 37.96it/s]
Processing frames:  87%|████████▋ | 1382/1593 [00:28<00:05, 40.39it/s]
Processing frames:  87%|████████▋ | 1387/1593 [00:28<00:04, 41.44it/s]
Processing frames:  87%|████████▋ | 1392/1593 [00:28<00:04, 42.38it/s]
Processing frames:  88%|████████▊ | 1397/1593 [00:28<00:05, 34.72it/s]
Processing frames:  88%|████████▊ | 1405/1593 [00:28<00:04, 37.80it/s]
Processing frames:  89%|████████▊ | 1413/1593 [00:28<00:04, 43.44it/s]
Processing frames:  89%|████████▉ | 1421/1593 [00:28<00:03, 46.45it/s]
Processing frames:  90%|████████▉ | 1429/1593 [00:29<00:03, 47.67it/s]
Processing frames:  90%|█████████ | 1437/1593 [00:29<00:03, 49.46it/s]
Processing frames:  91%|█████████ | 1445/1593 [00:29<00:02, 51.99it/s]
Processing frames:  91%|█████████ | 1453/1593 [00:29<00:02, 57.02it/s]
Processing frames:  92%|█████████▏| 1461/1593 [00:29<00:02, 61.24it/s]
Processing frames:  92%|█████████▏| 1469/1593 [00:29<00:02, 56.95it/s]
Processing frames:  93%|█████████▎| 1477/1593 [00:29<00:02, 56.47it/s]
Processing frames:  93%|█████████▎| 1485/1593 [00:30<00:01, 56.78it/s]
Processing frames:  94%|█████████▎| 1493/1593 [00:30<00:01, 59.37it/s]
Processing frames:  94%|█████████▍| 1501/1593 [00:30<00:01, 61.21it/s]
Processing frames:  95%|█████████▍| 1509/1593 [00:30<00:01, 60.19it/s]
Processing frames:  95%|█████████▌| 1517/1593 [00:30<00:01, 60.23it/s]
Processing frames:  96%|█████████▌| 1525/1593 [00:30<00:01, 60.25it/s]
Processing frames:  96%|█████████▌| 1533/1593 [00:30<00:00, 60.19it/s]
Processing frames:  97%|█████████▋| 1541/1593 [00:30<00:00, 61.77it/s]
Processing frames:  97%|█████████▋| 1549/1593 [00:31<00:00, 66.24it/s]
Processing frames:  98%|█████████▊| 1561/1593 [00:31<00:00, 72.39it/s]
Processing frames:  99%|█████████▊| 1573/1593 [00:31<00:00, 76.55it/s]
Processing frames:  99%|█████████▉| 1581/1593 [00:31<00:00, 74.28it/s]
Processing frames: 100%|█████████▉| 1589/1593 [00:31<00:00, 73.79it/s]
Processing frames: 100%|██████████| 1593/1593 [00:31<00:00, 50.39it/s]
[INFO] Trajectory saved to /home/pulver/projects/Outdoor_SLPF/results/iros/20260217_172656_multiseed_main/slpf/seed_11/trajectory_0.5.tum
[INFO] Trajectory saved to /home/pulver/projects/Outdoor_SLPF/results/iros/20260217_172656_multiseed_main/slpf/seed_11/gps_pose.tum
[INFO] Finished processing all frames from the CSV file.

[exit_code=0 duration_sec=36.46]
