$ /home/pulver/projects/Outdoor_SLPF/.venv/bin/python /home/pulver/projects/Outdoor_SLPF/scripts/spf_lidar.py --miss-penalty 4.0 --wrong-hit-penalty 4.0 --gps-weight 0.5 --seed 22 --output-folder /home/pulver/projects/Outdoor_SLPF/results/iros_ablation/20260217_085404_ablation/no_pose_smoothing/seed_22 --frame-stride 4 --semantic-sigma 0.05 --gps-sigma 1.1 --corridor-weight 0.3 --corridor-dist-sigma 1.5 --corridor-heading-sigma 0.35 --background-class-weight 0.2 --max-background-obs 120 --expected-obs-count 150.0 --pose-smooth-alpha-pos 0.55 --pose-smooth-alpha-theta 0.5 --odom-yaw-filter-alpha 0.9 --particle-count 100 --point-ang-sigma 0.08 --point-range-sigma 0.35 --point-ang-gate 0.2 --point-max-range-diff 1.5 --no-visualization --require-cuda --disable-pose-smoothing

/home/pulver/projects/Outdoor_SLPF/.venv/lib/python3.10/site-packages/matplotlib/projections/__init__.py:63: UserWarning: Unable to import Axes3D. This may be due to multiple versions of Matplotlib being installed (e.g. as a system package and as a pip package). As a result, the 3D projection is not available.
  warnings.warn("Unable to import Axes3D. This may be due to multiple versions of "
Using device: cuda
[INFO] Running with Miss Penalty: 4.0, Wrong Hit Penalty: 4.0, GPS Weight: 0.5, Seed: 22, Output: /home/pulver/projects/Outdoor_SLPF/results/iros_ablation/20260217_085404_ablation/no_pose_smoothing/seed_22, Stride: 4, MaxFrames: None, Visualize: False, Model: wall, DisableGPS: False, DisableSemantic: False, DisableCorridor: False, DisableBackground: False, StaticGPSWeight: False, DisablePoseSmooth: True

Processing frames:   0%|          | 0/1593 [00:00<?, ?it/s]
Processing frames:   0%|          | 1/1593 [00:00<22:42,  1.17it/s]
Processing frames:   1%|          | 9/1593 [00:00<02:14, 11.81it/s]
Processing frames:   1%|          | 17/1593 [00:01<01:13, 21.37it/s]
Processing frames:   2%|▏         | 25/1593 [00:01<00:52, 30.00it/s]
Processing frames:   2%|▏         | 33/1593 [00:01<00:41, 37.59it/s]
Processing frames:   3%|▎         | 41/1593 [00:01<00:36, 42.87it/s]
Processing frames:   3%|▎         | 49/1593 [00:01<00:32, 47.94it/s]
Processing frames:   4%|▎         | 57/1593 [00:01<00:29, 51.42it/s]
Processing frames:   4%|▍         | 65/1593 [00:01<00:28, 53.55it/s]
Processing frames:   5%|▍         | 73/1593 [00:02<00:28, 53.58it/s]
Processing frames:   5%|▌         | 81/1593 [00:02<00:27, 54.68it/s]
Processing frames:   6%|▌         | 89/1593 [00:02<00:27, 54.62it/s]
Processing frames:   6%|▌         | 97/1593 [00:02<00:27, 53.44it/s]
Processing frames:   7%|▋         | 105/1593 [00:02<00:28, 52.42it/s]
Processing frames:   7%|▋         | 113/1593 [00:02<00:28, 52.47it/s]
Processing frames:   8%|▊         | 121/1593 [00:02<00:27, 52.79it/s]
Processing frames:   8%|▊         | 129/1593 [00:03<00:27, 52.78it/s]
Processing frames:   9%|▊         | 137/1593 [00:03<00:28, 50.84it/s]
Processing frames:   9%|▉         | 145/1593 [00:03<00:28, 50.99it/s]
Processing frames:  10%|▉         | 153/1593 [00:03<00:28, 50.53it/s]
Processing frames:  10%|█         | 161/1593 [00:03<00:27, 52.16it/s]
Processing frames:  11%|█         | 169/1593 [00:03<00:26, 54.50it/s]
Processing frames:  11%|█         | 177/1593 [00:04<00:25, 55.99it/s]
Processing frames:  12%|█▏        | 185/1593 [00:04<00:24, 56.54it/s]
Processing frames:  12%|█▏        | 193/1593 [00:04<00:24, 57.67it/s]
Processing frames:  13%|█▎        | 201/1593 [00:04<00:22, 60.54it/s]
Processing frames:  13%|█▎        | 209/1593 [00:04<00:22, 61.85it/s]
Processing frames:  14%|█▎        | 217/1593 [00:04<00:21, 64.14it/s]
Processing frames:  14%|█▍        | 225/1593 [00:04<00:20, 67.14it/s]
Processing frames:  15%|█▍        | 233/1593 [00:04<00:19, 69.11it/s]
Processing frames:  15%|█▌        | 241/1593 [00:04<00:18, 71.83it/s]
Processing frames:  16%|█▌        | 249/1593 [00:05<00:19, 70.37it/s]
Processing frames:  16%|█▌        | 257/1593 [00:05<00:18, 71.60it/s]
Processing frames:  17%|█▋        | 265/1593 [00:05<00:21, 61.98it/s]
Processing frames:  17%|█▋        | 272/1593 [00:05<00:20, 63.44it/s]
Processing frames:  18%|█▊        | 279/1593 [00:05<00:24, 52.90it/s]
Processing frames:  18%|█▊        | 285/1593 [00:05<00:28, 46.65it/s]
Processing frames:  18%|█▊        | 293/1593 [00:05<00:27, 47.38it/s]
Processing frames:  19%|█▉        | 301/1593 [00:06<00:25, 50.04it/s]
Processing frames:  19%|█▉        | 309/1593 [00:06<00:24, 51.89it/s]
Processing frames:  20%|█▉        | 317/1593 [00:06<00:25, 50.01it/s]
Processing frames:  20%|██        | 325/1593 [00:06<00:26, 47.57it/s]
Processing frames:  21%|██        | 333/1593 [00:06<00:25, 49.22it/s]
Processing frames:  21%|██▏       | 341/1593 [00:06<00:24, 51.86it/s]
Processing frames:  22%|██▏       | 349/1593 [00:07<00:23, 52.63it/s]
Processing frames:  22%|██▏       | 357/1593 [00:07<00:22, 54.90it/s]
Processing frames:  23%|██▎       | 365/1593 [00:07<00:20, 59.58it/s]
Processing frames:  23%|██▎       | 373/1593 [00:07<00:19, 63.85it/s]
Processing frames:  24%|██▍       | 381/1593 [00:07<00:18, 66.97it/s]
Processing frames:  25%|██▍       | 393/1593 [00:07<00:16, 72.29it/s]
Processing frames:  25%|██▌       | 405/1593 [00:07<00:16, 70.96it/s]
Processing frames:  26%|██▌       | 413/1593 [00:08<00:18, 63.77it/s]
Processing frames:  26%|██▋       | 421/1593 [00:08<00:19, 58.68it/s]
Processing frames:  27%|██▋       | 429/1593 [00:08<00:21, 54.51it/s]
Processing frames:  27%|██▋       | 437/1593 [00:08<00:21, 53.55it/s]
Processing frames:  28%|██▊       | 445/1593 [00:08<00:22, 51.94it/s]
Processing frames:  28%|██▊       | 453/1593 [00:08<00:21, 53.51it/s]
Processing frames:  29%|██▉       | 461/1593 [00:08<00:20, 54.13it/s]
Processing frames:  29%|██▉       | 469/1593 [00:09<00:21, 51.27it/s]
Processing frames:  30%|██▉       | 477/1593 [00:09<00:21, 51.76it/s]
Processing frames:  30%|███       | 485/1593 [00:09<00:20, 53.94it/s]
Processing frames:  31%|███       | 493/1593 [00:09<00:20, 53.01it/s]
Processing frames:  31%|███▏      | 501/1593 [00:09<00:20, 54.20it/s]
Processing frames:  32%|███▏      | 509/1593 [00:09<00:19, 56.21it/s]
Processing frames:  32%|███▏      | 517/1593 [00:09<00:18, 58.09it/s]
Processing frames:  33%|███▎      | 525/1593 [00:10<00:18, 58.58it/s]
Processing frames:  33%|███▎      | 533/1593 [00:10<00:17, 60.42it/s]
Processing frames:  34%|███▍      | 545/1593 [00:10<00:15, 66.04it/s]
Processing frames:  35%|███▍      | 553/1593 [00:10<00:15, 65.06it/s]
Processing frames:  35%|███▌      | 561/1593 [00:10<00:17, 58.09it/s]
Processing frames:  36%|███▌      | 569/1593 [00:10<00:19, 53.03it/s]
Processing frames:  36%|███▌      | 577/1593 [00:11<00:21, 48.12it/s]
Processing frames:  37%|███▋      | 585/1593 [00:11<00:21, 47.29it/s]
Processing frames:  37%|███▋      | 593/1593 [00:11<00:21, 45.87it/s]
Processing frames:  38%|███▊      | 601/1593 [00:11<00:21, 46.90it/s]
Processing frames:  38%|███▊      | 609/1593 [00:11<00:20, 47.09it/s]
Processing frames:  39%|███▊      | 617/1593 [00:11<00:21, 45.52it/s]
Processing frames:  39%|███▉      | 625/1593 [00:12<00:20, 47.14it/s]
Processing frames:  40%|███▉      | 633/1593 [00:12<00:19, 49.67it/s]
Processing frames:  40%|████      | 641/1593 [00:12<00:17, 53.39it/s]
Processing frames:  41%|████      | 649/1593 [00:12<00:17, 55.25it/s]
Processing frames:  41%|████      | 657/1593 [00:12<00:16, 58.09it/s]
Processing frames:  42%|████▏     | 669/1593 [00:12<00:14, 65.20it/s]
Processing frames:  42%|████▏     | 677/1593 [00:12<00:13, 68.47it/s]
Processing frames:  43%|████▎     | 685/1593 [00:13<00:13, 64.92it/s]
Processing frames:  44%|████▎     | 693/1593 [00:13<00:14, 63.68it/s]
Processing frames:  44%|████▍     | 701/1593 [00:13<00:14, 60.86it/s]
Processing frames:  45%|████▍     | 709/1593 [00:13<00:16, 53.69it/s]
Processing frames:  45%|████▌     | 717/1593 [00:13<00:17, 50.96it/s]
Processing frames:  46%|████▌     | 725/1593 [00:13<00:17, 50.28it/s]
Processing frames:  46%|████▌     | 733/1593 [00:13<00:17, 50.17it/s]
Processing frames:  47%|████▋     | 741/1593 [00:14<00:16, 50.56it/s]
Processing frames:  47%|████▋     | 749/1593 [00:14<00:16, 49.80it/s]
Processing frames:  48%|████▊     | 757/1593 [00:14<00:15, 52.26it/s]
Processing frames:  48%|████▊     | 765/1593 [00:14<00:14, 55.62it/s]
Processing frames:  49%|████▊     | 773/1593 [00:14<00:13, 60.95it/s]
Processing frames:  49%|████▉     | 781/1593 [00:14<00:12, 64.39it/s]
Processing frames:  50%|████▉     | 793/1593 [00:14<00:11, 70.58it/s]
Processing frames:  50%|█████     | 801/1593 [00:15<00:11, 70.12it/s]
Processing frames:  51%|█████     | 809/1593 [00:15<00:13, 57.64it/s]
Processing frames:  51%|█████     | 816/1593 [00:15<00:13, 57.18it/s]
Processing frames:  52%|█████▏    | 822/1593 [00:15<00:17, 43.64it/s]
Processing frames:  52%|█████▏    | 827/1593 [00:15<00:18, 42.36it/s]
Processing frames:  52%|█████▏    | 832/1593 [00:15<00:18, 41.88it/s]
Processing frames:  53%|█████▎    | 837/1593 [00:16<00:23, 32.83it/s]
Processing frames:  53%|█████▎    | 841/1593 [00:16<00:22, 32.79it/s]
Processing frames:  53%|█████▎    | 845/1593 [00:16<00:22, 33.45it/s]
Processing frames:  53%|█████▎    | 849/1593 [00:16<00:21, 34.31it/s]
Processing frames:  54%|█████▎    | 853/1593 [00:16<00:21, 34.84it/s]
Processing frames:  54%|█████▍    | 857/1593 [00:16<00:20, 35.29it/s]
Processing frames:  54%|█████▍    | 861/1593 [00:16<00:20, 35.22it/s]
Processing frames:  54%|█████▍    | 865/1593 [00:16<00:20, 35.25it/s]
Processing frames:  55%|█████▍    | 869/1593 [00:17<00:20, 34.55it/s]
Processing frames:  55%|█████▍    | 873/1593 [00:17<00:20, 35.96it/s]
Processing frames:  55%|█████▌    | 881/1593 [00:17<00:16, 43.24it/s]
Processing frames:  56%|█████▌    | 889/1593 [00:17<00:15, 45.88it/s]
Processing frames:  56%|█████▋    | 897/1593 [00:17<00:14, 48.51it/s]
Processing frames:  57%|█████▋    | 905/1593 [00:17<00:12, 53.76it/s]
Processing frames:  57%|█████▋    | 913/1593 [00:17<00:11, 59.65it/s]
Processing frames:  58%|█████▊    | 925/1593 [00:17<00:09, 67.00it/s]
Processing frames:  59%|█████▊    | 933/1593 [00:18<00:09, 70.20it/s]
Processing frames:  59%|█████▉    | 941/1593 [00:18<00:09, 66.93it/s]
Processing frames:  60%|█████▉    | 949/1593 [00:18<00:10, 63.70it/s]
Processing frames:  60%|██████    | 957/1593 [00:18<00:11, 55.94it/s]
Processing frames:  60%|██████    | 963/1593 [00:18<00:11, 55.60it/s]
Processing frames:  61%|██████    | 969/1593 [00:18<00:13, 45.40it/s]
Processing frames:  61%|██████    | 974/1593 [00:18<00:13, 45.26it/s]
Processing frames:  61%|██████▏   | 979/1593 [00:19<00:13, 45.80it/s]
Processing frames:  62%|██████▏   | 985/1593 [00:19<00:15, 38.82it/s]
Processing frames:  62%|██████▏   | 990/1593 [00:19<00:14, 40.70it/s]
Processing frames:  62%|██████▏   | 995/1593 [00:19<00:14, 40.41it/s]
Processing frames:  63%|██████▎   | 1000/1593 [00:19<00:14, 41.22it/s]
Processing frames:  63%|██████▎   | 1005/1593 [00:19<00:17, 32.76it/s]
Processing frames:  63%|██████▎   | 1009/1593 [00:19<00:17, 32.71it/s]
Processing frames:  64%|██████▍   | 1017/1593 [00:20<00:16, 35.94it/s]
Processing frames:  64%|██████▍   | 1025/1593 [00:20<00:14, 39.11it/s]
Processing frames:  65%|██████▍   | 1033/1593 [00:20<00:13, 42.40it/s]
Processing frames:  65%|██████▌   | 1041/1593 [00:20<00:12, 44.10it/s]
Processing frames:  66%|██████▌   | 1049/1593 [00:20<00:11, 48.46it/s]
Processing frames:  67%|██████▋   | 1061/1593 [00:20<00:09, 59.08it/s]
Processing frames:  67%|██████▋   | 1069/1593 [00:20<00:08, 63.60it/s]
Processing frames:  68%|██████▊   | 1077/1593 [00:21<00:07, 65.61it/s]
Processing frames:  68%|██████▊   | 1085/1593 [00:21<00:08, 62.91it/s]
Processing frames:  69%|██████▊   | 1092/1593 [00:21<00:08, 60.66it/s]
Processing frames:  69%|██████▉   | 1099/1593 [00:21<00:11, 44.12it/s]
Processing frames:  69%|██████▉   | 1105/1593 [00:21<00:13, 36.22it/s]
Processing frames:  70%|██████▉   | 1110/1593 [00:22<00:13, 36.76it/s]
Processing frames:  70%|██████▉   | 1115/1593 [00:22<00:12, 38.09it/s]
Processing frames:  70%|███████   | 1120/1593 [00:22<00:12, 38.33it/s]
Processing frames:  71%|███████   | 1125/1593 [00:22<00:15, 30.69it/s]
Processing frames:  71%|███████   | 1129/1593 [00:22<00:15, 30.86it/s]
Processing frames:  71%|███████   | 1133/1593 [00:22<00:14, 31.57it/s]
Processing frames:  71%|███████▏  | 1137/1593 [00:22<00:14, 31.95it/s]
Processing frames:  72%|███████▏  | 1141/1593 [00:23<00:13, 32.52it/s]
Processing frames:  72%|███████▏  | 1145/1593 [00:23<00:13, 32.37it/s]
Processing frames:  72%|███████▏  | 1149/1593 [00:23<00:13, 32.02it/s]
Processing frames:  72%|███████▏  | 1153/1593 [00:23<00:13, 32.16it/s]
Processing frames:  73%|███████▎  | 1157/1593 [00:23<00:13, 33.25it/s]
Processing frames:  73%|███████▎  | 1165/1593 [00:23<00:11, 37.64it/s]
Processing frames:  74%|███████▎  | 1173/1593 [00:23<00:10, 41.67it/s]
Processing frames:  74%|███████▍  | 1181/1593 [00:23<00:08, 46.42it/s]
Processing frames:  75%|███████▍  | 1189/1593 [00:24<00:07, 53.15it/s]
Processing frames:  75%|███████▌  | 1197/1593 [00:24<00:06, 59.39it/s]
Processing frames:  76%|███████▌  | 1205/1593 [00:24<00:06, 63.84it/s]
Processing frames:  76%|███████▌  | 1213/1593 [00:24<00:05, 66.88it/s]
Processing frames:  77%|███████▋  | 1221/1593 [00:24<00:05, 69.35it/s]
Processing frames:  77%|███████▋  | 1229/1593 [00:24<00:05, 67.82it/s]
Processing frames:  78%|███████▊  | 1237/1593 [00:24<00:06, 57.70it/s]
Processing frames:  78%|███████▊  | 1244/1593 [00:24<00:05, 59.24it/s]
Processing frames:  79%|███████▊  | 1251/1593 [00:25<00:07, 47.97it/s]
Processing frames:  79%|███████▉  | 1257/1593 [00:25<00:08, 41.63it/s]
Processing frames:  79%|███████▉  | 1265/1593 [00:25<00:08, 40.65it/s]
Processing frames:  80%|███████▉  | 1273/1593 [00:25<00:07, 42.87it/s]
Processing frames:  80%|████████  | 1281/1593 [00:25<00:06, 44.68it/s]
Processing frames:  81%|████████  | 1289/1593 [00:26<00:06, 46.67it/s]
Processing frames:  81%|████████▏ | 1297/1593 [00:26<00:06, 48.46it/s]
Processing frames:  82%|████████▏ | 1305/1593 [00:26<00:05, 52.43it/s]
Processing frames:  82%|████████▏ | 1313/1593 [00:26<00:04, 58.45it/s]
Processing frames:  83%|████████▎ | 1321/1593 [00:26<00:04, 60.75it/s]
Processing frames:  83%|████████▎ | 1329/1593 [00:26<00:04, 64.55it/s]
Processing frames:  84%|████████▍ | 1341/1593 [00:26<00:03, 69.32it/s]
Processing frames:  85%|████████▍ | 1349/1593 [00:27<00:04, 54.23it/s]
Processing frames:  85%|████████▌ | 1355/1593 [00:27<00:04, 52.96it/s]
Processing frames:  85%|████████▌ | 1361/1593 [00:27<00:05, 42.03it/s]
Processing frames:  86%|████████▌ | 1366/1593 [00:27<00:05, 43.15it/s]
Processing frames:  86%|████████▌ | 1371/1593 [00:27<00:05, 44.18it/s]
Processing frames:  86%|████████▋ | 1377/1593 [00:27<00:05, 38.40it/s]
Processing frames:  87%|████████▋ | 1382/1593 [00:27<00:05, 40.65it/s]
Processing frames:  87%|████████▋ | 1387/1593 [00:27<00:04, 41.31it/s]
Processing frames:  87%|████████▋ | 1392/1593 [00:28<00:04, 41.80it/s]
Processing frames:  88%|████████▊ | 1397/1593 [00:28<00:05, 34.26it/s]
Processing frames:  88%|████████▊ | 1405/1593 [00:28<00:05, 37.23it/s]
Processing frames:  89%|████████▊ | 1413/1593 [00:28<00:04, 42.87it/s]
Processing frames:  89%|████████▉ | 1421/1593 [00:28<00:03, 45.62it/s]
Processing frames:  90%|████████▉ | 1429/1593 [00:28<00:03, 46.30it/s]
Processing frames:  90%|█████████ | 1437/1593 [00:29<00:03, 47.65it/s]
Processing frames:  91%|█████████ | 1445/1593 [00:29<00:02, 49.63it/s]
Processing frames:  91%|█████████ | 1453/1593 [00:29<00:02, 54.87it/s]
Processing frames:  92%|█████████▏| 1461/1593 [00:29<00:02, 59.65it/s]
Processing frames:  92%|█████████▏| 1469/1593 [00:29<00:02, 55.72it/s]
Processing frames:  93%|█████████▎| 1477/1593 [00:29<00:02, 55.54it/s]
Processing frames:  93%|█████████▎| 1485/1593 [00:29<00:01, 56.34it/s]
Processing frames:  94%|█████████▎| 1493/1593 [00:30<00:01, 59.43it/s]
Processing frames:  94%|█████████▍| 1501/1593 [00:30<00:01, 61.23it/s]
Processing frames:  95%|█████████▍| 1509/1593 [00:30<00:01, 60.32it/s]
Processing frames:  95%|█████████▌| 1517/1593 [00:30<00:01, 60.07it/s]
Processing frames:  96%|█████████▌| 1525/1593 [00:30<00:01, 60.98it/s]
Processing frames:  96%|█████████▌| 1533/1593 [00:30<00:00, 61.15it/s]
Processing frames:  97%|█████████▋| 1541/1593 [00:30<00:00, 62.58it/s]
Processing frames:  97%|█████████▋| 1553/1593 [00:30<00:00, 69.45it/s]
Processing frames:  98%|█████████▊| 1565/1593 [00:31<00:00, 74.62it/s]
Processing frames:  99%|█████████▉| 1577/1593 [00:31<00:00, 75.49it/s]
Processing frames:  99%|█████████▉| 1585/1593 [00:31<00:00, 74.61it/s]
Processing frames: 100%|██████████| 1593/1593 [00:31<00:00, 50.62it/s]
[INFO] Trajectory saved to /home/pulver/projects/Outdoor_SLPF/results/iros_ablation/20260217_085404_ablation/no_pose_smoothing/seed_22/trajectory_0.5.tum
[INFO] Trajectory saved to /home/pulver/projects/Outdoor_SLPF/results/iros_ablation/20260217_085404_ablation/no_pose_smoothing/seed_22/gps_pose.tum
[INFO] Finished processing all frames from the CSV file.

[exit_code=0 duration_sec=36.17]
