$ /home/pulver/projects/Outdoor_SLPF/.venv/bin/python /home/pulver/projects/Outdoor_SLPF/scripts/spf_lidar.py --miss-penalty 4.0 --wrong-hit-penalty 4.0 --gps-weight 0.5 --seed 33 --output-folder /home/pulver/projects/Outdoor_SLPF/results/iros_rh1_robustness/20260225_151229_run1_robustness_gpu/option_a_detection_drop/drop_40pct/seed_33 --frame-stride 4 --semantic-sigma 0.05 --gps-sigma 1.1 --corridor-weight 0.30 --corridor-dist-sigma 1.50 --corridor-heading-sigma 0.35 --background-class-weight 0.20 --max-background-obs 120 --expected-obs-count 150 --pose-smooth-alpha-pos 0.55 --pose-smooth-alpha-theta 0.50 --odom-yaw-filter-alpha 0.90 --particle-count 100 --segment-chunk 4096 --detection-drop-rate 0.400000 --no-visualization --data-path /home/pulver/projects/Outdoor_SLPF/data/2025/rh_run1 --geojson-path /home/pulver/projects/Outdoor_SLPF/data/riseholme_poles_trunk.geojson --require-cuda

/home/pulver/projects/Outdoor_SLPF/.venv/lib/python3.10/site-packages/matplotlib/projections/__init__.py:63: UserWarning: Unable to import Axes3D. This may be due to multiple versions of Matplotlib being installed (e.g. as a system package and as a pip package). As a result, the 3D projection is not available.
  warnings.warn("Unable to import Axes3D. This may be due to multiple versions of "
Using device: cuda
[INFO] Running with Miss Penalty: 4.0, Wrong Hit Penalty: 4.0, GPS Weight: 0.5, Seed: 33, Output: /home/pulver/projects/Outdoor_SLPF/results/iros_rh1_robustness/20260225_151229_run1_robustness_gpu/option_a_detection_drop/drop_40pct/seed_33, DataPath: /home/pulver/projects/Outdoor_SLPF/data/2025/rh_run1, CSV: /home/pulver/projects/Outdoor_SLPF/data/2025/rh_run1/data.csv, Stride: 4, MaxFrames: None, Visualize: False, Model: wall, DisableGPS: False, DisableSemantic: False, DisableCorridor: False, DisableBackground: False, StaticGPSWeight: False, DisablePoseSmooth: False, SemanticClasses: both, DetectionDropRate: 0.4, SegmentChunk: 4096, ProfileRuntime: False, ProfileWarmup: 20

Processing frames:   0%|          | 0/1593 [00:00<?, ?it/s]
Processing frames:   0%|          | 1/1593 [00:00<23:04,  1.15it/s]
Processing frames:   1%|          | 9/1593 [00:01<02:14, 11.76it/s]
Processing frames:   1%|          | 17/1593 [00:01<01:13, 21.44it/s]
Processing frames:   2%|▏         | 25/1593 [00:01<00:51, 30.20it/s]
Processing frames:   2%|▏         | 33/1593 [00:01<00:41, 37.76it/s]
Processing frames:   3%|▎         | 41/1593 [00:01<00:36, 42.55it/s]
Processing frames:   3%|▎         | 49/1593 [00:01<00:32, 46.89it/s]
Processing frames:   4%|▎         | 57/1593 [00:01<00:30, 50.24it/s]
Processing frames:   4%|▍         | 65/1593 [00:01<00:29, 51.94it/s]
Processing frames:   5%|▍         | 73/1593 [00:02<00:29, 52.12it/s]
Processing frames:   5%|▌         | 81/1593 [00:02<00:28, 53.11it/s]
Processing frames:   6%|▌         | 89/1593 [00:02<00:27, 53.73it/s]
Processing frames:   6%|▌         | 97/1593 [00:02<00:28, 51.89it/s]
Processing frames:   7%|▋         | 105/1593 [00:02<00:29, 50.85it/s]
Processing frames:   7%|▋         | 113/1593 [00:02<00:29, 50.97it/s]
Processing frames:   8%|▊         | 121/1593 [00:03<00:28, 52.12it/s]
Processing frames:   8%|▊         | 129/1593 [00:03<00:27, 53.18it/s]
Processing frames:   9%|▊         | 137/1593 [00:03<00:28, 51.31it/s]
Processing frames:   9%|▉         | 145/1593 [00:03<00:28, 51.00it/s]
Processing frames:  10%|▉         | 153/1593 [00:03<00:28, 50.49it/s]
Processing frames:  10%|█         | 161/1593 [00:03<00:27, 52.37it/s]
Processing frames:  11%|█         | 169/1593 [00:03<00:25, 55.04it/s]
Processing frames:  11%|█         | 177/1593 [00:04<00:25, 56.47it/s]
Processing frames:  12%|█▏        | 185/1593 [00:04<00:24, 58.26it/s]
Processing frames:  12%|█▏        | 193/1593 [00:04<00:23, 60.03it/s]
Processing frames:  13%|█▎        | 201/1593 [00:04<00:21, 63.83it/s]
Processing frames:  13%|█▎        | 209/1593 [00:04<00:21, 65.35it/s]
Processing frames:  14%|█▎        | 217/1593 [00:04<00:20, 67.15it/s]
Processing frames:  14%|█▍        | 225/1593 [00:04<00:19, 70.41it/s]
Processing frames:  15%|█▍        | 233/1593 [00:04<00:18, 72.94it/s]
Processing frames:  15%|█▌        | 241/1593 [00:04<00:18, 74.86it/s]
Processing frames:  16%|█▌        | 249/1593 [00:05<00:18, 73.42it/s]
Processing frames:  16%|█▌        | 257/1593 [00:05<00:18, 74.14it/s]
Processing frames:  17%|█▋        | 265/1593 [00:05<00:20, 64.26it/s]
Processing frames:  17%|█▋        | 272/1593 [00:05<00:20, 65.65it/s]
Processing frames:  18%|█▊        | 279/1593 [00:05<00:24, 53.91it/s]
Processing frames:  18%|█▊        | 285/1593 [00:05<00:27, 47.24it/s]
Processing frames:  18%|█▊        | 293/1593 [00:05<00:26, 48.16it/s]
Processing frames:  19%|█▉        | 301/1593 [00:06<00:25, 50.84it/s]
Processing frames:  19%|█▉        | 309/1593 [00:06<00:24, 52.57it/s]
Processing frames:  20%|█▉        | 317/1593 [00:06<00:25, 50.24it/s]
Processing frames:  20%|██        | 325/1593 [00:06<00:26, 47.54it/s]
Processing frames:  21%|██        | 333/1593 [00:06<00:25, 49.22it/s]
Processing frames:  21%|██▏       | 341/1593 [00:06<00:24, 51.86it/s]
Processing frames:  22%|██▏       | 349/1593 [00:07<00:23, 53.62it/s]
Processing frames:  22%|██▏       | 357/1593 [00:07<00:21, 56.57it/s]
Processing frames:  23%|██▎       | 365/1593 [00:07<00:20, 60.97it/s]
Processing frames:  23%|██▎       | 373/1593 [00:07<00:18, 65.62it/s]
Processing frames:  24%|██▍       | 381/1593 [00:07<00:17, 68.33it/s]
Processing frames:  25%|██▍       | 393/1593 [00:07<00:16, 73.47it/s]
Processing frames:  25%|██▌       | 405/1593 [00:07<00:16, 72.43it/s]
Processing frames:  26%|██▌       | 413/1593 [00:07<00:17, 65.75it/s]
Processing frames:  26%|██▋       | 421/1593 [00:08<00:19, 60.22it/s]
Processing frames:  27%|██▋       | 429/1593 [00:08<00:20, 56.25it/s]
Processing frames:  27%|██▋       | 437/1593 [00:08<00:20, 55.13it/s]
Processing frames:  28%|██▊       | 445/1593 [00:08<00:21, 52.77it/s]
Processing frames:  28%|██▊       | 453/1593 [00:08<00:21, 53.18it/s]
Processing frames:  29%|██▉       | 461/1593 [00:08<00:21, 53.55it/s]
Processing frames:  29%|██▉       | 469/1593 [00:09<00:22, 50.76it/s]
Processing frames:  30%|██▉       | 477/1593 [00:09<00:21, 51.25it/s]
Processing frames:  30%|███       | 485/1593 [00:09<00:20, 53.68it/s]
Processing frames:  31%|███       | 493/1593 [00:09<00:20, 52.64it/s]
Processing frames:  31%|███▏      | 501/1593 [00:09<00:20, 54.11it/s]
Processing frames:  32%|███▏      | 509/1593 [00:09<00:19, 56.21it/s]
Processing frames:  32%|███▏      | 517/1593 [00:09<00:18, 57.99it/s]
Processing frames:  33%|███▎      | 525/1593 [00:10<00:18, 58.92it/s]
Processing frames:  33%|███▎      | 533/1593 [00:10<00:17, 60.65it/s]
Processing frames:  34%|███▍      | 545/1593 [00:10<00:15, 66.68it/s]
Processing frames:  35%|███▍      | 553/1593 [00:10<00:15, 66.06it/s]
Processing frames:  35%|███▌      | 561/1593 [00:10<00:17, 59.04it/s]
Processing frames:  36%|███▌      | 569/1593 [00:10<00:19, 53.72it/s]
Processing frames:  36%|███▌      | 577/1593 [00:10<00:20, 49.33it/s]
Processing frames:  37%|███▋      | 585/1593 [00:11<00:20, 48.29it/s]
Processing frames:  37%|███▋      | 593/1593 [00:11<00:21, 46.34it/s]
Processing frames:  38%|███▊      | 601/1593 [00:11<00:20, 47.26it/s]
Processing frames:  38%|███▊      | 609/1593 [00:11<00:20, 47.72it/s]
Processing frames:  39%|███▊      | 617/1593 [00:11<00:21, 46.00it/s]
Processing frames:  39%|███▉      | 625/1593 [00:12<00:20, 47.53it/s]
Processing frames:  40%|███▉      | 633/1593 [00:12<00:19, 49.89it/s]
Processing frames:  40%|████      | 641/1593 [00:12<00:17, 52.97it/s]
Processing frames:  41%|████      | 649/1593 [00:12<00:17, 54.92it/s]
Processing frames:  41%|████      | 657/1593 [00:12<00:16, 57.81it/s]
Processing frames:  42%|████▏     | 669/1593 [00:12<00:14, 65.42it/s]
Processing frames:  43%|████▎     | 681/1593 [00:12<00:13, 67.74it/s]
Processing frames:  43%|████▎     | 689/1593 [00:12<00:14, 64.18it/s]
Processing frames:  44%|████▍     | 697/1593 [00:13<00:14, 63.87it/s]
Processing frames:  44%|████▍     | 705/1593 [00:13<00:15, 58.06it/s]
Processing frames:  45%|████▍     | 713/1593 [00:13<00:16, 54.34it/s]
Processing frames:  45%|████▌     | 721/1593 [00:13<00:16, 51.57it/s]
Processing frames:  46%|████▌     | 729/1593 [00:13<00:16, 50.83it/s]
Processing frames:  46%|████▋     | 737/1593 [00:13<00:16, 51.12it/s]
Processing frames:  47%|████▋     | 745/1593 [00:14<00:16, 52.50it/s]
Processing frames:  47%|████▋     | 753/1593 [00:14<00:15, 54.54it/s]
Processing frames:  48%|████▊     | 761/1593 [00:14<00:14, 57.71it/s]
Processing frames:  48%|████▊     | 769/1593 [00:14<00:13, 61.90it/s]
Processing frames:  49%|████▉     | 777/1593 [00:14<00:12, 66.21it/s]
Processing frames:  49%|████▉     | 785/1593 [00:14<00:11, 69.61it/s]
Processing frames:  50%|█████     | 797/1593 [00:14<00:10, 74.64it/s]
Processing frames:  51%|█████     | 805/1593 [00:14<00:11, 67.41it/s]
Processing frames:  51%|█████     | 812/1593 [00:15<00:11, 67.07it/s]
Processing frames:  51%|█████▏    | 819/1593 [00:15<00:15, 49.14it/s]
Processing frames:  52%|█████▏    | 825/1593 [00:15<00:19, 39.81it/s]
Processing frames:  52%|█████▏    | 830/1593 [00:15<00:19, 39.89it/s]
Processing frames:  52%|█████▏    | 835/1593 [00:15<00:19, 39.65it/s]
Processing frames:  53%|█████▎    | 840/1593 [00:15<00:18, 40.69it/s]
Processing frames:  53%|█████▎    | 845/1593 [00:16<00:22, 32.84it/s]
Processing frames:  53%|█████▎    | 849/1593 [00:16<00:21, 33.98it/s]
Processing frames:  54%|█████▎    | 853/1593 [00:16<00:21, 34.82it/s]
Processing frames:  54%|█████▍    | 857/1593 [00:16<00:20, 35.38it/s]
Processing frames:  54%|█████▍    | 861/1593 [00:16<00:20, 35.64it/s]
Processing frames:  54%|█████▍    | 865/1593 [00:16<00:20, 35.83it/s]
Processing frames:  55%|█████▍    | 869/1593 [00:16<00:20, 35.24it/s]
Processing frames:  55%|█████▌    | 877/1593 [00:16<00:17, 40.03it/s]
Processing frames:  56%|█████▌    | 885/1593 [00:17<00:15, 45.11it/s]
Processing frames:  56%|█████▌    | 893/1593 [00:17<00:14, 47.07it/s]
Processing frames:  57%|█████▋    | 901/1593 [00:17<00:13, 51.57it/s]
Processing frames:  57%|█████▋    | 909/1593 [00:17<00:11, 57.13it/s]
Processing frames:  58%|█████▊    | 921/1593 [00:17<00:10, 65.29it/s]
Processing frames:  59%|█████▊    | 933/1593 [00:17<00:09, 70.83it/s]
Processing frames:  59%|█████▉    | 941/1593 [00:17<00:09, 68.16it/s]
Processing frames:  60%|█████▉    | 949/1593 [00:18<00:09, 65.59it/s]
Processing frames:  60%|██████    | 957/1593 [00:18<00:11, 56.91it/s]
Processing frames:  60%|██████    | 963/1593 [00:18<00:11, 56.61it/s]
Processing frames:  61%|██████    | 969/1593 [00:18<00:13, 46.46it/s]
Processing frames:  61%|██████    | 974/1593 [00:18<00:13, 46.22it/s]
Processing frames:  61%|██████▏   | 979/1593 [00:18<00:13, 46.77it/s]
Processing frames:  62%|██████▏   | 985/1593 [00:18<00:15, 39.81it/s]
Processing frames:  62%|██████▏   | 990/1593 [00:19<00:14, 41.62it/s]
Processing frames:  62%|██████▏   | 995/1593 [00:19<00:14, 41.38it/s]
Processing frames:  63%|██████▎   | 1000/1593 [00:19<00:14, 42.03it/s]
Processing frames:  63%|██████▎   | 1005/1593 [00:19<00:17, 33.28it/s]
Processing frames:  63%|██████▎   | 1009/1593 [00:19<00:17, 33.20it/s]
Processing frames:  64%|██████▍   | 1017/1593 [00:19<00:15, 36.55it/s]
Processing frames:  64%|██████▍   | 1025/1593 [00:20<00:14, 39.78it/s]
Processing frames:  65%|██████▍   | 1033/1593 [00:20<00:12, 43.08it/s]
Processing frames:  65%|██████▌   | 1041/1593 [00:20<00:12, 45.27it/s]
Processing frames:  66%|██████▌   | 1049/1593 [00:20<00:10, 49.67it/s]
Processing frames:  67%|██████▋   | 1061/1593 [00:20<00:08, 60.35it/s]
Processing frames:  67%|██████▋   | 1073/1593 [00:20<00:07, 66.32it/s]
Processing frames:  68%|██████▊   | 1081/1593 [00:20<00:07, 66.40it/s]
Processing frames:  68%|██████▊   | 1089/1593 [00:21<00:08, 56.70it/s]
Processing frames:  69%|██████▊   | 1095/1593 [00:21<00:09, 52.60it/s]
Processing frames:  69%|██████▉   | 1101/1593 [00:21<00:12, 40.40it/s]
Processing frames:  69%|██████▉   | 1106/1593 [00:21<00:12, 39.71it/s]
Processing frames:  70%|██████▉   | 1111/1593 [00:21<00:12, 39.49it/s]
Processing frames:  70%|███████   | 1116/1593 [00:21<00:11, 40.45it/s]
Processing frames:  70%|███████   | 1121/1593 [00:22<00:14, 31.82it/s]
Processing frames:  71%|███████   | 1125/1593 [00:22<00:14, 32.11it/s]
Processing frames:  71%|███████   | 1129/1593 [00:22<00:14, 32.35it/s]
Processing frames:  71%|███████   | 1133/1593 [00:22<00:13, 32.94it/s]
Processing frames:  71%|███████▏  | 1137/1593 [00:22<00:13, 32.83it/s]
Processing frames:  72%|███████▏  | 1141/1593 [00:22<00:13, 33.18it/s]
Processing frames:  72%|███████▏  | 1145/1593 [00:22<00:13, 32.57it/s]
Processing frames:  72%|███████▏  | 1149/1593 [00:22<00:13, 32.20it/s]
Processing frames:  72%|███████▏  | 1153/1593 [00:23<00:13, 32.35it/s]
Processing frames:  73%|███████▎  | 1157/1593 [00:23<00:13, 33.09it/s]
Processing frames:  73%|███████▎  | 1161/1593 [00:23<00:12, 34.84it/s]
Processing frames:  73%|███████▎  | 1169/1593 [00:23<00:10, 40.59it/s]
Processing frames:  74%|███████▍  | 1177/1593 [00:23<00:09, 44.03it/s]
Processing frames:  74%|███████▍  | 1185/1593 [00:23<00:08, 50.25it/s]
Processing frames:  75%|███████▌  | 1197/1593 [00:23<00:06, 60.51it/s]
Processing frames:  76%|███████▌  | 1205/1593 [00:23<00:05, 64.68it/s]
Processing frames:  76%|███████▌  | 1213/1593 [00:24<00:05, 67.90it/s]
Processing frames:  77%|███████▋  | 1221/1593 [00:24<00:05, 70.19it/s]
Processing frames:  77%|███████▋  | 1229/1593 [00:24<00:05, 68.27it/s]
Processing frames:  78%|███████▊  | 1237/1593 [00:24<00:06, 58.36it/s]
Processing frames:  78%|███████▊  | 1244/1593 [00:24<00:05, 59.44it/s]
Processing frames:  79%|███████▊  | 1251/1593 [00:24<00:07, 47.08it/s]
Processing frames:  79%|███████▉  | 1257/1593 [00:25<00:08, 40.45it/s]
Processing frames:  79%|███████▉  | 1265/1593 [00:25<00:08, 39.82it/s]
Processing frames:  80%|███████▉  | 1273/1593 [00:25<00:07, 42.58it/s]
Processing frames:  80%|████████  | 1281/1593 [00:25<00:07, 44.45it/s]
Processing frames:  81%|████████  | 1289/1593 [00:25<00:06, 45.81it/s]
Processing frames:  81%|████████▏ | 1297/1593 [00:25<00:06, 47.77it/s]
Processing frames:  82%|████████▏ | 1305/1593 [00:25<00:05, 52.34it/s]
Processing frames:  82%|████████▏ | 1313/1593 [00:26<00:04, 58.32it/s]
Processing frames:  83%|████████▎ | 1321/1593 [00:26<00:04, 61.10it/s]
Processing frames:  83%|████████▎ | 1329/1593 [00:26<00:04, 65.01it/s]
Processing frames:  84%|████████▍ | 1341/1593 [00:26<00:03, 69.36it/s]
Processing frames:  85%|████████▍ | 1349/1593 [00:26<00:04, 54.21it/s]
Processing frames:  85%|████████▌ | 1355/1593 [00:26<00:04, 52.00it/s]
Processing frames:  85%|████████▌ | 1361/1593 [00:27<00:05, 41.37it/s]
Processing frames:  86%|████████▌ | 1366/1593 [00:27<00:05, 42.33it/s]
Processing frames:  86%|████████▌ | 1371/1593 [00:27<00:05, 43.78it/s]
Processing frames:  86%|████████▋ | 1377/1593 [00:27<00:05, 38.46it/s]
Processing frames:  87%|████████▋ | 1382/1593 [00:27<00:05, 40.86it/s]
Processing frames:  87%|████████▋ | 1387/1593 [00:27<00:04, 41.53it/s]
Processing frames:  87%|████████▋ | 1392/1593 [00:27<00:04, 41.98it/s]
Processing frames:  88%|████████▊ | 1397/1593 [00:28<00:05, 34.60it/s]
Processing frames:  88%|████████▊ | 1405/1593 [00:28<00:04, 37.61it/s]
Processing frames:  89%|████████▊ | 1413/1593 [00:28<00:04, 42.95it/s]
Processing frames:  89%|████████▉ | 1421/1593 [00:28<00:03, 45.87it/s]
Processing frames:  90%|████████▉ | 1429/1593 [00:28<00:03, 46.66it/s]
Processing frames:  90%|█████████ | 1437/1593 [00:28<00:03, 48.06it/s]
Processing frames:  91%|█████████ | 1445/1593 [00:28<00:02, 50.06it/s]
Processing frames:  91%|█████████ | 1453/1593 [00:29<00:02, 55.37it/s]
Processing frames:  92%|█████████▏| 1461/1593 [00:29<00:02, 61.12it/s]
Processing frames:  92%|█████████▏| 1469/1593 [00:29<00:02, 57.14it/s]
Processing frames:  93%|█████████▎| 1477/1593 [00:29<00:02, 56.21it/s]
Processing frames:  93%|█████████▎| 1485/1593 [00:29<00:01, 56.04it/s]
Processing frames:  94%|█████████▎| 1493/1593 [00:29<00:01, 60.10it/s]
Processing frames:  94%|█████████▍| 1501/1593 [00:29<00:01, 61.76it/s]
Processing frames:  95%|█████████▍| 1509/1593 [00:29<00:01, 59.92it/s]
Processing frames:  95%|█████████▌| 1517/1593 [00:30<00:01, 59.35it/s]
Processing frames:  96%|█████████▌| 1525/1593 [00:30<00:01, 60.98it/s]
Processing frames:  96%|█████████▌| 1533/1593 [00:30<00:00, 61.58it/s]
Processing frames:  97%|█████████▋| 1541/1593 [00:30<00:00, 63.96it/s]
Processing frames:  97%|█████████▋| 1553/1593 [00:30<00:00, 70.18it/s]
Processing frames:  98%|█████████▊| 1565/1593 [00:30<00:00, 75.36it/s]
Processing frames:  99%|█████████▉| 1577/1593 [00:30<00:00, 76.73it/s]
Processing frames:  99%|█████████▉| 1585/1593 [00:31<00:00, 76.38it/s]
Processing frames: 100%|██████████| 1593/1593 [00:31<00:00, 51.17it/s]
[INFO] Trajectory saved to /home/pulver/projects/Outdoor_SLPF/results/iros_rh1_robustness/20260225_151229_run1_robustness_gpu/option_a_detection_drop/drop_40pct/seed_33/trajectory_0.5.tum
[INFO] Trajectory saved to /home/pulver/projects/Outdoor_SLPF/results/iros_rh1_robustness/20260225_151229_run1_robustness_gpu/option_a_detection_drop/drop_40pct/seed_33/gps_pose.tum
[INFO] Finished processing all frames from the CSV file.

[exit_code=0 duration_sec=35.84]
