$ /home/pulver/projects/Outdoor_SLPF/.venv/bin/python /home/pulver/projects/Outdoor_SLPF/scripts/spf_lidar.py --miss-penalty 4.0 --wrong-hit-penalty 4.0 --gps-weight 0.5 --seed 22 --output-folder /home/pulver/projects/Outdoor_SLPF/results/iros_ablation/20260217_085404_ablation/no_background/seed_22 --frame-stride 4 --semantic-sigma 0.05 --gps-sigma 1.1 --corridor-weight 0.3 --corridor-dist-sigma 1.5 --corridor-heading-sigma 0.35 --background-class-weight 0.2 --max-background-obs 120 --expected-obs-count 150.0 --pose-smooth-alpha-pos 0.55 --pose-smooth-alpha-theta 0.5 --odom-yaw-filter-alpha 0.9 --particle-count 100 --point-ang-sigma 0.08 --point-range-sigma 0.35 --point-ang-gate 0.2 --point-max-range-diff 1.5 --no-visualization --require-cuda --disable-background

/home/pulver/projects/Outdoor_SLPF/.venv/lib/python3.10/site-packages/matplotlib/projections/__init__.py:63: UserWarning: Unable to import Axes3D. This may be due to multiple versions of Matplotlib being installed (e.g. as a system package and as a pip package). As a result, the 3D projection is not available.
  warnings.warn("Unable to import Axes3D. This may be due to multiple versions of "
Using device: cuda
[INFO] Running with Miss Penalty: 4.0, Wrong Hit Penalty: 4.0, GPS Weight: 0.5, Seed: 22, Output: /home/pulver/projects/Outdoor_SLPF/results/iros_ablation/20260217_085404_ablation/no_background/seed_22, Stride: 4, MaxFrames: None, Visualize: False, Model: wall, DisableGPS: False, DisableSemantic: False, DisableCorridor: False, DisableBackground: True, StaticGPSWeight: False, DisablePoseSmooth: False

Processing frames:   0%|          | 0/1593 [00:00<?, ?it/s]
Processing frames:   0%|          | 1/1593 [00:00<22:39,  1.17it/s]
Processing frames:   1%|          | 9/1593 [00:00<02:13, 11.89it/s]
Processing frames:   1%|          | 17/1593 [00:01<01:12, 21.75it/s]
Processing frames:   2%|▏         | 25/1593 [00:01<00:51, 30.55it/s]
Processing frames:   2%|▏         | 33/1593 [00:01<00:40, 38.20it/s]
Processing frames:   3%|▎         | 41/1593 [00:01<00:35, 43.41it/s]
Processing frames:   3%|▎         | 49/1593 [00:01<00:32, 48.18it/s]
Processing frames:   4%|▎         | 57/1593 [00:01<00:29, 51.65it/s]
Processing frames:   4%|▍         | 65/1593 [00:01<00:28, 53.66it/s]
Processing frames:   5%|▍         | 73/1593 [00:02<00:28, 53.33it/s]
Processing frames:   5%|▌         | 81/1593 [00:02<00:27, 54.36it/s]
Processing frames:   6%|▌         | 89/1593 [00:02<00:27, 54.27it/s]
Processing frames:   6%|▌         | 97/1593 [00:02<00:28, 52.78it/s]
Processing frames:   7%|▋         | 105/1593 [00:02<00:28, 52.13it/s]
Processing frames:   7%|▋         | 113/1593 [00:02<00:28, 52.55it/s]
Processing frames:   8%|▊         | 121/1593 [00:02<00:27, 53.87it/s]
Processing frames:   8%|▊         | 129/1593 [00:03<00:26, 54.55it/s]
Processing frames:   9%|▊         | 137/1593 [00:03<00:28, 51.91it/s]
Processing frames:   9%|▉         | 145/1593 [00:03<00:27, 51.82it/s]
Processing frames:  10%|▉         | 153/1593 [00:03<00:28, 50.96it/s]
Processing frames:  10%|█         | 161/1593 [00:03<00:27, 52.44it/s]
Processing frames:  11%|█         | 169/1593 [00:03<00:26, 54.12it/s]
Processing frames:  11%|█         | 177/1593 [00:04<00:25, 55.04it/s]
Processing frames:  12%|█▏        | 185/1593 [00:04<00:25, 56.11it/s]
Processing frames:  12%|█▏        | 193/1593 [00:04<00:24, 58.09it/s]
Processing frames:  13%|█▎        | 201/1593 [00:04<00:22, 61.91it/s]
Processing frames:  13%|█▎        | 209/1593 [00:04<00:21, 63.65it/s]
Processing frames:  14%|█▎        | 217/1593 [00:04<00:20, 65.99it/s]
Processing frames:  14%|█▍        | 225/1593 [00:04<00:19, 69.15it/s]
Processing frames:  15%|█▍        | 233/1593 [00:04<00:19, 71.15it/s]
Processing frames:  15%|█▌        | 245/1593 [00:04<00:17, 75.38it/s]
Processing frames:  16%|█▌        | 253/1593 [00:05<00:18, 73.80it/s]
Processing frames:  16%|█▋        | 261/1593 [00:05<00:18, 72.28it/s]
Processing frames:  17%|█▋        | 269/1593 [00:05<00:21, 60.23it/s]
Processing frames:  17%|█▋        | 277/1593 [00:05<00:24, 54.23it/s]
Processing frames:  18%|█▊        | 285/1593 [00:05<00:25, 51.99it/s]
Processing frames:  18%|█▊        | 293/1593 [00:05<00:25, 51.85it/s]
Processing frames:  19%|█▉        | 301/1593 [00:06<00:24, 53.58it/s]
Processing frames:  19%|█▉        | 309/1593 [00:06<00:23, 55.39it/s]
Processing frames:  20%|█▉        | 317/1593 [00:06<00:24, 52.90it/s]
Processing frames:  20%|██        | 325/1593 [00:06<00:25, 48.98it/s]
Processing frames:  21%|██        | 333/1593 [00:06<00:24, 50.52it/s]
Processing frames:  21%|██▏       | 341/1593 [00:06<00:23, 53.61it/s]
Processing frames:  22%|██▏       | 349/1593 [00:06<00:22, 54.77it/s]
Processing frames:  22%|██▏       | 357/1593 [00:07<00:21, 56.95it/s]
Processing frames:  23%|██▎       | 365/1593 [00:07<00:19, 61.73it/s]
Processing frames:  23%|██▎       | 374/1593 [00:07<00:17, 68.73it/s]
Processing frames:  24%|██▍       | 382/1593 [00:07<00:17, 70.91it/s]
Processing frames:  25%|██▍       | 393/1593 [00:07<00:16, 72.99it/s]
Processing frames:  25%|██▌       | 405/1593 [00:07<00:16, 72.34it/s]
Processing frames:  26%|██▌       | 413/1593 [00:07<00:17, 66.65it/s]
Processing frames:  26%|██▋       | 421/1593 [00:07<00:18, 61.99it/s]
Processing frames:  27%|██▋       | 429/1593 [00:08<00:20, 58.08it/s]
Processing frames:  27%|██▋       | 437/1593 [00:08<00:20, 57.07it/s]
Processing frames:  28%|██▊       | 445/1593 [00:08<00:21, 54.48it/s]
Processing frames:  28%|██▊       | 453/1593 [00:08<00:20, 55.02it/s]
Processing frames:  29%|██▉       | 461/1593 [00:08<00:20, 54.85it/s]
Processing frames:  29%|██▉       | 469/1593 [00:08<00:21, 51.74it/s]
Processing frames:  30%|██▉       | 477/1593 [00:09<00:21, 52.37it/s]
Processing frames:  30%|███       | 485/1593 [00:09<00:20, 54.57it/s]
Processing frames:  31%|███       | 493/1593 [00:09<00:20, 53.83it/s]
Processing frames:  31%|███▏      | 501/1593 [00:09<00:19, 55.56it/s]
Processing frames:  32%|███▏      | 509/1593 [00:09<00:18, 58.10it/s]
Processing frames:  32%|███▏      | 517/1593 [00:09<00:18, 57.69it/s]
Processing frames:  33%|███▎      | 525/1593 [00:09<00:17, 59.74it/s]
Processing frames:  33%|███▎      | 533/1593 [00:09<00:16, 62.41it/s]
Processing frames:  34%|███▍      | 545/1593 [00:10<00:15, 68.64it/s]
Processing frames:  35%|███▍      | 553/1593 [00:10<00:15, 67.43it/s]
Processing frames:  35%|███▌      | 561/1593 [00:10<00:17, 59.64it/s]
Processing frames:  36%|███▌      | 569/1593 [00:10<00:18, 54.12it/s]
Processing frames:  36%|███▌      | 577/1593 [00:10<00:20, 49.24it/s]
Processing frames:  37%|███▋      | 585/1593 [00:10<00:20, 48.56it/s]
Processing frames:  37%|███▋      | 593/1593 [00:11<00:21, 46.76it/s]
Processing frames:  38%|███▊      | 601/1593 [00:11<00:20, 47.78it/s]
Processing frames:  38%|███▊      | 609/1593 [00:11<00:20, 48.51it/s]
Processing frames:  39%|███▊      | 617/1593 [00:11<00:20, 47.01it/s]
Processing frames:  39%|███▉      | 625/1593 [00:11<00:19, 48.96it/s]
Processing frames:  40%|███▉      | 633/1593 [00:11<00:18, 51.02it/s]
Processing frames:  40%|████      | 641/1593 [00:12<00:17, 54.19it/s]
Processing frames:  41%|████      | 649/1593 [00:12<00:16, 55.74it/s]
Processing frames:  41%|████      | 657/1593 [00:12<00:16, 58.24it/s]
Processing frames:  42%|████▏     | 669/1593 [00:12<00:14, 65.32it/s]
Processing frames:  42%|████▏     | 677/1593 [00:12<00:13, 68.36it/s]
Processing frames:  43%|████▎     | 685/1593 [00:12<00:13, 65.63it/s]
Processing frames:  44%|████▎     | 693/1593 [00:12<00:13, 65.02it/s]
Processing frames:  44%|████▍     | 701/1593 [00:13<00:14, 62.38it/s]
Processing frames:  45%|████▍     | 709/1593 [00:13<00:16, 55.21it/s]
Processing frames:  45%|████▌     | 717/1593 [00:13<00:16, 53.08it/s]
Processing frames:  46%|████▌     | 725/1593 [00:13<00:16, 52.84it/s]
Processing frames:  46%|████▌     | 733/1593 [00:13<00:16, 51.91it/s]
Processing frames:  47%|████▋     | 741/1593 [00:13<00:16, 52.18it/s]
Processing frames:  47%|████▋     | 749/1593 [00:13<00:15, 54.38it/s]
Processing frames:  48%|████▊     | 757/1593 [00:14<00:14, 56.37it/s]
Processing frames:  48%|████▊     | 765/1593 [00:14<00:13, 59.62it/s]
Processing frames:  49%|████▉     | 777/1593 [00:14<00:12, 65.96it/s]
Processing frames:  49%|████▉     | 785/1593 [00:14<00:11, 69.06it/s]
Processing frames:  50%|█████     | 797/1593 [00:14<00:10, 74.53it/s]
Processing frames:  51%|█████     | 805/1593 [00:14<00:11, 68.04it/s]
Processing frames:  51%|█████     | 812/1593 [00:14<00:11, 67.92it/s]
Processing frames:  51%|█████▏    | 819/1593 [00:15<00:15, 50.13it/s]
Processing frames:  52%|█████▏    | 825/1593 [00:15<00:18, 41.03it/s]
Processing frames:  52%|█████▏    | 830/1593 [00:15<00:18, 41.15it/s]
Processing frames:  52%|█████▏    | 835/1593 [00:15<00:18, 40.87it/s]
Processing frames:  53%|█████▎    | 840/1593 [00:15<00:17, 41.84it/s]
Processing frames:  53%|█████▎    | 845/1593 [00:15<00:22, 33.87it/s]
Processing frames:  53%|█████▎    | 849/1593 [00:15<00:21, 34.77it/s]
Processing frames:  54%|█████▎    | 853/1593 [00:16<00:20, 35.65it/s]
Processing frames:  54%|█████▍    | 857/1593 [00:16<00:20, 36.19it/s]
Processing frames:  54%|█████▍    | 861/1593 [00:16<00:20, 36.44it/s]
Processing frames:  54%|█████▍    | 865/1593 [00:16<00:19, 36.49it/s]
Processing frames:  55%|█████▍    | 869/1593 [00:16<00:20, 35.86it/s]
Processing frames:  55%|█████▌    | 877/1593 [00:16<00:17, 41.01it/s]
Processing frames:  56%|█████▌    | 885/1593 [00:16<00:15, 46.81it/s]
Processing frames:  56%|█████▌    | 893/1593 [00:16<00:14, 48.87it/s]
Processing frames:  57%|█████▋    | 901/1593 [00:17<00:12, 53.66it/s]
Processing frames:  57%|█████▋    | 909/1593 [00:17<00:11, 59.09it/s]
Processing frames:  58%|█████▊    | 921/1593 [00:17<00:10, 66.79it/s]
Processing frames:  59%|█████▊    | 933/1593 [00:17<00:09, 72.00it/s]
Processing frames:  59%|█████▉    | 941/1593 [00:17<00:09, 69.37it/s]
Processing frames:  60%|█████▉    | 949/1593 [00:17<00:09, 67.05it/s]
Processing frames:  60%|██████    | 957/1593 [00:17<00:10, 59.21it/s]
Processing frames:  61%|██████    | 964/1593 [00:18<00:10, 61.18it/s]
Processing frames:  61%|██████    | 971/1593 [00:18<00:11, 52.17it/s]
Processing frames:  61%|██████▏   | 977/1593 [00:18<00:14, 43.82it/s]
Processing frames:  62%|██████▏   | 985/1593 [00:18<00:14, 42.67it/s]
Processing frames:  62%|██████▏   | 991/1593 [00:18<00:13, 46.07it/s]
Processing frames:  63%|██████▎   | 996/1593 [00:18<00:13, 45.03it/s]
Processing frames:  63%|██████▎   | 1001/1593 [00:19<00:16, 35.70it/s]
Processing frames:  63%|██████▎   | 1005/1593 [00:19<00:16, 35.87it/s]
Processing frames:  63%|██████▎   | 1009/1593 [00:19<00:16, 35.40it/s]
Processing frames:  64%|██████▍   | 1017/1593 [00:19<00:15, 38.34it/s]
Processing frames:  64%|██████▍   | 1025/1593 [00:19<00:13, 41.31it/s]
Processing frames:  65%|██████▍   | 1033/1593 [00:19<00:12, 44.44it/s]
Processing frames:  65%|██████▌   | 1041/1593 [00:19<00:11, 46.22it/s]
Processing frames:  66%|██████▌   | 1049/1593 [00:20<00:10, 50.02it/s]
Processing frames:  67%|██████▋   | 1061/1593 [00:20<00:08, 60.44it/s]
Processing frames:  67%|██████▋   | 1073/1593 [00:20<00:07, 66.40it/s]
Processing frames:  68%|██████▊   | 1081/1593 [00:20<00:07, 66.84it/s]
Processing frames:  68%|██████▊   | 1089/1593 [00:20<00:08, 57.63it/s]
Processing frames:  69%|██████▊   | 1095/1593 [00:20<00:09, 53.81it/s]
Processing frames:  69%|██████▉   | 1101/1593 [00:21<00:11, 41.12it/s]
Processing frames:  69%|██████▉   | 1106/1593 [00:21<00:12, 40.23it/s]
Processing frames:  70%|██████▉   | 1111/1593 [00:21<00:12, 39.91it/s]
Processing frames:  70%|███████   | 1116/1593 [00:21<00:11, 39.93it/s]
Processing frames:  70%|███████   | 1121/1593 [00:21<00:15, 31.20it/s]
Processing frames:  71%|███████   | 1125/1593 [00:21<00:14, 31.80it/s]
Processing frames:  71%|███████   | 1129/1593 [00:21<00:14, 32.31it/s]
Processing frames:  71%|███████   | 1133/1593 [00:22<00:13, 32.97it/s]
Processing frames:  71%|███████▏  | 1137/1593 [00:22<00:13, 33.10it/s]
Processing frames:  72%|███████▏  | 1141/1593 [00:22<00:13, 33.71it/s]
Processing frames:  72%|███████▏  | 1145/1593 [00:22<00:13, 33.44it/s]
Processing frames:  72%|███████▏  | 1149/1593 [00:22<00:13, 33.04it/s]
Processing frames:  72%|███████▏  | 1153/1593 [00:22<00:13, 32.96it/s]
Processing frames:  73%|███████▎  | 1157/1593 [00:22<00:12, 34.06it/s]
Processing frames:  73%|███████▎  | 1165/1593 [00:22<00:11, 38.91it/s]
Processing frames:  74%|███████▎  | 1173/1593 [00:23<00:09, 43.40it/s]
Processing frames:  74%|███████▍  | 1181/1593 [00:23<00:08, 47.93it/s]
Processing frames:  75%|███████▍  | 1189/1593 [00:23<00:07, 54.76it/s]
Processing frames:  75%|███████▌  | 1197/1593 [00:23<00:06, 60.98it/s]
Processing frames:  76%|███████▌  | 1205/1593 [00:23<00:05, 65.26it/s]
Processing frames:  76%|███████▌  | 1213/1593 [00:23<00:05, 68.70it/s]
Processing frames:  77%|███████▋  | 1221/1593 [00:23<00:05, 71.22it/s]
Processing frames:  77%|███████▋  | 1229/1593 [00:23<00:05, 69.93it/s]
Processing frames:  78%|███████▊  | 1237/1593 [00:24<00:05, 59.62it/s]
Processing frames:  78%|███████▊  | 1244/1593 [00:24<00:05, 61.08it/s]
Processing frames:  79%|███████▊  | 1251/1593 [00:24<00:06, 49.33it/s]
Processing frames:  79%|███████▉  | 1257/1593 [00:24<00:07, 42.41it/s]
Processing frames:  79%|███████▉  | 1265/1593 [00:24<00:07, 41.34it/s]
Processing frames:  80%|███████▉  | 1273/1593 [00:24<00:07, 44.22it/s]
Processing frames:  80%|████████  | 1281/1593 [00:25<00:06, 46.54it/s]
Processing frames:  81%|████████  | 1289/1593 [00:25<00:06, 48.67it/s]
Processing frames:  81%|████████▏ | 1297/1593 [00:25<00:05, 50.56it/s]
Processing frames:  82%|████████▏ | 1305/1593 [00:25<00:05, 54.67it/s]
Processing frames:  83%|████████▎ | 1317/1593 [00:25<00:04, 62.07it/s]
Processing frames:  83%|████████▎ | 1325/1593 [00:25<00:04, 65.41it/s]
Processing frames:  84%|████████▍ | 1337/1593 [00:25<00:03, 72.01it/s]
Processing frames:  84%|████████▍ | 1345/1593 [00:26<00:04, 60.19it/s]
Processing frames:  85%|████████▍ | 1352/1593 [00:26<00:03, 61.02it/s]
Processing frames:  85%|████████▌ | 1359/1593 [00:26<00:04, 47.36it/s]
Processing frames:  86%|████████▌ | 1365/1593 [00:26<00:05, 40.69it/s]
Processing frames:  86%|████████▌ | 1370/1593 [00:26<00:05, 42.26it/s]
Processing frames:  86%|████████▋ | 1377/1593 [00:26<00:05, 39.72it/s]
Processing frames:  87%|████████▋ | 1382/1593 [00:27<00:05, 41.36it/s]
Processing frames:  87%|████████▋ | 1387/1593 [00:27<00:04, 42.02it/s]
Processing frames:  87%|████████▋ | 1392/1593 [00:27<00:04, 42.52it/s]
Processing frames:  88%|████████▊ | 1397/1593 [00:27<00:05, 34.87it/s]
Processing frames:  88%|████████▊ | 1405/1593 [00:27<00:04, 38.07it/s]
Processing frames:  89%|████████▊ | 1413/1593 [00:27<00:04, 43.79it/s]
Processing frames:  89%|████████▉ | 1421/1593 [00:27<00:03, 46.36it/s]
Processing frames:  90%|████████▉ | 1429/1593 [00:28<00:03, 47.11it/s]
Processing frames:  90%|█████████ | 1437/1593 [00:28<00:03, 49.00it/s]
Processing frames:  91%|█████████ | 1445/1593 [00:28<00:02, 51.38it/s]
Processing frames:  91%|█████████ | 1453/1593 [00:28<00:02, 56.21it/s]
Processing frames:  92%|█████████▏| 1461/1593 [00:28<00:02, 61.65it/s]
Processing frames:  92%|█████████▏| 1469/1593 [00:28<00:02, 58.13it/s]
Processing frames:  93%|█████████▎| 1477/1593 [00:28<00:01, 58.01it/s]
Processing frames:  93%|█████████▎| 1485/1593 [00:29<00:01, 58.76it/s]
Processing frames:  94%|█████████▎| 1493/1593 [00:29<00:01, 62.46it/s]
Processing frames:  94%|█████████▍| 1501/1593 [00:29<00:01, 64.50it/s]
Processing frames:  95%|█████████▍| 1509/1593 [00:29<00:01, 63.03it/s]
Processing frames:  95%|█████████▌| 1517/1593 [00:29<00:01, 62.42it/s]
Processing frames:  96%|█████████▌| 1525/1593 [00:29<00:01, 63.35it/s]
Processing frames:  96%|█████████▌| 1533/1593 [00:29<00:00, 63.66it/s]
Processing frames:  97%|█████████▋| 1541/1593 [00:29<00:00, 65.25it/s]
Processing frames:  97%|█████████▋| 1553/1593 [00:30<00:00, 71.59it/s]
Processing frames:  98%|█████████▊| 1565/1593 [00:30<00:00, 76.19it/s]
Processing frames:  99%|█████████▉| 1577/1593 [00:30<00:00, 77.12it/s]
Processing frames:  99%|█████████▉| 1585/1593 [00:30<00:00, 76.95it/s]
Processing frames: 100%|██████████| 1593/1593 [00:30<00:00, 52.16it/s]
[INFO] Trajectory saved to /home/pulver/projects/Outdoor_SLPF/results/iros_ablation/20260217_085404_ablation/no_background/seed_22/trajectory_0.5.tum
[INFO] Trajectory saved to /home/pulver/projects/Outdoor_SLPF/results/iros_ablation/20260217_085404_ablation/no_background/seed_22/gps_pose.tum
[INFO] Finished processing all frames from the CSV file.

[exit_code=0 duration_sec=35.22]
