$ /home/pulver/projects/Outdoor_SLPF/.venv/bin/python /home/pulver/projects/Outdoor_SLPF/scripts/spf_lidar.py --miss-penalty 4.0 --wrong-hit-penalty 4.0 --gps-weight 0.5 --seed 33 --output-folder /home/pulver/projects/Outdoor_SLPF/results/iros_ablation/20260217_085404_ablation/no_pose_smoothing/seed_33 --frame-stride 4 --semantic-sigma 0.05 --gps-sigma 1.1 --corridor-weight 0.3 --corridor-dist-sigma 1.5 --corridor-heading-sigma 0.35 --background-class-weight 0.2 --max-background-obs 120 --expected-obs-count 150.0 --pose-smooth-alpha-pos 0.55 --pose-smooth-alpha-theta 0.5 --odom-yaw-filter-alpha 0.9 --particle-count 100 --point-ang-sigma 0.08 --point-range-sigma 0.35 --point-ang-gate 0.2 --point-max-range-diff 1.5 --no-visualization --require-cuda --disable-pose-smoothing

/home/pulver/projects/Outdoor_SLPF/.venv/lib/python3.10/site-packages/matplotlib/projections/__init__.py:63: UserWarning: Unable to import Axes3D. This may be due to multiple versions of Matplotlib being installed (e.g. as a system package and as a pip package). As a result, the 3D projection is not available.
  warnings.warn("Unable to import Axes3D. This may be due to multiple versions of "
Using device: cuda
[INFO] Running with Miss Penalty: 4.0, Wrong Hit Penalty: 4.0, GPS Weight: 0.5, Seed: 33, Output: /home/pulver/projects/Outdoor_SLPF/results/iros_ablation/20260217_085404_ablation/no_pose_smoothing/seed_33, Stride: 4, MaxFrames: None, Visualize: False, Model: wall, DisableGPS: False, DisableSemantic: False, DisableCorridor: False, DisableBackground: False, StaticGPSWeight: False, DisablePoseSmooth: True

Processing frames:   0%|          | 0/1593 [00:00<?, ?it/s]
Processing frames:   0%|          | 1/1593 [00:00<22:54,  1.16it/s]
Processing frames:   1%|          | 9/1593 [00:01<02:14, 11.73it/s]
Processing frames:   1%|          | 17/1593 [00:01<01:13, 21.46it/s]
Processing frames:   2%|▏         | 25/1593 [00:01<00:52, 30.08it/s]
Processing frames:   2%|▏         | 33/1593 [00:01<00:41, 37.56it/s]
Processing frames:   3%|▎         | 41/1593 [00:01<00:36, 42.75it/s]
Processing frames:   3%|▎         | 49/1593 [00:01<00:32, 47.71it/s]
Processing frames:   4%|▎         | 57/1593 [00:01<00:30, 51.06it/s]
Processing frames:   4%|▍         | 65/1593 [00:01<00:28, 52.99it/s]
Processing frames:   5%|▍         | 73/1593 [00:02<00:28, 53.08it/s]
Processing frames:   5%|▌         | 81/1593 [00:02<00:27, 54.02it/s]
Processing frames:   6%|▌         | 89/1593 [00:02<00:27, 53.99it/s]
Processing frames:   6%|▌         | 97/1593 [00:02<00:28, 52.47it/s]
Processing frames:   7%|▋         | 105/1593 [00:02<00:28, 51.62it/s]
Processing frames:   7%|▋         | 113/1593 [00:02<00:28, 51.73it/s]
Processing frames:   8%|▊         | 121/1593 [00:03<00:28, 51.41it/s]
Processing frames:   8%|▊         | 129/1593 [00:03<00:28, 51.48it/s]
Processing frames:   9%|▊         | 137/1593 [00:03<00:29, 48.88it/s]
Processing frames:   9%|▉         | 145/1593 [00:03<00:29, 49.04it/s]
Processing frames:  10%|▉         | 153/1593 [00:03<00:29, 48.66it/s]
Processing frames:  10%|█         | 161/1593 [00:03<00:28, 50.29it/s]
Processing frames:  11%|█         | 169/1593 [00:03<00:27, 52.45it/s]
Processing frames:  11%|█         | 177/1593 [00:04<00:26, 53.36it/s]
Processing frames:  12%|█▏        | 185/1593 [00:04<00:25, 54.47it/s]
Processing frames:  12%|█▏        | 193/1593 [00:04<00:25, 55.73it/s]
Processing frames:  13%|█▎        | 201/1593 [00:04<00:23, 59.25it/s]
Processing frames:  13%|█▎        | 209/1593 [00:04<00:22, 60.69it/s]
Processing frames:  14%|█▎        | 217/1593 [00:04<00:22, 62.27it/s]
Processing frames:  14%|█▍        | 225/1593 [00:04<00:21, 64.99it/s]
Processing frames:  15%|█▍        | 233/1593 [00:04<00:20, 66.84it/s]
Processing frames:  15%|█▌        | 241/1593 [00:05<00:19, 70.00it/s]
Processing frames:  16%|█▌        | 249/1593 [00:05<00:19, 69.78it/s]
Processing frames:  16%|█▌        | 257/1593 [00:05<00:18, 71.43it/s]
Processing frames:  17%|█▋        | 265/1593 [00:05<00:21, 62.32it/s]
Processing frames:  17%|█▋        | 272/1593 [00:05<00:20, 64.13it/s]
Processing frames:  18%|█▊        | 279/1593 [00:05<00:24, 52.95it/s]
Processing frames:  18%|█▊        | 285/1593 [00:05<00:28, 46.31it/s]
Processing frames:  18%|█▊        | 293/1593 [00:06<00:27, 47.48it/s]
Processing frames:  19%|█▉        | 301/1593 [00:06<00:25, 50.29it/s]
Processing frames:  19%|█▉        | 309/1593 [00:06<00:24, 52.28it/s]
Processing frames:  20%|█▉        | 317/1593 [00:06<00:25, 49.65it/s]
Processing frames:  20%|██        | 325/1593 [00:06<00:26, 47.19it/s]
Processing frames:  21%|██        | 333/1593 [00:06<00:25, 49.19it/s]
Processing frames:  21%|██▏       | 341/1593 [00:07<00:24, 51.78it/s]
Processing frames:  22%|██▏       | 349/1593 [00:07<00:23, 53.10it/s]
Processing frames:  22%|██▏       | 357/1593 [00:07<00:22, 55.96it/s]
Processing frames:  23%|██▎       | 365/1593 [00:07<00:20, 60.92it/s]
Processing frames:  23%|██▎       | 373/1593 [00:07<00:18, 65.32it/s]
Processing frames:  24%|██▍       | 381/1593 [00:07<00:17, 68.14it/s]
Processing frames:  25%|██▍       | 393/1593 [00:07<00:16, 73.40it/s]
Processing frames:  25%|██▌       | 405/1593 [00:07<00:16, 71.87it/s]
Processing frames:  26%|██▌       | 413/1593 [00:08<00:18, 65.35it/s]
Processing frames:  26%|██▋       | 421/1593 [00:08<00:19, 59.33it/s]
Processing frames:  27%|██▋       | 429/1593 [00:08<00:21, 54.94it/s]
Processing frames:  27%|██▋       | 437/1593 [00:08<00:21, 53.69it/s]
Processing frames:  28%|██▊       | 445/1593 [00:08<00:22, 51.49it/s]
Processing frames:  28%|██▊       | 453/1593 [00:08<00:21, 52.11it/s]
Processing frames:  29%|██▉       | 461/1593 [00:09<00:21, 51.99it/s]
Processing frames:  29%|██▉       | 469/1593 [00:09<00:23, 48.85it/s]
Processing frames:  30%|██▉       | 477/1593 [00:09<00:22, 49.38it/s]
Processing frames:  30%|███       | 485/1593 [00:09<00:21, 51.40it/s]
Processing frames:  31%|███       | 493/1593 [00:09<00:21, 50.82it/s]
Processing frames:  31%|███▏      | 501/1593 [00:09<00:20, 52.50it/s]
Processing frames:  32%|███▏      | 509/1593 [00:09<00:19, 54.65it/s]
Processing frames:  32%|███▏      | 517/1593 [00:10<00:19, 56.47it/s]
Processing frames:  33%|███▎      | 525/1593 [00:10<00:18, 57.56it/s]
Processing frames:  33%|███▎      | 533/1593 [00:10<00:17, 59.32it/s]
Processing frames:  34%|███▍      | 545/1593 [00:10<00:16, 65.11it/s]
Processing frames:  35%|███▍      | 553/1593 [00:10<00:16, 64.30it/s]
Processing frames:  35%|███▌      | 561/1593 [00:10<00:17, 57.63it/s]
Processing frames:  36%|███▌      | 569/1593 [00:11<00:19, 52.62it/s]
Processing frames:  36%|███▌      | 577/1593 [00:11<00:21, 48.36it/s]
Processing frames:  37%|███▋      | 585/1593 [00:11<00:20, 48.11it/s]
Processing frames:  37%|███▋      | 593/1593 [00:11<00:21, 46.71it/s]
Processing frames:  38%|███▊      | 601/1593 [00:11<00:20, 47.75it/s]
Processing frames:  38%|███▊      | 609/1593 [00:11<00:20, 47.92it/s]
Processing frames:  39%|███▊      | 617/1593 [00:12<00:21, 46.16it/s]
Processing frames:  39%|███▉      | 625/1593 [00:12<00:20, 47.47it/s]
Processing frames:  40%|███▉      | 633/1593 [00:12<00:19, 49.26it/s]
Processing frames:  40%|████      | 641/1593 [00:12<00:18, 52.08it/s]
Processing frames:  41%|████      | 649/1593 [00:12<00:17, 53.29it/s]
Processing frames:  41%|████      | 657/1593 [00:12<00:16, 55.73it/s]
Processing frames:  42%|████▏     | 665/1593 [00:12<00:15, 61.13it/s]
Processing frames:  42%|████▏     | 673/1593 [00:12<00:14, 65.66it/s]
Processing frames:  43%|████▎     | 681/1593 [00:13<00:13, 66.18it/s]
Processing frames:  43%|████▎     | 689/1593 [00:13<00:14, 62.48it/s]
Processing frames:  44%|████▍     | 697/1593 [00:13<00:14, 62.13it/s]
Processing frames:  44%|████▍     | 705/1593 [00:13<00:15, 56.19it/s]
Processing frames:  45%|████▍     | 713/1593 [00:13<00:16, 53.02it/s]
Processing frames:  45%|████▌     | 719/1593 [00:13<00:16, 54.53it/s]
Processing frames:  46%|████▌     | 725/1593 [00:13<00:17, 48.35it/s]
Processing frames:  46%|████▌     | 733/1593 [00:14<00:17, 48.35it/s]
Processing frames:  47%|████▋     | 741/1593 [00:14<00:17, 49.11it/s]
Processing frames:  47%|████▋     | 749/1593 [00:14<00:16, 51.40it/s]
Processing frames:  48%|████▊     | 757/1593 [00:14<00:15, 53.61it/s]
Processing frames:  48%|████▊     | 765/1593 [00:14<00:14, 56.57it/s]
Processing frames:  49%|████▊     | 773/1593 [00:14<00:13, 61.87it/s]
Processing frames:  49%|████▉     | 781/1593 [00:14<00:12, 65.48it/s]
Processing frames:  50%|████▉     | 793/1593 [00:15<00:11, 71.83it/s]
Processing frames:  50%|█████     | 801/1593 [00:15<00:11, 71.29it/s]
Processing frames:  51%|█████     | 809/1593 [00:15<00:13, 58.85it/s]
Processing frames:  51%|█████     | 816/1593 [00:15<00:13, 58.20it/s]
Processing frames:  52%|█████▏    | 823/1593 [00:15<00:16, 45.94it/s]
Processing frames:  52%|█████▏    | 829/1593 [00:15<00:20, 37.31it/s]
Processing frames:  52%|█████▏    | 834/1593 [00:16<00:20, 37.59it/s]
Processing frames:  53%|█████▎    | 839/1593 [00:16<00:19, 38.99it/s]
Processing frames:  53%|█████▎    | 844/1593 [00:16<00:18, 39.59it/s]
Processing frames:  53%|█████▎    | 849/1593 [00:16<00:22, 33.04it/s]
Processing frames:  54%|█████▎    | 853/1593 [00:16<00:21, 33.95it/s]
Processing frames:  54%|█████▍    | 857/1593 [00:16<00:21, 34.63it/s]
Processing frames:  54%|█████▍    | 861/1593 [00:16<00:21, 34.75it/s]
Processing frames:  54%|█████▍    | 865/1593 [00:17<00:20, 34.94it/s]
Processing frames:  55%|█████▍    | 869/1593 [00:17<00:21, 34.36it/s]
Processing frames:  55%|█████▌    | 877/1593 [00:17<00:18, 39.20it/s]
Processing frames:  56%|█████▌    | 885/1593 [00:17<00:15, 44.45it/s]
Processing frames:  56%|█████▌    | 893/1593 [00:17<00:15, 45.79it/s]
Processing frames:  57%|█████▋    | 901/1593 [00:17<00:13, 50.16it/s]
Processing frames:  57%|█████▋    | 909/1593 [00:17<00:12, 55.68it/s]
Processing frames:  58%|█████▊    | 921/1593 [00:17<00:10, 64.24it/s]
Processing frames:  59%|█████▊    | 933/1593 [00:18<00:09, 69.83it/s]
Processing frames:  59%|█████▉    | 941/1593 [00:18<00:09, 67.08it/s]
Processing frames:  60%|█████▉    | 949/1593 [00:18<00:09, 64.59it/s]
Processing frames:  60%|██████    | 957/1593 [00:18<00:11, 56.68it/s]
Processing frames:  60%|██████    | 963/1593 [00:18<00:11, 56.49it/s]
Processing frames:  61%|██████    | 969/1593 [00:18<00:13, 46.83it/s]
Processing frames:  61%|██████    | 974/1593 [00:18<00:13, 47.16it/s]
Processing frames:  61%|██████▏   | 979/1593 [00:19<00:12, 47.82it/s]
Processing frames:  62%|██████▏   | 985/1593 [00:19<00:15, 40.37it/s]
Processing frames:  62%|██████▏   | 990/1593 [00:19<00:14, 42.03it/s]
Processing frames:  62%|██████▏   | 995/1593 [00:19<00:14, 41.44it/s]
Processing frames:  63%|██████▎   | 1000/1593 [00:19<00:14, 41.83it/s]
Processing frames:  63%|██████▎   | 1005/1593 [00:19<00:17, 33.25it/s]
Processing frames:  63%|██████▎   | 1009/1593 [00:19<00:17, 33.21it/s]
Processing frames:  64%|██████▍   | 1017/1593 [00:20<00:15, 36.39it/s]
Processing frames:  64%|██████▍   | 1025/1593 [00:20<00:14, 39.63it/s]
Processing frames:  65%|██████▍   | 1033/1593 [00:20<00:13, 42.86it/s]
Processing frames:  65%|██████▌   | 1041/1593 [00:20<00:12, 44.85it/s]
Processing frames:  66%|██████▌   | 1049/1593 [00:20<00:11, 49.05it/s]
Processing frames:  67%|██████▋   | 1061/1593 [00:20<00:08, 59.81it/s]
Processing frames:  67%|██████▋   | 1069/1593 [00:21<00:08, 64.20it/s]
Processing frames:  68%|██████▊   | 1077/1593 [00:21<00:07, 66.14it/s]
Processing frames:  68%|██████▊   | 1085/1593 [00:21<00:08, 63.14it/s]
Processing frames:  69%|██████▊   | 1092/1593 [00:21<00:08, 61.02it/s]
Processing frames:  69%|██████▉   | 1099/1593 [00:21<00:11, 43.99it/s]
Processing frames:  69%|██████▉   | 1105/1593 [00:21<00:13, 36.11it/s]
Processing frames:  70%|██████▉   | 1110/1593 [00:22<00:13, 36.56it/s]
Processing frames:  70%|██████▉   | 1115/1593 [00:22<00:12, 37.97it/s]
Processing frames:  70%|███████   | 1120/1593 [00:22<00:12, 38.17it/s]
Processing frames:  71%|███████   | 1125/1593 [00:22<00:15, 30.64it/s]
Processing frames:  71%|███████   | 1129/1593 [00:22<00:14, 31.11it/s]
Processing frames:  71%|███████   | 1133/1593 [00:22<00:14, 31.80it/s]
Processing frames:  71%|███████▏  | 1137/1593 [00:22<00:14, 31.85it/s]
Processing frames:  72%|███████▏  | 1141/1593 [00:23<00:13, 32.40it/s]
Processing frames:  72%|███████▏  | 1145/1593 [00:23<00:13, 32.24it/s]
Processing frames:  72%|███████▏  | 1149/1593 [00:23<00:13, 32.00it/s]
Processing frames:  72%|███████▏  | 1153/1593 [00:23<00:13, 32.15it/s]
Processing frames:  73%|███████▎  | 1157/1593 [00:23<00:13, 33.23it/s]
Processing frames:  73%|███████▎  | 1165/1593 [00:23<00:11, 37.62it/s]
Processing frames:  74%|███████▎  | 1173/1593 [00:23<00:10, 41.56it/s]
Processing frames:  74%|███████▍  | 1181/1593 [00:24<00:08, 46.23it/s]
Processing frames:  75%|███████▍  | 1189/1593 [00:24<00:07, 52.79it/s]
Processing frames:  75%|███████▌  | 1197/1593 [00:24<00:06, 59.30it/s]
Processing frames:  76%|███████▌  | 1205/1593 [00:24<00:06, 63.82it/s]
Processing frames:  76%|███████▌  | 1213/1593 [00:24<00:05, 67.55it/s]
Processing frames:  77%|███████▋  | 1221/1593 [00:24<00:05, 70.05it/s]
Processing frames:  77%|███████▋  | 1229/1593 [00:24<00:05, 68.59it/s]
Processing frames:  78%|███████▊  | 1237/1593 [00:24<00:06, 57.83it/s]
Processing frames:  78%|███████▊  | 1244/1593 [00:24<00:05, 59.04it/s]
Processing frames:  79%|███████▊  | 1251/1593 [00:25<00:07, 47.76it/s]
Processing frames:  79%|███████▉  | 1257/1593 [00:25<00:08, 41.25it/s]
Processing frames:  79%|███████▉  | 1265/1593 [00:25<00:08, 40.41it/s]
Processing frames:  80%|███████▉  | 1273/1593 [00:25<00:07, 43.15it/s]
Processing frames:  80%|████████  | 1281/1593 [00:25<00:06, 45.07it/s]
Processing frames:  81%|████████  | 1289/1593 [00:26<00:06, 46.94it/s]
Processing frames:  81%|████████▏ | 1297/1593 [00:26<00:06, 47.89it/s]
Processing frames:  82%|████████▏ | 1305/1593 [00:26<00:05, 51.85it/s]
Processing frames:  82%|████████▏ | 1313/1593 [00:26<00:04, 58.00it/s]
Processing frames:  83%|████████▎ | 1321/1593 [00:26<00:04, 60.72it/s]
Processing frames:  83%|████████▎ | 1329/1593 [00:26<00:04, 64.64it/s]
Processing frames:  84%|████████▍ | 1341/1593 [00:26<00:03, 69.10it/s]
Processing frames:  85%|████████▍ | 1349/1593 [00:27<00:04, 54.23it/s]
Processing frames:  85%|████████▌ | 1355/1593 [00:27<00:04, 52.99it/s]
Processing frames:  85%|████████▌ | 1361/1593 [00:27<00:05, 41.92it/s]
Processing frames:  86%|████████▌ | 1366/1593 [00:27<00:05, 43.05it/s]
Processing frames:  86%|████████▌ | 1371/1593 [00:27<00:05, 44.20it/s]
Processing frames:  86%|████████▋ | 1377/1593 [00:27<00:05, 38.60it/s]
Processing frames:  87%|████████▋ | 1382/1593 [00:27<00:05, 40.87it/s]
Processing frames:  87%|████████▋ | 1387/1593 [00:28<00:04, 41.51it/s]
Processing frames:  87%|████████▋ | 1392/1593 [00:28<00:04, 42.01it/s]
Processing frames:  88%|████████▊ | 1397/1593 [00:28<00:05, 33.89it/s]
Processing frames:  88%|████████▊ | 1405/1593 [00:28<00:05, 37.08it/s]
Processing frames:  89%|████████▊ | 1413/1593 [00:28<00:04, 42.80it/s]
Processing frames:  89%|████████▉ | 1421/1593 [00:28<00:03, 45.44it/s]
Processing frames:  90%|████████▉ | 1429/1593 [00:29<00:03, 46.12it/s]
Processing frames:  90%|█████████ | 1437/1593 [00:29<00:03, 47.08it/s]
Processing frames:  91%|█████████ | 1442/1593 [00:29<00:03, 47.54it/s]
Processing frames:  91%|█████████ | 1449/1593 [00:29<00:02, 51.08it/s]
Processing frames:  91%|█████████▏| 1457/1593 [00:29<00:02, 56.46it/s]
Processing frames:  92%|█████████▏| 1465/1593 [00:29<00:02, 58.15it/s]
Processing frames:  92%|█████████▏| 1473/1593 [00:29<00:02, 53.55it/s]
Processing frames:  93%|█████████▎| 1481/1593 [00:29<00:01, 56.48it/s]
Processing frames:  93%|█████████▎| 1489/1593 [00:30<00:01, 56.90it/s]
Processing frames:  94%|█████████▍| 1497/1593 [00:30<00:01, 59.81it/s]
Processing frames:  94%|█████████▍| 1505/1593 [00:30<00:01, 60.00it/s]
Processing frames:  95%|█████████▍| 1513/1593 [00:30<00:01, 59.30it/s]
Processing frames:  95%|█████████▌| 1521/1593 [00:30<00:01, 59.04it/s]
Processing frames:  96%|█████████▌| 1529/1593 [00:30<00:01, 59.43it/s]
Processing frames:  96%|█████████▋| 1537/1593 [00:30<00:00, 60.69it/s]
Processing frames:  97%|█████████▋| 1545/1593 [00:30<00:00, 64.70it/s]
Processing frames:  98%|█████████▊| 1557/1593 [00:31<00:00, 71.16it/s]
Processing frames:  98%|█████████▊| 1569/1593 [00:31<00:00, 76.61it/s]
Processing frames:  99%|█████████▉| 1577/1593 [00:31<00:00, 76.11it/s]
Processing frames:  99%|█████████▉| 1585/1593 [00:31<00:00, 75.20it/s]
Processing frames: 100%|██████████| 1593/1593 [00:31<00:00, 50.47it/s]
[INFO] Trajectory saved to /home/pulver/projects/Outdoor_SLPF/results/iros_ablation/20260217_085404_ablation/no_pose_smoothing/seed_33/trajectory_0.5.tum
[INFO] Trajectory saved to /home/pulver/projects/Outdoor_SLPF/results/iros_ablation/20260217_085404_ablation/no_pose_smoothing/seed_33/gps_pose.tum
[INFO] Finished processing all frames from the CSV file.

[exit_code=0 duration_sec=36.30]
