$ /home/pulver/projects/Outdoor_SLPF/.venv/bin/python /home/pulver/projects/Outdoor_SLPF/scripts/spf_lidar.py --miss-penalty 4.0 --wrong-hit-penalty 4.0 --gps-weight 0.5 --seed 22 --output-folder /home/pulver/projects/Outdoor_SLPF/results/iros_ablation/20260217_085404_ablation/static_gps_weight/seed_22 --frame-stride 4 --semantic-sigma 0.05 --gps-sigma 1.1 --corridor-weight 0.3 --corridor-dist-sigma 1.5 --corridor-heading-sigma 0.35 --background-class-weight 0.2 --max-background-obs 120 --expected-obs-count 150.0 --pose-smooth-alpha-pos 0.55 --pose-smooth-alpha-theta 0.5 --odom-yaw-filter-alpha 0.9 --particle-count 100 --point-ang-sigma 0.08 --point-range-sigma 0.35 --point-ang-gate 0.2 --point-max-range-diff 1.5 --no-visualization --require-cuda --disable-dynamic-gps-weight

/home/pulver/projects/Outdoor_SLPF/.venv/lib/python3.10/site-packages/matplotlib/projections/__init__.py:63: UserWarning: Unable to import Axes3D. This may be due to multiple versions of Matplotlib being installed (e.g. as a system package and as a pip package). As a result, the 3D projection is not available.
  warnings.warn("Unable to import Axes3D. This may be due to multiple versions of "
Using device: cuda
[INFO] Running with Miss Penalty: 4.0, Wrong Hit Penalty: 4.0, GPS Weight: 0.5, Seed: 22, Output: /home/pulver/projects/Outdoor_SLPF/results/iros_ablation/20260217_085404_ablation/static_gps_weight/seed_22, Stride: 4, MaxFrames: None, Visualize: False, Model: wall, DisableGPS: False, DisableSemantic: False, DisableCorridor: False, DisableBackground: False, StaticGPSWeight: True, DisablePoseSmooth: False

Processing frames:   0%|          | 0/1593 [00:00<?, ?it/s]
Processing frames:   0%|          | 1/1593 [00:00<23:06,  1.15it/s]
Processing frames:   1%|          | 9/1593 [00:01<02:16, 11.62it/s]
Processing frames:   1%|          | 17/1593 [00:01<01:14, 21.22it/s]
Processing frames:   2%|▏         | 25/1593 [00:01<00:52, 29.91it/s]
Processing frames:   2%|▏         | 33/1593 [00:01<00:41, 37.16it/s]
Processing frames:   3%|▎         | 41/1593 [00:01<00:36, 42.17it/s]
Processing frames:   3%|▎         | 49/1593 [00:01<00:32, 46.95it/s]
Processing frames:   4%|▎         | 57/1593 [00:01<00:30, 50.10it/s]
Processing frames:   4%|▍         | 65/1593 [00:01<00:29, 52.10it/s]
Processing frames:   5%|▍         | 73/1593 [00:02<00:28, 52.56it/s]
Processing frames:   5%|▌         | 81/1593 [00:02<00:28, 53.37it/s]
Processing frames:   6%|▌         | 89/1593 [00:02<00:28, 53.58it/s]
Processing frames:   6%|▌         | 97/1593 [00:02<00:28, 52.21it/s]
Processing frames:   7%|▋         | 105/1593 [00:02<00:28, 51.66it/s]
Processing frames:   7%|▋         | 113/1593 [00:02<00:28, 52.04it/s]
Processing frames:   8%|▊         | 121/1593 [00:03<00:27, 52.96it/s]
Processing frames:   8%|▊         | 129/1593 [00:03<00:27, 53.66it/s]
Processing frames:   9%|▊         | 137/1593 [00:03<00:28, 51.07it/s]
Processing frames:   9%|▉         | 145/1593 [00:03<00:28, 51.52it/s]
Processing frames:  10%|▉         | 153/1593 [00:03<00:28, 51.05it/s]
Processing frames:  10%|█         | 161/1593 [00:03<00:27, 52.29it/s]
Processing frames:  11%|█         | 169/1593 [00:03<00:25, 54.86it/s]
Processing frames:  11%|█         | 177/1593 [00:04<00:25, 56.29it/s]
Processing frames:  12%|█▏        | 185/1593 [00:04<00:24, 57.48it/s]
Processing frames:  12%|█▏        | 193/1593 [00:04<00:23, 58.94it/s]
Processing frames:  13%|█▎        | 201/1593 [00:04<00:22, 62.99it/s]
Processing frames:  13%|█▎        | 209/1593 [00:04<00:21, 64.44it/s]
Processing frames:  14%|█▎        | 217/1593 [00:04<00:20, 65.92it/s]
Processing frames:  14%|█▍        | 225/1593 [00:04<00:19, 69.02it/s]
Processing frames:  15%|█▍        | 233/1593 [00:04<00:19, 71.11it/s]
Processing frames:  15%|█▌        | 245/1593 [00:05<00:17, 75.69it/s]
Processing frames:  16%|█▌        | 253/1593 [00:05<00:18, 73.33it/s]
Processing frames:  16%|█▋        | 261/1593 [00:05<00:18, 70.95it/s]
Processing frames:  17%|█▋        | 269/1593 [00:05<00:22, 58.61it/s]
Processing frames:  17%|█▋        | 277/1593 [00:05<00:24, 52.98it/s]
Processing frames:  18%|█▊        | 285/1593 [00:05<00:25, 51.23it/s]
Processing frames:  18%|█▊        | 293/1593 [00:05<00:25, 51.25it/s]
Processing frames:  19%|█▉        | 301/1593 [00:06<00:24, 53.29it/s]
Processing frames:  19%|█▉        | 309/1593 [00:06<00:23, 55.14it/s]
Processing frames:  20%|█▉        | 317/1593 [00:06<00:24, 52.31it/s]
Processing frames:  20%|██        | 325/1593 [00:06<00:25, 49.49it/s]
Processing frames:  21%|██        | 333/1593 [00:06<00:24, 50.85it/s]
Processing frames:  21%|██▏       | 341/1593 [00:06<00:23, 53.15it/s]
Processing frames:  22%|██▏       | 349/1593 [00:07<00:23, 53.70it/s]
Processing frames:  22%|██▏       | 357/1593 [00:07<00:21, 56.72it/s]
Processing frames:  23%|██▎       | 365/1593 [00:07<00:19, 61.85it/s]
Processing frames:  24%|██▎       | 377/1593 [00:07<00:17, 67.91it/s]
Processing frames:  24%|██▍       | 385/1593 [00:07<00:17, 69.35it/s]
Processing frames:  25%|██▍       | 397/1593 [00:07<00:15, 74.95it/s]
Processing frames:  25%|██▌       | 405/1593 [00:07<00:16, 71.60it/s]
Processing frames:  26%|██▌       | 413/1593 [00:07<00:18, 65.03it/s]
Processing frames:  26%|██▋       | 421/1593 [00:08<00:19, 59.98it/s]
Processing frames:  27%|██▋       | 429/1593 [00:08<00:21, 55.29it/s]
Processing frames:  27%|██▋       | 437/1593 [00:08<00:21, 53.82it/s]
Processing frames:  28%|██▊       | 445/1593 [00:08<00:22, 52.02it/s]
Processing frames:  28%|██▊       | 453/1593 [00:08<00:21, 52.81it/s]
Processing frames:  29%|██▉       | 461/1593 [00:08<00:21, 52.96it/s]
Processing frames:  29%|██▉       | 469/1593 [00:09<00:22, 49.75it/s]
Processing frames:  30%|██▉       | 477/1593 [00:09<00:22, 50.16it/s]
Processing frames:  30%|███       | 485/1593 [00:09<00:21, 52.21it/s]
Processing frames:  31%|███       | 493/1593 [00:09<00:21, 51.55it/s]
Processing frames:  31%|███▏      | 501/1593 [00:09<00:20, 53.05it/s]
Processing frames:  32%|███▏      | 509/1593 [00:09<00:19, 54.89it/s]
Processing frames:  32%|███▏      | 517/1593 [00:09<00:18, 56.64it/s]
Processing frames:  33%|███▎      | 525/1593 [00:10<00:18, 57.79it/s]
Processing frames:  33%|███▎      | 533/1593 [00:10<00:17, 59.74it/s]
Processing frames:  34%|███▍      | 545/1593 [00:10<00:15, 65.53it/s]
Processing frames:  35%|███▍      | 553/1593 [00:10<00:16, 64.43it/s]
Processing frames:  35%|███▌      | 561/1593 [00:10<00:17, 58.14it/s]
Processing frames:  36%|███▌      | 569/1593 [00:10<00:19, 53.16it/s]
Processing frames:  36%|███▌      | 577/1593 [00:11<00:20, 48.65it/s]
Processing frames:  37%|███▋      | 585/1593 [00:11<00:21, 47.72it/s]
Processing frames:  37%|███▋      | 593/1593 [00:11<00:21, 45.97it/s]
Processing frames:  38%|███▊      | 601/1593 [00:11<00:21, 47.06it/s]
Processing frames:  38%|███▊      | 609/1593 [00:11<00:20, 47.65it/s]
Processing frames:  39%|███▊      | 617/1593 [00:11<00:21, 46.17it/s]
Processing frames:  39%|███▉      | 625/1593 [00:12<00:20, 47.77it/s]
Processing frames:  40%|███▉      | 633/1593 [00:12<00:19, 49.78it/s]
Processing frames:  40%|████      | 641/1593 [00:12<00:17, 53.44it/s]
Processing frames:  41%|████      | 649/1593 [00:12<00:17, 55.50it/s]
Processing frames:  41%|████      | 657/1593 [00:12<00:15, 58.52it/s]
Processing frames:  42%|████▏     | 669/1593 [00:12<00:14, 65.73it/s]
Processing frames:  42%|████▏     | 677/1593 [00:12<00:13, 69.06it/s]
Processing frames:  43%|████▎     | 685/1593 [00:12<00:13, 65.50it/s]
Processing frames:  44%|████▎     | 693/1593 [00:13<00:13, 64.36it/s]
Processing frames:  44%|████▍     | 701/1593 [00:13<00:14, 61.41it/s]
Processing frames:  45%|████▍     | 709/1593 [00:13<00:16, 54.10it/s]
Processing frames:  45%|████▌     | 717/1593 [00:13<00:16, 51.59it/s]
Processing frames:  46%|████▌     | 725/1593 [00:13<00:17, 50.95it/s]
Processing frames:  46%|████▌     | 733/1593 [00:13<00:17, 50.02it/s]
Processing frames:  47%|████▋     | 741/1593 [00:14<00:16, 50.34it/s]
Processing frames:  47%|████▋     | 749/1593 [00:14<00:16, 52.22it/s]
Processing frames:  48%|████▊     | 757/1593 [00:14<00:15, 54.08it/s]
Processing frames:  48%|████▊     | 765/1593 [00:14<00:14, 56.97it/s]
Processing frames:  49%|████▊     | 773/1593 [00:14<00:13, 62.14it/s]
Processing frames:  49%|████▉     | 781/1593 [00:14<00:12, 65.66it/s]
Processing frames:  50%|████▉     | 793/1593 [00:14<00:11, 72.02it/s]
Processing frames:  50%|█████     | 801/1593 [00:14<00:11, 71.47it/s]
Processing frames:  51%|█████     | 809/1593 [00:15<00:13, 59.10it/s]
Processing frames:  51%|█████     | 816/1593 [00:15<00:13, 58.27it/s]
Processing frames:  52%|█████▏    | 823/1593 [00:15<00:16, 46.20it/s]
Processing frames:  52%|█████▏    | 829/1593 [00:15<00:20, 37.52it/s]
Processing frames:  52%|█████▏    | 834/1593 [00:15<00:20, 37.89it/s]
Processing frames:  53%|█████▎    | 839/1593 [00:15<00:19, 39.15it/s]
Processing frames:  53%|█████▎    | 844/1593 [00:16<00:18, 39.64it/s]
Processing frames:  53%|█████▎    | 849/1593 [00:16<00:22, 32.63it/s]
Processing frames:  54%|█████▎    | 853/1593 [00:16<00:21, 33.64it/s]
Processing frames:  54%|█████▍    | 857/1593 [00:16<00:21, 34.45it/s]
Processing frames:  54%|█████▍    | 861/1593 [00:16<00:21, 34.77it/s]
Processing frames:  54%|█████▍    | 865/1593 [00:16<00:20, 34.89it/s]
Processing frames:  55%|█████▍    | 869/1593 [00:16<00:21, 34.32it/s]
Processing frames:  55%|█████▍    | 873/1593 [00:16<00:20, 35.76it/s]
Processing frames:  55%|█████▌    | 881/1593 [00:17<00:16, 42.85it/s]
Processing frames:  56%|█████▌    | 889/1593 [00:17<00:15, 46.10it/s]
Processing frames:  56%|█████▋    | 897/1593 [00:17<00:14, 48.85it/s]
Processing frames:  57%|█████▋    | 905/1593 [00:17<00:12, 54.09it/s]
Processing frames:  57%|█████▋    | 914/1593 [00:17<00:10, 62.93it/s]
Processing frames:  58%|█████▊    | 925/1593 [00:17<00:09, 67.32it/s]
Processing frames:  59%|█████▉    | 937/1593 [00:17<00:09, 70.01it/s]
Processing frames:  59%|█████▉    | 945/1593 [00:18<00:09, 67.06it/s]
Processing frames:  60%|█████▉    | 953/1593 [00:18<00:10, 62.30it/s]
Processing frames:  60%|██████    | 961/1593 [00:18<00:11, 53.37it/s]
Processing frames:  61%|██████    | 969/1593 [00:18<00:12, 48.76it/s]
Processing frames:  61%|██████    | 975/1593 [00:18<00:12, 49.99it/s]
Processing frames:  62%|██████▏   | 981/1593 [00:18<00:14, 43.13it/s]
Processing frames:  62%|██████▏   | 986/1593 [00:19<00:14, 43.28it/s]
Processing frames:  62%|██████▏   | 991/1593 [00:19<00:13, 43.99it/s]
Processing frames:  63%|██████▎   | 996/1593 [00:19<00:13, 43.03it/s]
Processing frames:  63%|██████▎   | 1001/1593 [00:19<00:17, 33.81it/s]
Processing frames:  63%|██████▎   | 1005/1593 [00:19<00:17, 33.83it/s]
Processing frames:  63%|██████▎   | 1009/1593 [00:19<00:17, 33.45it/s]
Processing frames:  64%|██████▍   | 1017/1593 [00:19<00:15, 36.63it/s]
Processing frames:  64%|██████▍   | 1025/1593 [00:20<00:14, 39.85it/s]
Processing frames:  65%|██████▍   | 1033/1593 [00:20<00:12, 43.10it/s]
Processing frames:  65%|██████▌   | 1041/1593 [00:20<00:12, 44.78it/s]
Processing frames:  66%|██████▌   | 1049/1593 [00:20<00:11, 48.53it/s]
Processing frames:  67%|██████▋   | 1061/1593 [00:20<00:09, 58.69it/s]
Processing frames:  67%|██████▋   | 1069/1593 [00:20<00:08, 63.33it/s]
Processing frames:  68%|██████▊   | 1077/1593 [00:20<00:07, 65.28it/s]
Processing frames:  68%|██████▊   | 1085/1593 [00:21<00:08, 62.64it/s]
Processing frames:  69%|██████▊   | 1092/1593 [00:21<00:08, 60.15it/s]
Processing frames:  69%|██████▉   | 1099/1593 [00:21<00:11, 43.83it/s]
Processing frames:  69%|██████▉   | 1105/1593 [00:21<00:13, 36.05it/s]
Processing frames:  70%|██████▉   | 1110/1593 [00:21<00:13, 36.68it/s]
Processing frames:  70%|██████▉   | 1115/1593 [00:21<00:12, 38.30it/s]
Processing frames:  70%|███████   | 1120/1593 [00:22<00:12, 38.58it/s]
Processing frames:  71%|███████   | 1125/1593 [00:22<00:15, 31.08it/s]
Processing frames:  71%|███████   | 1129/1593 [00:22<00:14, 31.66it/s]
Processing frames:  71%|███████   | 1133/1593 [00:22<00:14, 32.35it/s]
Processing frames:  71%|███████▏  | 1137/1593 [00:22<00:14, 32.27it/s]
Processing frames:  72%|███████▏  | 1141/1593 [00:22<00:13, 32.86it/s]
Processing frames:  72%|███████▏  | 1145/1593 [00:22<00:13, 32.66it/s]
Processing frames:  72%|███████▏  | 1149/1593 [00:23<00:13, 32.31it/s]
Processing frames:  72%|███████▏  | 1153/1593 [00:23<00:13, 32.55it/s]
Processing frames:  73%|███████▎  | 1157/1593 [00:23<00:12, 33.71it/s]
Processing frames:  73%|███████▎  | 1165/1593 [00:23<00:11, 38.07it/s]
Processing frames:  74%|███████▎  | 1173/1593 [00:23<00:09, 42.16it/s]
Processing frames:  74%|███████▍  | 1181/1593 [00:23<00:08, 46.97it/s]
Processing frames:  75%|███████▍  | 1189/1593 [00:23<00:07, 53.70it/s]
Processing frames:  75%|███████▌  | 1197/1593 [00:23<00:06, 59.70it/s]
Processing frames:  76%|███████▌  | 1205/1593 [00:24<00:06, 64.01it/s]
Processing frames:  76%|███████▌  | 1213/1593 [00:24<00:05, 67.45it/s]
Processing frames:  77%|███████▋  | 1221/1593 [00:24<00:05, 69.79it/s]
Processing frames:  77%|███████▋  | 1229/1593 [00:24<00:05, 68.26it/s]
Processing frames:  78%|███████▊  | 1237/1593 [00:24<00:06, 57.66it/s]
Processing frames:  78%|███████▊  | 1244/1593 [00:24<00:05, 58.81it/s]
Processing frames:  79%|███████▊  | 1251/1593 [00:24<00:07, 46.21it/s]
Processing frames:  79%|███████▉  | 1257/1593 [00:25<00:08, 40.12it/s]
Processing frames:  79%|███████▉  | 1262/1593 [00:25<00:07, 41.94it/s]
Processing frames:  80%|███████▉  | 1267/1593 [00:25<00:07, 42.59it/s]
Processing frames:  80%|███████▉  | 1273/1593 [00:25<00:07, 40.60it/s]
Processing frames:  80%|████████  | 1281/1593 [00:25<00:07, 42.99it/s]
Processing frames:  81%|████████  | 1289/1593 [00:25<00:06, 45.23it/s]
Processing frames:  81%|████████▏ | 1297/1593 [00:26<00:06, 47.23it/s]
Processing frames:  82%|████████▏ | 1305/1593 [00:26<00:05, 51.33it/s]
Processing frames:  82%|████████▏ | 1313/1593 [00:26<00:04, 57.49it/s]
Processing frames:  83%|████████▎ | 1321/1593 [00:26<00:04, 59.90it/s]
Processing frames:  83%|████████▎ | 1329/1593 [00:26<00:04, 63.17it/s]
Processing frames:  84%|████████▍ | 1341/1593 [00:26<00:03, 67.94it/s]
Processing frames:  85%|████████▍ | 1348/1593 [00:26<00:03, 64.24it/s]
Processing frames:  85%|████████▌ | 1355/1593 [00:27<00:04, 49.05it/s]
Processing frames:  85%|████████▌ | 1361/1593 [00:27<00:05, 39.97it/s]
Processing frames:  86%|████████▌ | 1366/1593 [00:27<00:05, 41.57it/s]
Processing frames:  86%|████████▌ | 1371/1593 [00:27<00:05, 42.79it/s]
Processing frames:  86%|████████▋ | 1377/1593 [00:27<00:05, 37.64it/s]
Processing frames:  87%|████████▋ | 1382/1593 [00:27<00:05, 39.83it/s]
Processing frames:  87%|████████▋ | 1387/1593 [00:27<00:05, 40.87it/s]
Processing frames:  87%|████████▋ | 1392/1593 [00:27<00:04, 41.63it/s]
Processing frames:  88%|████████▊ | 1397/1593 [00:28<00:05, 34.04it/s]
Processing frames:  88%|████████▊ | 1405/1593 [00:28<00:05, 36.83it/s]
Processing frames:  89%|████████▊ | 1413/1593 [00:28<00:04, 42.22it/s]
Processing frames:  89%|████████▉ | 1421/1593 [00:28<00:03, 44.83it/s]
Processing frames:  90%|████████▉ | 1429/1593 [00:28<00:03, 45.71it/s]
Processing frames:  90%|█████████ | 1437/1593 [00:29<00:03, 47.92it/s]
Processing frames:  91%|█████████ | 1445/1593 [00:29<00:02, 50.67it/s]
Processing frames:  91%|█████████ | 1453/1593 [00:29<00:02, 55.67it/s]
Processing frames:  92%|█████████▏| 1461/1593 [00:29<00:02, 60.61it/s]
Processing frames:  92%|█████████▏| 1469/1593 [00:29<00:02, 56.76it/s]
Processing frames:  93%|█████████▎| 1477/1593 [00:29<00:02, 56.34it/s]
Processing frames:  93%|█████████▎| 1485/1593 [00:29<00:01, 56.79it/s]
Processing frames:  94%|█████████▎| 1493/1593 [00:29<00:01, 59.90it/s]
Processing frames:  94%|█████████▍| 1501/1593 [00:30<00:01, 61.75it/s]
Processing frames:  95%|█████████▍| 1509/1593 [00:30<00:01, 59.99it/s]
Processing frames:  95%|█████████▌| 1517/1593 [00:30<00:01, 59.71it/s]
Processing frames:  96%|█████████▌| 1525/1593 [00:30<00:01, 60.74it/s]
Processing frames:  96%|█████████▌| 1533/1593 [00:30<00:00, 61.39it/s]
Processing frames:  97%|█████████▋| 1541/1593 [00:30<00:00, 62.72it/s]
Processing frames:  97%|█████████▋| 1552/1593 [00:30<00:00, 74.61it/s]
Processing frames:  98%|█████████▊| 1561/1593 [00:30<00:00, 70.89it/s]
Processing frames:  99%|█████████▊| 1573/1593 [00:31<00:00, 75.57it/s]
Processing frames:  99%|█████████▉| 1581/1593 [00:31<00:00, 73.47it/s]
Processing frames: 100%|█████████▉| 1589/1593 [00:31<00:00, 74.22it/s]
Processing frames: 100%|██████████| 1593/1593 [00:31<00:00, 50.82it/s]
[INFO] Trajectory saved to /home/pulver/projects/Outdoor_SLPF/results/iros_ablation/20260217_085404_ablation/static_gps_weight/seed_22/trajectory_0.5.tum
[INFO] Trajectory saved to /home/pulver/projects/Outdoor_SLPF/results/iros_ablation/20260217_085404_ablation/static_gps_weight/seed_22/gps_pose.tum
[INFO] Finished processing all frames from the CSV file.

[exit_code=0 duration_sec=36.31]
