$ /home/pulver/projects/Outdoor_SLPF/.venv/bin/python /home/pulver/projects/Outdoor_SLPF/scripts/spf_lidar.py --miss-penalty 4.0 --wrong-hit-penalty 4.0 --gps-weight 0.5 --seed 22 --output-folder /home/pulver/projects/Outdoor_SLPF/results/iros_ablation/20260217_085404_ablation/no_semantic/seed_22 --frame-stride 4 --semantic-sigma 0.05 --gps-sigma 1.1 --corridor-weight 0.3 --corridor-dist-sigma 1.5 --corridor-heading-sigma 0.35 --background-class-weight 0.2 --max-background-obs 120 --expected-obs-count 150.0 --pose-smooth-alpha-pos 0.55 --pose-smooth-alpha-theta 0.5 --odom-yaw-filter-alpha 0.9 --particle-count 100 --point-ang-sigma 0.08 --point-range-sigma 0.35 --point-ang-gate 0.2 --point-max-range-diff 1.5 --no-visualization --require-cuda --disable-semantic

/home/pulver/projects/Outdoor_SLPF/.venv/lib/python3.10/site-packages/matplotlib/projections/__init__.py:63: UserWarning: Unable to import Axes3D. This may be due to multiple versions of Matplotlib being installed (e.g. as a system package and as a pip package). As a result, the 3D projection is not available.
  warnings.warn("Unable to import Axes3D. This may be due to multiple versions of "
Using device: cuda
[INFO] Running with Miss Penalty: 4.0, Wrong Hit Penalty: 4.0, GPS Weight: 0.5, Seed: 22, Output: /home/pulver/projects/Outdoor_SLPF/results/iros_ablation/20260217_085404_ablation/no_semantic/seed_22, Stride: 4, MaxFrames: None, Visualize: False, Model: wall, DisableGPS: False, DisableSemantic: True, DisableCorridor: False, DisableBackground: False, StaticGPSWeight: False, DisablePoseSmooth: False

Processing frames:   0%|          | 0/1593 [00:00<?, ?it/s]
Processing frames:   0%|          | 1/1593 [00:00<22:13,  1.19it/s]
Processing frames:   1%|          | 9/1593 [00:00<02:10, 12.14it/s]
Processing frames:   1%|          | 17/1593 [00:01<01:10, 22.23it/s]
Processing frames:   2%|▏         | 25/1593 [00:01<00:50, 31.13it/s]
Processing frames:   2%|▏         | 33/1593 [00:01<00:40, 38.78it/s]
Processing frames:   3%|▎         | 41/1593 [00:01<00:35, 43.74it/s]
Processing frames:   3%|▎         | 49/1593 [00:01<00:31, 48.93it/s]
Processing frames:   4%|▎         | 57/1593 [00:01<00:29, 52.61it/s]
Processing frames:   4%|▍         | 65/1593 [00:01<00:28, 54.56it/s]
Processing frames:   5%|▍         | 73/1593 [00:02<00:27, 54.61it/s]
Processing frames:   5%|▌         | 81/1593 [00:02<00:27, 55.20it/s]
Processing frames:   6%|▌         | 89/1593 [00:02<00:27, 55.24it/s]
Processing frames:   6%|▌         | 97/1593 [00:02<00:27, 53.63it/s]
Processing frames:   7%|▋         | 105/1593 [00:02<00:28, 52.95it/s]
Processing frames:   7%|▋         | 113/1593 [00:02<00:27, 53.78it/s]
Processing frames:   8%|▊         | 121/1593 [00:02<00:27, 54.40it/s]
Processing frames:   8%|▊         | 129/1593 [00:03<00:26, 55.15it/s]
Processing frames:   9%|▊         | 137/1593 [00:03<00:27, 52.62it/s]
Processing frames:   9%|▉         | 145/1593 [00:03<00:27, 52.42it/s]
Processing frames:  10%|▉         | 153/1593 [00:03<00:27, 51.49it/s]
Processing frames:  10%|█         | 161/1593 [00:03<00:27, 52.78it/s]
Processing frames:  11%|█         | 169/1593 [00:03<00:25, 55.37it/s]
Processing frames:  11%|█         | 177/1593 [00:03<00:24, 56.81it/s]
Processing frames:  12%|█▏        | 185/1593 [00:04<00:24, 58.25it/s]
Processing frames:  12%|█▏        | 193/1593 [00:04<00:23, 59.87it/s]
Processing frames:  13%|█▎        | 201/1593 [00:04<00:21, 63.90it/s]
Processing frames:  13%|█▎        | 209/1593 [00:04<00:21, 65.26it/s]
Processing frames:  14%|█▎        | 217/1593 [00:04<00:20, 66.83it/s]
Processing frames:  14%|█▍        | 225/1593 [00:04<00:19, 69.45it/s]
Processing frames:  15%|█▍        | 233/1593 [00:04<00:19, 71.55it/s]
Processing frames:  15%|█▌        | 241/1593 [00:04<00:18, 73.74it/s]
Processing frames:  16%|█▌        | 249/1593 [00:04<00:18, 72.44it/s]
Processing frames:  16%|█▌        | 257/1593 [00:05<00:18, 73.46it/s]
Processing frames:  17%|█▋        | 265/1593 [00:05<00:20, 64.71it/s]
Processing frames:  17%|█▋        | 273/1593 [00:05<00:23, 56.40it/s]
Processing frames:  18%|█▊        | 281/1593 [00:05<00:25, 52.09it/s]
Processing frames:  18%|█▊        | 289/1593 [00:05<00:25, 51.73it/s]
Processing frames:  19%|█▊        | 297/1593 [00:05<00:24, 52.30it/s]
Processing frames:  19%|█▉        | 305/1593 [00:06<00:22, 56.09it/s]
Processing frames:  20%|█▉        | 313/1593 [00:06<00:23, 55.41it/s]
Processing frames:  20%|██        | 321/1593 [00:06<00:24, 52.38it/s]
Processing frames:  21%|██        | 329/1593 [00:06<00:24, 50.76it/s]
Processing frames:  21%|██        | 337/1593 [00:06<00:23, 53.68it/s]
Processing frames:  22%|██▏       | 345/1593 [00:06<00:22, 55.85it/s]
Processing frames:  22%|██▏       | 353/1593 [00:06<00:21, 57.95it/s]
Processing frames:  23%|██▎       | 361/1593 [00:07<00:20, 60.60it/s]
Processing frames:  23%|██▎       | 373/1593 [00:07<00:18, 66.71it/s]
Processing frames:  24%|██▍       | 381/1593 [00:07<00:17, 68.86it/s]
Processing frames:  25%|██▍       | 393/1593 [00:07<00:16, 73.65it/s]
Processing frames:  25%|██▌       | 405/1593 [00:07<00:16, 72.50it/s]
Processing frames:  26%|██▌       | 413/1593 [00:07<00:17, 66.93it/s]
Processing frames:  26%|██▋       | 421/1593 [00:07<00:18, 62.19it/s]
Processing frames:  27%|██▋       | 429/1593 [00:08<00:20, 58.13it/s]
Processing frames:  27%|██▋       | 437/1593 [00:08<00:20, 56.50it/s]
Processing frames:  28%|██▊       | 445/1593 [00:08<00:21, 53.84it/s]
Processing frames:  28%|██▊       | 453/1593 [00:08<00:20, 54.90it/s]
Processing frames:  29%|██▉       | 461/1593 [00:08<00:20, 55.39it/s]
Processing frames:  29%|██▉       | 469/1593 [00:08<00:21, 52.06it/s]
Processing frames:  30%|██▉       | 477/1593 [00:08<00:21, 52.63it/s]
Processing frames:  30%|███       | 485/1593 [00:09<00:20, 54.94it/s]
Processing frames:  31%|███       | 493/1593 [00:09<00:20, 54.19it/s]
Processing frames:  31%|███▏      | 501/1593 [00:09<00:19, 56.06it/s]
Processing frames:  32%|███▏      | 509/1593 [00:09<00:18, 58.53it/s]
Processing frames:  32%|███▏      | 517/1593 [00:09<00:17, 60.30it/s]
Processing frames:  33%|███▎      | 525/1593 [00:09<00:17, 60.93it/s]
Processing frames:  33%|███▎      | 533/1593 [00:09<00:16, 62.85it/s]
Processing frames:  34%|███▍      | 545/1593 [00:10<00:15, 68.42it/s]
Processing frames:  35%|███▍      | 553/1593 [00:10<00:15, 67.54it/s]
Processing frames:  35%|███▌      | 561/1593 [00:10<00:17, 59.34it/s]
Processing frames:  36%|███▌      | 569/1593 [00:10<00:18, 54.43it/s]
Processing frames:  36%|███▌      | 577/1593 [00:10<00:20, 49.61it/s]
Processing frames:  37%|███▋      | 585/1593 [00:10<00:20, 49.13it/s]
Processing frames:  37%|███▋      | 593/1593 [00:11<00:21, 47.56it/s]
Processing frames:  38%|███▊      | 601/1593 [00:11<00:20, 48.88it/s]
Processing frames:  38%|███▊      | 609/1593 [00:11<00:19, 49.45it/s]
Processing frames:  39%|███▊      | 617/1593 [00:11<00:20, 48.06it/s]
Processing frames:  39%|███▉      | 625/1593 [00:11<00:19, 49.99it/s]
Processing frames:  40%|███▉      | 633/1593 [00:11<00:18, 52.33it/s]
Processing frames:  40%|████      | 641/1593 [00:11<00:17, 55.51it/s]
Processing frames:  41%|████      | 649/1593 [00:12<00:16, 57.27it/s]
Processing frames:  41%|████      | 657/1593 [00:12<00:15, 60.01it/s]
Processing frames:  42%|████▏     | 669/1593 [00:12<00:13, 66.96it/s]
Processing frames:  43%|████▎     | 681/1593 [00:12<00:13, 69.18it/s]
Processing frames:  43%|████▎     | 689/1593 [00:12<00:13, 65.91it/s]
Processing frames:  44%|████▍     | 697/1593 [00:12<00:13, 66.32it/s]
Processing frames:  44%|████▍     | 705/1593 [00:12<00:14, 60.58it/s]
Processing frames:  45%|████▍     | 713/1593 [00:13<00:15, 57.38it/s]
Processing frames:  45%|████▌     | 721/1593 [00:13<00:16, 54.45it/s]
Processing frames:  46%|████▌     | 729/1593 [00:13<00:16, 53.27it/s]
Processing frames:  46%|████▋     | 737/1593 [00:13<00:16, 53.02it/s]
Processing frames:  47%|████▋     | 745/1593 [00:13<00:15, 53.69it/s]
Processing frames:  47%|████▋     | 753/1593 [00:13<00:14, 56.31it/s]
Processing frames:  48%|████▊     | 761/1593 [00:13<00:13, 59.47it/s]
Processing frames:  48%|████▊     | 769/1593 [00:14<00:12, 64.06it/s]
Processing frames:  49%|████▉     | 777/1593 [00:14<00:12, 67.65it/s]
Processing frames:  50%|████▉     | 789/1593 [00:14<00:11, 72.77it/s]
Processing frames:  50%|█████     | 801/1593 [00:14<00:10, 74.47it/s]
Processing frames:  51%|█████     | 809/1593 [00:14<00:12, 62.10it/s]
Processing frames:  51%|█████     | 816/1593 [00:14<00:12, 60.85it/s]
Processing frames:  52%|█████▏    | 823/1593 [00:14<00:15, 48.42it/s]
Processing frames:  52%|█████▏    | 829/1593 [00:15<00:19, 38.92it/s]
Processing frames:  52%|█████▏    | 834/1593 [00:15<00:19, 39.20it/s]
Processing frames:  53%|█████▎    | 839/1593 [00:15<00:18, 40.23it/s]
Processing frames:  53%|█████▎    | 844/1593 [00:15<00:18, 41.02it/s]
Processing frames:  53%|█████▎    | 849/1593 [00:15<00:21, 34.33it/s]
Processing frames:  54%|█████▎    | 853/1593 [00:15<00:21, 35.22it/s]
Processing frames:  54%|█████▍    | 857/1593 [00:16<00:20, 36.02it/s]
Processing frames:  54%|█████▍    | 861/1593 [00:16<00:20, 36.29it/s]
Processing frames:  54%|█████▍    | 865/1593 [00:16<00:19, 36.58it/s]
Processing frames:  55%|█████▍    | 869/1593 [00:16<00:20, 35.88it/s]
Processing frames:  55%|█████▌    | 877/1593 [00:16<00:17, 41.01it/s]
Processing frames:  56%|█████▌    | 885/1593 [00:16<00:15, 47.02it/s]
Processing frames:  56%|█████▌    | 893/1593 [00:16<00:14, 49.40it/s]
Processing frames:  57%|█████▋    | 901/1593 [00:16<00:12, 54.27it/s]
Processing frames:  57%|█████▋    | 909/1593 [00:16<00:11, 59.62it/s]
Processing frames:  58%|█████▊    | 921/1593 [00:17<00:09, 67.36it/s]
Processing frames:  59%|█████▊    | 933/1593 [00:17<00:09, 72.36it/s]
Processing frames:  59%|█████▉    | 941/1593 [00:17<00:09, 69.96it/s]
Processing frames:  60%|█████▉    | 949/1593 [00:17<00:09, 67.14it/s]
Processing frames:  60%|██████    | 957/1593 [00:17<00:10, 59.57it/s]
Processing frames:  61%|██████    | 964/1593 [00:17<00:10, 61.86it/s]
Processing frames:  61%|██████    | 971/1593 [00:18<00:11, 52.57it/s]
Processing frames:  61%|██████▏   | 977/1593 [00:18<00:14, 43.75it/s]
Processing frames:  62%|██████▏   | 985/1593 [00:18<00:14, 42.75it/s]
Processing frames:  62%|██████▏   | 993/1593 [00:18<00:14, 40.78it/s]
Processing frames:  63%|██████▎   | 998/1593 [00:18<00:14, 41.79it/s]
Processing frames:  63%|██████▎   | 1003/1593 [00:18<00:13, 42.54it/s]
Processing frames:  63%|██████▎   | 1008/1593 [00:18<00:13, 43.71it/s]
Processing frames:  64%|██████▎   | 1013/1593 [00:19<00:15, 36.40it/s]
Processing frames:  64%|██████▍   | 1021/1593 [00:19<00:14, 39.37it/s]
Processing frames:  65%|██████▍   | 1029/1593 [00:19<00:13, 43.05it/s]
Processing frames:  65%|██████▌   | 1037/1593 [00:19<00:12, 45.94it/s]
Processing frames:  66%|██████▌   | 1045/1593 [00:19<00:10, 49.96it/s]
Processing frames:  66%|██████▌   | 1053/1593 [00:19<00:09, 55.08it/s]
Processing frames:  67%|██████▋   | 1065/1593 [00:20<00:08, 64.56it/s]
Processing frames:  67%|██████▋   | 1073/1593 [00:20<00:07, 67.75it/s]
Processing frames:  68%|██████▊   | 1081/1593 [00:20<00:07, 67.65it/s]
Processing frames:  68%|██████▊   | 1089/1593 [00:20<00:08, 57.49it/s]
Processing frames:  69%|██████▉   | 1096/1593 [00:20<00:08, 55.95it/s]
Processing frames:  69%|██████▉   | 1102/1593 [00:20<00:11, 42.96it/s]
Processing frames:  69%|██████▉   | 1107/1593 [00:20<00:11, 41.89it/s]
Processing frames:  70%|██████▉   | 1112/1593 [00:21<00:11, 41.42it/s]
Processing frames:  70%|███████   | 1117/1593 [00:21<00:14, 33.45it/s]
Processing frames:  70%|███████   | 1121/1593 [00:21<00:14, 33.29it/s]
Processing frames:  71%|███████   | 1125/1593 [00:21<00:13, 33.45it/s]
Processing frames:  71%|███████   | 1129/1593 [00:21<00:13, 33.49it/s]
Processing frames:  71%|███████   | 1133/1593 [00:21<00:13, 33.91it/s]
Processing frames:  71%|███████▏  | 1137/1593 [00:21<00:13, 33.70it/s]
Processing frames:  72%|███████▏  | 1141/1593 [00:21<00:13, 34.09it/s]
Processing frames:  72%|███████▏  | 1145/1593 [00:22<00:13, 33.77it/s]
Processing frames:  72%|███████▏  | 1149/1593 [00:22<00:13, 32.88it/s]
Processing frames:  72%|███████▏  | 1153/1593 [00:22<00:13, 32.48it/s]
Processing frames:  73%|███████▎  | 1157/1593 [00:22<00:13, 33.31it/s]
Processing frames:  73%|███████▎  | 1165/1593 [00:22<00:11, 38.26it/s]
Processing frames:  74%|███████▎  | 1173/1593 [00:22<00:09, 42.62it/s]
Processing frames:  74%|███████▍  | 1181/1593 [00:22<00:08, 48.19it/s]
Processing frames:  75%|███████▍  | 1189/1593 [00:23<00:07, 55.43it/s]
Processing frames:  75%|███████▌  | 1201/1593 [00:23<00:06, 63.77it/s]
Processing frames:  76%|███████▌  | 1209/1593 [00:23<00:05, 65.69it/s]
Processing frames:  77%|███████▋  | 1221/1593 [00:23<00:05, 70.67it/s]
Processing frames:  77%|███████▋  | 1229/1593 [00:23<00:05, 69.94it/s]
Processing frames:  78%|███████▊  | 1237/1593 [00:23<00:05, 60.59it/s]
Processing frames:  78%|███████▊  | 1244/1593 [00:23<00:05, 61.64it/s]
Processing frames:  79%|███████▊  | 1251/1593 [00:24<00:06, 50.03it/s]
Processing frames:  79%|███████▉  | 1257/1593 [00:24<00:07, 43.10it/s]
Processing frames:  79%|███████▉  | 1265/1593 [00:24<00:07, 41.62it/s]
Processing frames:  80%|███████▉  | 1273/1593 [00:24<00:07, 44.32it/s]
Processing frames:  80%|████████  | 1281/1593 [00:24<00:06, 46.62it/s]
Processing frames:  81%|████████  | 1289/1593 [00:24<00:06, 48.74it/s]
Processing frames:  81%|████████▏ | 1297/1593 [00:25<00:05, 50.72it/s]
Processing frames:  82%|████████▏ | 1305/1593 [00:25<00:05, 55.04it/s]
Processing frames:  83%|████████▎ | 1317/1593 [00:25<00:04, 62.19it/s]
Processing frames:  83%|████████▎ | 1325/1593 [00:25<00:04, 64.93it/s]
Processing frames:  84%|████████▍ | 1337/1593 [00:25<00:03, 71.72it/s]
Processing frames:  84%|████████▍ | 1345/1593 [00:25<00:04, 61.64it/s]
Processing frames:  85%|████████▍ | 1352/1593 [00:25<00:03, 62.61it/s]
Processing frames:  85%|████████▌ | 1359/1593 [00:26<00:04, 48.61it/s]
Processing frames:  86%|████████▌ | 1365/1593 [00:26<00:05, 41.84it/s]
Processing frames:  86%|████████▌ | 1370/1593 [00:26<00:05, 43.41it/s]
Processing frames:  86%|████████▋ | 1377/1593 [00:26<00:05, 40.82it/s]
Processing frames:  87%|████████▋ | 1382/1593 [00:26<00:04, 42.59it/s]
Processing frames:  87%|████████▋ | 1387/1593 [00:26<00:04, 42.20it/s]
Processing frames:  87%|████████▋ | 1392/1593 [00:26<00:04, 42.75it/s]
Processing frames:  88%|████████▊ | 1397/1593 [00:27<00:05, 35.39it/s]
Processing frames:  88%|████████▊ | 1405/1593 [00:27<00:04, 38.76it/s]
Processing frames:  89%|████████▊ | 1413/1593 [00:27<00:04, 44.42it/s]
Processing frames:  89%|████████▉ | 1421/1593 [00:27<00:03, 47.23it/s]
Processing frames:  90%|████████▉ | 1429/1593 [00:27<00:03, 48.25it/s]
Processing frames:  90%|█████████ | 1437/1593 [00:27<00:03, 49.83it/s]
Processing frames:  91%|█████████ | 1445/1593 [00:28<00:02, 52.20it/s]
Processing frames:  91%|█████████ | 1453/1593 [00:28<00:02, 56.87it/s]
Processing frames:  92%|█████████▏| 1461/1593 [00:28<00:02, 62.09it/s]
Processing frames:  92%|█████████▏| 1469/1593 [00:28<00:02, 58.29it/s]
Processing frames:  93%|█████████▎| 1477/1593 [00:28<00:01, 58.12it/s]
Processing frames:  93%|█████████▎| 1485/1593 [00:28<00:01, 58.78it/s]
Processing frames:  94%|█████████▎| 1493/1593 [00:28<00:01, 62.23it/s]
Processing frames:  94%|█████████▍| 1501/1593 [00:28<00:01, 64.40it/s]
Processing frames:  95%|█████████▍| 1509/1593 [00:29<00:01, 63.56it/s]
Processing frames:  95%|█████████▌| 1517/1593 [00:29<00:01, 63.38it/s]
Processing frames:  96%|█████████▌| 1525/1593 [00:29<00:01, 64.41it/s]
Processing frames:  96%|█████████▌| 1533/1593 [00:29<00:00, 65.11it/s]
Processing frames:  97%|█████████▋| 1541/1593 [00:29<00:00, 66.93it/s]
Processing frames:  97%|█████████▋| 1553/1593 [00:29<00:00, 72.63it/s]
Processing frames:  98%|█████████▊| 1565/1593 [00:29<00:00, 77.08it/s]
Processing frames:  99%|█████████▉| 1577/1593 [00:29<00:00, 77.74it/s]
Processing frames:  99%|█████████▉| 1585/1593 [00:30<00:00, 77.22it/s]
Processing frames: 100%|██████████| 1593/1593 [00:30<00:00, 52.81it/s]
[INFO] Trajectory saved to /home/pulver/projects/Outdoor_SLPF/results/iros_ablation/20260217_085404_ablation/no_semantic/seed_22/trajectory_0.5.tum
[INFO] Trajectory saved to /home/pulver/projects/Outdoor_SLPF/results/iros_ablation/20260217_085404_ablation/no_semantic/seed_22/gps_pose.tum
[INFO] Finished processing all frames from the CSV file.

[exit_code=0 duration_sec=34.85]
