$ /home/pulver/projects/Outdoor_SLPF/.venv/bin/python /home/pulver/projects/Outdoor_SLPF/scripts/spf_lidar.py --miss-penalty 4.0 --wrong-hit-penalty 4.0 --gps-weight 0.5 --seed 33 --output-folder /home/pulver/projects/Outdoor_SLPF/results/iros_ablation/20260217_085404_ablation/no_gps/seed_33 --frame-stride 4 --semantic-sigma 0.05 --gps-sigma 1.1 --corridor-weight 0.3 --corridor-dist-sigma 1.5 --corridor-heading-sigma 0.35 --background-class-weight 0.2 --max-background-obs 120 --expected-obs-count 150.0 --pose-smooth-alpha-pos 0.55 --pose-smooth-alpha-theta 0.5 --odom-yaw-filter-alpha 0.9 --particle-count 100 --point-ang-sigma 0.08 --point-range-sigma 0.35 --point-ang-gate 0.2 --point-max-range-diff 1.5 --no-visualization --require-cuda --disable-gps

/home/pulver/projects/Outdoor_SLPF/.venv/lib/python3.10/site-packages/matplotlib/projections/__init__.py:63: UserWarning: Unable to import Axes3D. This may be due to multiple versions of Matplotlib being installed (e.g. as a system package and as a pip package). As a result, the 3D projection is not available.
  warnings.warn("Unable to import Axes3D. This may be due to multiple versions of "
Using device: cuda
[INFO] Running with Miss Penalty: 4.0, Wrong Hit Penalty: 4.0, GPS Weight: 0.5, Seed: 33, Output: /home/pulver/projects/Outdoor_SLPF/results/iros_ablation/20260217_085404_ablation/no_gps/seed_33, Stride: 4, MaxFrames: None, Visualize: False, Model: wall, DisableGPS: True, DisableSemantic: False, DisableCorridor: False, DisableBackground: False, StaticGPSWeight: False, DisablePoseSmooth: False

Processing frames:   0%|          | 0/1593 [00:00<?, ?it/s]
Processing frames:   0%|          | 1/1593 [00:00<23:03,  1.15it/s]
Processing frames:   1%|          | 9/1593 [00:01<02:14, 11.74it/s]
Processing frames:   1%|          | 17/1593 [00:01<01:13, 21.50it/s]
Processing frames:   2%|▏         | 25/1593 [00:01<00:51, 30.20it/s]
Processing frames:   2%|▏         | 33/1593 [00:01<00:41, 37.77it/s]
Processing frames:   3%|▎         | 41/1593 [00:01<00:36, 42.87it/s]
Processing frames:   3%|▎         | 49/1593 [00:01<00:32, 47.90it/s]
Processing frames:   4%|▎         | 57/1593 [00:01<00:30, 51.06it/s]
Processing frames:   4%|▍         | 65/1593 [00:01<00:28, 52.87it/s]
Processing frames:   5%|▍         | 73/1593 [00:02<00:29, 52.27it/s]
Processing frames:   5%|▌         | 81/1593 [00:02<00:28, 53.64it/s]
Processing frames:   6%|▌         | 89/1593 [00:02<00:27, 54.04it/s]
Processing frames:   6%|▌         | 97/1593 [00:02<00:28, 52.79it/s]
Processing frames:   7%|▋         | 105/1593 [00:02<00:28, 51.43it/s]
Processing frames:   7%|▋         | 113/1593 [00:02<00:28, 52.03it/s]
Processing frames:   8%|▊         | 121/1593 [00:03<00:27, 53.43it/s]
Processing frames:   8%|▊         | 129/1593 [00:03<00:27, 52.94it/s]
Processing frames:   9%|▊         | 137/1593 [00:03<00:28, 51.23it/s]
Processing frames:   9%|▉         | 145/1593 [00:03<00:28, 51.64it/s]
Processing frames:  10%|▉         | 153/1593 [00:03<00:28, 50.97it/s]
Processing frames:  10%|█         | 161/1593 [00:03<00:27, 52.42it/s]
Processing frames:  11%|█         | 169/1593 [00:03<00:25, 55.03it/s]
Processing frames:  11%|█         | 177/1593 [00:04<00:25, 56.59it/s]
Processing frames:  12%|█▏        | 185/1593 [00:04<00:24, 58.15it/s]
Processing frames:  12%|█▏        | 193/1593 [00:04<00:23, 59.86it/s]
Processing frames:  13%|█▎        | 201/1593 [00:04<00:21, 63.88it/s]
Processing frames:  13%|█▎        | 209/1593 [00:04<00:21, 65.45it/s]
Processing frames:  14%|█▎        | 217/1593 [00:04<00:20, 67.54it/s]
Processing frames:  14%|█▍        | 225/1593 [00:04<00:19, 70.54it/s]
Processing frames:  15%|█▍        | 233/1593 [00:04<00:18, 71.59it/s]
Processing frames:  15%|█▌        | 245/1593 [00:04<00:17, 76.04it/s]
Processing frames:  16%|█▌        | 253/1593 [00:05<00:18, 73.67it/s]
Processing frames:  16%|█▋        | 261/1593 [00:05<00:18, 72.52it/s]
Processing frames:  17%|█▋        | 269/1593 [00:05<00:21, 60.44it/s]
Processing frames:  17%|█▋        | 277/1593 [00:05<00:23, 54.89it/s]
Processing frames:  18%|█▊        | 285/1593 [00:05<00:24, 53.12it/s]
Processing frames:  18%|█▊        | 293/1593 [00:05<00:24, 53.10it/s]
Processing frames:  19%|█▉        | 301/1593 [00:06<00:23, 55.26it/s]
Processing frames:  19%|█▉        | 309/1593 [00:06<00:22, 56.93it/s]
Processing frames:  20%|█▉        | 317/1593 [00:06<00:23, 54.19it/s]
Processing frames:  20%|██        | 325/1593 [00:06<00:24, 51.17it/s]
Processing frames:  21%|██        | 333/1593 [00:06<00:23, 52.79it/s]
Processing frames:  21%|██▏       | 341/1593 [00:06<00:22, 55.74it/s]
Processing frames:  22%|██▏       | 349/1593 [00:06<00:22, 55.62it/s]
Processing frames:  22%|██▏       | 357/1593 [00:07<00:21, 57.52it/s]
Processing frames:  23%|██▎       | 365/1593 [00:07<00:19, 61.66it/s]
Processing frames:  23%|██▎       | 373/1593 [00:07<00:18, 65.82it/s]
Processing frames:  24%|██▍       | 381/1593 [00:07<00:17, 68.40it/s]
Processing frames:  25%|██▍       | 393/1593 [00:07<00:16, 73.30it/s]
Processing frames:  25%|██▌       | 405/1593 [00:07<00:16, 71.64it/s]
Processing frames:  26%|██▌       | 413/1593 [00:07<00:18, 64.92it/s]
Processing frames:  26%|██▋       | 421/1593 [00:07<00:19, 59.59it/s]
Processing frames:  27%|██▋       | 429/1593 [00:08<00:21, 55.03it/s]
Processing frames:  27%|██▋       | 437/1593 [00:08<00:21, 53.46it/s]
Processing frames:  28%|██▊       | 445/1593 [00:08<00:22, 50.90it/s]
Processing frames:  28%|██▊       | 453/1593 [00:08<00:22, 51.64it/s]
Processing frames:  29%|██▉       | 461/1593 [00:08<00:21, 51.67it/s]
Processing frames:  29%|██▉       | 469/1593 [00:08<00:23, 48.52it/s]
Processing frames:  30%|██▉       | 477/1593 [00:09<00:22, 48.96it/s]
Processing frames:  30%|███       | 485/1593 [00:09<00:21, 51.79it/s]
Processing frames:  31%|███       | 493/1593 [00:09<00:21, 51.89it/s]
Processing frames:  31%|███▏      | 501/1593 [00:09<00:20, 53.68it/s]
Processing frames:  32%|███▏      | 509/1593 [00:09<00:19, 56.85it/s]
Processing frames:  32%|███▏      | 517/1593 [00:09<00:18, 59.19it/s]
Processing frames:  33%|███▎      | 525/1593 [00:09<00:17, 60.63it/s]
Processing frames:  33%|███▎      | 533/1593 [00:10<00:17, 61.93it/s]
Processing frames:  34%|███▍      | 545/1593 [00:10<00:15, 67.14it/s]
Processing frames:  35%|███▍      | 553/1593 [00:10<00:15, 65.56it/s]
Processing frames:  35%|███▌      | 561/1593 [00:10<00:17, 58.67it/s]
Processing frames:  36%|███▌      | 569/1593 [00:10<00:19, 52.89it/s]
Processing frames:  36%|███▌      | 577/1593 [00:10<00:21, 48.07it/s]
Processing frames:  37%|███▋      | 585/1593 [00:11<00:21, 46.91it/s]
Processing frames:  37%|███▋      | 593/1593 [00:11<00:21, 45.78it/s]
Processing frames:  38%|███▊      | 601/1593 [00:11<00:20, 47.70it/s]
Processing frames:  38%|███▊      | 609/1593 [00:11<00:20, 48.53it/s]
Processing frames:  39%|███▊      | 617/1593 [00:11<00:20, 47.42it/s]
Processing frames:  39%|███▉      | 625/1593 [00:11<00:19, 49.15it/s]
Processing frames:  40%|███▉      | 633/1593 [00:12<00:18, 51.66it/s]
Processing frames:  40%|████      | 641/1593 [00:12<00:17, 55.11it/s]
Processing frames:  41%|████      | 649/1593 [00:12<00:16, 56.85it/s]
Processing frames:  41%|████      | 657/1593 [00:12<00:15, 59.60it/s]
Processing frames:  42%|████▏     | 669/1593 [00:12<00:13, 66.65it/s]
Processing frames:  43%|████▎     | 681/1593 [00:12<00:13, 68.52it/s]
Processing frames:  43%|████▎     | 689/1593 [00:12<00:13, 65.01it/s]
Processing frames:  44%|████▍     | 697/1593 [00:13<00:13, 64.43it/s]
Processing frames:  44%|████▍     | 705/1593 [00:13<00:15, 58.45it/s]
Processing frames:  45%|████▍     | 713/1593 [00:13<00:16, 54.90it/s]
Processing frames:  45%|████▌     | 721/1593 [00:13<00:16, 51.86it/s]
Processing frames:  46%|████▌     | 729/1593 [00:13<00:17, 50.24it/s]
Processing frames:  46%|████▋     | 737/1593 [00:13<00:16, 50.53it/s]
Processing frames:  47%|████▋     | 745/1593 [00:13<00:16, 51.73it/s]
Processing frames:  47%|████▋     | 753/1593 [00:14<00:15, 53.95it/s]
Processing frames:  48%|████▊     | 761/1593 [00:14<00:14, 56.94it/s]
Processing frames:  48%|████▊     | 769/1593 [00:14<00:13, 62.29it/s]
Processing frames:  49%|████▉     | 777/1593 [00:14<00:12, 65.62it/s]
Processing frames:  49%|████▉     | 785/1593 [00:14<00:11, 68.71it/s]
Processing frames:  50%|█████     | 797/1593 [00:14<00:10, 73.57it/s]
Processing frames:  51%|█████     | 805/1593 [00:14<00:11, 66.89it/s]
Processing frames:  51%|█████     | 812/1593 [00:14<00:11, 66.69it/s]
Processing frames:  51%|█████▏    | 819/1593 [00:15<00:15, 48.77it/s]
Processing frames:  52%|█████▏    | 825/1593 [00:15<00:19, 39.54it/s]
Processing frames:  52%|█████▏    | 830/1593 [00:15<00:19, 39.67it/s]
Processing frames:  52%|█████▏    | 835/1593 [00:15<00:19, 39.79it/s]
Processing frames:  53%|█████▎    | 840/1593 [00:15<00:18, 40.83it/s]
Processing frames:  53%|█████▎    | 845/1593 [00:16<00:22, 33.31it/s]
Processing frames:  53%|█████▎    | 849/1593 [00:16<00:21, 34.38it/s]
Processing frames:  54%|█████▎    | 853/1593 [00:16<00:20, 35.33it/s]
Processing frames:  54%|█████▍    | 857/1593 [00:16<00:20, 35.94it/s]
Processing frames:  54%|█████▍    | 861/1593 [00:16<00:20, 36.17it/s]
Processing frames:  54%|█████▍    | 865/1593 [00:16<00:20, 35.72it/s]
Processing frames:  55%|█████▍    | 869/1593 [00:16<00:20, 35.25it/s]
Processing frames:  55%|█████▌    | 877/1593 [00:16<00:17, 40.34it/s]
Processing frames:  56%|█████▌    | 885/1593 [00:16<00:15, 45.85it/s]
Processing frames:  56%|█████▌    | 893/1593 [00:17<00:14, 47.31it/s]
Processing frames:  57%|█████▋    | 901/1593 [00:17<00:13, 51.42it/s]
Processing frames:  57%|█████▋    | 909/1593 [00:17<00:12, 56.88it/s]
Processing frames:  58%|█████▊    | 921/1593 [00:17<00:10, 65.16it/s]
Processing frames:  59%|█████▊    | 933/1593 [00:17<00:09, 70.49it/s]
Processing frames:  59%|█████▉    | 941/1593 [00:17<00:09, 67.63it/s]
Processing frames:  60%|█████▉    | 949/1593 [00:17<00:09, 65.00it/s]
Processing frames:  60%|██████    | 957/1593 [00:18<00:11, 56.94it/s]
Processing frames:  60%|██████    | 963/1593 [00:18<00:11, 56.37it/s]
Processing frames:  61%|██████    | 969/1593 [00:18<00:13, 46.58it/s]
Processing frames:  61%|██████    | 974/1593 [00:18<00:13, 46.33it/s]
Processing frames:  61%|██████▏   | 979/1593 [00:18<00:13, 46.75it/s]
Processing frames:  62%|██████▏   | 985/1593 [00:18<00:15, 39.59it/s]
Processing frames:  62%|██████▏   | 990/1593 [00:18<00:14, 41.47it/s]
Processing frames:  62%|██████▏   | 995/1593 [00:19<00:14, 41.30it/s]
Processing frames:  63%|██████▎   | 1000/1593 [00:19<00:14, 42.14it/s]
Processing frames:  63%|██████▎   | 1005/1593 [00:19<00:17, 33.50it/s]
Processing frames:  63%|██████▎   | 1009/1593 [00:19<00:17, 33.34it/s]
Processing frames:  64%|██████▍   | 1017/1593 [00:19<00:15, 36.62it/s]
Processing frames:  64%|██████▍   | 1025/1593 [00:19<00:14, 39.89it/s]
Processing frames:  65%|██████▍   | 1033/1593 [00:20<00:13, 43.06it/s]
Processing frames:  65%|██████▌   | 1041/1593 [00:20<00:12, 44.97it/s]
Processing frames:  66%|██████▌   | 1049/1593 [00:20<00:11, 49.34it/s]
Processing frames:  67%|██████▋   | 1061/1593 [00:20<00:08, 60.11it/s]
Processing frames:  67%|██████▋   | 1069/1593 [00:20<00:08, 64.39it/s]
Processing frames:  68%|██████▊   | 1077/1593 [00:20<00:07, 66.28it/s]
Processing frames:  68%|██████▊   | 1085/1593 [00:20<00:07, 63.62it/s]
Processing frames:  69%|██████▊   | 1092/1593 [00:20<00:08, 61.48it/s]
Processing frames:  69%|██████▉   | 1099/1593 [00:21<00:11, 44.56it/s]
Processing frames:  69%|██████▉   | 1105/1593 [00:21<00:13, 36.94it/s]
Processing frames:  70%|██████▉   | 1110/1593 [00:21<00:12, 37.48it/s]
Processing frames:  70%|██████▉   | 1115/1593 [00:21<00:12, 38.91it/s]
Processing frames:  70%|███████   | 1120/1593 [00:21<00:12, 38.92it/s]
Processing frames:  71%|███████   | 1125/1593 [00:22<00:15, 31.04it/s]
Processing frames:  71%|███████   | 1129/1593 [00:22<00:14, 31.57it/s]
Processing frames:  71%|███████   | 1133/1593 [00:22<00:14, 32.13it/s]
Processing frames:  71%|███████▏  | 1137/1593 [00:22<00:14, 32.18it/s]
Processing frames:  72%|███████▏  | 1141/1593 [00:22<00:13, 32.52it/s]
Processing frames:  72%|███████▏  | 1145/1593 [00:22<00:13, 32.54it/s]
Processing frames:  72%|███████▏  | 1149/1593 [00:22<00:13, 32.21it/s]
Processing frames:  72%|███████▏  | 1153/1593 [00:22<00:13, 32.47it/s]
Processing frames:  73%|███████▎  | 1157/1593 [00:23<00:12, 33.55it/s]
Processing frames:  73%|███████▎  | 1165/1593 [00:23<00:11, 38.15it/s]
Processing frames:  74%|███████▎  | 1173/1593 [00:23<00:09, 42.43it/s]
Processing frames:  74%|███████▍  | 1181/1593 [00:23<00:08, 47.11it/s]
Processing frames:  75%|███████▍  | 1189/1593 [00:23<00:07, 53.82it/s]
Processing frames:  75%|███████▌  | 1197/1593 [00:23<00:06, 60.24it/s]
Processing frames:  76%|███████▌  | 1205/1593 [00:23<00:06, 64.45it/s]
Processing frames:  76%|███████▌  | 1213/1593 [00:23<00:05, 67.68it/s]
Processing frames:  77%|███████▋  | 1221/1593 [00:24<00:05, 69.02it/s]
Processing frames:  77%|███████▋  | 1229/1593 [00:24<00:05, 67.59it/s]
Processing frames:  78%|███████▊  | 1237/1593 [00:24<00:06, 57.39it/s]
Processing frames:  78%|███████▊  | 1244/1593 [00:24<00:05, 58.78it/s]
Processing frames:  79%|███████▊  | 1251/1593 [00:24<00:07, 46.94it/s]
Processing frames:  79%|███████▉  | 1257/1593 [00:24<00:08, 40.84it/s]
Processing frames:  79%|███████▉  | 1265/1593 [00:25<00:08, 40.07it/s]
Processing frames:  80%|███████▉  | 1273/1593 [00:25<00:07, 42.68it/s]
Processing frames:  80%|████████  | 1281/1593 [00:25<00:07, 44.51it/s]
Processing frames:  81%|████████  | 1289/1593 [00:25<00:06, 46.25it/s]
Processing frames:  81%|████████▏ | 1297/1593 [00:25<00:06, 48.13it/s]
Processing frames:  82%|████████▏ | 1305/1593 [00:25<00:05, 51.97it/s]
Processing frames:  82%|████████▏ | 1313/1593 [00:25<00:04, 57.66it/s]
Processing frames:  83%|████████▎ | 1321/1593 [00:26<00:04, 60.52it/s]
Processing frames:  83%|████████▎ | 1329/1593 [00:26<00:04, 64.86it/s]
Processing frames:  84%|████████▍ | 1341/1593 [00:26<00:03, 69.61it/s]
Processing frames:  85%|████████▍ | 1349/1593 [00:26<00:04, 55.14it/s]
Processing frames:  85%|████████▌ | 1356/1593 [00:26<00:04, 56.25it/s]
Processing frames:  86%|████████▌ | 1363/1593 [00:26<00:04, 46.45it/s]
Processing frames:  86%|████████▌ | 1369/1593 [00:27<00:05, 40.96it/s]
Processing frames:  86%|████████▋ | 1377/1593 [00:27<00:05, 40.95it/s]
Processing frames:  87%|████████▋ | 1382/1593 [00:27<00:04, 42.66it/s]
Processing frames:  87%|████████▋ | 1387/1593 [00:27<00:04, 43.12it/s]
Processing frames:  87%|████████▋ | 1392/1593 [00:27<00:04, 43.20it/s]
Processing frames:  88%|████████▊ | 1397/1593 [00:27<00:05, 35.41it/s]
Processing frames:  88%|████████▊ | 1405/1593 [00:28<00:04, 37.91it/s]
Processing frames:  89%|████████▊ | 1413/1593 [00:28<00:04, 43.33it/s]
Processing frames:  89%|████████▉ | 1421/1593 [00:28<00:03, 45.18it/s]
Processing frames:  90%|████████▉ | 1429/1593 [00:28<00:03, 46.15it/s]
Processing frames:  90%|█████████ | 1437/1593 [00:28<00:03, 47.91it/s]
Processing frames:  91%|█████████ | 1445/1593 [00:28<00:02, 49.92it/s]
Processing frames:  91%|█████████ | 1453/1593 [00:28<00:02, 54.87it/s]
Processing frames:  92%|█████████▏| 1461/1593 [00:29<00:02, 59.64it/s]
Processing frames:  92%|█████████▏| 1469/1593 [00:29<00:02, 55.50it/s]
Processing frames:  93%|█████████▎| 1477/1593 [00:29<00:02, 55.04it/s]
Processing frames:  93%|█████████▎| 1485/1593 [00:29<00:01, 55.75it/s]
Processing frames:  94%|█████████▎| 1493/1593 [00:29<00:01, 59.24it/s]
Processing frames:  94%|█████████▍| 1501/1593 [00:29<00:01, 61.15it/s]
Processing frames:  95%|█████████▍| 1509/1593 [00:29<00:01, 61.05it/s]
Processing frames:  95%|█████████▌| 1517/1593 [00:29<00:01, 61.39it/s]
Processing frames:  96%|█████████▌| 1525/1593 [00:30<00:01, 62.08it/s]
Processing frames:  96%|█████████▌| 1533/1593 [00:30<00:00, 62.73it/s]
Processing frames:  97%|█████████▋| 1541/1593 [00:30<00:00, 65.28it/s]
Processing frames:  97%|█████████▋| 1553/1593 [00:30<00:00, 71.94it/s]
Processing frames:  98%|█████████▊| 1565/1593 [00:30<00:00, 76.48it/s]
Processing frames:  99%|█████████▉| 1577/1593 [00:30<00:00, 76.51it/s]
Processing frames:  99%|█████████▉| 1585/1593 [00:30<00:00, 75.25it/s]
Processing frames: 100%|██████████| 1593/1593 [00:30<00:00, 51.42it/s]
[INFO] Trajectory saved to /home/pulver/projects/Outdoor_SLPF/results/iros_ablation/20260217_085404_ablation/no_gps/seed_33/trajectory_0.5.tum
[INFO] Trajectory saved to /home/pulver/projects/Outdoor_SLPF/results/iros_ablation/20260217_085404_ablation/no_gps/seed_33/gps_pose.tum
[INFO] Finished processing all frames from the CSV file.

[exit_code=0 duration_sec=35.70]
