$ /home/pulver/projects/Outdoor_SLPF/.venv/bin/python /home/pulver/projects/Outdoor_SLPF/scripts/spf_lidar.py --miss-penalty 4.0 --wrong-hit-penalty 4.0 --gps-weight 0.5 --seed 33 --output-folder /home/pulver/projects/Outdoor_SLPF/results/iros/20260217_172656_multiseed_main/spf/seed_33 --frame-stride 5 --semantic-sigma 0.20 --gps-sigma 1.1 --particle-count 300 --disable-corridor --disable-background --disable-dynamic-gps-weight --disable-pose-smoothing --no-visualization --require-cuda

/home/pulver/projects/Outdoor_SLPF/.venv/lib/python3.10/site-packages/matplotlib/projections/__init__.py:63: UserWarning: Unable to import Axes3D. This may be due to multiple versions of Matplotlib being installed (e.g. as a system package and as a pip package). As a result, the 3D projection is not available.
  warnings.warn("Unable to import Axes3D. This may be due to multiple versions of "
Using device: cuda
[INFO] Running with Miss Penalty: 4.0, Wrong Hit Penalty: 4.0, GPS Weight: 0.5, Seed: 33, Output: /home/pulver/projects/Outdoor_SLPF/results/iros/20260217_172656_multiseed_main/spf/seed_33, Stride: 5, MaxFrames: None, Visualize: False, Model: wall, DisableGPS: False, DisableSemantic: False, DisableCorridor: True, DisableBackground: True, StaticGPSWeight: True, DisablePoseSmooth: True, SemanticClasses: both

Processing frames:   0%|          | 0/1593 [00:00<?, ?it/s]
Processing frames:   0%|          | 1/1593 [00:00<23:12,  1.14it/s]
Processing frames:   1%|          | 11/1593 [00:01<01:49, 14.41it/s]
Processing frames:   1%|▏         | 21/1593 [00:01<00:58, 26.87it/s]
Processing frames:   2%|▏         | 31/1593 [00:01<00:43, 36.18it/s]
Processing frames:   3%|▎         | 41/1593 [00:01<00:35, 43.68it/s]
Processing frames:   3%|▎         | 51/1593 [00:01<00:31, 48.38it/s]
Processing frames:   4%|▍         | 61/1593 [00:01<00:28, 52.91it/s]
Processing frames:   4%|▍         | 71/1593 [00:01<00:26, 57.32it/s]
Processing frames:   5%|▌         | 81/1593 [00:02<00:24, 60.58it/s]
Processing frames:   6%|▌         | 91/1593 [00:02<00:24, 62.54it/s]
Processing frames:   6%|▋         | 101/1593 [00:02<00:23, 62.35it/s]
Processing frames:   7%|▋         | 111/1593 [00:02<00:23, 63.37it/s]
Processing frames:   8%|▊         | 121/1593 [00:02<00:23, 63.68it/s]
Processing frames:   8%|▊         | 131/1593 [00:02<00:23, 63.40it/s]
Processing frames:   9%|▉         | 141/1593 [00:02<00:22, 63.90it/s]
Processing frames:   9%|▉         | 151/1593 [00:03<00:22, 62.92it/s]
Processing frames:  10%|█         | 161/1593 [00:03<00:21, 65.13it/s]
Processing frames:  11%|█         | 171/1593 [00:03<00:21, 66.62it/s]
Processing frames:  11%|█▏        | 181/1593 [00:03<00:20, 68.74it/s]
Processing frames:  12%|█▏        | 191/1593 [00:03<00:19, 71.46it/s]
Processing frames:  13%|█▎        | 201/1593 [00:03<00:18, 75.46it/s]
Processing frames:  13%|█▎        | 211/1593 [00:03<00:17, 78.49it/s]
Processing frames:  14%|█▍        | 221/1593 [00:04<00:16, 83.54it/s]
Processing frames:  15%|█▍        | 231/1593 [00:04<00:15, 85.61it/s]
Processing frames:  15%|█▌        | 246/1593 [00:04<00:14, 92.04it/s]
Processing frames:  16%|█▋        | 261/1593 [00:04<00:14, 93.27it/s]
Processing frames:  17%|█▋        | 271/1593 [00:04<00:16, 81.44it/s]
Processing frames:  18%|█▊        | 281/1593 [00:04<00:17, 73.10it/s]
Processing frames:  18%|█▊        | 291/1593 [00:04<00:19, 66.96it/s]
Processing frames:  19%|█▉        | 301/1593 [00:05<00:18, 68.71it/s]
Processing frames:  20%|█▉        | 311/1593 [00:05<00:19, 67.26it/s]
Processing frames:  20%|██        | 321/1593 [00:05<00:19, 64.49it/s]
Processing frames:  21%|██        | 331/1593 [00:05<00:19, 64.18it/s]
Processing frames:  21%|██▏       | 341/1593 [00:05<00:18, 67.31it/s]
Processing frames:  22%|██▏       | 351/1593 [00:05<00:18, 68.92it/s]
Processing frames:  23%|██▎       | 361/1593 [00:05<00:17, 71.48it/s]
Processing frames:  23%|██▎       | 371/1593 [00:06<00:15, 78.11it/s]
Processing frames:  24%|██▍       | 381/1593 [00:06<00:14, 82.33it/s]
Processing frames:  25%|██▍       | 396/1593 [00:06<00:13, 91.06it/s]
Processing frames:  25%|██▌       | 406/1593 [00:06<00:13, 90.31it/s]
Processing frames:  26%|██▌       | 416/1593 [00:06<00:15, 77.12it/s]
Processing frames:  27%|██▋       | 426/1593 [00:06<00:15, 73.76it/s]
Processing frames:  27%|██▋       | 436/1593 [00:06<00:16, 71.11it/s]
Processing frames:  28%|██▊       | 446/1593 [00:07<00:16, 67.48it/s]
Processing frames:  29%|██▊       | 456/1593 [00:07<00:17, 66.27it/s]
Processing frames:  29%|██▉       | 466/1593 [00:07<00:17, 64.78it/s]
Processing frames:  30%|██▉       | 473/1593 [00:07<00:17, 65.20it/s]
Processing frames:  30%|███       | 481/1593 [00:07<00:17, 62.19it/s]
Processing frames:  31%|███       | 491/1593 [00:07<00:17, 63.82it/s]
Processing frames:  31%|███▏      | 501/1593 [00:07<00:16, 66.13it/s]
Processing frames:  32%|███▏      | 511/1593 [00:08<00:15, 69.62it/s]
Processing frames:  33%|███▎      | 521/1593 [00:08<00:14, 73.35it/s]
Processing frames:  33%|███▎      | 531/1593 [00:08<00:13, 76.18it/s]
Processing frames:  34%|███▍      | 546/1593 [00:08<00:12, 83.31it/s]
Processing frames:  35%|███▍      | 556/1593 [00:08<00:12, 82.83it/s]
Processing frames:  35%|███▌      | 565/1593 [00:08<00:12, 83.26it/s]
Processing frames:  36%|███▌      | 574/1593 [00:08<00:14, 68.33it/s]
Processing frames:  37%|███▋      | 582/1593 [00:09<00:16, 61.56it/s]
Processing frames:  37%|███▋      | 591/1593 [00:09<00:17, 56.35it/s]
Processing frames:  38%|███▊      | 601/1593 [00:09<00:17, 58.33it/s]
Processing frames:  38%|███▊      | 611/1593 [00:09<00:16, 58.26it/s]
Processing frames:  39%|███▉      | 621/1593 [00:09<00:16, 58.06it/s]
Processing frames:  40%|███▉      | 631/1593 [00:09<00:15, 62.64it/s]
Processing frames:  40%|████      | 641/1593 [00:10<00:14, 65.88it/s]
Processing frames:  41%|████      | 651/1593 [00:10<00:13, 68.17it/s]
Processing frames:  41%|████▏     | 661/1593 [00:10<00:12, 71.78it/s]
Processing frames:  42%|████▏     | 671/1593 [00:10<00:11, 77.37it/s]
Processing frames:  43%|████▎     | 681/1593 [00:10<00:11, 81.09it/s]
Processing frames:  43%|████▎     | 691/1593 [00:10<00:11, 79.09it/s]
Processing frames:  44%|████▍     | 701/1593 [00:10<00:11, 77.46it/s]
Processing frames:  45%|████▍     | 711/1593 [00:10<00:13, 67.57it/s]
Processing frames:  45%|████▌     | 721/1593 [00:11<00:13, 64.77it/s]
Processing frames:  46%|████▌     | 731/1593 [00:11<00:13, 64.78it/s]
Processing frames:  47%|████▋     | 741/1593 [00:11<00:13, 64.28it/s]
Processing frames:  47%|████▋     | 751/1593 [00:11<00:12, 67.00it/s]
Processing frames:  48%|████▊     | 761/1593 [00:11<00:11, 71.81it/s]
Processing frames:  48%|████▊     | 771/1593 [00:11<00:10, 77.57it/s]
Processing frames:  49%|████▉     | 786/1593 [00:11<00:09, 86.55it/s]
Processing frames:  50%|█████     | 801/1593 [00:12<00:08, 89.70it/s]
Processing frames:  51%|█████     | 811/1593 [00:12<00:09, 81.01it/s]
Processing frames:  51%|█████▏    | 820/1593 [00:12<00:09, 78.61it/s]
Processing frames:  52%|█████▏    | 828/1593 [00:12<00:12, 60.00it/s]
Processing frames:  52%|█████▏    | 835/1593 [00:12<00:13, 58.20it/s]
Processing frames:  53%|█████▎    | 842/1593 [00:12<00:16, 46.09it/s]
Processing frames:  53%|█████▎    | 848/1593 [00:13<00:15, 47.46it/s]
Processing frames:  54%|█████▎    | 854/1593 [00:13<00:15, 47.97it/s]
Processing frames:  54%|█████▍    | 860/1593 [00:13<00:14, 50.45it/s]
Processing frames:  54%|█████▍    | 866/1593 [00:13<00:17, 41.76it/s]
Processing frames:  55%|█████▍    | 871/1593 [00:13<00:17, 42.23it/s]
Processing frames:  55%|█████▌    | 881/1593 [00:13<00:14, 50.85it/s]
Processing frames:  56%|█████▌    | 891/1593 [00:13<00:12, 56.51it/s]
Processing frames:  57%|█████▋    | 901/1593 [00:14<00:11, 62.87it/s]
Processing frames:  58%|█████▊    | 916/1593 [00:14<00:08, 75.81it/s]
Processing frames:  58%|█████▊    | 926/1593 [00:14<00:08, 81.43it/s]
Processing frames:  59%|█████▉    | 941/1593 [00:14<00:07, 85.82it/s]
Processing frames:  60%|█████▉    | 951/1593 [00:14<00:08, 78.53it/s]
Processing frames:  60%|██████    | 961/1593 [00:14<00:09, 67.71it/s]
Processing frames:  61%|██████    | 971/1593 [00:15<00:10, 61.92it/s]
Processing frames:  61%|██████▏   | 978/1593 [00:15<00:09, 62.60it/s]
Processing frames:  62%|██████▏   | 986/1593 [00:15<00:11, 53.90it/s]
Processing frames:  62%|██████▏   | 992/1593 [00:15<00:11, 54.43it/s]
Processing frames:  63%|██████▎   | 998/1593 [00:15<00:10, 54.82it/s]
Processing frames:  63%|██████▎   | 1004/1593 [00:15<00:10, 53.84it/s]
Processing frames:  63%|██████▎   | 1010/1593 [00:15<00:10, 54.98it/s]
Processing frames:  64%|██████▍   | 1016/1593 [00:15<00:12, 44.89it/s]
Processing frames:  64%|██████▍   | 1026/1593 [00:16<00:11, 49.24it/s]
Processing frames:  65%|██████▌   | 1036/1593 [00:16<00:10, 54.38it/s]
Processing frames:  66%|██████▌   | 1046/1593 [00:16<00:09, 58.43it/s]
Processing frames:  66%|██████▋   | 1056/1593 [00:16<00:08, 65.75it/s]
Processing frames:  67%|██████▋   | 1071/1593 [00:16<00:06, 76.97it/s]
Processing frames:  68%|██████▊   | 1081/1593 [00:16<00:06, 78.68it/s]
Processing frames:  68%|██████▊   | 1091/1593 [00:17<00:07, 63.59it/s]
Processing frames:  69%|██████▉   | 1098/1593 [00:17<00:08, 60.35it/s]
Processing frames:  69%|██████▉   | 1105/1593 [00:17<00:08, 60.36it/s]
Processing frames:  70%|██████▉   | 1112/1593 [00:17<00:11, 43.29it/s]
Processing frames:  70%|███████   | 1118/1593 [00:17<00:10, 44.11it/s]
Processing frames:  70%|███████   | 1123/1593 [00:17<00:10, 42.84it/s]
Processing frames:  71%|███████   | 1128/1593 [00:17<00:10, 43.26it/s]
Processing frames:  71%|███████   | 1133/1593 [00:18<00:10, 43.50it/s]
Processing frames:  71%|███████▏  | 1138/1593 [00:18<00:10, 42.19it/s]
Processing frames:  72%|███████▏  | 1143/1593 [00:18<00:10, 42.19it/s]
Processing frames:  72%|███████▏  | 1148/1593 [00:18<00:10, 43.65it/s]
Processing frames:  72%|███████▏  | 1153/1593 [00:18<00:09, 44.02it/s]
Processing frames:  73%|███████▎  | 1158/1593 [00:18<00:09, 45.43it/s]
Processing frames:  73%|███████▎  | 1166/1593 [00:18<00:09, 45.50it/s]
Processing frames:  74%|███████▍  | 1176/1593 [00:18<00:08, 51.44it/s]
Processing frames:  74%|███████▍  | 1186/1593 [00:19<00:06, 60.31it/s]
Processing frames:  75%|███████▌  | 1196/1593 [00:19<00:05, 69.84it/s]
Processing frames:  76%|███████▌  | 1211/1593 [00:19<00:04, 81.66it/s]
Processing frames:  77%|███████▋  | 1221/1593 [00:19<00:04, 85.41it/s]
Processing frames:  77%|███████▋  | 1231/1593 [00:19<00:04, 84.21it/s]
Processing frames:  78%|███████▊  | 1241/1593 [00:19<00:04, 71.44it/s]
Processing frames:  79%|███████▊  | 1251/1593 [00:19<00:05, 63.29it/s]
Processing frames:  79%|███████▉  | 1258/1593 [00:20<00:05, 63.02it/s]
Processing frames:  79%|███████▉  | 1265/1593 [00:20<00:05, 64.55it/s]
Processing frames:  80%|███████▉  | 1272/1593 [00:20<00:05, 56.14it/s]
Processing frames:  80%|████████  | 1281/1593 [00:20<00:05, 55.81it/s]
Processing frames:  81%|████████  | 1291/1593 [00:20<00:05, 58.99it/s]
Processing frames:  82%|████████▏ | 1301/1593 [00:20<00:04, 62.60it/s]
Processing frames:  82%|████████▏ | 1311/1593 [00:20<00:04, 67.37it/s]
Processing frames:  83%|████████▎ | 1321/1593 [00:21<00:03, 73.92it/s]
Processing frames:  84%|████████▍ | 1336/1593 [00:21<00:03, 84.51it/s]
Processing frames:  84%|████████▍ | 1346/1593 [00:21<00:03, 73.15it/s]
Processing frames:  85%|████████▍ | 1354/1593 [00:21<00:03, 71.72it/s]
Processing frames:  85%|████████▌ | 1362/1593 [00:21<00:04, 55.29it/s]
Processing frames:  86%|████████▌ | 1369/1593 [00:21<00:03, 57.93it/s]
Processing frames:  86%|████████▋ | 1376/1593 [00:22<00:04, 49.39it/s]
Processing frames:  87%|████████▋ | 1382/1593 [00:22<00:04, 51.26it/s]
Processing frames:  87%|████████▋ | 1391/1593 [00:22<00:04, 47.47it/s]
Processing frames:  88%|████████▊ | 1401/1593 [00:22<00:03, 48.29it/s]
Processing frames:  89%|████████▊ | 1411/1593 [00:22<00:03, 51.69it/s]
Processing frames:  89%|████████▉ | 1421/1593 [00:22<00:03, 55.36it/s]
Processing frames:  90%|████████▉ | 1431/1593 [00:23<00:02, 55.62it/s]
Processing frames:  90%|█████████ | 1441/1593 [00:23<00:02, 57.27it/s]
Processing frames:  91%|█████████ | 1451/1593 [00:23<00:02, 64.99it/s]
Processing frames:  92%|█████████▏| 1461/1593 [00:23<00:01, 72.06it/s]
Processing frames:  92%|█████████▏| 1471/1593 [00:23<00:01, 70.03it/s]
Processing frames:  93%|█████████▎| 1481/1593 [00:23<00:01, 71.43it/s]
Processing frames:  94%|█████████▎| 1491/1593 [00:23<00:01, 72.92it/s]
Processing frames:  94%|█████████▍| 1501/1593 [00:23<00:01, 75.23it/s]
Processing frames:  95%|█████████▍| 1511/1593 [00:24<00:01, 75.59it/s]
Processing frames:  95%|█████████▌| 1521/1593 [00:24<00:00, 74.62it/s]
Processing frames:  96%|█████████▌| 1531/1593 [00:24<00:00, 77.96it/s]
Processing frames:  97%|█████████▋| 1541/1593 [00:24<00:00, 80.91it/s]
Processing frames:  98%|█████████▊| 1556/1593 [00:24<00:00, 89.05it/s]
Processing frames:  99%|█████████▊| 1571/1593 [00:24<00:00, 96.13it/s]
Processing frames:  99%|█████████▉| 1581/1593 [00:24<00:00, 95.47it/s]
Processing frames: 100%|█████████▉| 1591/1593 [00:24<00:00, 94.97it/s]
Processing frames: 100%|██████████| 1593/1593 [00:24<00:00, 63.91it/s]
[INFO] Trajectory saved to /home/pulver/projects/Outdoor_SLPF/results/iros/20260217_172656_multiseed_main/spf/seed_33/trajectory_0.5.tum
[INFO] Trajectory saved to /home/pulver/projects/Outdoor_SLPF/results/iros/20260217_172656_multiseed_main/spf/seed_33/gps_pose.tum
[INFO] Finished processing all frames from the CSV file.

[exit_code=0 duration_sec=29.75]
