$ /home/pulver/projects/Outdoor_SLPF/.venv/bin/python /home/pulver/projects/Outdoor_SLPF/scripts/spf_lidar.py --miss-penalty 4.0 --wrong-hit-penalty 4.0 --gps-weight 0.5 --seed 11 --output-folder /home/pulver/projects/Outdoor_SLPF/results/iros_ablation/20260217_085404_ablation/non_wall_points/seed_11 --frame-stride 4 --semantic-sigma 0.05 --gps-sigma 1.1 --corridor-weight 0.3 --corridor-dist-sigma 1.5 --corridor-heading-sigma 0.35 --background-class-weight 0.2 --max-background-obs 120 --expected-obs-count 150.0 --pose-smooth-alpha-pos 0.55 --pose-smooth-alpha-theta 0.5 --odom-yaw-filter-alpha 0.9 --particle-count 100 --point-ang-sigma 0.08 --point-range-sigma 0.35 --point-ang-gate 0.2 --point-max-range-diff 1.5 --no-visualization --require-cuda --semantic-model point

/home/pulver/projects/Outdoor_SLPF/.venv/lib/python3.10/site-packages/matplotlib/projections/__init__.py:63: UserWarning: Unable to import Axes3D. This may be due to multiple versions of Matplotlib being installed (e.g. as a system package and as a pip package). As a result, the 3D projection is not available.
  warnings.warn("Unable to import Axes3D. This may be due to multiple versions of "
Using device: cuda
[INFO] Running with Miss Penalty: 4.0, Wrong Hit Penalty: 4.0, GPS Weight: 0.5, Seed: 11, Output: /home/pulver/projects/Outdoor_SLPF/results/iros_ablation/20260217_085404_ablation/non_wall_points/seed_11, Stride: 4, MaxFrames: None, Visualize: False, Model: point, DisableGPS: False, DisableSemantic: False, DisableCorridor: False, DisableBackground: False, StaticGPSWeight: False, DisablePoseSmooth: False

Processing frames:   0%|          | 0/1593 [00:00<?, ?it/s]
Processing frames:   0%|          | 1/1593 [00:00<23:36,  1.12it/s]
Processing frames:   1%|          | 9/1593 [00:01<02:17, 11.48it/s]
Processing frames:   1%|          | 17/1593 [00:01<01:14, 21.03it/s]
Processing frames:   2%|▏         | 25/1593 [00:01<00:52, 29.63it/s]
Processing frames:   2%|▏         | 33/1593 [00:01<00:42, 37.08it/s]
Processing frames:   3%|▎         | 41/1593 [00:01<00:36, 42.08it/s]
Processing frames:   3%|▎         | 49/1593 [00:01<00:32, 46.87it/s]
Processing frames:   4%|▎         | 57/1593 [00:01<00:30, 50.48it/s]
Processing frames:   4%|▍         | 65/1593 [00:01<00:29, 52.53it/s]
Processing frames:   5%|▍         | 73/1593 [00:02<00:28, 52.88it/s]
Processing frames:   5%|▌         | 81/1593 [00:02<00:27, 54.14it/s]
Processing frames:   6%|▌         | 89/1593 [00:02<00:27, 54.23it/s]
Processing frames:   6%|▌         | 97/1593 [00:02<00:28, 52.87it/s]
Processing frames:   7%|▋         | 105/1593 [00:02<00:28, 52.56it/s]
Processing frames:   7%|▋         | 113/1593 [00:02<00:27, 53.26it/s]
Processing frames:   8%|▊         | 121/1593 [00:03<00:27, 54.07it/s]
Processing frames:   8%|▊         | 129/1593 [00:03<00:26, 54.39it/s]
Processing frames:   9%|▊         | 137/1593 [00:03<00:28, 51.72it/s]
Processing frames:   9%|▉         | 145/1593 [00:03<00:28, 51.12it/s]
Processing frames:  10%|▉         | 153/1593 [00:03<00:28, 49.70it/s]
Processing frames:  10%|█         | 161/1593 [00:03<00:28, 50.92it/s]
Processing frames:  11%|█         | 169/1593 [00:03<00:26, 53.22it/s]
Processing frames:  11%|█         | 177/1593 [00:04<00:25, 54.66it/s]
Processing frames:  12%|█▏        | 185/1593 [00:04<00:24, 56.63it/s]
Processing frames:  12%|█▏        | 193/1593 [00:04<00:23, 58.59it/s]
Processing frames:  13%|█▎        | 201/1593 [00:04<00:22, 62.49it/s]
Processing frames:  13%|█▎        | 209/1593 [00:04<00:21, 64.19it/s]
Processing frames:  14%|█▎        | 217/1593 [00:04<00:20, 65.84it/s]
Processing frames:  14%|█▍        | 225/1593 [00:04<00:20, 67.98it/s]
Processing frames:  15%|█▍        | 233/1593 [00:04<00:19, 69.37it/s]
Processing frames:  15%|█▌        | 241/1593 [00:05<00:18, 71.94it/s]
Processing frames:  16%|█▌        | 249/1593 [00:05<00:19, 70.36it/s]
Processing frames:  16%|█▌        | 257/1593 [00:05<00:18, 71.24it/s]
Processing frames:  17%|█▋        | 265/1593 [00:05<00:21, 61.74it/s]
Processing frames:  17%|█▋        | 272/1593 [00:05<00:20, 63.57it/s]
Processing frames:  18%|█▊        | 279/1593 [00:05<00:24, 53.29it/s]
Processing frames:  18%|█▊        | 285/1593 [00:05<00:27, 47.00it/s]
Processing frames:  18%|█▊        | 293/1593 [00:06<00:27, 47.97it/s]
Processing frames:  19%|█▉        | 301/1593 [00:06<00:25, 50.71it/s]
Processing frames:  19%|█▉        | 309/1593 [00:06<00:24, 52.76it/s]
Processing frames:  20%|█▉        | 317/1593 [00:06<00:25, 50.07it/s]
Processing frames:  20%|██        | 325/1593 [00:06<00:26, 47.31it/s]
Processing frames:  21%|██        | 333/1593 [00:06<00:25, 48.73it/s]
Processing frames:  21%|██▏       | 341/1593 [00:06<00:24, 51.49it/s]
Processing frames:  22%|██▏       | 349/1593 [00:07<00:23, 52.36it/s]
Processing frames:  22%|██▏       | 357/1593 [00:07<00:22, 54.75it/s]
Processing frames:  23%|██▎       | 365/1593 [00:07<00:20, 59.49it/s]
Processing frames:  23%|██▎       | 373/1593 [00:07<00:19, 64.18it/s]
Processing frames:  24%|██▍       | 381/1593 [00:07<00:18, 67.07it/s]
Processing frames:  25%|██▍       | 393/1593 [00:07<00:16, 72.36it/s]
Processing frames:  25%|██▌       | 405/1593 [00:07<00:16, 70.77it/s]
Processing frames:  26%|██▌       | 413/1593 [00:08<00:18, 64.11it/s]
Processing frames:  26%|██▋       | 421/1593 [00:08<00:19, 59.52it/s]
Processing frames:  27%|██▋       | 429/1593 [00:08<00:20, 55.60it/s]
Processing frames:  27%|██▋       | 437/1593 [00:08<00:21, 54.36it/s]
Processing frames:  28%|██▊       | 445/1593 [00:08<00:22, 52.12it/s]
Processing frames:  28%|██▊       | 453/1593 [00:08<00:21, 52.79it/s]
Processing frames:  29%|██▉       | 461/1593 [00:08<00:21, 52.76it/s]
Processing frames:  29%|██▉       | 469/1593 [00:09<00:22, 49.23it/s]
Processing frames:  30%|██▉       | 477/1593 [00:09<00:22, 49.90it/s]
Processing frames:  30%|███       | 485/1593 [00:09<00:21, 51.29it/s]
Processing frames:  31%|███       | 493/1593 [00:09<00:21, 50.45it/s]
Processing frames:  31%|███▏      | 501/1593 [00:09<00:20, 52.12it/s]
Processing frames:  32%|███▏      | 509/1593 [00:09<00:19, 54.47it/s]
Processing frames:  32%|███▏      | 517/1593 [00:10<00:19, 56.54it/s]
Processing frames:  33%|███▎      | 525/1593 [00:10<00:18, 57.70it/s]
Processing frames:  33%|███▎      | 533/1593 [00:10<00:17, 59.72it/s]
Processing frames:  34%|███▍      | 545/1593 [00:10<00:15, 65.55it/s]
Processing frames:  35%|███▍      | 553/1593 [00:10<00:16, 64.75it/s]
Processing frames:  35%|███▌      | 561/1593 [00:10<00:17, 58.08it/s]
Processing frames:  36%|███▌      | 569/1593 [00:10<00:19, 52.45it/s]
Processing frames:  36%|███▌      | 577/1593 [00:11<00:21, 47.60it/s]
Processing frames:  37%|███▋      | 585/1593 [00:11<00:21, 46.68it/s]
Processing frames:  37%|███▋      | 593/1593 [00:11<00:22, 45.04it/s]
Processing frames:  38%|███▊      | 601/1593 [00:11<00:21, 46.30it/s]
Processing frames:  38%|███▊      | 609/1593 [00:11<00:21, 46.53it/s]
Processing frames:  39%|███▊      | 617/1593 [00:12<00:21, 45.10it/s]
Processing frames:  39%|███▉      | 625/1593 [00:12<00:20, 47.08it/s]
Processing frames:  40%|███▉      | 633/1593 [00:12<00:19, 48.95it/s]
Processing frames:  40%|████      | 641/1593 [00:12<00:18, 51.99it/s]
Processing frames:  41%|████      | 649/1593 [00:12<00:17, 53.45it/s]
Processing frames:  41%|████      | 657/1593 [00:12<00:16, 55.86it/s]
Processing frames:  42%|████▏     | 665/1593 [00:12<00:15, 61.31it/s]
Processing frames:  42%|████▏     | 677/1593 [00:12<00:13, 67.48it/s]
Processing frames:  43%|████▎     | 685/1593 [00:13<00:14, 64.39it/s]
Processing frames:  44%|████▎     | 693/1593 [00:13<00:14, 63.17it/s]
Processing frames:  44%|████▍     | 701/1593 [00:13<00:14, 60.73it/s]
Processing frames:  45%|████▍     | 709/1593 [00:13<00:16, 53.57it/s]
Processing frames:  45%|████▌     | 717/1593 [00:13<00:17, 51.00it/s]
Processing frames:  46%|████▌     | 725/1593 [00:13<00:17, 50.69it/s]
Processing frames:  46%|████▌     | 733/1593 [00:14<00:16, 50.64it/s]
Processing frames:  47%|████▋     | 741/1593 [00:14<00:16, 50.86it/s]
Processing frames:  47%|████▋     | 749/1593 [00:14<00:15, 52.79it/s]
Processing frames:  48%|████▊     | 757/1593 [00:14<00:15, 54.73it/s]
Processing frames:  48%|████▊     | 765/1593 [00:14<00:14, 57.65it/s]
Processing frames:  49%|████▊     | 773/1593 [00:14<00:13, 62.83it/s]
Processing frames:  49%|████▉     | 781/1593 [00:14<00:12, 66.20it/s]
Processing frames:  50%|████▉     | 793/1593 [00:14<00:11, 72.12it/s]
Processing frames:  50%|█████     | 801/1593 [00:15<00:11, 71.54it/s]
Processing frames:  51%|█████     | 809/1593 [00:15<00:13, 59.03it/s]
Processing frames:  51%|█████     | 816/1593 [00:15<00:13, 58.13it/s]
Processing frames:  52%|█████▏    | 823/1593 [00:15<00:16, 45.97it/s]
Processing frames:  52%|█████▏    | 829/1593 [00:15<00:20, 37.48it/s]
Processing frames:  52%|█████▏    | 834/1593 [00:16<00:20, 37.72it/s]
Processing frames:  53%|█████▎    | 839/1593 [00:16<00:19, 39.03it/s]
Processing frames:  53%|█████▎    | 844/1593 [00:16<00:18, 39.52it/s]
Processing frames:  53%|█████▎    | 849/1593 [00:16<00:22, 32.66it/s]
Processing frames:  54%|█████▎    | 853/1593 [00:16<00:22, 33.62it/s]
Processing frames:  54%|█████▍    | 857/1593 [00:16<00:21, 34.45it/s]
Processing frames:  54%|█████▍    | 861/1593 [00:16<00:20, 34.93it/s]
Processing frames:  54%|█████▍    | 865/1593 [00:16<00:20, 35.49it/s]
Processing frames:  55%|█████▍    | 869/1593 [00:17<00:20, 35.12it/s]
Processing frames:  55%|█████▌    | 877/1593 [00:17<00:17, 39.81it/s]
Processing frames:  56%|█████▌    | 885/1593 [00:17<00:15, 45.77it/s]
Processing frames:  56%|█████▌    | 893/1593 [00:17<00:14, 47.64it/s]
Processing frames:  57%|█████▋    | 901/1593 [00:17<00:13, 51.89it/s]
Processing frames:  57%|█████▋    | 909/1593 [00:17<00:11, 57.06it/s]
Processing frames:  58%|█████▊    | 921/1593 [00:17<00:10, 65.29it/s]
Processing frames:  59%|█████▊    | 933/1593 [00:18<00:09, 70.52it/s]
Processing frames:  59%|█████▉    | 941/1593 [00:18<00:09, 67.99it/s]
Processing frames:  60%|█████▉    | 949/1593 [00:18<00:09, 65.53it/s]
Processing frames:  60%|██████    | 957/1593 [00:18<00:11, 57.54it/s]
Processing frames:  60%|██████    | 963/1593 [00:18<00:11, 57.27it/s]
Processing frames:  61%|██████    | 969/1593 [00:18<00:13, 47.14it/s]
Processing frames:  61%|██████    | 974/1593 [00:18<00:13, 46.88it/s]
Processing frames:  62%|██████▏   | 981/1593 [00:19<00:14, 43.12it/s]
Processing frames:  62%|██████▏   | 986/1593 [00:19<00:13, 43.42it/s]
Processing frames:  62%|██████▏   | 991/1593 [00:19<00:13, 44.43it/s]
Processing frames:  63%|██████▎   | 996/1593 [00:19<00:13, 43.41it/s]
Processing frames:  63%|██████▎   | 1001/1593 [00:19<00:17, 34.06it/s]
Processing frames:  63%|██████▎   | 1005/1593 [00:19<00:17, 34.52it/s]
Processing frames:  63%|██████▎   | 1009/1593 [00:19<00:17, 34.15it/s]
Processing frames:  64%|██████▍   | 1017/1593 [00:20<00:15, 37.32it/s]
Processing frames:  64%|██████▍   | 1025/1593 [00:20<00:14, 40.28it/s]
Processing frames:  65%|██████▍   | 1033/1593 [00:20<00:13, 42.88it/s]
Processing frames:  65%|██████▌   | 1041/1593 [00:20<00:12, 44.75it/s]
Processing frames:  66%|██████▌   | 1049/1593 [00:20<00:11, 48.92it/s]
Processing frames:  67%|██████▋   | 1061/1593 [00:20<00:08, 59.55it/s]
Processing frames:  67%|██████▋   | 1069/1593 [00:20<00:08, 63.82it/s]
Processing frames:  68%|██████▊   | 1077/1593 [00:21<00:07, 66.18it/s]
Processing frames:  68%|██████▊   | 1085/1593 [00:21<00:07, 63.76it/s]
Processing frames:  69%|██████▊   | 1092/1593 [00:21<00:08, 61.58it/s]
Processing frames:  69%|██████▉   | 1099/1593 [00:21<00:11, 44.47it/s]
Processing frames:  69%|██████▉   | 1105/1593 [00:21<00:13, 36.56it/s]
Processing frames:  70%|██████▉   | 1110/1593 [00:21<00:13, 37.10it/s]
Processing frames:  70%|██████▉   | 1115/1593 [00:22<00:12, 38.54it/s]
Processing frames:  70%|███████   | 1120/1593 [00:22<00:12, 38.75it/s]
Processing frames:  71%|███████   | 1125/1593 [00:22<00:14, 31.36it/s]
Processing frames:  71%|███████   | 1129/1593 [00:22<00:14, 31.95it/s]
Processing frames:  71%|███████   | 1133/1593 [00:22<00:14, 32.72it/s]
Processing frames:  71%|███████▏  | 1137/1593 [00:22<00:13, 32.89it/s]
Processing frames:  72%|███████▏  | 1141/1593 [00:22<00:13, 33.33it/s]
Processing frames:  72%|███████▏  | 1145/1593 [00:23<00:13, 32.93it/s]
Processing frames:  72%|███████▏  | 1149/1593 [00:23<00:13, 32.38it/s]
Processing frames:  72%|███████▏  | 1153/1593 [00:23<00:13, 32.44it/s]
Processing frames:  73%|███████▎  | 1157/1593 [00:23<00:12, 33.69it/s]
Processing frames:  73%|███████▎  | 1165/1593 [00:23<00:11, 38.15it/s]
Processing frames:  74%|███████▎  | 1173/1593 [00:23<00:09, 42.39it/s]
Processing frames:  74%|███████▍  | 1181/1593 [00:23<00:08, 47.30it/s]
Processing frames:  75%|███████▍  | 1189/1593 [00:23<00:07, 54.16it/s]
Processing frames:  75%|███████▌  | 1201/1593 [00:24<00:06, 62.88it/s]
Processing frames:  76%|███████▌  | 1209/1593 [00:24<00:05, 65.23it/s]
Processing frames:  77%|███████▋  | 1221/1593 [00:24<00:05, 70.16it/s]
Processing frames:  77%|███████▋  | 1229/1593 [00:24<00:05, 69.07it/s]
Processing frames:  78%|███████▊  | 1237/1593 [00:24<00:05, 59.65it/s]
Processing frames:  78%|███████▊  | 1244/1593 [00:24<00:05, 60.40it/s]
Processing frames:  79%|███████▊  | 1251/1593 [00:25<00:06, 49.13it/s]
Processing frames:  79%|███████▉  | 1257/1593 [00:25<00:07, 42.36it/s]
Processing frames:  79%|███████▉  | 1265/1593 [00:25<00:07, 41.23it/s]
Processing frames:  80%|███████▉  | 1273/1593 [00:25<00:07, 43.84it/s]
Processing frames:  80%|████████  | 1281/1593 [00:25<00:06, 45.52it/s]
Processing frames:  81%|████████  | 1289/1593 [00:25<00:06, 47.44it/s]
Processing frames:  81%|████████▏ | 1297/1593 [00:26<00:06, 49.19it/s]
Processing frames:  82%|████████▏ | 1305/1593 [00:26<00:05, 53.18it/s]
Processing frames:  83%|████████▎ | 1317/1593 [00:26<00:04, 60.36it/s]
Processing frames:  83%|████████▎ | 1325/1593 [00:26<00:04, 63.43it/s]
Processing frames:  84%|████████▍ | 1337/1593 [00:26<00:03, 69.99it/s]
Processing frames:  84%|████████▍ | 1345/1593 [00:26<00:04, 60.31it/s]
Processing frames:  85%|████████▍ | 1352/1593 [00:26<00:03, 61.04it/s]
Processing frames:  85%|████████▌ | 1359/1593 [00:27<00:04, 47.11it/s]
Processing frames:  86%|████████▌ | 1365/1593 [00:27<00:05, 40.44it/s]
Processing frames:  86%|████████▌ | 1370/1593 [00:27<00:05, 42.12it/s]
Processing frames:  86%|████████▋ | 1377/1593 [00:27<00:05, 39.30it/s]
Processing frames:  87%|████████▋ | 1385/1593 [00:27<00:05, 38.86it/s]
Processing frames:  87%|████████▋ | 1390/1593 [00:27<00:05, 40.03it/s]
Processing frames:  88%|████████▊ | 1395/1593 [00:28<00:04, 41.42it/s]
Processing frames:  88%|████████▊ | 1400/1593 [00:28<00:04, 43.36it/s]
Processing frames:  88%|████████▊ | 1405/1593 [00:28<00:05, 37.10it/s]
Processing frames:  89%|████████▊ | 1413/1593 [00:28<00:04, 43.09it/s]
Processing frames:  89%|████████▉ | 1421/1593 [00:28<00:03, 46.13it/s]
Processing frames:  90%|████████▉ | 1429/1593 [00:28<00:03, 47.02it/s]
Processing frames:  90%|█████████ | 1437/1593 [00:28<00:03, 47.78it/s]
Processing frames:  91%|█████████ | 1445/1593 [00:29<00:02, 49.91it/s]
Processing frames:  91%|█████████ | 1453/1593 [00:29<00:02, 55.21it/s]
Processing frames:  92%|█████████▏| 1461/1593 [00:29<00:02, 60.31it/s]
Processing frames:  92%|█████████▏| 1469/1593 [00:29<00:02, 56.29it/s]
Processing frames:  93%|█████████▎| 1477/1593 [00:29<00:02, 56.23it/s]
Processing frames:  93%|█████████▎| 1485/1593 [00:29<00:01, 57.02it/s]
Processing frames:  94%|█████████▎| 1493/1593 [00:29<00:01, 60.05it/s]
Processing frames:  94%|█████████▍| 1501/1593 [00:30<00:01, 62.37it/s]
Processing frames:  95%|█████████▍| 1509/1593 [00:30<00:01, 61.82it/s]
Processing frames:  95%|█████████▌| 1517/1593 [00:30<00:01, 61.97it/s]
Processing frames:  96%|█████████▌| 1525/1593 [00:30<00:01, 63.14it/s]
Processing frames:  96%|█████████▌| 1533/1593 [00:30<00:00, 64.21it/s]
Processing frames:  97%|█████████▋| 1541/1593 [00:30<00:00, 66.23it/s]
Processing frames:  97%|█████████▋| 1550/1593 [00:30<00:00, 72.44it/s]
Processing frames:  98%|█████████▊| 1561/1593 [00:30<00:00, 74.86it/s]
Processing frames:  99%|█████████▊| 1573/1593 [00:30<00:00, 78.52it/s]
Processing frames:  99%|█████████▉| 1581/1593 [00:31<00:00, 76.09it/s]
Processing frames: 100%|█████████▉| 1589/1593 [00:31<00:00, 76.47it/s]
Processing frames: 100%|██████████| 1593/1593 [00:31<00:00, 50.97it/s]
[INFO] Trajectory saved to /home/pulver/projects/Outdoor_SLPF/results/iros_ablation/20260217_085404_ablation/non_wall_points/seed_11/trajectory_0.5.tum
[INFO] Trajectory saved to /home/pulver/projects/Outdoor_SLPF/results/iros_ablation/20260217_085404_ablation/non_wall_points/seed_11/gps_pose.tum
[INFO] Finished processing all frames from the CSV file.

[exit_code=0 duration_sec=35.97]
