$ /home/pulver/projects/Outdoor_SLPF/.venv/bin/python /home/pulver/projects/Outdoor_SLPF/scripts/spf_lidar.py --miss-penalty 4.0 --wrong-hit-penalty 4.0 --gps-weight 0.5 --seed 11 --output-folder /home/pulver/projects/Outdoor_SLPF/results/iros_ablation/20260217_085404_ablation/no_gps/seed_11 --frame-stride 4 --semantic-sigma 0.05 --gps-sigma 1.1 --corridor-weight 0.3 --corridor-dist-sigma 1.5 --corridor-heading-sigma 0.35 --background-class-weight 0.2 --max-background-obs 120 --expected-obs-count 150.0 --pose-smooth-alpha-pos 0.55 --pose-smooth-alpha-theta 0.5 --odom-yaw-filter-alpha 0.9 --particle-count 100 --point-ang-sigma 0.08 --point-range-sigma 0.35 --point-ang-gate 0.2 --point-max-range-diff 1.5 --no-visualization --require-cuda --disable-gps

/home/pulver/projects/Outdoor_SLPF/.venv/lib/python3.10/site-packages/matplotlib/projections/__init__.py:63: UserWarning: Unable to import Axes3D. This may be due to multiple versions of Matplotlib being installed (e.g. as a system package and as a pip package). As a result, the 3D projection is not available.
  warnings.warn("Unable to import Axes3D. This may be due to multiple versions of "
Using device: cuda
[INFO] Running with Miss Penalty: 4.0, Wrong Hit Penalty: 4.0, GPS Weight: 0.5, Seed: 11, Output: /home/pulver/projects/Outdoor_SLPF/results/iros_ablation/20260217_085404_ablation/no_gps/seed_11, Stride: 4, MaxFrames: None, Visualize: False, Model: wall, DisableGPS: True, DisableSemantic: False, DisableCorridor: False, DisableBackground: False, StaticGPSWeight: False, DisablePoseSmooth: False

Processing frames:   0%|          | 0/1593 [00:00<?, ?it/s]
Processing frames:   0%|          | 1/1593 [00:00<22:47,  1.16it/s]
Processing frames:   1%|          | 9/1593 [00:00<02:13, 11.83it/s]
Processing frames:   1%|          | 17/1593 [00:01<01:12, 21.65it/s]
Processing frames:   2%|▏         | 25/1593 [00:01<00:51, 30.39it/s]
Processing frames:   2%|▏         | 33/1593 [00:01<00:41, 37.77it/s]
Processing frames:   3%|▎         | 41/1593 [00:01<00:36, 43.05it/s]
Processing frames:   3%|▎         | 49/1593 [00:01<00:32, 47.90it/s]
Processing frames:   4%|▎         | 57/1593 [00:01<00:29, 51.59it/s]
Processing frames:   4%|▍         | 65/1593 [00:01<00:28, 53.68it/s]
Processing frames:   5%|▍         | 73/1593 [00:02<00:28, 53.58it/s]
Processing frames:   5%|▌         | 81/1593 [00:02<00:27, 54.55it/s]
Processing frames:   6%|▌         | 89/1593 [00:02<00:27, 54.87it/s]
Processing frames:   6%|▌         | 97/1593 [00:02<00:27, 53.51it/s]
Processing frames:   7%|▋         | 105/1593 [00:02<00:28, 53.01it/s]
Processing frames:   7%|▋         | 113/1593 [00:02<00:27, 53.71it/s]
Processing frames:   8%|▊         | 121/1593 [00:02<00:27, 54.46it/s]
Processing frames:   8%|▊         | 129/1593 [00:03<00:26, 55.11it/s]
Processing frames:   9%|▊         | 137/1593 [00:03<00:27, 52.69it/s]
Processing frames:   9%|▉         | 145/1593 [00:03<00:27, 52.71it/s]
Processing frames:  10%|▉         | 153/1593 [00:03<00:27, 52.10it/s]
Processing frames:  10%|█         | 161/1593 [00:03<00:26, 53.37it/s]
Processing frames:  11%|█         | 169/1593 [00:03<00:25, 55.75it/s]
Processing frames:  11%|█         | 177/1593 [00:03<00:24, 57.16it/s]
Processing frames:  12%|█▏        | 185/1593 [00:04<00:24, 58.23it/s]
Processing frames:  12%|█▏        | 193/1593 [00:04<00:23, 59.86it/s]
Processing frames:  13%|█▎        | 201/1593 [00:04<00:21, 63.52it/s]
Processing frames:  13%|█▎        | 209/1593 [00:04<00:21, 65.17it/s]
Processing frames:  14%|█▎        | 217/1593 [00:04<00:20, 67.02it/s]
Processing frames:  14%|█▍        | 225/1593 [00:04<00:19, 70.06it/s]
Processing frames:  15%|█▍        | 233/1593 [00:04<00:18, 71.99it/s]
Processing frames:  15%|█▌        | 245/1593 [00:04<00:17, 76.45it/s]
Processing frames:  16%|█▌        | 253/1593 [00:05<00:18, 74.35it/s]
Processing frames:  16%|█▋        | 261/1593 [00:05<00:18, 72.90it/s]
Processing frames:  17%|█▋        | 269/1593 [00:05<00:22, 60.06it/s]
Processing frames:  17%|█▋        | 277/1593 [00:05<00:24, 54.60it/s]
Processing frames:  18%|█▊        | 285/1593 [00:05<00:24, 52.86it/s]
Processing frames:  18%|█▊        | 293/1593 [00:05<00:24, 52.67it/s]
Processing frames:  19%|█▉        | 301/1593 [00:05<00:23, 54.46it/s]
Processing frames:  19%|█▉        | 309/1593 [00:06<00:22, 56.08it/s]
Processing frames:  20%|█▉        | 317/1593 [00:06<00:23, 53.45it/s]
Processing frames:  20%|██        | 325/1593 [00:06<00:25, 50.52it/s]
Processing frames:  21%|██        | 333/1593 [00:06<00:24, 51.86it/s]
Processing frames:  21%|██▏       | 341/1593 [00:06<00:22, 54.51it/s]
Processing frames:  22%|██▏       | 349/1593 [00:06<00:22, 54.73it/s]
Processing frames:  22%|██▏       | 357/1593 [00:07<00:21, 56.57it/s]
Processing frames:  23%|██▎       | 365/1593 [00:07<00:20, 60.75it/s]
Processing frames:  23%|██▎       | 373/1593 [00:07<00:18, 65.15it/s]
Processing frames:  24%|██▍       | 381/1593 [00:07<00:17, 67.96it/s]
Processing frames:  25%|██▍       | 393/1593 [00:07<00:16, 73.16it/s]
Processing frames:  25%|██▌       | 405/1593 [00:07<00:16, 71.48it/s]
Processing frames:  26%|██▌       | 413/1593 [00:07<00:18, 64.64it/s]
Processing frames:  26%|██▋       | 421/1593 [00:07<00:19, 59.52it/s]
Processing frames:  27%|██▋       | 429/1593 [00:08<00:20, 55.47it/s]
Processing frames:  27%|██▋       | 437/1593 [00:08<00:21, 54.49it/s]
Processing frames:  28%|██▊       | 445/1593 [00:08<00:22, 51.93it/s]
Processing frames:  28%|██▊       | 453/1593 [00:08<00:21, 52.44it/s]
Processing frames:  29%|██▉       | 461/1593 [00:08<00:21, 52.56it/s]
Processing frames:  29%|██▉       | 469/1593 [00:08<00:22, 50.07it/s]
Processing frames:  30%|██▉       | 477/1593 [00:09<00:21, 51.06it/s]
Processing frames:  30%|███       | 485/1593 [00:09<00:20, 53.69it/s]
Processing frames:  31%|███       | 493/1593 [00:09<00:20, 52.90it/s]
Processing frames:  31%|███▏      | 501/1593 [00:09<00:20, 54.03it/s]
Processing frames:  32%|███▏      | 509/1593 [00:09<00:19, 55.88it/s]
Processing frames:  32%|███▏      | 517/1593 [00:09<00:18, 56.85it/s]
Processing frames:  33%|███▎      | 525/1593 [00:09<00:18, 58.16it/s]
Processing frames:  33%|███▎      | 533/1593 [00:10<00:17, 60.18it/s]
Processing frames:  34%|███▍      | 545/1593 [00:10<00:15, 65.67it/s]
Processing frames:  35%|███▍      | 553/1593 [00:10<00:16, 64.48it/s]
Processing frames:  35%|███▌      | 561/1593 [00:10<00:17, 57.52it/s]
Processing frames:  36%|███▌      | 569/1593 [00:10<00:19, 52.21it/s]
Processing frames:  36%|███▌      | 575/1593 [00:10<00:18, 53.78it/s]
Processing frames:  36%|███▋      | 581/1593 [00:10<00:22, 45.83it/s]
Processing frames:  37%|███▋      | 589/1593 [00:11<00:22, 44.18it/s]
Processing frames:  37%|███▋      | 597/1593 [00:11<00:22, 44.09it/s]
Processing frames:  38%|███▊      | 605/1593 [00:11<00:21, 46.05it/s]
Processing frames:  38%|███▊      | 613/1593 [00:11<00:21, 46.38it/s]
Processing frames:  39%|███▉      | 618/1593 [00:11<00:20, 46.86it/s]
Processing frames:  39%|███▉      | 625/1593 [00:11<00:20, 46.29it/s]
Processing frames:  40%|███▉      | 633/1593 [00:12<00:19, 48.89it/s]
Processing frames:  40%|████      | 641/1593 [00:12<00:18, 51.80it/s]
Processing frames:  41%|████      | 649/1593 [00:12<00:17, 53.71it/s]
Processing frames:  41%|████      | 657/1593 [00:12<00:16, 56.49it/s]
Processing frames:  42%|████▏     | 665/1593 [00:12<00:15, 61.67it/s]
Processing frames:  42%|████▏     | 673/1593 [00:12<00:13, 65.79it/s]
Processing frames:  43%|████▎     | 681/1593 [00:12<00:13, 66.27it/s]
Processing frames:  43%|████▎     | 689/1593 [00:12<00:14, 62.71it/s]
Processing frames:  44%|████▍     | 697/1593 [00:13<00:14, 62.99it/s]
Processing frames:  44%|████▍     | 705/1593 [00:13<00:15, 56.71it/s]
Processing frames:  45%|████▍     | 713/1593 [00:13<00:16, 53.23it/s]
Processing frames:  45%|████▌     | 721/1593 [00:13<00:16, 51.30it/s]
Processing frames:  46%|████▌     | 729/1593 [00:13<00:17, 50.79it/s]
Processing frames:  46%|████▋     | 737/1593 [00:13<00:16, 51.70it/s]
Processing frames:  47%|████▋     | 745/1593 [00:14<00:15, 53.29it/s]
Processing frames:  47%|████▋     | 753/1593 [00:14<00:15, 55.83it/s]
Processing frames:  48%|████▊     | 761/1593 [00:14<00:14, 58.81it/s]
Processing frames:  48%|████▊     | 769/1593 [00:14<00:12, 63.70it/s]
Processing frames:  49%|████▉     | 777/1593 [00:14<00:12, 67.22it/s]
Processing frames:  50%|████▉     | 789/1593 [00:14<00:11, 73.06it/s]
Processing frames:  50%|█████     | 801/1593 [00:14<00:10, 74.11it/s]
Processing frames:  51%|█████     | 809/1593 [00:14<00:12, 61.63it/s]
Processing frames:  51%|█████     | 816/1593 [00:15<00:12, 60.52it/s]
Processing frames:  52%|█████▏    | 823/1593 [00:15<00:16, 47.76it/s]
Processing frames:  52%|█████▏    | 829/1593 [00:15<00:19, 38.27it/s]
Processing frames:  52%|█████▏    | 834/1593 [00:15<00:19, 38.50it/s]
Processing frames:  53%|█████▎    | 839/1593 [00:15<00:18, 39.73it/s]
Processing frames:  53%|█████▎    | 844/1593 [00:15<00:18, 40.15it/s]
Processing frames:  53%|█████▎    | 849/1593 [00:16<00:22, 33.33it/s]
Processing frames:  54%|█████▎    | 853/1593 [00:16<00:21, 34.21it/s]
Processing frames:  54%|█████▍    | 857/1593 [00:16<00:21, 34.81it/s]
Processing frames:  54%|█████▍    | 861/1593 [00:16<00:20, 35.19it/s]
Processing frames:  54%|█████▍    | 865/1593 [00:16<00:20, 35.42it/s]
Processing frames:  55%|█████▍    | 869/1593 [00:16<00:21, 34.27it/s]
Processing frames:  55%|█████▌    | 877/1593 [00:16<00:18, 39.14it/s]
Processing frames:  56%|█████▌    | 885/1593 [00:17<00:15, 44.35it/s]
Processing frames:  56%|█████▌    | 893/1593 [00:17<00:15, 46.13it/s]
Processing frames:  57%|█████▋    | 901/1593 [00:17<00:13, 50.56it/s]
Processing frames:  57%|█████▋    | 909/1593 [00:17<00:12, 56.13it/s]
Processing frames:  58%|█████▊    | 921/1593 [00:17<00:10, 64.53it/s]
Processing frames:  59%|█████▊    | 933/1593 [00:17<00:09, 70.13it/s]
Processing frames:  59%|█████▉    | 941/1593 [00:17<00:09, 67.47it/s]
Processing frames:  60%|█████▉    | 949/1593 [00:18<00:09, 65.24it/s]
Processing frames:  60%|██████    | 957/1593 [00:18<00:11, 57.53it/s]
Processing frames:  60%|██████    | 963/1593 [00:18<00:10, 57.68it/s]
Processing frames:  61%|██████    | 969/1593 [00:18<00:13, 47.97it/s]
Processing frames:  61%|██████    | 975/1593 [00:18<00:12, 50.28it/s]
Processing frames:  62%|██████▏   | 981/1593 [00:18<00:14, 43.70it/s]
Processing frames:  62%|██████▏   | 986/1593 [00:18<00:13, 44.52it/s]
Processing frames:  62%|██████▏   | 993/1593 [00:19<00:15, 39.64it/s]
Processing frames:  63%|██████▎   | 998/1593 [00:19<00:14, 41.10it/s]
Processing frames:  63%|██████▎   | 1003/1593 [00:19<00:14, 42.01it/s]
Processing frames:  63%|██████▎   | 1008/1593 [00:19<00:13, 43.15it/s]
Processing frames:  64%|██████▎   | 1013/1593 [00:19<00:16, 35.43it/s]
Processing frames:  64%|██████▍   | 1021/1593 [00:19<00:14, 38.95it/s]
Processing frames:  65%|██████▍   | 1029/1593 [00:19<00:13, 42.95it/s]
Processing frames:  65%|██████▌   | 1037/1593 [00:20<00:12, 45.88it/s]
Processing frames:  66%|██████▌   | 1045/1593 [00:20<00:10, 49.98it/s]
Processing frames:  66%|██████▌   | 1053/1593 [00:20<00:09, 55.16it/s]
Processing frames:  67%|██████▋   | 1065/1593 [00:20<00:08, 65.21it/s]
Processing frames:  67%|██████▋   | 1073/1593 [00:20<00:07, 67.53it/s]
Processing frames:  68%|██████▊   | 1081/1593 [00:20<00:07, 67.56it/s]
Processing frames:  68%|██████▊   | 1089/1593 [00:20<00:08, 57.57it/s]
Processing frames:  69%|██████▉   | 1096/1593 [00:21<00:08, 55.65it/s]
Processing frames:  69%|██████▉   | 1102/1593 [00:21<00:11, 42.61it/s]
Processing frames:  69%|██████▉   | 1107/1593 [00:21<00:11, 41.42it/s]
Processing frames:  70%|██████▉   | 1112/1593 [00:21<00:11, 41.18it/s]
Processing frames:  70%|███████   | 1117/1593 [00:21<00:14, 33.09it/s]
Processing frames:  70%|███████   | 1121/1593 [00:21<00:14, 33.15it/s]
Processing frames:  71%|███████   | 1125/1593 [00:21<00:14, 33.36it/s]
Processing frames:  71%|███████   | 1129/1593 [00:22<00:13, 33.61it/s]
Processing frames:  71%|███████   | 1133/1593 [00:22<00:13, 34.15it/s]
Processing frames:  71%|███████▏  | 1137/1593 [00:22<00:13, 34.02it/s]
Processing frames:  72%|███████▏  | 1141/1593 [00:22<00:13, 34.48it/s]
Processing frames:  72%|███████▏  | 1145/1593 [00:22<00:13, 34.05it/s]
Processing frames:  72%|███████▏  | 1149/1593 [00:22<00:13, 33.65it/s]
Processing frames:  72%|███████▏  | 1153/1593 [00:22<00:13, 33.57it/s]
Processing frames:  73%|███████▎  | 1157/1593 [00:22<00:12, 34.70it/s]
Processing frames:  73%|███████▎  | 1165/1593 [00:23<00:10, 39.32it/s]
Processing frames:  74%|███████▎  | 1173/1593 [00:23<00:09, 43.73it/s]
Processing frames:  74%|███████▍  | 1181/1593 [00:23<00:08, 48.47it/s]
Processing frames:  75%|███████▍  | 1189/1593 [00:23<00:07, 55.06it/s]
Processing frames:  75%|███████▌  | 1201/1593 [00:23<00:06, 63.36it/s]
Processing frames:  76%|███████▌  | 1209/1593 [00:23<00:05, 65.54it/s]
Processing frames:  77%|███████▋  | 1221/1593 [00:23<00:05, 70.31it/s]
Processing frames:  77%|███████▋  | 1229/1593 [00:24<00:05, 69.78it/s]
Processing frames:  78%|███████▊  | 1237/1593 [00:24<00:05, 60.61it/s]
Processing frames:  78%|███████▊  | 1244/1593 [00:24<00:05, 61.84it/s]
Processing frames:  79%|███████▊  | 1251/1593 [00:24<00:06, 50.13it/s]
Processing frames:  79%|███████▉  | 1257/1593 [00:24<00:07, 43.21it/s]
Processing frames:  79%|███████▉  | 1262/1593 [00:24<00:07, 44.56it/s]
Processing frames:  80%|███████▉  | 1267/1593 [00:24<00:07, 45.11it/s]
Processing frames:  80%|███████▉  | 1273/1593 [00:25<00:07, 42.75it/s]
Processing frames:  80%|████████  | 1281/1593 [00:25<00:06, 45.30it/s]
Processing frames:  81%|████████  | 1289/1593 [00:25<00:06, 47.90it/s]
Processing frames:  81%|████████▏ | 1297/1593 [00:25<00:05, 49.75it/s]
Processing frames:  82%|████████▏ | 1305/1593 [00:25<00:05, 54.38it/s]
Processing frames:  83%|████████▎ | 1317/1593 [00:25<00:04, 61.77it/s]
Processing frames:  83%|████████▎ | 1325/1593 [00:25<00:04, 64.55it/s]
Processing frames:  84%|████████▍ | 1337/1593 [00:26<00:03, 70.94it/s]
Processing frames:  84%|████████▍ | 1345/1593 [00:26<00:04, 59.34it/s]
Processing frames:  85%|████████▍ | 1352/1593 [00:26<00:03, 60.32it/s]
Processing frames:  85%|████████▌ | 1359/1593 [00:26<00:04, 47.38it/s]
Processing frames:  86%|████████▌ | 1365/1593 [00:26<00:05, 40.99it/s]
Processing frames:  86%|████████▌ | 1370/1593 [00:26<00:05, 42.68it/s]
Processing frames:  86%|████████▋ | 1377/1593 [00:27<00:05, 40.30it/s]
Processing frames:  87%|████████▋ | 1382/1593 [00:27<00:05, 41.58it/s]
Processing frames:  87%|████████▋ | 1387/1593 [00:27<00:04, 42.25it/s]
Processing frames:  87%|████████▋ | 1392/1593 [00:27<00:04, 42.68it/s]
Processing frames:  88%|████████▊ | 1397/1593 [00:27<00:05, 35.38it/s]
Processing frames:  88%|████████▊ | 1405/1593 [00:27<00:04, 38.18it/s]
Processing frames:  89%|████████▊ | 1413/1593 [00:27<00:04, 43.52it/s]
Processing frames:  89%|████████▉ | 1421/1593 [00:28<00:03, 46.32it/s]
Processing frames:  90%|████████▉ | 1429/1593 [00:28<00:03, 47.64it/s]
Processing frames:  90%|█████████ | 1437/1593 [00:28<00:03, 49.13it/s]
Processing frames:  91%|█████████ | 1445/1593 [00:28<00:02, 51.43it/s]
Processing frames:  91%|█████████ | 1453/1593 [00:28<00:02, 56.20it/s]
Processing frames:  92%|█████████▏| 1461/1593 [00:28<00:02, 61.00it/s]
Processing frames:  92%|█████████▏| 1469/1593 [00:28<00:02, 56.75it/s]
Processing frames:  93%|█████████▎| 1477/1593 [00:29<00:02, 56.24it/s]
Processing frames:  93%|█████████▎| 1485/1593 [00:29<00:01, 56.78it/s]
Processing frames:  94%|█████████▎| 1493/1593 [00:29<00:01, 60.09it/s]
Processing frames:  94%|█████████▍| 1501/1593 [00:29<00:01, 62.62it/s]
Processing frames:  95%|█████████▍| 1509/1593 [00:29<00:01, 62.12it/s]
Processing frames:  95%|█████████▌| 1517/1593 [00:29<00:01, 61.78it/s]
Processing frames:  96%|█████████▌| 1525/1593 [00:29<00:01, 62.27it/s]
Processing frames:  96%|█████████▌| 1533/1593 [00:29<00:00, 62.50it/s]
Processing frames:  97%|█████████▋| 1541/1593 [00:30<00:00, 64.80it/s]
Processing frames:  97%|█████████▋| 1553/1593 [00:30<00:00, 71.53it/s]
Processing frames:  98%|█████████▊| 1565/1593 [00:30<00:00, 76.30it/s]
Processing frames:  99%|█████████▉| 1577/1593 [00:30<00:00, 77.37it/s]
Processing frames:  99%|█████████▉| 1585/1593 [00:30<00:00, 76.47it/s]
Processing frames: 100%|██████████| 1593/1593 [00:30<00:00, 51.85it/s]
[INFO] Trajectory saved to /home/pulver/projects/Outdoor_SLPF/results/iros_ablation/20260217_085404_ablation/no_gps/seed_11/trajectory_0.5.tum
[INFO] Trajectory saved to /home/pulver/projects/Outdoor_SLPF/results/iros_ablation/20260217_085404_ablation/no_gps/seed_11/gps_pose.tum
[INFO] Finished processing all frames from the CSV file.

[exit_code=0 duration_sec=35.40]
